2025-11-06 00:04:27,509 - biometric_gesture_system - INFO - [config_manager.py:504] - Validación de configuración: ✓ EXITOSA
2025-11-06 00:04:27,509 - biometric_gesture_system - INFO - [config_manager.py:317] - ================================================================================
2025-11-06 00:04:27,511 - biometric_gesture_system - INFO - [config_manager.py:318] - SISTEMA BIOMÉTRICO DE GESTOS DE MANOS - CONFIG MANAGER INICIALIZADO
2025-11-06 00:04:27,511 - biometric_gesture_system - INFO - [config_manager.py:319] - ================================================================================
2025-11-06 00:04:27,512 - biometric_gesture_system - INFO - [config_manager.py:320] - Configuración cargada desde: biometric_config.json
2025-11-06 00:04:27,512 - biometric_gesture_system - INFO - [config_manager.py:321] - Muestras por gesto: 7
2025-11-06 00:04:27,513 - biometric_gesture_system - INFO - [config_manager.py:322] - Gestos por usuario: 3
2025-11-06 00:04:27,513 - biometric_gesture_system - INFO - [config_manager.py:323] - Umbral confianza mano: 0.9
2025-11-06 00:04:27,513 - biometric_gesture_system - INFO - [config_manager.py:324] - Umbral confianza gesto: 0.6
2025-11-06 00:04:27,513 - biometric_gesture_system - INFO - [config_manager.py:325] - Resolución cámara: 1280x720
2025-11-06 00:04:27,513 - biometric_gesture_system - INFO - [config_manager.py:326] - Directorios creados: 11 rutas configuradas
2025-11-06 00:04:27,513 - biometric_gesture_system - INFO - [config_manager.py:327] - ================================================================================
2025-11-06 00:04:28,065 - biometric_gesture_system - INFO - [config_manager.py:630] - ======================================================================
2025-11-06 00:04:28,065 - biometric_gesture_system - INFO - [config_manager.py:630] - ROI NORMALIZATION SYSTEM INICIALIZADO
2025-11-06 00:04:28,065 - biometric_gesture_system - INFO - [config_manager.py:630] -   ✓ Resolución mínima: 150px
2025-11-06 00:04:28,065 - biometric_gesture_system - INFO - [config_manager.py:630] -   ✓ Resolución máxima: 600px
2025-11-06 00:04:28,065 - biometric_gesture_system - INFO - [config_manager.py:630] -   ✓ Tamaño normalizado: (224, 224)
2025-11-06 00:04:28,065 - biometric_gesture_system - INFO - [config_manager.py:630] -   ✓ Padding: 15%
2025-11-06 00:04:28,065 - biometric_gesture_system - INFO - [config_manager.py:630] -   ✓ Sharpening: ACTIVADO
2025-11-06 00:04:28,065 - biometric_gesture_system - INFO - [config_manager.py:630] - ======================================================================
2025-11-06 00:04:28,068 - biometric_gesture_system - INFO - [visual_feedback.py:62] - ======================================================================
2025-11-06 00:04:28,068 - biometric_gesture_system - INFO - [visual_feedback.py:63] - VISUAL FEEDBACK MANAGER INICIALIZADO
2025-11-06 00:04:28,068 - biometric_gesture_system - INFO - [visual_feedback.py:64] -   ✓ 5 niveles de feedback configurados
2025-11-06 00:04:28,068 - biometric_gesture_system - INFO - [visual_feedback.py:65] -   ✓ Colores BGR definidos
2025-11-06 00:04:28,068 - biometric_gesture_system - INFO - [visual_feedback.py:66] -   ✓ Sistema de priorización activo
2025-11-06 00:04:28,068 - biometric_gesture_system - INFO - [visual_feedback.py:67] - ======================================================================
2025-11-06 00:04:47,431 - biometric_gesture_system - WARNING - [config_manager.py:349] - Clave de configuración no encontrada: roi_normalization.enabled, usando default: True
2025-11-06 00:04:47,431 - biometric_gesture_system - WARNING - [config_manager.py:349] - Clave de configuración no encontrada: roi_normalization.enabled, usando default: True
2025-11-06 00:04:47,431 - biometric_gesture_system - WARNING - [config_manager.py:349] - Clave de configuración no encontrada: roi_normalization.use_single_area, usando default: True
2025-11-06 00:04:47,433 - biometric_gesture_system - WARNING - [config_manager.py:349] - Clave de configuración no encontrada: biometric.dynamic_features, usando default: {'min_transition_frames': 8, 'max_transition_frames': 40, 'gesture_stability_threshold': 5, 'velocity_smoothing_window': 3, 'min_movement_threshold': 0.005, 'transition_detection_sensitivity': 0.85, 'temporal_downsampling': 1, 'normalize_temporal_features': True, 'use_3d_trajectories': True, 'velocity_threshold_percentile': 75, 'acceleration_smoothing': True, 'jerk_threshold': 0.1, 'minimum_sequence_duration_ms': 200}
2025-11-06 00:04:47,434 - biometric_gesture_system - WARNING - [config_manager.py:349] - Clave de configuración no encontrada: biometric.sequence_management, usando default: {'sequence_length': 3, 'max_sequence_duration': 60.0, 'max_gesture_duration': 15.0, 'min_gesture_confidence': 0.7, 'min_stable_frames': 3, 'gesture_timeout': 10.0, 'sequence_timeout': 45.0, 'max_failed_attempts': 3, 'cooldown_period': 5.0, 'auto_save_sequences': True, 'validation_mode': 'moderate', 'allow_gesture_skipping': False, 'require_exact_order': True, 'enable_adaptive_timeouts': True}
2025-11-06 00:04:47,434 - biometric_gesture_system - WARNING - [config_manager.py:349] - Clave de configuración no encontrada: biometric.enrollment.samples_per_gesture, usando default: 8
2025-11-06 00:04:47,435 - biometric_gesture_system - WARNING - [config_manager.py:349] - Clave de configuración no encontrada: biometric.enrollment.min_confidence, usando default: 0.65
2025-11-06 00:04:47,435 - biometric_gesture_system - WARNING - [config_manager.py:349] - Clave de configuración no encontrada: biometric.enrollment.min_stability_frames, usando default: 8
2025-11-06 00:04:47,435 - biometric_gesture_system - WARNING - [config_manager.py:349] - Clave de configuración no encontrada: biometric.enrollment.require_all_gestures, usando default: True
2025-11-06 00:04:47,435 - biometric_gesture_system - WARNING - [config_manager.py:349] - Clave de configuración no encontrada: biometric.enrollment.sample_timeout, usando default: 120.0
2025-11-06 00:04:47,435 - biometric_gesture_system - WARNING - [config_manager.py:349] - Clave de configuración no encontrada: biometric.enrollment.session_timeout, usando default: 3600.0
2025-11-06 00:04:47,435 - biometric_gesture_system - WARNING - [config_manager.py:349] - Clave de configuración no encontrada: biometric.enrollment.capture_interval, usando default: 0.8
2025-11-06 00:04:47,435 - biometric_gesture_system - WARNING - [config_manager.py:349] - Clave de configuración no encontrada: biometric.enrollment.enable_quality_check, usando default: True
2025-11-06 00:04:47,435 - biometric_gesture_system - WARNING - [config_manager.py:349] - Clave de configuración no encontrada: biometric.enrollment.enable_duplicate_check, usando default: True
2025-11-06 00:04:47,435 - biometric_gesture_system - WARNING - [config_manager.py:349] - Clave de configuración no encontrada: biometric.enrollment.duplicate_threshold, usando default: 0.92
2025-11-06 00:04:47,435 - biometric_gesture_system - WARNING - [config_manager.py:349] - Clave de configuración no encontrada: biometric.enrollment.template_fusion_strategy, usando default: average
2025-11-06 00:04:47,435 - biometric_gesture_system - WARNING - [config_manager.py:349] - Clave de configuración no encontrada: biometric.enrollment.enable_template_optimization, usando default: True
2025-11-06 00:04:47,435 - biometric_gesture_system - WARNING - [config_manager.py:349] - Clave de configuración no encontrada: biometric.enrollment.embedding_dimension_check, usando default: True
2025-11-06 00:04:47,435 - biometric_gesture_system - WARNING - [config_manager.py:349] - Clave de configuración no encontrada: biometric.enrollment.show_preview, usando default: True
2025-11-06 00:04:47,435 - biometric_gesture_system - WARNING - [config_manager.py:349] - Clave de configuración no encontrada: biometric.enrollment.show_quality_feedback, usando default: False
2025-11-06 00:04:47,435 - biometric_gesture_system - WARNING - [config_manager.py:349] - Clave de configuración no encontrada: biometric.enrollment.save_enrollment_video, usando default: False
2025-11-06 00:04:47,435 - biometric_gesture_system - WARNING - [config_manager.py:349] - Clave de configuración no encontrada: biometric.siamese_anatomical, usando default: {'hidden_layers': [128, 64], 'activation': 'relu', 'dropout_rate': 0.2, 'batch_normalization': True, 'l2_regularization': 0.001, 'learning_rate': 0.001, 'batch_size': 32, 'epochs': 100, 'patience': 15, 'validation_split': 0.2, 'min_users_for_training': 2, 'min_samples_per_user': 15, 'max_samples_per_user': 50, 'min_sessions_per_user': 1, 'loss_function': 'contrastive', 'distance_metric': 'euclidean', 'margin': 1.5, 'alpha': 0.2, 'use_stratified_split': True, 'cross_validation_folds': 5, 'threshold_optimization': 'eer', 'quality_threshold': 80.0, 'use_real_augmentation': True, 'temporal_jitter': 0.02, 'noise_from_real_variance': True, 'require_independent_test': True, 'min_test_users': 1, 'performance_monitoring': True}
2025-11-06 00:04:53,300 - biometric_gesture_system - WARNING - [config_manager.py:349] - Clave de configuración no encontrada: biometric.feature_preprocessing, usando default: {'anatomical_normalization': 'robust', 'dynamic_normalization': 'standard', 'normalize_per_user': False, 'balancing_method': 'balanced_subsample', 'target_balance_ratio': 1.0, 'augmentation_strategy': 'moderate', 'augmentation_factor': 1.5, 'cv_folds': 5, 'cv_strategy': 'stratified_user', 'test_size': 0.2, 'validation_size': 0.2, 'outlier_threshold': 3.0, 'min_samples_per_user': 5, 'feature_selection': False, 'variance_threshold': 0.01, 'cache_transformations': True, 'parallel_processing': False, 'random_state': 42, 'stratify_by_user': True}
2025-11-06 00:04:53,301 - biometric_gesture_system - WARNING - [config_manager.py:349] - Clave de configuración no encontrada: biometric.auth.sequence_timeout, usando default: 25.0
2025-11-06 00:04:53,301 - biometric_gesture_system - WARNING - [config_manager.py:349] - Clave de configuración no encontrada: biometric.auth.total_timeout, usando default: 45.0
2025-11-06 00:04:53,301 - biometric_gesture_system - WARNING - [config_manager.py:349] - Clave de configuración no encontrada: biometric.auth.frame_timeout, usando default: 3.0
2025-11-06 00:04:53,301 - biometric_gesture_system - WARNING - [config_manager.py:349] - Clave de configuración no encontrada: biometric.auth.threshold_low, usando default: 0.65
2025-11-06 00:04:53,301 - biometric_gesture_system - WARNING - [config_manager.py:349] - Clave de configuración no encontrada: biometric.auth.threshold_standard, usando default: 0.75
2025-11-06 00:04:53,301 - biometric_gesture_system - WARNING - [config_manager.py:349] - Clave de configuración no encontrada: biometric.auth.threshold_high, usando default: 0.85
2025-11-06 00:04:53,301 - biometric_gesture_system - WARNING - [config_manager.py:349] - Clave de configuración no encontrada: biometric.auth.threshold_maximum, usando default: 0.92
2025-11-06 00:04:53,301 - biometric_gesture_system - WARNING - [config_manager.py:349] - Clave de configuración no encontrada: biometric.auth.require_sequence_completion, usando default: True
2025-11-06 00:04:53,301 - biometric_gesture_system - WARNING - [config_manager.py:349] - Clave de configuración no encontrada: biometric.auth.min_gestures_for_auth, usando default: 2
2025-11-06 00:04:53,301 - biometric_gesture_system - WARNING - [config_manager.py:349] - Clave de configuración no encontrada: biometric.auth.max_attempts_per_session, usando default: 3
2025-11-06 00:04:53,301 - biometric_gesture_system - WARNING - [config_manager.py:349] - Clave de configuración no encontrada: biometric.auth.max_identification_candidates, usando default: 5
2025-11-06 00:04:53,301 - biometric_gesture_system - WARNING - [config_manager.py:349] - Clave de configuración no encontrada: biometric.auth.identification_threshold_factor, usando default: 1.1
2025-11-06 00:04:53,301 - biometric_gesture_system - WARNING - [config_manager.py:349] - Clave de configuración no encontrada: biometric.auth.min_quality_score, usando default: 0.7
2025-11-06 00:04:53,301 - biometric_gesture_system - WARNING - [config_manager.py:349] - Clave de configuración no encontrada: biometric.auth.min_confidence, usando default: 0.65
2025-11-06 00:04:53,301 - biometric_gesture_system - WARNING - [config_manager.py:349] - Clave de configuración no encontrada: biometric.auth.min_stability_frames, usando default: 8
2025-11-06 00:04:53,301 - biometric_gesture_system - WARNING - [config_manager.py:349] - Clave de configuración no encontrada: biometric.auth.score_fusion_strategy, usando default: weighted_average
2025-11-06 00:04:53,301 - biometric_gesture_system - WARNING - [config_manager.py:349] - Clave de configuración no encontrada: biometric.auth.anatomical_weight, usando default: 0.6
2025-11-06 00:04:53,301 - biometric_gesture_system - WARNING - [config_manager.py:349] - Clave de configuración no encontrada: biometric.auth.dynamic_weight, usando default: 0.4
2025-11-06 00:04:53,301 - biometric_gesture_system - WARNING - [config_manager.py:349] - Clave de configuración no encontrada: biometric.auth.enable_audit_logging, usando default: True
2025-11-06 00:04:53,301 - biometric_gesture_system - WARNING - [config_manager.py:349] - Clave de configuración no encontrada: biometric.auth.enable_continuous_auth, usando default: False
2025-11-06 00:04:53,301 - biometric_gesture_system - WARNING - [config_manager.py:349] - Clave de configuración no encontrada: biometric.auth.max_failed_attempts, usando default: 5
2025-11-06 00:04:53,301 - biometric_gesture_system - WARNING - [config_manager.py:349] - Clave de configuración no encontrada: biometric.auth.lockout_duration, usando default: 300.0
2025-11-06 00:04:53,301 - biometric_gesture_system - WARNING - [config_manager.py:349] - Clave de configuración no encontrada: biometric.score_fusion, usando default: {'fusion_strategy': 'weighted_average', 'calibration_method': 'none', 'weight_optimization': 'grid_search', 'anatomical_weight': 0.6, 'dynamic_weight': 0.4, 'decision_threshold': 0.5, 'use_confidence_weighting': True, 'adaptive_threshold': False, 'cross_validation_folds': 5, 'optimization_metric': 'eer'}
2025-11-06 00:04:53,301 - biometric_gesture_system - INFO - [authentication_system.py:447] - RealAuthenticationPipeline inicializado con componentes
2025-11-06 00:04:53,301 - biometric_gesture_system - INFO - [authentication_system.py:1209] - RealSessionManager inicializado para gestión de sesiones
2025-11-06 00:04:53,301 - biometric_gesture_system - INFO - [authentication_system.py:269] - RealSecurityAuditor inicializado para auditoría
2025-11-06 00:04:53,301 - biometric_gesture_system - INFO - [authentication_system.py:1416] - RealAuthenticationSystem inicializado
2025-11-06 00:04:53,301 - biometric_gesture_system - INFO - [authentication_system.py:1417] -   - Configuración: umbrales={'low': 0.65, 'standard': 0.75, 'high': 0.85, 'maximum': 0.92}
2025-11-06 00:05:18,156 - biometric_gesture_system - INFO - [authentication_system.py:1451] - Inicializando sistema de autenticación...
2025-11-06 00:05:18,156 - biometric_gesture_system - INFO - [authentication_system.py:1454] - Obteniendo referencias a redes entrenadas...
2025-11-06 00:05:18,160 - biometric_gesture_system - INFO - [authentication_system.py:1459] - === DIAGNÓSTICO DE ESTADO DE REDES ===
2025-11-06 00:05:18,160 - biometric_gesture_system - INFO - [authentication_system.py:1467] - Archivos de modelo en disco:
2025-11-06 00:05:18,160 - biometric_gesture_system - INFO - [authentication_system.py:1468] -   - Anatómico: True - biometric_data\models\anatomical_model.h5
2025-11-06 00:05:18,160 - biometric_gesture_system - INFO - [authentication_system.py:1469] -   - Dinámico: True - biometric_data\models\dynamic_model.h5
2025-11-06 00:05:18,160 - biometric_gesture_system - INFO - [authentication_system.py:1472] - Estado de instancias globales:
2025-11-06 00:05:18,160 - biometric_gesture_system - INFO - [authentication_system.py:1473] -   - Anatómica is_trained: True
2025-11-06 00:05:18,163 - biometric_gesture_system - INFO - [authentication_system.py:1474] -   - Dinámica is_trained: True
2025-11-06 00:05:18,163 - biometric_gesture_system - INFO - [authentication_system.py:1477] - Modelos compilados:
2025-11-06 00:05:18,163 - biometric_gesture_system - INFO - [authentication_system.py:1478] -   - Anatómica siamese_model: True
2025-11-06 00:05:18,163 - biometric_gesture_system - INFO - [authentication_system.py:1479] -   - Dinámica siamese_model: True
2025-11-06 00:05:18,163 - biometric_gesture_system - INFO - [authentication_system.py:1481] - === FIN DIAGNÓSTICO ===
2025-11-06 00:05:18,163 - biometric_gesture_system - INFO - [authentication_system.py:1483] - Referencias a redes obtenidas:
2025-11-06 00:05:18,163 - biometric_gesture_system - INFO - [authentication_system.py:1484] -   - Red anatómica disponible: True
2025-11-06 00:05:18,163 - biometric_gesture_system - INFO - [authentication_system.py:1485] -   - Red anatómica entrenada: True
2025-11-06 00:05:18,163 - biometric_gesture_system - INFO - [authentication_system.py:1486] -   - Red dinámica disponible: True
2025-11-06 00:05:18,163 - biometric_gesture_system - INFO - [authentication_system.py:1487] -   - Red dinámica entrenada: True
2025-11-06 00:05:18,163 - biometric_gesture_system - INFO - [authentication_system.py:452] - Inicializando pipeline de autenticación...
2025-11-06 00:05:18,163 - biometric_gesture_system - INFO - [authentication_system.py:455] - Obteniendo referencias actuales a redes entrenadas...
2025-11-06 00:05:18,163 - biometric_gesture_system - INFO - [authentication_system.py:460] - Verificando estado de entrenamiento...
2025-11-06 00:05:18,166 - biometric_gesture_system - INFO - [authentication_system.py:461] -   - Red anatómica entrenada: True
2025-11-06 00:05:18,166 - biometric_gesture_system - INFO - [authentication_system.py:462] -   - Red dinámica entrenada: True
2025-11-06 00:05:38,120 - biometric_gesture_system - INFO - [authentication_system.py:502] - Pipeline de autenticación inicializado exitosamente
2025-11-06 00:05:38,120 - biometric_gesture_system - INFO - [authentication_system.py:503] -   - Red anatómica entrenada: True
2025-11-06 00:05:38,120 - biometric_gesture_system - INFO - [authentication_system.py:504] -   - Red dinámica entrenada: True
2025-11-06 00:05:38,120 - biometric_gesture_system - INFO - [authentication_system.py:505] -   - Sistema de fusión listo: True
2025-11-06 00:05:38,120 - biometric_gesture_system - INFO - [authentication_system.py:1533] - Sistema de autenticación inicializado exitosamente
2025-11-06 00:05:38,122 - biometric_gesture_system - INFO - [authentication_system.py:1534] -   - Usuarios disponibles: 3
2025-11-06 00:05:38,122 - biometric_gesture_system - INFO - [authentication_system.py:1535] -   - Templates totales: 129
2025-11-06 00:05:38,122 - biometric_gesture_system - INFO - [authentication_system.py:1537] -   - Pipeline listo: True
2025-11-06 00:05:38,122 - biometric_gesture_system - INFO - [authentication_system.py:1538] -   - Redes entrenadas: anatómica=True, dinámica=True
2025-11-06 00:05:38,122 - biometric_gesture_system - INFO - [authentication_system.py:1624] - Iniciando identificación 1:N
2025-11-06 00:05:38,122 - biometric_gesture_system - INFO - [authentication_system.py:1625] -   - Nivel de seguridad: standard
2025-11-06 00:05:38,122 - biometric_gesture_system - INFO - [authentication_system.py:1232] - Creando sesión: modo=identification, usuario=None
2025-11-06 00:05:38,122 - biometric_gesture_system - INFO - [authentication_system.py:1273] - Sesión creada exitosamente: b5d0fa99-7da7-4e98-a708-09607ac3cf2a
2025-11-06 00:05:38,124 - biometric_gesture_system - INFO - [authentication_system.py:1274] -   - Modo: identification
2025-11-06 00:05:38,124 - biometric_gesture_system - INFO - [authentication_system.py:1275] -   - Usuario: None
2025-11-06 00:05:38,124 - biometric_gesture_system - INFO - [authentication_system.py:1276] -   - Nivel seguridad: standard
2025-11-06 00:05:38,124 - biometric_gesture_system - INFO - [authentication_system.py:1277] -   - Secuencia requerida: None
2025-11-06 00:05:38,124 - biometric_gesture_system - INFO - [authentication_system.py:1648] - Identificación iniciada: sesión b5d0fa99-7da7-4e98-a708-09607ac3cf2a
2025-11-06 00:05:38,124 - biometric_gesture_system - INFO - [authentication_system.py:1649] -   - Usuarios en base de datos: 3
2025-11-06 00:05:38,124 - biometric_gesture_system - INFO - [authentication_system.py:1650] -   - Candidatos máximos: 5
2025-11-06 00:05:38,349 - biometric_gesture_system - INFO - [authentication_system.py:527] - Procesando frame para sesión b5d0fa99-7da7-4e98-a708-09607ac3cf2a
2025-11-06 00:05:38,356 - biometric_gesture_system - INFO - [authentication_system.py:538] - AUTH: Frame #1 capturado - Shape: (720, 1280, 3)
2025-11-06 00:05:38,356 - biometric_gesture_system - INFO - [authentication_system.py:543] - AUTH: Procesando frame original para detectar mano...
2025-11-06 00:05:38,596 - biometric_gesture_system - INFO - [authentication_system.py:547] - AUTH: No se detectó mano válida en frame original
2025-11-06 00:05:38,749 - biometric_gesture_system - INFO - [authentication_system.py:527] - Procesando frame para sesión b5d0fa99-7da7-4e98-a708-09607ac3cf2a
2025-11-06 00:05:38,752 - biometric_gesture_system - INFO - [authentication_system.py:538] - AUTH: Frame #2 capturado - Shape: (720, 1280, 3)
2025-11-06 00:05:38,752 - biometric_gesture_system - INFO - [authentication_system.py:543] - AUTH: Procesando frame original para detectar mano...
2025-11-06 00:05:38,826 - biometric_gesture_system - INFO - [authentication_system.py:547] - AUTH: No se detectó mano válida en frame original
2025-11-06 00:05:38,944 - biometric_gesture_system - INFO - [authentication_system.py:527] - Procesando frame para sesión b5d0fa99-7da7-4e98-a708-09607ac3cf2a
2025-11-06 00:05:38,950 - biometric_gesture_system - INFO - [authentication_system.py:538] - AUTH: Frame #3 capturado - Shape: (720, 1280, 3)
2025-11-06 00:05:38,950 - biometric_gesture_system - INFO - [authentication_system.py:543] - AUTH: Procesando frame original para detectar mano...
2025-11-06 00:05:39,019 - biometric_gesture_system - INFO - [authentication_system.py:547] - AUTH: No se detectó mano válida en frame original
2025-11-06 00:05:39,146 - biometric_gesture_system - INFO - [authentication_system.py:527] - Procesando frame para sesión b5d0fa99-7da7-4e98-a708-09607ac3cf2a
2025-11-06 00:05:39,148 - biometric_gesture_system - INFO - [authentication_system.py:538] - AUTH: Frame #4 capturado - Shape: (720, 1280, 3)
2025-11-06 00:05:39,148 - biometric_gesture_system - INFO - [authentication_system.py:543] - AUTH: Procesando frame original para detectar mano...
2025-11-06 00:05:39,230 - biometric_gesture_system - INFO - [authentication_system.py:547] - AUTH: No se detectó mano válida en frame original
2025-11-06 00:05:39,344 - biometric_gesture_system - INFO - [authentication_system.py:527] - Procesando frame para sesión b5d0fa99-7da7-4e98-a708-09607ac3cf2a
2025-11-06 00:05:39,347 - biometric_gesture_system - INFO - [authentication_system.py:538] - AUTH: Frame #5 capturado - Shape: (720, 1280, 3)
2025-11-06 00:05:39,347 - biometric_gesture_system - INFO - [authentication_system.py:543] - AUTH: Procesando frame original para detectar mano...
2025-11-06 00:05:39,431 - biometric_gesture_system - INFO - [authentication_system.py:547] - AUTH: No se detectó mano válida en frame original
2025-11-06 00:05:39,544 - biometric_gesture_system - INFO - [authentication_system.py:527] - Procesando frame para sesión b5d0fa99-7da7-4e98-a708-09607ac3cf2a
2025-11-06 00:05:39,547 - biometric_gesture_system - INFO - [authentication_system.py:538] - AUTH: Frame #6 capturado - Shape: (720, 1280, 3)
2025-11-06 00:05:39,547 - biometric_gesture_system - INFO - [authentication_system.py:543] - AUTH: Procesando frame original para detectar mano...
2025-11-06 00:05:39,630 - biometric_gesture_system - INFO - [authentication_system.py:547] - AUTH: No se detectó mano válida en frame original
2025-11-06 00:05:39,761 - biometric_gesture_system - INFO - [authentication_system.py:527] - Procesando frame para sesión b5d0fa99-7da7-4e98-a708-09607ac3cf2a
2025-11-06 00:05:39,763 - biometric_gesture_system - INFO - [authentication_system.py:538] - AUTH: Frame #7 capturado - Shape: (720, 1280, 3)
2025-11-06 00:05:39,763 - biometric_gesture_system - INFO - [authentication_system.py:543] - AUTH: Procesando frame original para detectar mano...
2025-11-06 00:05:39,850 - biometric_gesture_system - INFO - [authentication_system.py:547] - AUTH: No se detectó mano válida en frame original
2025-11-06 00:05:39,954 - biometric_gesture_system - INFO - [authentication_system.py:527] - Procesando frame para sesión b5d0fa99-7da7-4e98-a708-09607ac3cf2a
2025-11-06 00:05:39,956 - biometric_gesture_system - INFO - [authentication_system.py:538] - AUTH: Frame #8 capturado - Shape: (720, 1280, 3)
2025-11-06 00:05:39,956 - biometric_gesture_system - INFO - [authentication_system.py:543] - AUTH: Procesando frame original para detectar mano...
2025-11-06 00:05:40,031 - biometric_gesture_system - INFO - [authentication_system.py:547] - AUTH: No se detectó mano válida en frame original
2025-11-06 00:05:40,152 - biometric_gesture_system - INFO - [authentication_system.py:527] - Procesando frame para sesión b5d0fa99-7da7-4e98-a708-09607ac3cf2a
2025-11-06 00:05:40,155 - biometric_gesture_system - INFO - [authentication_system.py:538] - AUTH: Frame #9 capturado - Shape: (720, 1280, 3)
2025-11-06 00:05:40,155 - biometric_gesture_system - INFO - [authentication_system.py:543] - AUTH: Procesando frame original para detectar mano...
2025-11-06 00:05:40,235 - biometric_gesture_system - INFO - [authentication_system.py:547] - AUTH: No se detectó mano válida en frame original
2025-11-06 00:05:40,348 - biometric_gesture_system - INFO - [authentication_system.py:527] - Procesando frame para sesión b5d0fa99-7da7-4e98-a708-09607ac3cf2a
2025-11-06 00:05:40,352 - biometric_gesture_system - INFO - [authentication_system.py:538] - AUTH: Frame #10 capturado - Shape: (720, 1280, 3)
2025-11-06 00:05:40,352 - biometric_gesture_system - INFO - [authentication_system.py:543] - AUTH: Procesando frame original para detectar mano...
2025-11-06 00:05:40,438 - biometric_gesture_system - INFO - [authentication_system.py:547] - AUTH: No se detectó mano válida en frame original
