2025-11-22 09:46:30,224 - biometric_gesture_system - INFO - [config_manager.py:504] - Validación de configuración: ✓ EXITOSA
2025-11-22 09:46:30,226 - biometric_gesture_system - INFO - [config_manager.py:317] - ================================================================================
2025-11-22 09:46:30,226 - biometric_gesture_system - INFO - [config_manager.py:318] - SISTEMA BIOMÉTRICO DE GESTOS DE MANOS - CONFIG MANAGER INICIALIZADO
2025-11-22 09:46:30,226 - biometric_gesture_system - INFO - [config_manager.py:319] - ================================================================================
2025-11-22 09:46:30,227 - biometric_gesture_system - INFO - [config_manager.py:320] - Configuración cargada desde: biometric_config.json
2025-11-22 09:46:30,227 - biometric_gesture_system - INFO - [config_manager.py:321] - Muestras por gesto: 7
2025-11-22 09:46:30,227 - biometric_gesture_system - INFO - [config_manager.py:322] - Gestos por usuario: 3
2025-11-22 09:46:30,227 - biometric_gesture_system - INFO - [config_manager.py:323] - Umbral confianza mano: 0.9
2025-11-22 09:46:30,227 - biometric_gesture_system - INFO - [config_manager.py:324] - Umbral confianza gesto: 0.6
2025-11-22 09:46:30,227 - biometric_gesture_system - INFO - [config_manager.py:325] - Resolución cámara: 1280x720
2025-11-22 09:46:30,227 - biometric_gesture_system - INFO - [config_manager.py:326] - Directorios creados: 11 rutas configuradas
2025-11-22 09:46:30,231 - biometric_gesture_system - INFO - [config_manager.py:327] - ================================================================================
2025-11-22 09:46:30,564 - biometric_gesture_system - INFO - [config_manager.py:630] - ======================================================================
2025-11-22 09:46:30,564 - biometric_gesture_system - INFO - [config_manager.py:630] - ROI NORMALIZATION SYSTEM INICIALIZADO
2025-11-22 09:46:30,564 - biometric_gesture_system - INFO - [config_manager.py:630] -   ✓ Resolución mínima: 150px
2025-11-22 09:46:30,564 - biometric_gesture_system - INFO - [config_manager.py:630] -   ✓ Resolución máxima: 600px
2025-11-22 09:46:30,564 - biometric_gesture_system - INFO - [config_manager.py:630] -   ✓ Tamaño normalizado: (224, 224)
2025-11-22 09:46:30,564 - biometric_gesture_system - INFO - [config_manager.py:630] -   ✓ Padding: 15%
2025-11-22 09:46:30,564 - biometric_gesture_system - INFO - [config_manager.py:630] -   ✓ Sharpening: ACTIVADO
2025-11-22 09:46:30,564 - biometric_gesture_system - INFO - [config_manager.py:630] - ======================================================================
2025-11-22 09:46:30,564 - biometric_gesture_system - INFO - [visual_feedback.py:62] - ======================================================================
2025-11-22 09:46:30,564 - biometric_gesture_system - INFO - [visual_feedback.py:63] - VISUAL FEEDBACK MANAGER INICIALIZADO
2025-11-22 09:46:30,564 - biometric_gesture_system - INFO - [visual_feedback.py:64] -   ✓ 5 niveles de feedback configurados
2025-11-22 09:46:30,564 - biometric_gesture_system - INFO - [visual_feedback.py:65] -   ✓ Colores BGR definidos
2025-11-22 09:46:30,564 - biometric_gesture_system - INFO - [visual_feedback.py:66] -   ✓ Sistema de priorización activo
2025-11-22 09:46:30,564 - biometric_gesture_system - INFO - [visual_feedback.py:67] - ======================================================================
2025-11-22 09:46:32,761 - biometric_gesture_system - WARNING - [config_manager.py:349] - Clave de configuración no encontrada: roi_normalization.enabled, usando default: True
2025-11-22 09:46:32,761 - biometric_gesture_system - WARNING - [config_manager.py:349] - Clave de configuración no encontrada: roi_normalization.enabled, usando default: True
2025-11-22 09:46:32,761 - biometric_gesture_system - WARNING - [config_manager.py:349] - Clave de configuración no encontrada: roi_normalization.use_single_area, usando default: True
2025-11-22 09:46:32,765 - biometric_gesture_system - WARNING - [config_manager.py:349] - Clave de configuración no encontrada: biometric.dynamic_features, usando default: {'min_transition_frames': 8, 'max_transition_frames': 40, 'gesture_stability_threshold': 5, 'velocity_smoothing_window': 3, 'min_movement_threshold': 0.005, 'transition_detection_sensitivity': 0.85, 'temporal_downsampling': 1, 'normalize_temporal_features': True, 'use_3d_trajectories': True, 'velocity_threshold_percentile': 75, 'acceleration_smoothing': True, 'jerk_threshold': 0.1, 'minimum_sequence_duration_ms': 200}
2025-11-22 09:46:32,765 - biometric_gesture_system - WARNING - [config_manager.py:349] - Clave de configuración no encontrada: biometric.sequence_management, usando default: {'sequence_length': 3, 'max_sequence_duration': 60.0, 'max_gesture_duration': 15.0, 'min_gesture_confidence': 0.7, 'min_stable_frames': 3, 'gesture_timeout': 10.0, 'sequence_timeout': 45.0, 'max_failed_attempts': 3, 'cooldown_period': 5.0, 'auto_save_sequences': True, 'validation_mode': 'moderate', 'allow_gesture_skipping': False, 'require_exact_order': True, 'enable_adaptive_timeouts': True}
2025-11-22 09:46:32,765 - biometric_gesture_system - WARNING - [config_manager.py:349] - Clave de configuración no encontrada: biometric.enrollment.samples_per_gesture, usando default: 8
2025-11-22 09:46:32,766 - biometric_gesture_system - WARNING - [config_manager.py:349] - Clave de configuración no encontrada: biometric.enrollment.min_confidence, usando default: 0.65
2025-11-22 09:46:32,766 - biometric_gesture_system - WARNING - [config_manager.py:349] - Clave de configuración no encontrada: biometric.enrollment.min_stability_frames, usando default: 8
2025-11-22 09:46:32,766 - biometric_gesture_system - WARNING - [config_manager.py:349] - Clave de configuración no encontrada: biometric.enrollment.require_all_gestures, usando default: True
2025-11-22 09:46:32,766 - biometric_gesture_system - WARNING - [config_manager.py:349] - Clave de configuración no encontrada: biometric.enrollment.sample_timeout, usando default: 120.0
2025-11-22 09:46:32,766 - biometric_gesture_system - WARNING - [config_manager.py:349] - Clave de configuración no encontrada: biometric.enrollment.session_timeout, usando default: 3600.0
2025-11-22 09:46:32,766 - biometric_gesture_system - WARNING - [config_manager.py:349] - Clave de configuración no encontrada: biometric.enrollment.capture_interval, usando default: 0.8
2025-11-22 09:46:32,766 - biometric_gesture_system - WARNING - [config_manager.py:349] - Clave de configuración no encontrada: biometric.enrollment.enable_quality_check, usando default: True
2025-11-22 09:46:32,766 - biometric_gesture_system - WARNING - [config_manager.py:349] - Clave de configuración no encontrada: biometric.enrollment.enable_duplicate_check, usando default: True
2025-11-22 09:46:32,766 - biometric_gesture_system - WARNING - [config_manager.py:349] - Clave de configuración no encontrada: biometric.enrollment.duplicate_threshold, usando default: 0.92
2025-11-22 09:46:32,766 - biometric_gesture_system - WARNING - [config_manager.py:349] - Clave de configuración no encontrada: biometric.enrollment.template_fusion_strategy, usando default: average
2025-11-22 09:46:32,766 - biometric_gesture_system - WARNING - [config_manager.py:349] - Clave de configuración no encontrada: biometric.enrollment.enable_template_optimization, usando default: True
2025-11-22 09:46:32,766 - biometric_gesture_system - WARNING - [config_manager.py:349] - Clave de configuración no encontrada: biometric.enrollment.embedding_dimension_check, usando default: True
2025-11-22 09:46:32,766 - biometric_gesture_system - WARNING - [config_manager.py:349] - Clave de configuración no encontrada: biometric.enrollment.show_preview, usando default: True
2025-11-22 09:46:32,766 - biometric_gesture_system - WARNING - [config_manager.py:349] - Clave de configuración no encontrada: biometric.enrollment.show_quality_feedback, usando default: False
2025-11-22 09:46:32,766 - biometric_gesture_system - WARNING - [config_manager.py:349] - Clave de configuración no encontrada: biometric.enrollment.save_enrollment_video, usando default: False
2025-11-22 09:46:32,766 - biometric_gesture_system - WARNING - [config_manager.py:349] - Clave de configuración no encontrada: biometric.siamese_anatomical, usando default: {'hidden_layers': [128, 64], 'activation': 'relu', 'dropout_rate': 0.2, 'batch_normalization': True, 'l2_regularization': 0.001, 'learning_rate': 0.001, 'batch_size': 32, 'epochs': 100, 'patience': 15, 'validation_split': 0.2, 'min_users_for_training': 2, 'min_samples_per_user': 15, 'max_samples_per_user': 50, 'min_sessions_per_user': 1, 'loss_function': 'contrastive', 'distance_metric': 'euclidean', 'margin': 1.5, 'alpha': 0.2, 'use_stratified_split': True, 'cross_validation_folds': 5, 'threshold_optimization': 'eer', 'quality_threshold': 80.0, 'use_real_augmentation': True, 'temporal_jitter': 0.02, 'noise_from_real_variance': True, 'require_independent_test': True, 'min_test_users': 1, 'performance_monitoring': True}
2025-11-22 09:46:35,512 - biometric_gesture_system - WARNING - [config_manager.py:349] - Clave de configuración no encontrada: biometric.feature_preprocessing, usando default: {'anatomical_normalization': 'robust', 'dynamic_normalization': 'standard', 'normalize_per_user': False, 'balancing_method': 'balanced_subsample', 'target_balance_ratio': 1.0, 'augmentation_strategy': 'moderate', 'augmentation_factor': 1.5, 'cv_folds': 5, 'cv_strategy': 'stratified_user', 'test_size': 0.2, 'validation_size': 0.2, 'outlier_threshold': 3.0, 'min_samples_per_user': 5, 'feature_selection': False, 'variance_threshold': 0.01, 'cache_transformations': True, 'parallel_processing': False, 'random_state': 42, 'stratify_by_user': True}
2025-11-22 09:46:35,512 - biometric_gesture_system - WARNING - [config_manager.py:349] - Clave de configuración no encontrada: biometric.auth.sequence_timeout, usando default: 25.0
2025-11-22 09:46:35,512 - biometric_gesture_system - WARNING - [config_manager.py:349] - Clave de configuración no encontrada: biometric.auth.total_timeout, usando default: 45.0
2025-11-22 09:46:35,512 - biometric_gesture_system - WARNING - [config_manager.py:349] - Clave de configuración no encontrada: biometric.auth.frame_timeout, usando default: 3.0
2025-11-22 09:46:35,512 - biometric_gesture_system - WARNING - [config_manager.py:349] - Clave de configuración no encontrada: biometric.auth.threshold_low, usando default: 0.65
2025-11-22 09:46:35,512 - biometric_gesture_system - WARNING - [config_manager.py:349] - Clave de configuración no encontrada: biometric.auth.threshold_standard, usando default: 0.75
2025-11-22 09:46:35,512 - biometric_gesture_system - WARNING - [config_manager.py:349] - Clave de configuración no encontrada: biometric.auth.threshold_high, usando default: 0.85
2025-11-22 09:46:35,512 - biometric_gesture_system - WARNING - [config_manager.py:349] - Clave de configuración no encontrada: biometric.auth.threshold_maximum, usando default: 0.92
2025-11-22 09:46:35,512 - biometric_gesture_system - WARNING - [config_manager.py:349] - Clave de configuración no encontrada: biometric.auth.require_sequence_completion, usando default: True
2025-11-22 09:46:35,519 - biometric_gesture_system - WARNING - [config_manager.py:349] - Clave de configuración no encontrada: biometric.auth.min_gestures_for_auth, usando default: 2
2025-11-22 09:46:35,520 - biometric_gesture_system - WARNING - [config_manager.py:349] - Clave de configuración no encontrada: biometric.auth.max_attempts_per_session, usando default: 3
2025-11-22 09:46:35,520 - biometric_gesture_system - WARNING - [config_manager.py:349] - Clave de configuración no encontrada: biometric.auth.max_identification_candidates, usando default: 5
2025-11-22 09:46:35,520 - biometric_gesture_system - WARNING - [config_manager.py:349] - Clave de configuración no encontrada: biometric.auth.identification_threshold_factor, usando default: 1.1
2025-11-22 09:46:35,520 - biometric_gesture_system - WARNING - [config_manager.py:349] - Clave de configuración no encontrada: biometric.auth.min_quality_score, usando default: 0.7
2025-11-22 09:46:35,521 - biometric_gesture_system - WARNING - [config_manager.py:349] - Clave de configuración no encontrada: biometric.auth.min_confidence, usando default: 0.65
2025-11-22 09:46:35,521 - biometric_gesture_system - WARNING - [config_manager.py:349] - Clave de configuración no encontrada: biometric.auth.min_stability_frames, usando default: 8
2025-11-22 09:46:35,521 - biometric_gesture_system - WARNING - [config_manager.py:349] - Clave de configuración no encontrada: biometric.auth.score_fusion_strategy, usando default: weighted_average
2025-11-22 09:46:35,521 - biometric_gesture_system - WARNING - [config_manager.py:349] - Clave de configuración no encontrada: biometric.auth.anatomical_weight, usando default: 0.6
2025-11-22 09:46:35,521 - biometric_gesture_system - WARNING - [config_manager.py:349] - Clave de configuración no encontrada: biometric.auth.dynamic_weight, usando default: 0.4
2025-11-22 09:46:35,521 - biometric_gesture_system - WARNING - [config_manager.py:349] - Clave de configuración no encontrada: biometric.auth.enable_audit_logging, usando default: True
2025-11-22 09:46:35,522 - biometric_gesture_system - WARNING - [config_manager.py:349] - Clave de configuración no encontrada: biometric.auth.enable_continuous_auth, usando default: False
2025-11-22 09:46:35,522 - biometric_gesture_system - WARNING - [config_manager.py:349] - Clave de configuración no encontrada: biometric.auth.max_failed_attempts, usando default: 5
2025-11-22 09:46:35,522 - biometric_gesture_system - WARNING - [config_manager.py:349] - Clave de configuración no encontrada: biometric.auth.lockout_duration, usando default: 300.0
2025-11-22 09:46:35,554 - biometric_gesture_system - WARNING - [config_manager.py:349] - Clave de configuración no encontrada: biometric.score_fusion, usando default: {'fusion_strategy': 'weighted_average', 'calibration_method': 'none', 'weight_optimization': 'grid_search', 'anatomical_weight': 0.6, 'dynamic_weight': 0.4, 'decision_threshold': 0.5, 'use_confidence_weighting': True, 'adaptive_threshold': False, 'cross_validation_folds': 5, 'optimization_metric': 'eer'}
2025-11-22 09:46:35,554 - biometric_gesture_system - INFO - [authentication_system.py:444] - RealAuthenticationPipeline inicializado con componentes
2025-11-22 09:46:35,554 - biometric_gesture_system - INFO - [authentication_system.py:1206] - RealSessionManager inicializado para gestión de sesiones
2025-11-22 09:46:35,554 - biometric_gesture_system - INFO - [authentication_system.py:266] - RealSecurityAuditor inicializado para auditoría
2025-11-22 09:46:35,554 - biometric_gesture_system - INFO - [authentication_system.py:1413] - RealAuthenticationSystem inicializado
2025-11-22 09:46:35,554 - biometric_gesture_system - INFO - [authentication_system.py:1414] -   - Configuración: umbrales={'low': 0.65, 'standard': 0.75, 'high': 0.85, 'maximum': 0.92}
2025-11-22 09:48:44,848 - biometric_gesture_system - INFO - [system_manager.py:726] - 📊 Total usuarios en sistema: 2
2025-11-22 09:48:44,848 - biometric_gesture_system - INFO - [system_manager.py:728] -    - aaaaaaaaaaaaa (ID: user_aaaaaaaa_1763049970151_c1c0811b)
2025-11-22 09:48:44,848 - biometric_gesture_system - INFO - [system_manager.py:728] -    - Gabriela Salazar (ID: user_gabriela_1762882140832_800f8527)
2025-11-22 09:48:44,848 - biometric_gesture_system - WARNING - [system_manager.py:735] - ❌ No existe archivo de tracking (last_training.json)
2025-11-22 09:48:44,848 - biometric_gesture_system - WARNING - [system_manager.py:736] -    No se puede determinar qué usuarios están entrenados
2025-11-22 09:48:44,848 - biometric_gesture_system - WARNING - [system_manager.py:737] -    Retornando lista vacía - entrena las redes primero
2025-11-22 09:48:54,539 - biometric_gesture_system - INFO - [system_manager.py:726] - 📊 Total usuarios en sistema: 2
2025-11-22 09:48:54,539 - biometric_gesture_system - INFO - [system_manager.py:728] -    - aaaaaaaaaaaaa (ID: user_aaaaaaaa_1763049970151_c1c0811b)
2025-11-22 09:48:54,539 - biometric_gesture_system - INFO - [system_manager.py:728] -    - Gabriela Salazar (ID: user_gabriela_1762882140832_800f8527)
2025-11-22 09:48:54,539 - biometric_gesture_system - WARNING - [system_manager.py:735] - ❌ No existe archivo de tracking (last_training.json)
2025-11-22 09:48:54,539 - biometric_gesture_system - WARNING - [system_manager.py:736] -    No se puede determinar qué usuarios están entrenados
2025-11-22 09:48:54,543 - biometric_gesture_system - WARNING - [system_manager.py:737] -    Retornando lista vacía - entrena las redes primero
2025-11-22 09:49:04,528 - biometric_gesture_system - INFO - [system_manager.py:726] - 📊 Total usuarios en sistema: 2
2025-11-22 09:49:04,528 - biometric_gesture_system - INFO - [system_manager.py:728] -    - aaaaaaaaaaaaa (ID: user_aaaaaaaa_1763049970151_c1c0811b)
2025-11-22 09:49:04,528 - biometric_gesture_system - INFO - [system_manager.py:728] -    - Gabriela Salazar (ID: user_gabriela_1762882140832_800f8527)
2025-11-22 09:49:04,557 - biometric_gesture_system - WARNING - [system_manager.py:735] - ❌ No existe archivo de tracking (last_training.json)
2025-11-22 09:49:04,558 - biometric_gesture_system - WARNING - [system_manager.py:736] -    No se puede determinar qué usuarios están entrenados
2025-11-22 09:49:04,558 - biometric_gesture_system - WARNING - [system_manager.py:737] -    Retornando lista vacía - entrena las redes primero
2025-11-22 09:49:12,178 - biometric_gesture_system - INFO - [system_manager.py:726] - 📊 Total usuarios en sistema: 2
2025-11-22 09:49:12,178 - biometric_gesture_system - INFO - [system_manager.py:728] -    - aaaaaaaaaaaaa (ID: user_aaaaaaaa_1763049970151_c1c0811b)
2025-11-22 09:49:12,178 - biometric_gesture_system - INFO - [system_manager.py:728] -    - Gabriela Salazar (ID: user_gabriela_1762882140832_800f8527)
2025-11-22 09:49:12,178 - biometric_gesture_system - WARNING - [system_manager.py:735] - ❌ No existe archivo de tracking (last_training.json)
2025-11-22 09:49:12,178 - biometric_gesture_system - WARNING - [system_manager.py:736] -    No se puede determinar qué usuarios están entrenados
2025-11-22 09:49:12,181 - biometric_gesture_system - WARNING - [system_manager.py:737] -    Retornando lista vacía - entrena las redes primero
2025-11-22 09:49:22,749 - biometric_gesture_system - INFO - [system_manager.py:726] - 📊 Total usuarios en sistema: 2
2025-11-22 09:49:22,749 - biometric_gesture_system - INFO - [system_manager.py:728] -    - aaaaaaaaaaaaa (ID: user_aaaaaaaa_1763049970151_c1c0811b)
2025-11-22 09:49:22,749 - biometric_gesture_system - INFO - [system_manager.py:728] -    - Gabriela Salazar (ID: user_gabriela_1762882140832_800f8527)
2025-11-22 09:49:22,750 - biometric_gesture_system - WARNING - [system_manager.py:735] - ❌ No existe archivo de tracking (last_training.json)
2025-11-22 09:49:22,750 - biometric_gesture_system - WARNING - [system_manager.py:736] -    No se puede determinar qué usuarios están entrenados
2025-11-22 09:49:22,750 - biometric_gesture_system - WARNING - [system_manager.py:737] -    Retornando lista vacía - entrena las redes primero
2025-11-22 09:49:32,754 - biometric_gesture_system - INFO - [system_manager.py:726] - 📊 Total usuarios en sistema: 2
2025-11-22 09:49:32,754 - biometric_gesture_system - INFO - [system_manager.py:728] -    - aaaaaaaaaaaaa (ID: user_aaaaaaaa_1763049970151_c1c0811b)
2025-11-22 09:49:32,754 - biometric_gesture_system - INFO - [system_manager.py:728] -    - Gabriela Salazar (ID: user_gabriela_1762882140832_800f8527)
2025-11-22 09:49:32,754 - biometric_gesture_system - WARNING - [system_manager.py:735] - ❌ No existe archivo de tracking (last_training.json)
2025-11-22 09:49:32,755 - biometric_gesture_system - WARNING - [system_manager.py:736] -    No se puede determinar qué usuarios están entrenados
2025-11-22 09:49:32,755 - biometric_gesture_system - WARNING - [system_manager.py:737] -    Retornando lista vacía - entrena las redes primero
2025-11-22 09:49:42,751 - biometric_gesture_system - INFO - [system_manager.py:726] - 📊 Total usuarios en sistema: 2
2025-11-22 09:49:42,751 - biometric_gesture_system - INFO - [system_manager.py:728] -    - aaaaaaaaaaaaa (ID: user_aaaaaaaa_1763049970151_c1c0811b)
2025-11-22 09:49:42,754 - biometric_gesture_system - INFO - [system_manager.py:728] -    - Gabriela Salazar (ID: user_gabriela_1762882140832_800f8527)
2025-11-22 09:49:42,754 - biometric_gesture_system - WARNING - [system_manager.py:735] - ❌ No existe archivo de tracking (last_training.json)
2025-11-22 09:49:42,754 - biometric_gesture_system - WARNING - [system_manager.py:736] -    No se puede determinar qué usuarios están entrenados
2025-11-22 09:49:42,754 - biometric_gesture_system - WARNING - [system_manager.py:737] -    Retornando lista vacía - entrena las redes primero
2025-11-22 09:49:52,754 - biometric_gesture_system - INFO - [system_manager.py:726] - 📊 Total usuarios en sistema: 2
2025-11-22 09:49:52,754 - biometric_gesture_system - INFO - [system_manager.py:728] -    - aaaaaaaaaaaaa (ID: user_aaaaaaaa_1763049970151_c1c0811b)
2025-11-22 09:49:52,754 - biometric_gesture_system - INFO - [system_manager.py:728] -    - Gabriela Salazar (ID: user_gabriela_1762882140832_800f8527)
2025-11-22 09:49:52,754 - biometric_gesture_system - WARNING - [system_manager.py:735] - ❌ No existe archivo de tracking (last_training.json)
2025-11-22 09:49:52,755 - biometric_gesture_system - WARNING - [system_manager.py:736] -    No se puede determinar qué usuarios están entrenados
2025-11-22 09:49:52,755 - biometric_gesture_system - WARNING - [system_manager.py:737] -    Retornando lista vacía - entrena las redes primero
2025-11-22 09:50:02,756 - biometric_gesture_system - INFO - [system_manager.py:726] - 📊 Total usuarios en sistema: 2
2025-11-22 09:50:02,756 - biometric_gesture_system - INFO - [system_manager.py:728] -    - aaaaaaaaaaaaa (ID: user_aaaaaaaa_1763049970151_c1c0811b)
2025-11-22 09:50:02,757 - biometric_gesture_system - INFO - [system_manager.py:728] -    - Gabriela Salazar (ID: user_gabriela_1762882140832_800f8527)
2025-11-22 09:50:02,757 - biometric_gesture_system - WARNING - [system_manager.py:735] - ❌ No existe archivo de tracking (last_training.json)
2025-11-22 09:50:02,757 - biometric_gesture_system - WARNING - [system_manager.py:736] -    No se puede determinar qué usuarios están entrenados
2025-11-22 09:50:02,757 - biometric_gesture_system - WARNING - [system_manager.py:737] -    Retornando lista vacía - entrena las redes primero
2025-11-22 09:50:12,745 - biometric_gesture_system - INFO - [system_manager.py:726] - 📊 Total usuarios en sistema: 2
2025-11-22 09:50:12,745 - biometric_gesture_system - INFO - [system_manager.py:728] -    - aaaaaaaaaaaaa (ID: user_aaaaaaaa_1763049970151_c1c0811b)
2025-11-22 09:50:12,745 - biometric_gesture_system - INFO - [system_manager.py:728] -    - Gabriela Salazar (ID: user_gabriela_1762882140832_800f8527)
2025-11-22 09:50:12,745 - biometric_gesture_system - WARNING - [system_manager.py:735] - ❌ No existe archivo de tracking (last_training.json)
2025-11-22 09:50:12,745 - biometric_gesture_system - WARNING - [system_manager.py:736] -    No se puede determinar qué usuarios están entrenados
2025-11-22 09:50:12,745 - biometric_gesture_system - WARNING - [system_manager.py:737] -    Retornando lista vacía - entrena las redes primero
2025-11-22 09:50:22,741 - biometric_gesture_system - INFO - [system_manager.py:726] - 📊 Total usuarios en sistema: 2
2025-11-22 09:50:22,742 - biometric_gesture_system - INFO - [system_manager.py:728] -    - aaaaaaaaaaaaa (ID: user_aaaaaaaa_1763049970151_c1c0811b)
2025-11-22 09:50:22,742 - biometric_gesture_system - INFO - [system_manager.py:728] -    - Gabriela Salazar (ID: user_gabriela_1762882140832_800f8527)
2025-11-22 09:50:22,743 - biometric_gesture_system - WARNING - [system_manager.py:735] - ❌ No existe archivo de tracking (last_training.json)
2025-11-22 09:50:22,743 - biometric_gesture_system - WARNING - [system_manager.py:736] -    No se puede determinar qué usuarios están entrenados
2025-11-22 09:50:22,743 - biometric_gesture_system - WARNING - [system_manager.py:737] -    Retornando lista vacía - entrena las redes primero
2025-11-22 09:50:47,752 - biometric_gesture_system - INFO - [system_manager.py:726] - 📊 Total usuarios en sistema: 2
2025-11-22 09:50:47,752 - biometric_gesture_system - INFO - [system_manager.py:728] -    - aaaaaaaaaaaaa (ID: user_aaaaaaaa_1763049970151_c1c0811b)
2025-11-22 09:50:47,753 - biometric_gesture_system - INFO - [system_manager.py:728] -    - Gabriela Salazar (ID: user_gabriela_1762882140832_800f8527)
2025-11-22 09:50:47,753 - biometric_gesture_system - WARNING - [system_manager.py:735] - ❌ No existe archivo de tracking (last_training.json)
2025-11-22 09:50:47,753 - biometric_gesture_system - WARNING - [system_manager.py:736] -    No se puede determinar qué usuarios están entrenados
2025-11-22 09:50:47,753 - biometric_gesture_system - WARNING - [system_manager.py:737] -    Retornando lista vacía - entrena las redes primero
2025-11-22 09:51:37,782 - biometric_gesture_system - INFO - [system_manager.py:726] - 📊 Total usuarios en sistema: 2
2025-11-22 09:51:37,782 - biometric_gesture_system - INFO - [system_manager.py:728] -    - aaaaaaaaaaaaa (ID: user_aaaaaaaa_1763049970151_c1c0811b)
2025-11-22 09:51:37,782 - biometric_gesture_system - INFO - [system_manager.py:728] -    - Gabriela Salazar (ID: user_gabriela_1762882140832_800f8527)
2025-11-22 09:51:37,784 - biometric_gesture_system - WARNING - [system_manager.py:735] - ❌ No existe archivo de tracking (last_training.json)
2025-11-22 09:51:37,784 - biometric_gesture_system - WARNING - [system_manager.py:736] -    No se puede determinar qué usuarios están entrenados
2025-11-22 09:51:37,785 - biometric_gesture_system - WARNING - [system_manager.py:737] -    Retornando lista vacía - entrena las redes primero
2025-11-22 09:51:42,916 - biometric_gesture_system - INFO - [system_manager.py:726] - 📊 Total usuarios en sistema: 2
2025-11-22 09:51:42,916 - biometric_gesture_system - INFO - [system_manager.py:728] -    - aaaaaaaaaaaaa (ID: user_aaaaaaaa_1763049970151_c1c0811b)
2025-11-22 09:51:42,916 - biometric_gesture_system - INFO - [system_manager.py:728] -    - Gabriela Salazar (ID: user_gabriela_1762882140832_800f8527)
2025-11-22 09:51:42,917 - biometric_gesture_system - WARNING - [system_manager.py:735] - ❌ No existe archivo de tracking (last_training.json)
2025-11-22 09:51:42,918 - biometric_gesture_system - WARNING - [system_manager.py:736] -    No se puede determinar qué usuarios están entrenados
2025-11-22 09:51:42,918 - biometric_gesture_system - WARNING - [system_manager.py:737] -    Retornando lista vacía - entrena las redes primero
2025-11-22 09:51:52,785 - biometric_gesture_system - INFO - [system_manager.py:726] - 📊 Total usuarios en sistema: 2
2025-11-22 09:51:52,786 - biometric_gesture_system - INFO - [system_manager.py:728] -    - aaaaaaaaaaaaa (ID: user_aaaaaaaa_1763049970151_c1c0811b)
2025-11-22 09:51:52,786 - biometric_gesture_system - INFO - [system_manager.py:728] -    - Gabriela Salazar (ID: user_gabriela_1762882140832_800f8527)
2025-11-22 09:51:52,787 - biometric_gesture_system - WARNING - [system_manager.py:735] - ❌ No existe archivo de tracking (last_training.json)
2025-11-22 09:51:52,787 - biometric_gesture_system - WARNING - [system_manager.py:736] -    No se puede determinar qué usuarios están entrenados
2025-11-22 09:51:52,787 - biometric_gesture_system - WARNING - [system_manager.py:737] -    Retornando lista vacía - entrena las redes primero
2025-11-22 09:52:03,757 - biometric_gesture_system - INFO - [system_manager.py:726] - 📊 Total usuarios en sistema: 2
2025-11-22 09:52:03,757 - biometric_gesture_system - INFO - [system_manager.py:728] -    - aaaaaaaaaaaaa (ID: user_aaaaaaaa_1763049970151_c1c0811b)
2025-11-22 09:52:03,758 - biometric_gesture_system - INFO - [system_manager.py:728] -    - Gabriela Salazar (ID: user_gabriela_1762882140832_800f8527)
2025-11-22 09:52:03,758 - biometric_gesture_system - WARNING - [system_manager.py:735] - ❌ No existe archivo de tracking (last_training.json)
2025-11-22 09:52:03,758 - biometric_gesture_system - WARNING - [system_manager.py:736] -    No se puede determinar qué usuarios están entrenados
2025-11-22 09:52:03,758 - biometric_gesture_system - WARNING - [system_manager.py:737] -    Retornando lista vacía - entrena las redes primero
2025-11-22 09:52:07,905 - biometric_gesture_system - INFO - [system_manager.py:726] - 📊 Total usuarios en sistema: 2
2025-11-22 09:52:07,905 - biometric_gesture_system - INFO - [system_manager.py:728] -    - aaaaaaaaaaaaa (ID: user_aaaaaaaa_1763049970151_c1c0811b)
2025-11-22 09:52:07,905 - biometric_gesture_system - INFO - [system_manager.py:728] -    - Gabriela Salazar (ID: user_gabriela_1762882140832_800f8527)
2025-11-22 09:52:07,906 - biometric_gesture_system - WARNING - [system_manager.py:735] - ❌ No existe archivo de tracking (last_training.json)
2025-11-22 09:52:07,906 - biometric_gesture_system - WARNING - [system_manager.py:736] -    No se puede determinar qué usuarios están entrenados
2025-11-22 09:52:07,906 - biometric_gesture_system - WARNING - [system_manager.py:737] -    Retornando lista vacía - entrena las redes primero
2025-11-22 09:52:19,068 - biometric_gesture_system - INFO - [system_manager.py:726] - 📊 Total usuarios en sistema: 2
2025-11-22 09:52:19,068 - biometric_gesture_system - INFO - [system_manager.py:728] -    - aaaaaaaaaaaaa (ID: user_aaaaaaaa_1763049970151_c1c0811b)
2025-11-22 09:52:19,070 - biometric_gesture_system - INFO - [system_manager.py:728] -    - Gabriela Salazar (ID: user_gabriela_1762882140832_800f8527)
2025-11-22 09:52:19,070 - biometric_gesture_system - WARNING - [system_manager.py:735] - ❌ No existe archivo de tracking (last_training.json)
2025-11-22 09:52:19,072 - biometric_gesture_system - WARNING - [system_manager.py:736] -    No se puede determinar qué usuarios están entrenados
2025-11-22 09:52:19,072 - biometric_gesture_system - WARNING - [system_manager.py:737] -    Retornando lista vacía - entrena las redes primero
2025-11-22 09:52:26,368 - biometric_gesture_system - INFO - [system_manager.py:726] - 📊 Total usuarios en sistema: 2
2025-11-22 09:52:26,369 - biometric_gesture_system - INFO - [system_manager.py:728] -    - aaaaaaaaaaaaa (ID: user_aaaaaaaa_1763049970151_c1c0811b)
2025-11-22 09:52:26,369 - biometric_gesture_system - INFO - [system_manager.py:728] -    - Gabriela Salazar (ID: user_gabriela_1762882140832_800f8527)
2025-11-22 09:52:26,369 - biometric_gesture_system - WARNING - [system_manager.py:735] - ❌ No existe archivo de tracking (last_training.json)
2025-11-22 09:52:26,369 - biometric_gesture_system - WARNING - [system_manager.py:736] -    No se puede determinar qué usuarios están entrenados
2025-11-22 09:52:26,369 - biometric_gesture_system - WARNING - [system_manager.py:737] -    Retornando lista vacía - entrena las redes primero
2025-11-22 09:52:36,378 - biometric_gesture_system - INFO - [system_manager.py:726] - 📊 Total usuarios en sistema: 2
2025-11-22 09:52:36,378 - biometric_gesture_system - INFO - [system_manager.py:728] -    - aaaaaaaaaaaaa (ID: user_aaaaaaaa_1763049970151_c1c0811b)
2025-11-22 09:52:36,380 - biometric_gesture_system - INFO - [system_manager.py:728] -    - Gabriela Salazar (ID: user_gabriela_1762882140832_800f8527)
2025-11-22 09:52:36,380 - biometric_gesture_system - WARNING - [system_manager.py:735] - ❌ No existe archivo de tracking (last_training.json)
2025-11-22 09:52:36,380 - biometric_gesture_system - WARNING - [system_manager.py:736] -    No se puede determinar qué usuarios están entrenados
2025-11-22 09:52:36,380 - biometric_gesture_system - WARNING - [system_manager.py:737] -    Retornando lista vacía - entrena las redes primero
2025-11-22 09:52:46,377 - biometric_gesture_system - INFO - [system_manager.py:726] - 📊 Total usuarios en sistema: 2
2025-11-22 09:52:46,377 - biometric_gesture_system - INFO - [system_manager.py:728] -    - aaaaaaaaaaaaa (ID: user_aaaaaaaa_1763049970151_c1c0811b)
2025-11-22 09:52:46,377 - biometric_gesture_system - INFO - [system_manager.py:728] -    - Gabriela Salazar (ID: user_gabriela_1762882140832_800f8527)
2025-11-22 09:52:46,379 - biometric_gesture_system - WARNING - [system_manager.py:735] - ❌ No existe archivo de tracking (last_training.json)
2025-11-22 09:52:46,380 - biometric_gesture_system - WARNING - [system_manager.py:736] -    No se puede determinar qué usuarios están entrenados
2025-11-22 09:52:46,380 - biometric_gesture_system - WARNING - [system_manager.py:737] -    Retornando lista vacía - entrena las redes primero
2025-11-22 09:52:48,983 - biometric_gesture_system - INFO - [system_manager.py:726] - 📊 Total usuarios en sistema: 2
2025-11-22 09:52:48,983 - biometric_gesture_system - INFO - [system_manager.py:728] -    - aaaaaaaaaaaaa (ID: user_aaaaaaaa_1763049970151_c1c0811b)
2025-11-22 09:52:48,983 - biometric_gesture_system - INFO - [system_manager.py:728] -    - Gabriela Salazar (ID: user_gabriela_1762882140832_800f8527)
2025-11-22 09:52:48,983 - biometric_gesture_system - WARNING - [system_manager.py:735] - ❌ No existe archivo de tracking (last_training.json)
2025-11-22 09:52:48,985 - biometric_gesture_system - WARNING - [system_manager.py:736] -    No se puede determinar qué usuarios están entrenados
2025-11-22 09:52:48,985 - biometric_gesture_system - WARNING - [system_manager.py:737] -    Retornando lista vacía - entrena las redes primero
2025-11-22 09:52:57,196 - biometric_gesture_system - INFO - [system_manager.py:726] - 📊 Total usuarios en sistema: 2
2025-11-22 09:52:57,199 - biometric_gesture_system - INFO - [system_manager.py:728] -    - aaaaaaaaaaaaa (ID: user_aaaaaaaa_1763049970151_c1c0811b)
2025-11-22 09:52:57,199 - biometric_gesture_system - INFO - [system_manager.py:728] -    - Gabriela Salazar (ID: user_gabriela_1762882140832_800f8527)
2025-11-22 09:52:57,199 - biometric_gesture_system - WARNING - [system_manager.py:735] - ❌ No existe archivo de tracking (last_training.json)
2025-11-22 09:52:57,200 - biometric_gesture_system - WARNING - [system_manager.py:736] -    No se puede determinar qué usuarios están entrenados
2025-11-22 09:52:57,200 - biometric_gesture_system - WARNING - [system_manager.py:737] -    Retornando lista vacía - entrena las redes primero
2025-11-22 09:53:06,759 - biometric_gesture_system - INFO - [system_manager.py:726] - 📊 Total usuarios en sistema: 2
2025-11-22 09:53:06,759 - biometric_gesture_system - INFO - [system_manager.py:728] -    - aaaaaaaaaaaaa (ID: user_aaaaaaaa_1763049970151_c1c0811b)
2025-11-22 09:53:06,759 - biometric_gesture_system - INFO - [system_manager.py:728] -    - Gabriela Salazar (ID: user_gabriela_1762882140832_800f8527)
2025-11-22 09:53:06,764 - biometric_gesture_system - WARNING - [system_manager.py:735] - ❌ No existe archivo de tracking (last_training.json)
2025-11-22 09:53:06,764 - biometric_gesture_system - WARNING - [system_manager.py:736] -    No se puede determinar qué usuarios están entrenados
2025-11-22 09:53:06,764 - biometric_gesture_system - WARNING - [system_manager.py:737] -    Retornando lista vacía - entrena las redes primero
2025-11-22 09:53:16,756 - biometric_gesture_system - INFO - [system_manager.py:726] - 📊 Total usuarios en sistema: 2
2025-11-22 09:53:16,758 - biometric_gesture_system - INFO - [system_manager.py:728] -    - aaaaaaaaaaaaa (ID: user_aaaaaaaa_1763049970151_c1c0811b)
2025-11-22 09:53:16,758 - biometric_gesture_system - INFO - [system_manager.py:728] -    - Gabriela Salazar (ID: user_gabriela_1762882140832_800f8527)
2025-11-22 09:53:16,758 - biometric_gesture_system - WARNING - [system_manager.py:735] - ❌ No existe archivo de tracking (last_training.json)
2025-11-22 09:53:16,758 - biometric_gesture_system - WARNING - [system_manager.py:736] -    No se puede determinar qué usuarios están entrenados
2025-11-22 09:53:16,758 - biometric_gesture_system - WARNING - [system_manager.py:737] -    Retornando lista vacía - entrena las redes primero
2025-11-22 09:53:26,373 - biometric_gesture_system - INFO - [system_manager.py:726] - 📊 Total usuarios en sistema: 2
2025-11-22 09:53:26,373 - biometric_gesture_system - INFO - [system_manager.py:728] -    - aaaaaaaaaaaaa (ID: user_aaaaaaaa_1763049970151_c1c0811b)
2025-11-22 09:53:26,374 - biometric_gesture_system - INFO - [system_manager.py:728] -    - Gabriela Salazar (ID: user_gabriela_1762882140832_800f8527)
2025-11-22 09:53:26,374 - biometric_gesture_system - WARNING - [system_manager.py:735] - ❌ No existe archivo de tracking (last_training.json)
2025-11-22 09:53:26,374 - biometric_gesture_system - WARNING - [system_manager.py:736] -    No se puede determinar qué usuarios están entrenados
2025-11-22 09:53:26,374 - biometric_gesture_system - WARNING - [system_manager.py:737] -    Retornando lista vacía - entrena las redes primero
2025-11-22 09:53:36,377 - biometric_gesture_system - INFO - [system_manager.py:726] - 📊 Total usuarios en sistema: 2
2025-11-22 09:53:36,378 - biometric_gesture_system - INFO - [system_manager.py:728] -    - aaaaaaaaaaaaa (ID: user_aaaaaaaa_1763049970151_c1c0811b)
2025-11-22 09:53:36,379 - biometric_gesture_system - INFO - [system_manager.py:728] -    - Gabriela Salazar (ID: user_gabriela_1762882140832_800f8527)
2025-11-22 09:53:36,379 - biometric_gesture_system - WARNING - [system_manager.py:735] - ❌ No existe archivo de tracking (last_training.json)
2025-11-22 09:53:36,379 - biometric_gesture_system - WARNING - [system_manager.py:736] -    No se puede determinar qué usuarios están entrenados
2025-11-22 09:53:36,379 - biometric_gesture_system - WARNING - [system_manager.py:737] -    Retornando lista vacía - entrena las redes primero
2025-11-22 09:53:46,762 - biometric_gesture_system - INFO - [system_manager.py:726] - 📊 Total usuarios en sistema: 2
2025-11-22 09:53:46,762 - biometric_gesture_system - INFO - [system_manager.py:728] -    - aaaaaaaaaaaaa (ID: user_aaaaaaaa_1763049970151_c1c0811b)
2025-11-22 09:53:46,764 - biometric_gesture_system - INFO - [system_manager.py:728] -    - Gabriela Salazar (ID: user_gabriela_1762882140832_800f8527)
2025-11-22 09:53:46,764 - biometric_gesture_system - WARNING - [system_manager.py:735] - ❌ No existe archivo de tracking (last_training.json)
2025-11-22 09:53:46,764 - biometric_gesture_system - WARNING - [system_manager.py:736] -    No se puede determinar qué usuarios están entrenados
2025-11-22 09:53:46,764 - biometric_gesture_system - WARNING - [system_manager.py:737] -    Retornando lista vacía - entrena las redes primero
2025-11-22 09:53:56,746 - biometric_gesture_system - INFO - [system_manager.py:726] - 📊 Total usuarios en sistema: 2
2025-11-22 09:53:56,746 - biometric_gesture_system - INFO - [system_manager.py:728] -    - aaaaaaaaaaaaa (ID: user_aaaaaaaa_1763049970151_c1c0811b)
2025-11-22 09:53:56,748 - biometric_gesture_system - INFO - [system_manager.py:728] -    - Gabriela Salazar (ID: user_gabriela_1762882140832_800f8527)
2025-11-22 09:53:56,748 - biometric_gesture_system - WARNING - [system_manager.py:735] - ❌ No existe archivo de tracking (last_training.json)
2025-11-22 09:53:56,748 - biometric_gesture_system - WARNING - [system_manager.py:736] -    No se puede determinar qué usuarios están entrenados
2025-11-22 09:53:56,748 - biometric_gesture_system - WARNING - [system_manager.py:737] -    Retornando lista vacía - entrena las redes primero
2025-11-22 09:54:06,756 - biometric_gesture_system - INFO - [system_manager.py:726] - 📊 Total usuarios en sistema: 2
2025-11-22 09:54:06,756 - biometric_gesture_system - INFO - [system_manager.py:728] -    - aaaaaaaaaaaaa (ID: user_aaaaaaaa_1763049970151_c1c0811b)
2025-11-22 09:54:06,756 - biometric_gesture_system - INFO - [system_manager.py:728] -    - Gabriela Salazar (ID: user_gabriela_1762882140832_800f8527)
2025-11-22 09:54:06,756 - biometric_gesture_system - WARNING - [system_manager.py:735] - ❌ No existe archivo de tracking (last_training.json)
2025-11-22 09:54:06,756 - biometric_gesture_system - WARNING - [system_manager.py:736] -    No se puede determinar qué usuarios están entrenados
2025-11-22 09:54:06,756 - biometric_gesture_system - WARNING - [system_manager.py:737] -    Retornando lista vacía - entrena las redes primero
2025-11-22 09:54:16,754 - biometric_gesture_system - INFO - [system_manager.py:726] - 📊 Total usuarios en sistema: 2
2025-11-22 09:54:16,754 - biometric_gesture_system - INFO - [system_manager.py:728] -    - aaaaaaaaaaaaa (ID: user_aaaaaaaa_1763049970151_c1c0811b)
2025-11-22 09:54:16,754 - biometric_gesture_system - INFO - [system_manager.py:728] -    - Gabriela Salazar (ID: user_gabriela_1762882140832_800f8527)
2025-11-22 09:54:16,754 - biometric_gesture_system - WARNING - [system_manager.py:735] - ❌ No existe archivo de tracking (last_training.json)
2025-11-22 09:54:16,755 - biometric_gesture_system - WARNING - [system_manager.py:736] -    No se puede determinar qué usuarios están entrenados
2025-11-22 09:54:16,755 - biometric_gesture_system - WARNING - [system_manager.py:737] -    Retornando lista vacía - entrena las redes primero
2025-11-22 09:54:26,775 - biometric_gesture_system - INFO - [system_manager.py:726] - 📊 Total usuarios en sistema: 2
2025-11-22 09:54:26,775 - biometric_gesture_system - INFO - [system_manager.py:728] -    - aaaaaaaaaaaaa (ID: user_aaaaaaaa_1763049970151_c1c0811b)
2025-11-22 09:54:26,775 - biometric_gesture_system - INFO - [system_manager.py:728] -    - Gabriela Salazar (ID: user_gabriela_1762882140832_800f8527)
2025-11-22 09:54:26,775 - biometric_gesture_system - WARNING - [system_manager.py:735] - ❌ No existe archivo de tracking (last_training.json)
2025-11-22 09:54:26,775 - biometric_gesture_system - WARNING - [system_manager.py:736] -    No se puede determinar qué usuarios están entrenados
2025-11-22 09:54:26,775 - biometric_gesture_system - WARNING - [system_manager.py:737] -    Retornando lista vacía - entrena las redes primero
2025-11-22 09:54:36,755 - biometric_gesture_system - INFO - [system_manager.py:726] - 📊 Total usuarios en sistema: 2
2025-11-22 09:54:36,755 - biometric_gesture_system - INFO - [system_manager.py:728] -    - aaaaaaaaaaaaa (ID: user_aaaaaaaa_1763049970151_c1c0811b)
2025-11-22 09:54:36,755 - biometric_gesture_system - INFO - [system_manager.py:728] -    - Gabriela Salazar (ID: user_gabriela_1762882140832_800f8527)
2025-11-22 09:54:36,755 - biometric_gesture_system - WARNING - [system_manager.py:735] - ❌ No existe archivo de tracking (last_training.json)
2025-11-22 09:54:36,755 - biometric_gesture_system - WARNING - [system_manager.py:736] -    No se puede determinar qué usuarios están entrenados
2025-11-22 09:54:36,755 - biometric_gesture_system - WARNING - [system_manager.py:737] -    Retornando lista vacía - entrena las redes primero
2025-11-22 09:54:47,772 - biometric_gesture_system - INFO - [system_manager.py:726] - 📊 Total usuarios en sistema: 2
2025-11-22 09:54:47,772 - biometric_gesture_system - INFO - [system_manager.py:728] -    - aaaaaaaaaaaaa (ID: user_aaaaaaaa_1763049970151_c1c0811b)
2025-11-22 09:54:47,772 - biometric_gesture_system - INFO - [system_manager.py:728] -    - Gabriela Salazar (ID: user_gabriela_1762882140832_800f8527)
2025-11-22 09:54:47,772 - biometric_gesture_system - WARNING - [system_manager.py:735] - ❌ No existe archivo de tracking (last_training.json)
2025-11-22 09:54:47,772 - biometric_gesture_system - WARNING - [system_manager.py:736] -    No se puede determinar qué usuarios están entrenados
2025-11-22 09:54:47,772 - biometric_gesture_system - WARNING - [system_manager.py:737] -    Retornando lista vacía - entrena las redes primero
2025-11-22 09:55:47,755 - biometric_gesture_system - INFO - [system_manager.py:726] - 📊 Total usuarios en sistema: 2
2025-11-22 09:55:47,755 - biometric_gesture_system - INFO - [system_manager.py:728] -    - aaaaaaaaaaaaa (ID: user_aaaaaaaa_1763049970151_c1c0811b)
2025-11-22 09:55:47,755 - biometric_gesture_system - INFO - [system_manager.py:728] -    - Gabriela Salazar (ID: user_gabriela_1762882140832_800f8527)
2025-11-22 09:55:47,755 - biometric_gesture_system - WARNING - [system_manager.py:735] - ❌ No existe archivo de tracking (last_training.json)
2025-11-22 09:55:47,758 - biometric_gesture_system - WARNING - [system_manager.py:736] -    No se puede determinar qué usuarios están entrenados
2025-11-22 09:55:47,758 - biometric_gesture_system - WARNING - [system_manager.py:737] -    Retornando lista vacía - entrena las redes primero
2025-11-22 09:56:47,760 - biometric_gesture_system - INFO - [system_manager.py:726] - 📊 Total usuarios en sistema: 2
2025-11-22 09:56:47,760 - biometric_gesture_system - INFO - [system_manager.py:728] -    - aaaaaaaaaaaaa (ID: user_aaaaaaaa_1763049970151_c1c0811b)
2025-11-22 09:56:47,763 - biometric_gesture_system - INFO - [system_manager.py:728] -    - Gabriela Salazar (ID: user_gabriela_1762882140832_800f8527)
2025-11-22 09:56:47,763 - biometric_gesture_system - WARNING - [system_manager.py:735] - ❌ No existe archivo de tracking (last_training.json)
2025-11-22 09:56:47,763 - biometric_gesture_system - WARNING - [system_manager.py:736] -    No se puede determinar qué usuarios están entrenados
2025-11-22 09:56:47,763 - biometric_gesture_system - WARNING - [system_manager.py:737] -    Retornando lista vacía - entrena las redes primero
2025-11-22 09:57:47,760 - biometric_gesture_system - INFO - [system_manager.py:726] - 📊 Total usuarios en sistema: 2
2025-11-22 09:57:47,762 - biometric_gesture_system - INFO - [system_manager.py:728] -    - aaaaaaaaaaaaa (ID: user_aaaaaaaa_1763049970151_c1c0811b)
2025-11-22 09:57:47,762 - biometric_gesture_system - INFO - [system_manager.py:728] -    - Gabriela Salazar (ID: user_gabriela_1762882140832_800f8527)
2025-11-22 09:57:47,762 - biometric_gesture_system - WARNING - [system_manager.py:735] - ❌ No existe archivo de tracking (last_training.json)
2025-11-22 09:57:47,762 - biometric_gesture_system - WARNING - [system_manager.py:736] -    No se puede determinar qué usuarios están entrenados
2025-11-22 09:57:47,762 - biometric_gesture_system - WARNING - [system_manager.py:737] -    Retornando lista vacía - entrena las redes primero
2025-11-22 09:58:05,778 - biometric_gesture_system - INFO - [system_manager.py:726] - 📊 Total usuarios en sistema: 2
2025-11-22 09:58:05,778 - biometric_gesture_system - INFO - [system_manager.py:728] -    - aaaaaaaaaaaaa (ID: user_aaaaaaaa_1763049970151_c1c0811b)
2025-11-22 09:58:05,778 - biometric_gesture_system - INFO - [system_manager.py:728] -    - Gabriela Salazar (ID: user_gabriela_1762882140832_800f8527)
2025-11-22 09:58:05,778 - biometric_gesture_system - WARNING - [system_manager.py:735] - ❌ No existe archivo de tracking (last_training.json)
2025-11-22 09:58:05,778 - biometric_gesture_system - WARNING - [system_manager.py:736] -    No se puede determinar qué usuarios están entrenados
2025-11-22 09:58:05,778 - biometric_gesture_system - WARNING - [system_manager.py:737] -    Retornando lista vacía - entrena las redes primero
2025-11-22 09:58:15,799 - biometric_gesture_system - INFO - [system_manager.py:726] - 📊 Total usuarios en sistema: 2
2025-11-22 09:58:15,799 - biometric_gesture_system - INFO - [system_manager.py:728] -    - aaaaaaaaaaaaa (ID: user_aaaaaaaa_1763049970151_c1c0811b)
2025-11-22 09:58:15,799 - biometric_gesture_system - INFO - [system_manager.py:728] -    - Gabriela Salazar (ID: user_gabriela_1762882140832_800f8527)
2025-11-22 09:58:15,799 - biometric_gesture_system - WARNING - [system_manager.py:735] - ❌ No existe archivo de tracking (last_training.json)
2025-11-22 09:58:15,799 - biometric_gesture_system - WARNING - [system_manager.py:736] -    No se puede determinar qué usuarios están entrenados
2025-11-22 09:58:15,799 - biometric_gesture_system - WARNING - [system_manager.py:737] -    Retornando lista vacía - entrena las redes primero
2025-11-22 09:58:25,806 - biometric_gesture_system - INFO - [system_manager.py:726] - 📊 Total usuarios en sistema: 2
2025-11-22 09:58:25,806 - biometric_gesture_system - INFO - [system_manager.py:728] -    - aaaaaaaaaaaaa (ID: user_aaaaaaaa_1763049970151_c1c0811b)
2025-11-22 09:58:25,809 - biometric_gesture_system - INFO - [system_manager.py:728] -    - Gabriela Salazar (ID: user_gabriela_1762882140832_800f8527)
2025-11-22 09:58:25,809 - biometric_gesture_system - WARNING - [system_manager.py:735] - ❌ No existe archivo de tracking (last_training.json)
2025-11-22 09:58:25,809 - biometric_gesture_system - WARNING - [system_manager.py:736] -    No se puede determinar qué usuarios están entrenados
2025-11-22 09:58:25,809 - biometric_gesture_system - WARNING - [system_manager.py:737] -    Retornando lista vacía - entrena las redes primero
2025-11-22 09:58:35,796 - biometric_gesture_system - INFO - [system_manager.py:726] - 📊 Total usuarios en sistema: 2
2025-11-22 09:58:35,796 - biometric_gesture_system - INFO - [system_manager.py:728] -    - aaaaaaaaaaaaa (ID: user_aaaaaaaa_1763049970151_c1c0811b)
2025-11-22 09:58:35,796 - biometric_gesture_system - INFO - [system_manager.py:728] -    - Gabriela Salazar (ID: user_gabriela_1762882140832_800f8527)
2025-11-22 09:58:35,796 - biometric_gesture_system - WARNING - [system_manager.py:735] - ❌ No existe archivo de tracking (last_training.json)
2025-11-22 09:58:35,796 - biometric_gesture_system - WARNING - [system_manager.py:736] -    No se puede determinar qué usuarios están entrenados
2025-11-22 09:58:35,796 - biometric_gesture_system - WARNING - [system_manager.py:737] -    Retornando lista vacía - entrena las redes primero
2025-11-22 09:58:46,758 - biometric_gesture_system - INFO - [system_manager.py:726] - 📊 Total usuarios en sistema: 2
2025-11-22 09:58:46,760 - biometric_gesture_system - INFO - [system_manager.py:728] -    - aaaaaaaaaaaaa (ID: user_aaaaaaaa_1763049970151_c1c0811b)
2025-11-22 09:58:46,760 - biometric_gesture_system - INFO - [system_manager.py:728] -    - Gabriela Salazar (ID: user_gabriela_1762882140832_800f8527)
2025-11-22 09:58:46,760 - biometric_gesture_system - WARNING - [system_manager.py:735] - ❌ No existe archivo de tracking (last_training.json)
2025-11-22 09:58:46,760 - biometric_gesture_system - WARNING - [system_manager.py:736] -    No se puede determinar qué usuarios están entrenados
2025-11-22 09:58:46,760 - biometric_gesture_system - WARNING - [system_manager.py:737] -    Retornando lista vacía - entrena las redes primero
2025-11-22 09:58:56,761 - biometric_gesture_system - INFO - [system_manager.py:726] - 📊 Total usuarios en sistema: 2
2025-11-22 09:58:56,761 - biometric_gesture_system - INFO - [system_manager.py:728] -    - aaaaaaaaaaaaa (ID: user_aaaaaaaa_1763049970151_c1c0811b)
2025-11-22 09:58:56,762 - biometric_gesture_system - INFO - [system_manager.py:728] -    - Gabriela Salazar (ID: user_gabriela_1762882140832_800f8527)
2025-11-22 09:58:56,762 - biometric_gesture_system - WARNING - [system_manager.py:735] - ❌ No existe archivo de tracking (last_training.json)
2025-11-22 09:58:56,762 - biometric_gesture_system - WARNING - [system_manager.py:736] -    No se puede determinar qué usuarios están entrenados
2025-11-22 09:58:56,762 - biometric_gesture_system - WARNING - [system_manager.py:737] -    Retornando lista vacía - entrena las redes primero
2025-11-22 09:59:05,801 - biometric_gesture_system - INFO - [system_manager.py:726] - 📊 Total usuarios en sistema: 2
2025-11-22 09:59:05,801 - biometric_gesture_system - INFO - [system_manager.py:728] -    - aaaaaaaaaaaaa (ID: user_aaaaaaaa_1763049970151_c1c0811b)
2025-11-22 09:59:05,801 - biometric_gesture_system - INFO - [system_manager.py:728] -    - Gabriela Salazar (ID: user_gabriela_1762882140832_800f8527)
2025-11-22 09:59:05,801 - biometric_gesture_system - WARNING - [system_manager.py:735] - ❌ No existe archivo de tracking (last_training.json)
2025-11-22 09:59:05,804 - biometric_gesture_system - WARNING - [system_manager.py:736] -    No se puede determinar qué usuarios están entrenados
2025-11-22 09:59:05,804 - biometric_gesture_system - WARNING - [system_manager.py:737] -    Retornando lista vacía - entrena las redes primero
2025-11-22 09:59:16,736 - biometric_gesture_system - INFO - [system_manager.py:726] - 📊 Total usuarios en sistema: 2
2025-11-22 09:59:16,736 - biometric_gesture_system - INFO - [system_manager.py:728] -    - aaaaaaaaaaaaa (ID: user_aaaaaaaa_1763049970151_c1c0811b)
2025-11-22 09:59:16,736 - biometric_gesture_system - INFO - [system_manager.py:728] -    - Gabriela Salazar (ID: user_gabriela_1762882140832_800f8527)
2025-11-22 09:59:16,736 - biometric_gesture_system - WARNING - [system_manager.py:735] - ❌ No existe archivo de tracking (last_training.json)
2025-11-22 09:59:16,736 - biometric_gesture_system - WARNING - [system_manager.py:736] -    No se puede determinar qué usuarios están entrenados
2025-11-22 09:59:16,736 - biometric_gesture_system - WARNING - [system_manager.py:737] -    Retornando lista vacía - entrena las redes primero
2025-11-22 09:59:26,749 - biometric_gesture_system - INFO - [system_manager.py:726] - 📊 Total usuarios en sistema: 2
2025-11-22 09:59:26,749 - biometric_gesture_system - INFO - [system_manager.py:728] -    - aaaaaaaaaaaaa (ID: user_aaaaaaaa_1763049970151_c1c0811b)
2025-11-22 09:59:26,749 - biometric_gesture_system - INFO - [system_manager.py:728] -    - Gabriela Salazar (ID: user_gabriela_1762882140832_800f8527)
2025-11-22 09:59:26,749 - biometric_gesture_system - WARNING - [system_manager.py:735] - ❌ No existe archivo de tracking (last_training.json)
2025-11-22 09:59:26,749 - biometric_gesture_system - WARNING - [system_manager.py:736] -    No se puede determinar qué usuarios están entrenados
2025-11-22 09:59:26,749 - biometric_gesture_system - WARNING - [system_manager.py:737] -    Retornando lista vacía - entrena las redes primero
2025-11-22 09:59:36,750 - biometric_gesture_system - INFO - [system_manager.py:726] - 📊 Total usuarios en sistema: 2
2025-11-22 09:59:36,751 - biometric_gesture_system - INFO - [system_manager.py:728] -    - aaaaaaaaaaaaa (ID: user_aaaaaaaa_1763049970151_c1c0811b)
2025-11-22 09:59:36,751 - biometric_gesture_system - INFO - [system_manager.py:728] -    - Gabriela Salazar (ID: user_gabriela_1762882140832_800f8527)
2025-11-22 09:59:36,751 - biometric_gesture_system - WARNING - [system_manager.py:735] - ❌ No existe archivo de tracking (last_training.json)
2025-11-22 09:59:36,751 - biometric_gesture_system - WARNING - [system_manager.py:736] -    No se puede determinar qué usuarios están entrenados
2025-11-22 09:59:36,751 - biometric_gesture_system - WARNING - [system_manager.py:737] -    Retornando lista vacía - entrena las redes primero
2025-11-22 09:59:46,752 - biometric_gesture_system - INFO - [system_manager.py:726] - 📊 Total usuarios en sistema: 2
2025-11-22 09:59:46,752 - biometric_gesture_system - INFO - [system_manager.py:728] -    - aaaaaaaaaaaaa (ID: user_aaaaaaaa_1763049970151_c1c0811b)
2025-11-22 09:59:46,752 - biometric_gesture_system - INFO - [system_manager.py:728] -    - Gabriela Salazar (ID: user_gabriela_1762882140832_800f8527)
2025-11-22 09:59:46,752 - biometric_gesture_system - WARNING - [system_manager.py:735] - ❌ No existe archivo de tracking (last_training.json)
2025-11-22 09:59:46,752 - biometric_gesture_system - WARNING - [system_manager.py:736] -    No se puede determinar qué usuarios están entrenados
2025-11-22 09:59:46,752 - biometric_gesture_system - WARNING - [system_manager.py:737] -    Retornando lista vacía - entrena las redes primero
2025-11-22 09:59:56,745 - biometric_gesture_system - INFO - [system_manager.py:726] - 📊 Total usuarios en sistema: 2
2025-11-22 09:59:56,745 - biometric_gesture_system - INFO - [system_manager.py:728] -    - aaaaaaaaaaaaa (ID: user_aaaaaaaa_1763049970151_c1c0811b)
2025-11-22 09:59:56,745 - biometric_gesture_system - INFO - [system_manager.py:728] -    - Gabriela Salazar (ID: user_gabriela_1762882140832_800f8527)
2025-11-22 09:59:56,747 - biometric_gesture_system - WARNING - [system_manager.py:735] - ❌ No existe archivo de tracking (last_training.json)
2025-11-22 09:59:56,747 - biometric_gesture_system - WARNING - [system_manager.py:736] -    No se puede determinar qué usuarios están entrenados
2025-11-22 09:59:56,747 - biometric_gesture_system - WARNING - [system_manager.py:737] -    Retornando lista vacía - entrena las redes primero
