2025-11-05 08:44:58,137 - biometric_gesture_system - INFO - [config_manager.py:504] - Validación de configuración: ✓ EXITOSA
2025-11-05 08:44:58,138 - biometric_gesture_system - INFO - [config_manager.py:317] - ================================================================================
2025-11-05 08:44:58,138 - biometric_gesture_system - INFO - [config_manager.py:318] - SISTEMA BIOMÉTRICO DE GESTOS DE MANOS - CONFIG MANAGER INICIALIZADO
2025-11-05 08:44:58,138 - biometric_gesture_system - INFO - [config_manager.py:319] - ================================================================================
2025-11-05 08:44:58,139 - biometric_gesture_system - INFO - [config_manager.py:320] - Configuración cargada desde: biometric_config.json
2025-11-05 08:44:58,139 - biometric_gesture_system - INFO - [config_manager.py:321] - Muestras por gesto: 7
2025-11-05 08:44:58,139 - biometric_gesture_system - INFO - [config_manager.py:322] - Gestos por usuario: 3
2025-11-05 08:44:58,139 - biometric_gesture_system - INFO - [config_manager.py:323] - Umbral confianza mano: 0.9
2025-11-05 08:44:58,139 - biometric_gesture_system - INFO - [config_manager.py:324] - Umbral confianza gesto: 0.6
2025-11-05 08:44:58,139 - biometric_gesture_system - INFO - [config_manager.py:325] - Resolución cámara: 1280x720
2025-11-05 08:44:58,139 - biometric_gesture_system - INFO - [config_manager.py:326] - Directorios creados: 11 rutas configuradas
2025-11-05 08:44:58,140 - biometric_gesture_system - INFO - [config_manager.py:327] - ================================================================================
2025-11-05 08:44:58,531 - biometric_gesture_system - INFO - [config_manager.py:630] - ======================================================================
2025-11-05 08:44:58,531 - biometric_gesture_system - INFO - [config_manager.py:630] - ROI NORMALIZATION SYSTEM INICIALIZADO
2025-11-05 08:44:58,531 - biometric_gesture_system - INFO - [config_manager.py:630] -   ✓ Resolución mínima: 150px
2025-11-05 08:44:58,531 - biometric_gesture_system - INFO - [config_manager.py:630] -   ✓ Resolución máxima: 600px
2025-11-05 08:44:58,532 - biometric_gesture_system - INFO - [config_manager.py:630] -   ✓ Tamaño normalizado: (224, 224)
2025-11-05 08:44:58,532 - biometric_gesture_system - INFO - [config_manager.py:630] -   ✓ Padding: 15%
2025-11-05 08:44:58,532 - biometric_gesture_system - INFO - [config_manager.py:630] -   ✓ Sharpening: ACTIVADO
2025-11-05 08:44:58,532 - biometric_gesture_system - INFO - [config_manager.py:630] - ======================================================================
2025-11-05 08:44:58,533 - biometric_gesture_system - INFO - [visual_feedback.py:62] - ======================================================================
2025-11-05 08:44:58,533 - biometric_gesture_system - INFO - [visual_feedback.py:63] - VISUAL FEEDBACK MANAGER INICIALIZADO
2025-11-05 08:44:58,533 - biometric_gesture_system - INFO - [visual_feedback.py:64] -   ✓ 5 niveles de feedback configurados
2025-11-05 08:44:58,533 - biometric_gesture_system - INFO - [visual_feedback.py:65] -   ✓ Colores BGR definidos
2025-11-05 08:44:58,533 - biometric_gesture_system - INFO - [visual_feedback.py:66] -   ✓ Sistema de priorización activo
2025-11-05 08:44:58,533 - biometric_gesture_system - INFO - [visual_feedback.py:67] - ======================================================================
2025-11-05 08:45:12,154 - biometric_gesture_system - WARNING - [config_manager.py:349] - Clave de configuración no encontrada: roi_normalization.enabled, usando default: True
2025-11-05 08:45:12,155 - biometric_gesture_system - WARNING - [config_manager.py:349] - Clave de configuración no encontrada: roi_normalization.enabled, usando default: True
2025-11-05 08:45:12,155 - biometric_gesture_system - WARNING - [config_manager.py:349] - Clave de configuración no encontrada: roi_normalization.use_single_area, usando default: True
2025-11-05 08:45:12,156 - biometric_gesture_system - WARNING - [config_manager.py:349] - Clave de configuración no encontrada: biometric.dynamic_features, usando default: {'min_transition_frames': 8, 'max_transition_frames': 40, 'gesture_stability_threshold': 5, 'velocity_smoothing_window': 3, 'min_movement_threshold': 0.005, 'transition_detection_sensitivity': 0.85, 'temporal_downsampling': 1, 'normalize_temporal_features': True, 'use_3d_trajectories': True, 'velocity_threshold_percentile': 75, 'acceleration_smoothing': True, 'jerk_threshold': 0.1, 'minimum_sequence_duration_ms': 200}
2025-11-05 08:45:12,156 - biometric_gesture_system - WARNING - [config_manager.py:349] - Clave de configuración no encontrada: biometric.sequence_management, usando default: {'sequence_length': 3, 'max_sequence_duration': 60.0, 'max_gesture_duration': 15.0, 'min_gesture_confidence': 0.7, 'min_stable_frames': 3, 'gesture_timeout': 10.0, 'sequence_timeout': 45.0, 'max_failed_attempts': 3, 'cooldown_period': 5.0, 'auto_save_sequences': True, 'validation_mode': 'moderate', 'allow_gesture_skipping': False, 'require_exact_order': True, 'enable_adaptive_timeouts': True}
2025-11-05 08:45:12,157 - biometric_gesture_system - WARNING - [config_manager.py:349] - Clave de configuración no encontrada: biometric.enrollment.samples_per_gesture, usando default: 8
2025-11-05 08:45:12,157 - biometric_gesture_system - WARNING - [config_manager.py:349] - Clave de configuración no encontrada: biometric.enrollment.min_confidence, usando default: 0.65
2025-11-05 08:45:12,157 - biometric_gesture_system - WARNING - [config_manager.py:349] - Clave de configuración no encontrada: biometric.enrollment.min_stability_frames, usando default: 8
2025-11-05 08:45:12,157 - biometric_gesture_system - WARNING - [config_manager.py:349] - Clave de configuración no encontrada: biometric.enrollment.require_all_gestures, usando default: True
2025-11-05 08:45:12,157 - biometric_gesture_system - WARNING - [config_manager.py:349] - Clave de configuración no encontrada: biometric.enrollment.sample_timeout, usando default: 120.0
2025-11-05 08:45:12,158 - biometric_gesture_system - WARNING - [config_manager.py:349] - Clave de configuración no encontrada: biometric.enrollment.session_timeout, usando default: 3600.0
2025-11-05 08:45:12,158 - biometric_gesture_system - WARNING - [config_manager.py:349] - Clave de configuración no encontrada: biometric.enrollment.capture_interval, usando default: 0.8
2025-11-05 08:45:12,158 - biometric_gesture_system - WARNING - [config_manager.py:349] - Clave de configuración no encontrada: biometric.enrollment.enable_quality_check, usando default: True
2025-11-05 08:45:12,158 - biometric_gesture_system - WARNING - [config_manager.py:349] - Clave de configuración no encontrada: biometric.enrollment.enable_duplicate_check, usando default: True
2025-11-05 08:45:12,158 - biometric_gesture_system - WARNING - [config_manager.py:349] - Clave de configuración no encontrada: biometric.enrollment.duplicate_threshold, usando default: 0.92
2025-11-05 08:45:12,158 - biometric_gesture_system - WARNING - [config_manager.py:349] - Clave de configuración no encontrada: biometric.enrollment.template_fusion_strategy, usando default: average
2025-11-05 08:45:12,159 - biometric_gesture_system - WARNING - [config_manager.py:349] - Clave de configuración no encontrada: biometric.enrollment.enable_template_optimization, usando default: True
2025-11-05 08:45:12,159 - biometric_gesture_system - WARNING - [config_manager.py:349] - Clave de configuración no encontrada: biometric.enrollment.embedding_dimension_check, usando default: True
2025-11-05 08:45:12,159 - biometric_gesture_system - WARNING - [config_manager.py:349] - Clave de configuración no encontrada: biometric.enrollment.show_preview, usando default: True
2025-11-05 08:45:12,159 - biometric_gesture_system - WARNING - [config_manager.py:349] - Clave de configuración no encontrada: biometric.enrollment.show_quality_feedback, usando default: False
2025-11-05 08:45:12,159 - biometric_gesture_system - WARNING - [config_manager.py:349] - Clave de configuración no encontrada: biometric.enrollment.save_enrollment_video, usando default: False
2025-11-05 08:45:12,160 - biometric_gesture_system - WARNING - [config_manager.py:349] - Clave de configuración no encontrada: biometric.siamese_anatomical, usando default: {'hidden_layers': [128, 64], 'activation': 'relu', 'dropout_rate': 0.2, 'batch_normalization': True, 'l2_regularization': 0.001, 'learning_rate': 0.001, 'batch_size': 32, 'epochs': 100, 'patience': 15, 'validation_split': 0.2, 'min_users_for_training': 2, 'min_samples_per_user': 15, 'max_samples_per_user': 50, 'min_sessions_per_user': 1, 'loss_function': 'contrastive', 'distance_metric': 'euclidean', 'margin': 1.5, 'alpha': 0.2, 'use_stratified_split': True, 'cross_validation_folds': 5, 'threshold_optimization': 'eer', 'quality_threshold': 80.0, 'use_real_augmentation': True, 'temporal_jitter': 0.02, 'noise_from_real_variance': True, 'require_independent_test': True, 'min_test_users': 1, 'performance_monitoring': True}
2025-11-05 08:45:15,621 - biometric_gesture_system - WARNING - [config_manager.py:349] - Clave de configuración no encontrada: biometric.feature_preprocessing, usando default: {'anatomical_normalization': 'robust', 'dynamic_normalization': 'standard', 'normalize_per_user': False, 'balancing_method': 'balanced_subsample', 'target_balance_ratio': 1.0, 'augmentation_strategy': 'moderate', 'augmentation_factor': 1.5, 'cv_folds': 5, 'cv_strategy': 'stratified_user', 'test_size': 0.2, 'validation_size': 0.2, 'outlier_threshold': 3.0, 'min_samples_per_user': 5, 'feature_selection': False, 'variance_threshold': 0.01, 'cache_transformations': True, 'parallel_processing': False, 'random_state': 42, 'stratify_by_user': True}
2025-11-05 08:45:15,624 - biometric_gesture_system - WARNING - [config_manager.py:349] - Clave de configuración no encontrada: biometric.auth.sequence_timeout, usando default: 25.0
2025-11-05 08:45:15,624 - biometric_gesture_system - WARNING - [config_manager.py:349] - Clave de configuración no encontrada: biometric.auth.total_timeout, usando default: 45.0
2025-11-05 08:45:15,624 - biometric_gesture_system - WARNING - [config_manager.py:349] - Clave de configuración no encontrada: biometric.auth.frame_timeout, usando default: 3.0
2025-11-05 08:45:15,625 - biometric_gesture_system - WARNING - [config_manager.py:349] - Clave de configuración no encontrada: biometric.auth.threshold_low, usando default: 0.65
2025-11-05 08:45:15,625 - biometric_gesture_system - WARNING - [config_manager.py:349] - Clave de configuración no encontrada: biometric.auth.threshold_standard, usando default: 0.75
2025-11-05 08:45:15,625 - biometric_gesture_system - WARNING - [config_manager.py:349] - Clave de configuración no encontrada: biometric.auth.threshold_high, usando default: 0.85
2025-11-05 08:45:15,625 - biometric_gesture_system - WARNING - [config_manager.py:349] - Clave de configuración no encontrada: biometric.auth.threshold_maximum, usando default: 0.92
2025-11-05 08:45:15,625 - biometric_gesture_system - WARNING - [config_manager.py:349] - Clave de configuración no encontrada: biometric.auth.require_sequence_completion, usando default: True
2025-11-05 08:45:15,625 - biometric_gesture_system - WARNING - [config_manager.py:349] - Clave de configuración no encontrada: biometric.auth.min_gestures_for_auth, usando default: 2
2025-11-05 08:45:15,625 - biometric_gesture_system - WARNING - [config_manager.py:349] - Clave de configuración no encontrada: biometric.auth.max_attempts_per_session, usando default: 3
2025-11-05 08:45:15,625 - biometric_gesture_system - WARNING - [config_manager.py:349] - Clave de configuración no encontrada: biometric.auth.max_identification_candidates, usando default: 5
2025-11-05 08:45:15,626 - biometric_gesture_system - WARNING - [config_manager.py:349] - Clave de configuración no encontrada: biometric.auth.identification_threshold_factor, usando default: 1.1
2025-11-05 08:45:15,626 - biometric_gesture_system - WARNING - [config_manager.py:349] - Clave de configuración no encontrada: biometric.auth.min_quality_score, usando default: 0.7
2025-11-05 08:45:15,626 - biometric_gesture_system - WARNING - [config_manager.py:349] - Clave de configuración no encontrada: biometric.auth.min_confidence, usando default: 0.65
2025-11-05 08:45:15,626 - biometric_gesture_system - WARNING - [config_manager.py:349] - Clave de configuración no encontrada: biometric.auth.min_stability_frames, usando default: 8
2025-11-05 08:45:15,626 - biometric_gesture_system - WARNING - [config_manager.py:349] - Clave de configuración no encontrada: biometric.auth.score_fusion_strategy, usando default: weighted_average
2025-11-05 08:45:15,626 - biometric_gesture_system - WARNING - [config_manager.py:349] - Clave de configuración no encontrada: biometric.auth.anatomical_weight, usando default: 0.6
2025-11-05 08:45:15,627 - biometric_gesture_system - WARNING - [config_manager.py:349] - Clave de configuración no encontrada: biometric.auth.dynamic_weight, usando default: 0.4
2025-11-05 08:45:15,627 - biometric_gesture_system - WARNING - [config_manager.py:349] - Clave de configuración no encontrada: biometric.auth.enable_audit_logging, usando default: True
2025-11-05 08:45:15,627 - biometric_gesture_system - WARNING - [config_manager.py:349] - Clave de configuración no encontrada: biometric.auth.enable_continuous_auth, usando default: False
2025-11-05 08:45:15,627 - biometric_gesture_system - WARNING - [config_manager.py:349] - Clave de configuración no encontrada: biometric.auth.max_failed_attempts, usando default: 5
2025-11-05 08:45:15,627 - biometric_gesture_system - WARNING - [config_manager.py:349] - Clave de configuración no encontrada: biometric.auth.lockout_duration, usando default: 300.0
2025-11-05 08:45:15,627 - biometric_gesture_system - WARNING - [config_manager.py:349] - Clave de configuración no encontrada: biometric.score_fusion, usando default: {'fusion_strategy': 'weighted_average', 'calibration_method': 'none', 'weight_optimization': 'grid_search', 'anatomical_weight': 0.6, 'dynamic_weight': 0.4, 'decision_threshold': 0.5, 'use_confidence_weighting': True, 'adaptive_threshold': False, 'cross_validation_folds': 5, 'optimization_metric': 'eer'}
2025-11-05 08:45:15,627 - biometric_gesture_system - INFO - [authentication_system.py:443] - RealAuthenticationPipeline inicializado con componentes
2025-11-05 08:45:15,627 - biometric_gesture_system - INFO - [authentication_system.py:1151] - RealSessionManager inicializado para gestión de sesiones
2025-11-05 08:45:15,627 - biometric_gesture_system - INFO - [authentication_system.py:265] - RealSecurityAuditor inicializado para auditoría
2025-11-05 08:45:15,628 - biometric_gesture_system - INFO - [authentication_system.py:1358] - RealAuthenticationSystem inicializado
2025-11-05 08:45:15,628 - biometric_gesture_system - INFO - [authentication_system.py:1359] -   - Configuración: umbrales={'low': 0.65, 'standard': 0.75, 'high': 0.85, 'maximum': 0.92}
2025-11-05 08:45:21,595 - biometric_gesture_system - INFO - [authentication_system.py:3226] - Usuarios disponibles: 3
2025-11-05 08:45:23,790 - biometric_gesture_system - INFO - [authentication_system.py:1393] - Inicializando sistema de autenticación...
2025-11-05 08:45:23,790 - biometric_gesture_system - INFO - [authentication_system.py:1396] - Obteniendo referencias a redes entrenadas...
2025-11-05 08:45:23,791 - biometric_gesture_system - INFO - [authentication_system.py:1401] - === DIAGNÓSTICO DE ESTADO DE REDES ===
2025-11-05 08:45:23,791 - biometric_gesture_system - INFO - [authentication_system.py:1409] - Archivos de modelo en disco:
2025-11-05 08:45:23,791 - biometric_gesture_system - INFO - [authentication_system.py:1410] -   - Anatómico: True - biometric_data\models\anatomical_model.h5
2025-11-05 08:45:23,791 - biometric_gesture_system - INFO - [authentication_system.py:1411] -   - Dinámico: True - biometric_data\models\dynamic_model.h5
2025-11-05 08:45:23,791 - biometric_gesture_system - INFO - [authentication_system.py:1414] - Estado de instancias globales:
2025-11-05 08:45:23,792 - biometric_gesture_system - INFO - [authentication_system.py:1415] -   - Anatómica is_trained: True
2025-11-05 08:45:23,792 - biometric_gesture_system - INFO - [authentication_system.py:1416] -   - Dinámica is_trained: True
2025-11-05 08:45:23,792 - biometric_gesture_system - INFO - [authentication_system.py:1419] - Modelos compilados:
2025-11-05 08:45:23,792 - biometric_gesture_system - INFO - [authentication_system.py:1420] -   - Anatómica siamese_model: True
2025-11-05 08:45:23,792 - biometric_gesture_system - INFO - [authentication_system.py:1421] -   - Dinámica siamese_model: True
2025-11-05 08:45:23,793 - biometric_gesture_system - INFO - [authentication_system.py:1423] - === FIN DIAGNÓSTICO ===
2025-11-05 08:45:23,793 - biometric_gesture_system - INFO - [authentication_system.py:1425] - Referencias a redes obtenidas:
2025-11-05 08:45:23,793 - biometric_gesture_system - INFO - [authentication_system.py:1426] -   - Red anatómica disponible: True
2025-11-05 08:45:23,793 - biometric_gesture_system - INFO - [authentication_system.py:1427] -   - Red anatómica entrenada: True
2025-11-05 08:45:23,793 - biometric_gesture_system - INFO - [authentication_system.py:1428] -   - Red dinámica disponible: True
2025-11-05 08:45:23,793 - biometric_gesture_system - INFO - [authentication_system.py:1429] -   - Red dinámica entrenada: True
2025-11-05 08:45:23,793 - biometric_gesture_system - INFO - [authentication_system.py:448] - Inicializando pipeline de autenticación...
2025-11-05 08:45:23,793 - biometric_gesture_system - INFO - [authentication_system.py:451] - Obteniendo referencias actuales a redes entrenadas...
2025-11-05 08:45:23,795 - biometric_gesture_system - INFO - [authentication_system.py:456] - Verificando estado de entrenamiento...
2025-11-05 08:45:23,795 - biometric_gesture_system - INFO - [authentication_system.py:457] -   - Red anatómica entrenada: True
2025-11-05 08:45:23,795 - biometric_gesture_system - INFO - [authentication_system.py:458] -   - Red dinámica entrenada: True
2025-11-05 08:45:36,918 - biometric_gesture_system - INFO - [authentication_system.py:498] - Pipeline de autenticación inicializado exitosamente
2025-11-05 08:45:36,918 - biometric_gesture_system - INFO - [authentication_system.py:499] -   - Red anatómica entrenada: True
2025-11-05 08:45:36,918 - biometric_gesture_system - INFO - [authentication_system.py:500] -   - Red dinámica entrenada: True
2025-11-05 08:45:36,920 - biometric_gesture_system - INFO - [authentication_system.py:501] -   - Sistema de fusión listo: True
2025-11-05 08:45:36,920 - biometric_gesture_system - INFO - [authentication_system.py:1475] - Sistema de autenticación inicializado exitosamente
2025-11-05 08:45:36,920 - biometric_gesture_system - INFO - [authentication_system.py:1476] -   - Usuarios disponibles: 3
2025-11-05 08:45:36,920 - biometric_gesture_system - INFO - [authentication_system.py:1477] -   - Templates totales: 129
2025-11-05 08:45:36,920 - biometric_gesture_system - INFO - [authentication_system.py:1479] -   - Pipeline listo: True
2025-11-05 08:45:36,920 - biometric_gesture_system - INFO - [authentication_system.py:1480] -   - Redes entrenadas: anatómica=True, dinámica=True
2025-11-05 08:45:36,920 - biometric_gesture_system - INFO - [authentication_system.py:1509] - Iniciando verificación para usuario: 2020
2025-11-05 08:45:36,920 - biometric_gesture_system - INFO - [authentication_system.py:1510] -   - Nivel de seguridad: standard
2025-11-05 08:45:36,920 - biometric_gesture_system - INFO - [authentication_system.py:1511] -   - Secuencia requerida: None
2025-11-05 08:45:36,921 - biometric_gesture_system - INFO - [authentication_system.py:1174] - Creando sesión: modo=verification, usuario=2020
2025-11-05 08:45:36,921 - biometric_gesture_system - INFO - [authentication_system.py:1215] - Sesión creada exitosamente: 253da1bd-2eb8-43d3-a2ae-3abf97226d74
2025-11-05 08:45:36,921 - biometric_gesture_system - INFO - [authentication_system.py:1216] -   - Modo: verification
2025-11-05 08:45:36,921 - biometric_gesture_system - INFO - [authentication_system.py:1217] -   - Usuario: 2020
2025-11-05 08:45:36,921 - biometric_gesture_system - INFO - [authentication_system.py:1218] -   - Nivel seguridad: standard
2025-11-05 08:45:36,921 - biometric_gesture_system - INFO - [authentication_system.py:1219] -   - Secuencia requerida: ['Open_Palm', 'Closed_Fist', 'Victory']
2025-11-05 08:45:36,921 - biometric_gesture_system - INFO - [authentication_system.py:1540] - Verificación iniciada: sesión 253da1bd-2eb8-43d3-a2ae-3abf97226d74
2025-11-05 08:45:36,921 - biometric_gesture_system - INFO - [authentication_system.py:1541] -   - Usuario: 2020
2025-11-05 08:45:36,922 - biometric_gesture_system - INFO - [authentication_system.py:1542] -   - Templates disponibles: 40
2025-11-05 08:45:37,146 - biometric_gesture_system - INFO - [authentication_system.py:523] - Procesando frame para sesión 253da1bd-2eb8-43d3-a2ae-3abf97226d74
2025-11-05 08:45:37,149 - biometric_gesture_system - INFO - [authentication_system.py:534] - AUTH: Frame #1 capturado - Shape: (720, 1280, 3)
2025-11-05 08:45:37,149 - biometric_gesture_system - INFO - [authentication_system.py:539] - AUTH: Procesando frame original para detectar mano...
2025-11-05 08:45:37,213 - biometric_gesture_system - INFO - [authentication_system.py:543] - AUTH: No se detectó mano válida en frame original
2025-11-05 08:45:37,330 - biometric_gesture_system - INFO - [authentication_system.py:523] - Procesando frame para sesión 253da1bd-2eb8-43d3-a2ae-3abf97226d74
2025-11-05 08:45:37,333 - biometric_gesture_system - INFO - [authentication_system.py:534] - AUTH: Frame #2 capturado - Shape: (720, 1280, 3)
2025-11-05 08:45:37,333 - biometric_gesture_system - INFO - [authentication_system.py:539] - AUTH: Procesando frame original para detectar mano...
2025-11-05 08:45:37,377 - biometric_gesture_system - INFO - [authentication_system.py:543] - AUTH: No se detectó mano válida en frame original
2025-11-05 08:45:37,532 - biometric_gesture_system - INFO - [authentication_system.py:523] - Procesando frame para sesión 253da1bd-2eb8-43d3-a2ae-3abf97226d74
2025-11-05 08:45:37,535 - biometric_gesture_system - INFO - [authentication_system.py:534] - AUTH: Frame #3 capturado - Shape: (720, 1280, 3)
2025-11-05 08:45:37,536 - biometric_gesture_system - INFO - [authentication_system.py:539] - AUTH: Procesando frame original para detectar mano...
2025-11-05 08:45:37,578 - biometric_gesture_system - INFO - [authentication_system.py:543] - AUTH: No se detectó mano válida en frame original
2025-11-05 08:45:37,735 - biometric_gesture_system - INFO - [authentication_system.py:523] - Procesando frame para sesión 253da1bd-2eb8-43d3-a2ae-3abf97226d74
2025-11-05 08:45:37,738 - biometric_gesture_system - INFO - [authentication_system.py:534] - AUTH: Frame #4 capturado - Shape: (720, 1280, 3)
2025-11-05 08:45:37,739 - biometric_gesture_system - INFO - [authentication_system.py:539] - AUTH: Procesando frame original para detectar mano...
2025-11-05 08:45:37,785 - biometric_gesture_system - INFO - [authentication_system.py:543] - AUTH: No se detectó mano válida en frame original
2025-11-05 08:45:37,937 - biometric_gesture_system - INFO - [authentication_system.py:523] - Procesando frame para sesión 253da1bd-2eb8-43d3-a2ae-3abf97226d74
2025-11-05 08:45:37,941 - biometric_gesture_system - INFO - [authentication_system.py:534] - AUTH: Frame #5 capturado - Shape: (720, 1280, 3)
2025-11-05 08:45:37,941 - biometric_gesture_system - INFO - [authentication_system.py:539] - AUTH: Procesando frame original para detectar mano...
2025-11-05 08:45:37,988 - biometric_gesture_system - INFO - [authentication_system.py:543] - AUTH: No se detectó mano válida en frame original
2025-11-05 08:45:38,139 - biometric_gesture_system - INFO - [authentication_system.py:523] - Procesando frame para sesión 253da1bd-2eb8-43d3-a2ae-3abf97226d74
2025-11-05 08:45:38,142 - biometric_gesture_system - INFO - [authentication_system.py:534] - AUTH: Frame #6 capturado - Shape: (720, 1280, 3)
2025-11-05 08:45:38,143 - biometric_gesture_system - INFO - [authentication_system.py:539] - AUTH: Procesando frame original para detectar mano...
2025-11-05 08:45:38,226 - biometric_gesture_system - INFO - [authentication_system.py:543] - AUTH: No se detectó mano válida en frame original
2025-11-05 08:45:38,340 - biometric_gesture_system - INFO - [authentication_system.py:523] - Procesando frame para sesión 253da1bd-2eb8-43d3-a2ae-3abf97226d74
2025-11-05 08:45:38,343 - biometric_gesture_system - INFO - [authentication_system.py:534] - AUTH: Frame #7 capturado - Shape: (720, 1280, 3)
2025-11-05 08:45:38,344 - biometric_gesture_system - INFO - [authentication_system.py:539] - AUTH: Procesando frame original para detectar mano...
2025-11-05 08:45:38,386 - biometric_gesture_system - INFO - [authentication_system.py:543] - AUTH: No se detectó mano válida en frame original
2025-11-05 08:45:38,543 - biometric_gesture_system - INFO - [authentication_system.py:523] - Procesando frame para sesión 253da1bd-2eb8-43d3-a2ae-3abf97226d74
2025-11-05 08:45:38,547 - biometric_gesture_system - INFO - [authentication_system.py:534] - AUTH: Frame #8 capturado - Shape: (720, 1280, 3)
2025-11-05 08:45:38,547 - biometric_gesture_system - INFO - [authentication_system.py:539] - AUTH: Procesando frame original para detectar mano...
2025-11-05 08:45:38,588 - biometric_gesture_system - INFO - [authentication_system.py:543] - AUTH: No se detectó mano válida en frame original
2025-11-05 08:45:38,729 - biometric_gesture_system - INFO - [authentication_system.py:523] - Procesando frame para sesión 253da1bd-2eb8-43d3-a2ae-3abf97226d74
2025-11-05 08:45:38,733 - biometric_gesture_system - INFO - [authentication_system.py:534] - AUTH: Frame #9 capturado - Shape: (720, 1280, 3)
2025-11-05 08:45:38,734 - biometric_gesture_system - INFO - [authentication_system.py:539] - AUTH: Procesando frame original para detectar mano...
2025-11-05 08:45:38,803 - biometric_gesture_system - INFO - [authentication_system.py:546] - AUTH: ✅ Mano detectada en frame original
2025-11-05 08:45:38,804 - biometric_gesture_system - INFO - [authentication_system.py:547] - AUTH: Confianza inicial: 0.972
2025-11-05 08:45:38,804 - biometric_gesture_system - INFO - [authentication_system.py:617] - AUTH: ✅ Usando landmarks del frame ORIGINAL
2025-11-05 08:45:38,804 - biometric_gesture_system - ERROR - [authentication_system.py:769] - Error procesando frame para autenticación: name 'hand_result' is not defined
2025-11-05 08:45:38,806 - biometric_gesture_system - ERROR - [authentication_system.py:771] - Traceback: Traceback (most recent call last):
  File "C:\Users\USER\Documents\biometric-gesture-system\backend\app\core\authentication_system.py", line 632, in process_frame_for_real_authentication
    hand_landmarks=hand_result.landmarks,
                   ^^^^^^^^^^^
NameError: name 'hand_result' is not defined

2025-11-05 08:45:38,935 - biometric_gesture_system - INFO - [authentication_system.py:523] - Procesando frame para sesión 253da1bd-2eb8-43d3-a2ae-3abf97226d74
2025-11-05 08:45:38,940 - biometric_gesture_system - INFO - [authentication_system.py:534] - AUTH: Frame #10 capturado - Shape: (720, 1280, 3)
2025-11-05 08:45:38,940 - biometric_gesture_system - INFO - [authentication_system.py:539] - AUTH: Procesando frame original para detectar mano...
2025-11-05 08:45:38,993 - biometric_gesture_system - INFO - [authentication_system.py:546] - AUTH: ✅ Mano detectada en frame original
2025-11-05 08:45:38,994 - biometric_gesture_system - INFO - [authentication_system.py:547] - AUTH: Confianza inicial: 0.965
2025-11-05 08:45:38,994 - biometric_gesture_system - INFO - [authentication_system.py:617] - AUTH: ✅ Usando landmarks del frame ORIGINAL
2025-11-05 08:45:38,994 - biometric_gesture_system - ERROR - [authentication_system.py:769] - Error procesando frame para autenticación: name 'hand_result' is not defined
2025-11-05 08:45:38,995 - biometric_gesture_system - ERROR - [authentication_system.py:771] - Traceback: Traceback (most recent call last):
  File "C:\Users\USER\Documents\biometric-gesture-system\backend\app\core\authentication_system.py", line 632, in process_frame_for_real_authentication
    hand_landmarks=hand_result.landmarks,
                   ^^^^^^^^^^^
NameError: name 'hand_result' is not defined

2025-11-05 08:45:39,136 - biometric_gesture_system - INFO - [authentication_system.py:523] - Procesando frame para sesión 253da1bd-2eb8-43d3-a2ae-3abf97226d74
2025-11-05 08:45:39,141 - biometric_gesture_system - INFO - [authentication_system.py:534] - AUTH: Frame #11 capturado - Shape: (720, 1280, 3)
2025-11-05 08:45:39,141 - biometric_gesture_system - INFO - [authentication_system.py:539] - AUTH: Procesando frame original para detectar mano...
2025-11-05 08:45:39,190 - biometric_gesture_system - INFO - [authentication_system.py:546] - AUTH: ✅ Mano detectada en frame original
2025-11-05 08:45:39,190 - biometric_gesture_system - INFO - [authentication_system.py:547] - AUTH: Confianza inicial: 0.972
2025-11-05 08:45:39,191 - biometric_gesture_system - INFO - [authentication_system.py:617] - AUTH: ✅ Usando landmarks del frame ORIGINAL
2025-11-05 08:45:39,191 - biometric_gesture_system - ERROR - [authentication_system.py:769] - Error procesando frame para autenticación: name 'hand_result' is not defined
2025-11-05 08:45:39,191 - biometric_gesture_system - ERROR - [authentication_system.py:771] - Traceback: Traceback (most recent call last):
  File "C:\Users\USER\Documents\biometric-gesture-system\backend\app\core\authentication_system.py", line 632, in process_frame_for_real_authentication
    hand_landmarks=hand_result.landmarks,
                   ^^^^^^^^^^^
NameError: name 'hand_result' is not defined

2025-11-05 08:45:39,339 - biometric_gesture_system - INFO - [authentication_system.py:523] - Procesando frame para sesión 253da1bd-2eb8-43d3-a2ae-3abf97226d74
2025-11-05 08:45:39,343 - biometric_gesture_system - INFO - [authentication_system.py:534] - AUTH: Frame #12 capturado - Shape: (720, 1280, 3)
2025-11-05 08:45:39,343 - biometric_gesture_system - INFO - [authentication_system.py:539] - AUTH: Procesando frame original para detectar mano...
2025-11-05 08:45:39,392 - biometric_gesture_system - INFO - [authentication_system.py:546] - AUTH: ✅ Mano detectada en frame original
2025-11-05 08:45:39,393 - biometric_gesture_system - INFO - [authentication_system.py:547] - AUTH: Confianza inicial: 0.969
2025-11-05 08:45:39,393 - biometric_gesture_system - INFO - [authentication_system.py:617] - AUTH: ✅ Usando landmarks del frame ORIGINAL
2025-11-05 08:45:39,393 - biometric_gesture_system - ERROR - [authentication_system.py:769] - Error procesando frame para autenticación: name 'hand_result' is not defined
2025-11-05 08:45:39,394 - biometric_gesture_system - ERROR - [authentication_system.py:771] - Traceback: Traceback (most recent call last):
  File "C:\Users\USER\Documents\biometric-gesture-system\backend\app\core\authentication_system.py", line 632, in process_frame_for_real_authentication
    hand_landmarks=hand_result.landmarks,
                   ^^^^^^^^^^^
NameError: name 'hand_result' is not defined

2025-11-05 08:45:39,541 - biometric_gesture_system - INFO - [authentication_system.py:523] - Procesando frame para sesión 253da1bd-2eb8-43d3-a2ae-3abf97226d74
2025-11-05 08:45:39,545 - biometric_gesture_system - INFO - [authentication_system.py:534] - AUTH: Frame #13 capturado - Shape: (720, 1280, 3)
2025-11-05 08:45:39,545 - biometric_gesture_system - INFO - [authentication_system.py:539] - AUTH: Procesando frame original para detectar mano...
2025-11-05 08:45:39,595 - biometric_gesture_system - INFO - [authentication_system.py:546] - AUTH: ✅ Mano detectada en frame original
2025-11-05 08:45:39,595 - biometric_gesture_system - INFO - [authentication_system.py:547] - AUTH: Confianza inicial: 0.978
2025-11-05 08:45:39,595 - biometric_gesture_system - INFO - [authentication_system.py:617] - AUTH: ✅ Usando landmarks del frame ORIGINAL
2025-11-05 08:45:39,596 - biometric_gesture_system - ERROR - [authentication_system.py:769] - Error procesando frame para autenticación: name 'hand_result' is not defined
2025-11-05 08:45:39,596 - biometric_gesture_system - ERROR - [authentication_system.py:771] - Traceback: Traceback (most recent call last):
  File "C:\Users\USER\Documents\biometric-gesture-system\backend\app\core\authentication_system.py", line 632, in process_frame_for_real_authentication
    hand_landmarks=hand_result.landmarks,
                   ^^^^^^^^^^^
NameError: name 'hand_result' is not defined

2025-11-05 08:45:39,742 - biometric_gesture_system - INFO - [authentication_system.py:523] - Procesando frame para sesión 253da1bd-2eb8-43d3-a2ae-3abf97226d74
2025-11-05 08:45:39,745 - biometric_gesture_system - INFO - [authentication_system.py:534] - AUTH: Frame #14 capturado - Shape: (720, 1280, 3)
2025-11-05 08:45:39,745 - biometric_gesture_system - INFO - [authentication_system.py:539] - AUTH: Procesando frame original para detectar mano...
2025-11-05 08:45:39,793 - biometric_gesture_system - INFO - [authentication_system.py:546] - AUTH: ✅ Mano detectada en frame original
2025-11-05 08:45:39,793 - biometric_gesture_system - INFO - [authentication_system.py:547] - AUTH: Confianza inicial: 0.974
2025-11-05 08:45:39,794 - biometric_gesture_system - INFO - [authentication_system.py:617] - AUTH: ✅ Usando landmarks del frame ORIGINAL
2025-11-05 08:45:39,794 - biometric_gesture_system - ERROR - [authentication_system.py:769] - Error procesando frame para autenticación: name 'hand_result' is not defined
2025-11-05 08:45:39,794 - biometric_gesture_system - ERROR - [authentication_system.py:771] - Traceback: Traceback (most recent call last):
  File "C:\Users\USER\Documents\biometric-gesture-system\backend\app\core\authentication_system.py", line 632, in process_frame_for_real_authentication
    hand_landmarks=hand_result.landmarks,
                   ^^^^^^^^^^^
NameError: name 'hand_result' is not defined

2025-11-05 08:45:39,945 - biometric_gesture_system - INFO - [authentication_system.py:523] - Procesando frame para sesión 253da1bd-2eb8-43d3-a2ae-3abf97226d74
2025-11-05 08:45:39,949 - biometric_gesture_system - INFO - [authentication_system.py:534] - AUTH: Frame #15 capturado - Shape: (720, 1280, 3)
2025-11-05 08:45:39,949 - biometric_gesture_system - INFO - [authentication_system.py:539] - AUTH: Procesando frame original para detectar mano...
2025-11-05 08:45:39,996 - biometric_gesture_system - INFO - [authentication_system.py:546] - AUTH: ✅ Mano detectada en frame original
2025-11-05 08:45:39,997 - biometric_gesture_system - INFO - [authentication_system.py:547] - AUTH: Confianza inicial: 0.978
2025-11-05 08:45:39,997 - biometric_gesture_system - INFO - [authentication_system.py:617] - AUTH: ✅ Usando landmarks del frame ORIGINAL
2025-11-05 08:45:39,997 - biometric_gesture_system - ERROR - [authentication_system.py:769] - Error procesando frame para autenticación: name 'hand_result' is not defined
2025-11-05 08:45:39,998 - biometric_gesture_system - ERROR - [authentication_system.py:771] - Traceback: Traceback (most recent call last):
  File "C:\Users\USER\Documents\biometric-gesture-system\backend\app\core\authentication_system.py", line 632, in process_frame_for_real_authentication
    hand_landmarks=hand_result.landmarks,
                   ^^^^^^^^^^^
NameError: name 'hand_result' is not defined

2025-11-05 08:45:40,130 - biometric_gesture_system - INFO - [authentication_system.py:523] - Procesando frame para sesión 253da1bd-2eb8-43d3-a2ae-3abf97226d74
2025-11-05 08:45:40,133 - biometric_gesture_system - INFO - [authentication_system.py:534] - AUTH: Frame #16 capturado - Shape: (720, 1280, 3)
2025-11-05 08:45:40,133 - biometric_gesture_system - INFO - [authentication_system.py:539] - AUTH: Procesando frame original para detectar mano...
2025-11-05 08:45:40,180 - biometric_gesture_system - INFO - [authentication_system.py:546] - AUTH: ✅ Mano detectada en frame original
2025-11-05 08:45:40,180 - biometric_gesture_system - INFO - [authentication_system.py:547] - AUTH: Confianza inicial: 0.974
2025-11-05 08:45:40,180 - biometric_gesture_system - INFO - [authentication_system.py:617] - AUTH: ✅ Usando landmarks del frame ORIGINAL
2025-11-05 08:45:40,181 - biometric_gesture_system - ERROR - [authentication_system.py:769] - Error procesando frame para autenticación: name 'hand_result' is not defined
2025-11-05 08:45:40,181 - biometric_gesture_system - ERROR - [authentication_system.py:771] - Traceback: Traceback (most recent call last):
  File "C:\Users\USER\Documents\biometric-gesture-system\backend\app\core\authentication_system.py", line 632, in process_frame_for_real_authentication
    hand_landmarks=hand_result.landmarks,
                   ^^^^^^^^^^^
NameError: name 'hand_result' is not defined

2025-11-05 08:45:40,334 - biometric_gesture_system - INFO - [authentication_system.py:523] - Procesando frame para sesión 253da1bd-2eb8-43d3-a2ae-3abf97226d74
2025-11-05 08:45:40,337 - biometric_gesture_system - INFO - [authentication_system.py:534] - AUTH: Frame #17 capturado - Shape: (720, 1280, 3)
2025-11-05 08:45:40,337 - biometric_gesture_system - INFO - [authentication_system.py:539] - AUTH: Procesando frame original para detectar mano...
2025-11-05 08:45:40,385 - biometric_gesture_system - INFO - [authentication_system.py:546] - AUTH: ✅ Mano detectada en frame original
2025-11-05 08:45:40,385 - biometric_gesture_system - INFO - [authentication_system.py:547] - AUTH: Confianza inicial: 0.978
2025-11-05 08:45:40,385 - biometric_gesture_system - INFO - [authentication_system.py:617] - AUTH: ✅ Usando landmarks del frame ORIGINAL
2025-11-05 08:45:40,386 - biometric_gesture_system - ERROR - [authentication_system.py:769] - Error procesando frame para autenticación: name 'hand_result' is not defined
2025-11-05 08:45:40,386 - biometric_gesture_system - ERROR - [authentication_system.py:771] - Traceback: Traceback (most recent call last):
  File "C:\Users\USER\Documents\biometric-gesture-system\backend\app\core\authentication_system.py", line 632, in process_frame_for_real_authentication
    hand_landmarks=hand_result.landmarks,
                   ^^^^^^^^^^^
NameError: name 'hand_result' is not defined

2025-11-05 08:45:40,533 - biometric_gesture_system - INFO - [authentication_system.py:523] - Procesando frame para sesión 253da1bd-2eb8-43d3-a2ae-3abf97226d74
2025-11-05 08:45:40,537 - biometric_gesture_system - INFO - [authentication_system.py:534] - AUTH: Frame #18 capturado - Shape: (720, 1280, 3)
2025-11-05 08:45:40,537 - biometric_gesture_system - INFO - [authentication_system.py:539] - AUTH: Procesando frame original para detectar mano...
2025-11-05 08:45:40,584 - biometric_gesture_system - INFO - [authentication_system.py:546] - AUTH: ✅ Mano detectada en frame original
2025-11-05 08:45:40,584 - biometric_gesture_system - INFO - [authentication_system.py:547] - AUTH: Confianza inicial: 0.976
2025-11-05 08:45:40,584 - biometric_gesture_system - INFO - [authentication_system.py:617] - AUTH: ✅ Usando landmarks del frame ORIGINAL
2025-11-05 08:45:40,585 - biometric_gesture_system - ERROR - [authentication_system.py:769] - Error procesando frame para autenticación: name 'hand_result' is not defined
2025-11-05 08:45:40,585 - biometric_gesture_system - ERROR - [authentication_system.py:771] - Traceback: Traceback (most recent call last):
  File "C:\Users\USER\Documents\biometric-gesture-system\backend\app\core\authentication_system.py", line 632, in process_frame_for_real_authentication
    hand_landmarks=hand_result.landmarks,
                   ^^^^^^^^^^^
NameError: name 'hand_result' is not defined

2025-11-05 08:45:40,738 - biometric_gesture_system - INFO - [authentication_system.py:523] - Procesando frame para sesión 253da1bd-2eb8-43d3-a2ae-3abf97226d74
2025-11-05 08:45:40,741 - biometric_gesture_system - INFO - [authentication_system.py:534] - AUTH: Frame #19 capturado - Shape: (720, 1280, 3)
2025-11-05 08:45:40,741 - biometric_gesture_system - INFO - [authentication_system.py:539] - AUTH: Procesando frame original para detectar mano...
2025-11-05 08:45:40,794 - biometric_gesture_system - INFO - [authentication_system.py:546] - AUTH: ✅ Mano detectada en frame original
2025-11-05 08:45:40,794 - biometric_gesture_system - INFO - [authentication_system.py:547] - AUTH: Confianza inicial: 0.978
2025-11-05 08:45:40,794 - biometric_gesture_system - INFO - [authentication_system.py:617] - AUTH: ✅ Usando landmarks del frame ORIGINAL
2025-11-05 08:45:40,794 - biometric_gesture_system - ERROR - [authentication_system.py:769] - Error procesando frame para autenticación: name 'hand_result' is not defined
2025-11-05 08:45:40,796 - biometric_gesture_system - ERROR - [authentication_system.py:771] - Traceback: Traceback (most recent call last):
  File "C:\Users\USER\Documents\biometric-gesture-system\backend\app\core\authentication_system.py", line 632, in process_frame_for_real_authentication
    hand_landmarks=hand_result.landmarks,
                   ^^^^^^^^^^^
NameError: name 'hand_result' is not defined

2025-11-05 08:45:40,942 - biometric_gesture_system - INFO - [authentication_system.py:523] - Procesando frame para sesión 253da1bd-2eb8-43d3-a2ae-3abf97226d74
2025-11-05 08:45:40,945 - biometric_gesture_system - INFO - [authentication_system.py:534] - AUTH: Frame #20 capturado - Shape: (720, 1280, 3)
2025-11-05 08:45:40,946 - biometric_gesture_system - INFO - [authentication_system.py:539] - AUTH: Procesando frame original para detectar mano...
2025-11-05 08:45:40,994 - biometric_gesture_system - INFO - [authentication_system.py:546] - AUTH: ✅ Mano detectada en frame original
2025-11-05 08:45:40,995 - biometric_gesture_system - INFO - [authentication_system.py:547] - AUTH: Confianza inicial: 0.966
2025-11-05 08:45:40,995 - biometric_gesture_system - INFO - [authentication_system.py:617] - AUTH: ✅ Usando landmarks del frame ORIGINAL
2025-11-05 08:45:40,995 - biometric_gesture_system - ERROR - [authentication_system.py:769] - Error procesando frame para autenticación: name 'hand_result' is not defined
2025-11-05 08:45:40,996 - biometric_gesture_system - ERROR - [authentication_system.py:771] - Traceback: Traceback (most recent call last):
  File "C:\Users\USER\Documents\biometric-gesture-system\backend\app\core\authentication_system.py", line 632, in process_frame_for_real_authentication
    hand_landmarks=hand_result.landmarks,
                   ^^^^^^^^^^^
NameError: name 'hand_result' is not defined

2025-11-05 08:45:41,132 - biometric_gesture_system - INFO - [authentication_system.py:523] - Procesando frame para sesión 253da1bd-2eb8-43d3-a2ae-3abf97226d74
2025-11-05 08:45:41,135 - biometric_gesture_system - INFO - [authentication_system.py:534] - AUTH: Frame #21 capturado - Shape: (720, 1280, 3)
2025-11-05 08:45:41,135 - biometric_gesture_system - INFO - [authentication_system.py:539] - AUTH: Procesando frame original para detectar mano...
2025-11-05 08:45:41,183 - biometric_gesture_system - INFO - [authentication_system.py:546] - AUTH: ✅ Mano detectada en frame original
2025-11-05 08:45:41,184 - biometric_gesture_system - INFO - [authentication_system.py:547] - AUTH: Confianza inicial: 0.973
2025-11-05 08:45:41,184 - biometric_gesture_system - INFO - [authentication_system.py:617] - AUTH: ✅ Usando landmarks del frame ORIGINAL
2025-11-05 08:45:41,184 - biometric_gesture_system - ERROR - [authentication_system.py:769] - Error procesando frame para autenticación: name 'hand_result' is not defined
2025-11-05 08:45:41,185 - biometric_gesture_system - ERROR - [authentication_system.py:771] - Traceback: Traceback (most recent call last):
  File "C:\Users\USER\Documents\biometric-gesture-system\backend\app\core\authentication_system.py", line 632, in process_frame_for_real_authentication
    hand_landmarks=hand_result.landmarks,
                   ^^^^^^^^^^^
NameError: name 'hand_result' is not defined

2025-11-05 08:45:41,332 - biometric_gesture_system - INFO - [authentication_system.py:523] - Procesando frame para sesión 253da1bd-2eb8-43d3-a2ae-3abf97226d74
2025-11-05 08:45:41,336 - biometric_gesture_system - INFO - [authentication_system.py:534] - AUTH: Frame #22 capturado - Shape: (720, 1280, 3)
2025-11-05 08:45:41,336 - biometric_gesture_system - INFO - [authentication_system.py:539] - AUTH: Procesando frame original para detectar mano...
2025-11-05 08:45:41,383 - biometric_gesture_system - INFO - [authentication_system.py:546] - AUTH: ✅ Mano detectada en frame original
2025-11-05 08:45:41,383 - biometric_gesture_system - INFO - [authentication_system.py:547] - AUTH: Confianza inicial: 0.956
2025-11-05 08:45:41,383 - biometric_gesture_system - INFO - [authentication_system.py:617] - AUTH: ✅ Usando landmarks del frame ORIGINAL
2025-11-05 08:45:41,384 - biometric_gesture_system - ERROR - [authentication_system.py:769] - Error procesando frame para autenticación: name 'hand_result' is not defined
2025-11-05 08:45:41,384 - biometric_gesture_system - ERROR - [authentication_system.py:771] - Traceback: Traceback (most recent call last):
  File "C:\Users\USER\Documents\biometric-gesture-system\backend\app\core\authentication_system.py", line 632, in process_frame_for_real_authentication
    hand_landmarks=hand_result.landmarks,
                   ^^^^^^^^^^^
NameError: name 'hand_result' is not defined

2025-11-05 08:45:41,533 - biometric_gesture_system - INFO - [authentication_system.py:523] - Procesando frame para sesión 253da1bd-2eb8-43d3-a2ae-3abf97226d74
2025-11-05 08:45:41,537 - biometric_gesture_system - INFO - [authentication_system.py:534] - AUTH: Frame #23 capturado - Shape: (720, 1280, 3)
2025-11-05 08:45:41,537 - biometric_gesture_system - INFO - [authentication_system.py:539] - AUTH: Procesando frame original para detectar mano...
2025-11-05 08:45:41,584 - biometric_gesture_system - INFO - [authentication_system.py:546] - AUTH: ✅ Mano detectada en frame original
2025-11-05 08:45:41,584 - biometric_gesture_system - INFO - [authentication_system.py:547] - AUTH: Confianza inicial: 0.904
2025-11-05 08:45:41,585 - biometric_gesture_system - INFO - [authentication_system.py:617] - AUTH: ✅ Usando landmarks del frame ORIGINAL
2025-11-05 08:45:41,585 - biometric_gesture_system - ERROR - [authentication_system.py:769] - Error procesando frame para autenticación: name 'hand_result' is not defined
2025-11-05 08:45:41,586 - biometric_gesture_system - ERROR - [authentication_system.py:771] - Traceback: Traceback (most recent call last):
  File "C:\Users\USER\Documents\biometric-gesture-system\backend\app\core\authentication_system.py", line 632, in process_frame_for_real_authentication
    hand_landmarks=hand_result.landmarks,
                   ^^^^^^^^^^^
NameError: name 'hand_result' is not defined

2025-11-05 08:45:41,735 - biometric_gesture_system - INFO - [authentication_system.py:523] - Procesando frame para sesión 253da1bd-2eb8-43d3-a2ae-3abf97226d74
2025-11-05 08:45:41,738 - biometric_gesture_system - INFO - [authentication_system.py:534] - AUTH: Frame #24 capturado - Shape: (720, 1280, 3)
2025-11-05 08:45:41,738 - biometric_gesture_system - INFO - [authentication_system.py:539] - AUTH: Procesando frame original para detectar mano...
2025-11-05 08:45:41,785 - biometric_gesture_system - INFO - [authentication_system.py:546] - AUTH: ✅ Mano detectada en frame original
2025-11-05 08:45:41,785 - biometric_gesture_system - INFO - [authentication_system.py:547] - AUTH: Confianza inicial: 0.913
2025-11-05 08:45:41,786 - biometric_gesture_system - INFO - [authentication_system.py:617] - AUTH: ✅ Usando landmarks del frame ORIGINAL
2025-11-05 08:45:41,786 - biometric_gesture_system - ERROR - [authentication_system.py:769] - Error procesando frame para autenticación: name 'hand_result' is not defined
2025-11-05 08:45:41,787 - biometric_gesture_system - ERROR - [authentication_system.py:771] - Traceback: Traceback (most recent call last):
  File "C:\Users\USER\Documents\biometric-gesture-system\backend\app\core\authentication_system.py", line 632, in process_frame_for_real_authentication
    hand_landmarks=hand_result.landmarks,
                   ^^^^^^^^^^^
NameError: name 'hand_result' is not defined

2025-11-05 08:45:41,936 - biometric_gesture_system - INFO - [authentication_system.py:523] - Procesando frame para sesión 253da1bd-2eb8-43d3-a2ae-3abf97226d74
2025-11-05 08:45:41,941 - biometric_gesture_system - INFO - [authentication_system.py:534] - AUTH: Frame #25 capturado - Shape: (720, 1280, 3)
2025-11-05 08:45:41,941 - biometric_gesture_system - INFO - [authentication_system.py:539] - AUTH: Procesando frame original para detectar mano...
2025-11-05 08:45:41,989 - biometric_gesture_system - INFO - [authentication_system.py:546] - AUTH: ✅ Mano detectada en frame original
2025-11-05 08:45:41,989 - biometric_gesture_system - INFO - [authentication_system.py:547] - AUTH: Confianza inicial: 0.926
2025-11-05 08:45:41,989 - biometric_gesture_system - INFO - [authentication_system.py:617] - AUTH: ✅ Usando landmarks del frame ORIGINAL
2025-11-05 08:45:41,990 - biometric_gesture_system - ERROR - [authentication_system.py:769] - Error procesando frame para autenticación: name 'hand_result' is not defined
2025-11-05 08:45:41,990 - biometric_gesture_system - ERROR - [authentication_system.py:771] - Traceback: Traceback (most recent call last):
  File "C:\Users\USER\Documents\biometric-gesture-system\backend\app\core\authentication_system.py", line 632, in process_frame_for_real_authentication
    hand_landmarks=hand_result.landmarks,
                   ^^^^^^^^^^^
NameError: name 'hand_result' is not defined

2025-11-05 08:45:42,140 - biometric_gesture_system - INFO - [authentication_system.py:523] - Procesando frame para sesión 253da1bd-2eb8-43d3-a2ae-3abf97226d74
2025-11-05 08:45:42,144 - biometric_gesture_system - INFO - [authentication_system.py:534] - AUTH: Frame #26 capturado - Shape: (720, 1280, 3)
2025-11-05 08:45:42,144 - biometric_gesture_system - INFO - [authentication_system.py:539] - AUTH: Procesando frame original para detectar mano...
2025-11-05 08:45:42,214 - biometric_gesture_system - INFO - [authentication_system.py:546] - AUTH: ✅ Mano detectada en frame original
2025-11-05 08:45:42,215 - biometric_gesture_system - INFO - [authentication_system.py:547] - AUTH: Confianza inicial: 0.945
2025-11-05 08:45:42,216 - biometric_gesture_system - INFO - [authentication_system.py:617] - AUTH: ✅ Usando landmarks del frame ORIGINAL
2025-11-05 08:45:42,219 - biometric_gesture_system - ERROR - [authentication_system.py:769] - Error procesando frame para autenticación: name 'hand_result' is not defined
2025-11-05 08:45:42,221 - biometric_gesture_system - ERROR - [authentication_system.py:771] - Traceback: Traceback (most recent call last):
  File "C:\Users\USER\Documents\biometric-gesture-system\backend\app\core\authentication_system.py", line 632, in process_frame_for_real_authentication
    hand_landmarks=hand_result.landmarks,
                   ^^^^^^^^^^^
NameError: name 'hand_result' is not defined

2025-11-05 08:45:42,343 - biometric_gesture_system - INFO - [authentication_system.py:523] - Procesando frame para sesión 253da1bd-2eb8-43d3-a2ae-3abf97226d74
2025-11-05 08:45:42,348 - biometric_gesture_system - INFO - [authentication_system.py:534] - AUTH: Frame #27 capturado - Shape: (720, 1280, 3)
2025-11-05 08:45:42,348 - biometric_gesture_system - INFO - [authentication_system.py:539] - AUTH: Procesando frame original para detectar mano...
2025-11-05 08:45:42,405 - biometric_gesture_system - INFO - [authentication_system.py:546] - AUTH: ✅ Mano detectada en frame original
2025-11-05 08:45:42,406 - biometric_gesture_system - INFO - [authentication_system.py:547] - AUTH: Confianza inicial: 0.905
2025-11-05 08:45:42,406 - biometric_gesture_system - INFO - [authentication_system.py:617] - AUTH: ✅ Usando landmarks del frame ORIGINAL
2025-11-05 08:45:42,406 - biometric_gesture_system - ERROR - [authentication_system.py:769] - Error procesando frame para autenticación: name 'hand_result' is not defined
2025-11-05 08:45:42,407 - biometric_gesture_system - ERROR - [authentication_system.py:771] - Traceback: Traceback (most recent call last):
  File "C:\Users\USER\Documents\biometric-gesture-system\backend\app\core\authentication_system.py", line 632, in process_frame_for_real_authentication
    hand_landmarks=hand_result.landmarks,
                   ^^^^^^^^^^^
NameError: name 'hand_result' is not defined

2025-11-05 08:45:42,531 - biometric_gesture_system - INFO - [authentication_system.py:523] - Procesando frame para sesión 253da1bd-2eb8-43d3-a2ae-3abf97226d74
2025-11-05 08:45:42,534 - biometric_gesture_system - INFO - [authentication_system.py:534] - AUTH: Frame #28 capturado - Shape: (720, 1280, 3)
2025-11-05 08:45:42,534 - biometric_gesture_system - INFO - [authentication_system.py:539] - AUTH: Procesando frame original para detectar mano...
2025-11-05 08:45:42,586 - biometric_gesture_system - INFO - [authentication_system.py:546] - AUTH: ✅ Mano detectada en frame original
2025-11-05 08:45:42,587 - biometric_gesture_system - INFO - [authentication_system.py:547] - AUTH: Confianza inicial: 0.875
2025-11-05 08:45:42,587 - biometric_gesture_system - INFO - [authentication_system.py:617] - AUTH: ✅ Usando landmarks del frame ORIGINAL
2025-11-05 08:45:42,587 - biometric_gesture_system - ERROR - [authentication_system.py:769] - Error procesando frame para autenticación: name 'hand_result' is not defined
2025-11-05 08:45:42,588 - biometric_gesture_system - ERROR - [authentication_system.py:771] - Traceback: Traceback (most recent call last):
  File "C:\Users\USER\Documents\biometric-gesture-system\backend\app\core\authentication_system.py", line 632, in process_frame_for_real_authentication
    hand_landmarks=hand_result.landmarks,
                   ^^^^^^^^^^^
NameError: name 'hand_result' is not defined

2025-11-05 08:45:42,733 - biometric_gesture_system - INFO - [authentication_system.py:523] - Procesando frame para sesión 253da1bd-2eb8-43d3-a2ae-3abf97226d74
2025-11-05 08:45:42,736 - biometric_gesture_system - INFO - [authentication_system.py:534] - AUTH: Frame #29 capturado - Shape: (720, 1280, 3)
2025-11-05 08:45:42,736 - biometric_gesture_system - INFO - [authentication_system.py:539] - AUTH: Procesando frame original para detectar mano...
2025-11-05 08:45:42,789 - biometric_gesture_system - INFO - [authentication_system.py:546] - AUTH: ✅ Mano detectada en frame original
2025-11-05 08:45:42,789 - biometric_gesture_system - INFO - [authentication_system.py:547] - AUTH: Confianza inicial: 0.913
2025-11-05 08:45:42,790 - biometric_gesture_system - INFO - [authentication_system.py:617] - AUTH: ✅ Usando landmarks del frame ORIGINAL
2025-11-05 08:45:42,790 - biometric_gesture_system - ERROR - [authentication_system.py:769] - Error procesando frame para autenticación: name 'hand_result' is not defined
2025-11-05 08:45:42,790 - biometric_gesture_system - ERROR - [authentication_system.py:771] - Traceback: Traceback (most recent call last):
  File "C:\Users\USER\Documents\biometric-gesture-system\backend\app\core\authentication_system.py", line 632, in process_frame_for_real_authentication
    hand_landmarks=hand_result.landmarks,
                   ^^^^^^^^^^^
NameError: name 'hand_result' is not defined

2025-11-05 08:45:42,936 - biometric_gesture_system - INFO - [authentication_system.py:523] - Procesando frame para sesión 253da1bd-2eb8-43d3-a2ae-3abf97226d74
2025-11-05 08:45:42,940 - biometric_gesture_system - INFO - [authentication_system.py:534] - AUTH: Frame #30 capturado - Shape: (720, 1280, 3)
2025-11-05 08:45:42,940 - biometric_gesture_system - INFO - [authentication_system.py:539] - AUTH: Procesando frame original para detectar mano...
2025-11-05 08:45:42,999 - biometric_gesture_system - INFO - [authentication_system.py:546] - AUTH: ✅ Mano detectada en frame original
2025-11-05 08:45:42,999 - biometric_gesture_system - INFO - [authentication_system.py:547] - AUTH: Confianza inicial: 0.943
2025-11-05 08:45:43,000 - biometric_gesture_system - INFO - [authentication_system.py:617] - AUTH: ✅ Usando landmarks del frame ORIGINAL
2025-11-05 08:45:43,000 - biometric_gesture_system - ERROR - [authentication_system.py:769] - Error procesando frame para autenticación: name 'hand_result' is not defined
2025-11-05 08:45:43,001 - biometric_gesture_system - ERROR - [authentication_system.py:771] - Traceback: Traceback (most recent call last):
  File "C:\Users\USER\Documents\biometric-gesture-system\backend\app\core\authentication_system.py", line 632, in process_frame_for_real_authentication
    hand_landmarks=hand_result.landmarks,
                   ^^^^^^^^^^^
NameError: name 'hand_result' is not defined

2025-11-05 08:45:43,138 - biometric_gesture_system - INFO - [authentication_system.py:523] - Procesando frame para sesión 253da1bd-2eb8-43d3-a2ae-3abf97226d74
2025-11-05 08:45:43,142 - biometric_gesture_system - INFO - [authentication_system.py:534] - AUTH: Frame #31 capturado - Shape: (720, 1280, 3)
2025-11-05 08:45:43,142 - biometric_gesture_system - INFO - [authentication_system.py:539] - AUTH: Procesando frame original para detectar mano...
2025-11-05 08:45:43,185 - biometric_gesture_system - INFO - [authentication_system.py:546] - AUTH: ✅ Mano detectada en frame original
2025-11-05 08:45:43,185 - biometric_gesture_system - INFO - [authentication_system.py:547] - AUTH: Confianza inicial: 0.965
2025-11-05 08:45:43,185 - biometric_gesture_system - INFO - [authentication_system.py:617] - AUTH: ✅ Usando landmarks del frame ORIGINAL
2025-11-05 08:45:43,185 - biometric_gesture_system - ERROR - [authentication_system.py:769] - Error procesando frame para autenticación: name 'hand_result' is not defined
2025-11-05 08:45:43,186 - biometric_gesture_system - ERROR - [authentication_system.py:771] - Traceback: Traceback (most recent call last):
  File "C:\Users\USER\Documents\biometric-gesture-system\backend\app\core\authentication_system.py", line 632, in process_frame_for_real_authentication
    hand_landmarks=hand_result.landmarks,
                   ^^^^^^^^^^^
NameError: name 'hand_result' is not defined

2025-11-05 08:45:43,341 - biometric_gesture_system - INFO - [authentication_system.py:523] - Procesando frame para sesión 253da1bd-2eb8-43d3-a2ae-3abf97226d74
2025-11-05 08:45:43,345 - biometric_gesture_system - INFO - [authentication_system.py:534] - AUTH: Frame #32 capturado - Shape: (720, 1280, 3)
2025-11-05 08:45:43,345 - biometric_gesture_system - INFO - [authentication_system.py:539] - AUTH: Procesando frame original para detectar mano...
2025-11-05 08:45:43,385 - biometric_gesture_system - INFO - [authentication_system.py:543] - AUTH: No se detectó mano válida en frame original
2025-11-05 08:45:43,546 - biometric_gesture_system - INFO - [authentication_system.py:523] - Procesando frame para sesión 253da1bd-2eb8-43d3-a2ae-3abf97226d74
2025-11-05 08:45:43,548 - biometric_gesture_system - INFO - [authentication_system.py:534] - AUTH: Frame #33 capturado - Shape: (720, 1280, 3)
2025-11-05 08:45:43,549 - biometric_gesture_system - INFO - [authentication_system.py:539] - AUTH: Procesando frame original para detectar mano...
2025-11-05 08:45:43,589 - biometric_gesture_system - INFO - [authentication_system.py:543] - AUTH: No se detectó mano válida en frame original
2025-11-05 08:45:43,731 - biometric_gesture_system - INFO - [authentication_system.py:523] - Procesando frame para sesión 253da1bd-2eb8-43d3-a2ae-3abf97226d74
2025-11-05 08:45:43,734 - biometric_gesture_system - INFO - [authentication_system.py:534] - AUTH: Frame #34 capturado - Shape: (720, 1280, 3)
2025-11-05 08:45:43,734 - biometric_gesture_system - INFO - [authentication_system.py:539] - AUTH: Procesando frame original para detectar mano...
2025-11-05 08:45:43,779 - biometric_gesture_system - INFO - [authentication_system.py:543] - AUTH: No se detectó mano válida en frame original
2025-11-05 08:45:43,933 - biometric_gesture_system - INFO - [authentication_system.py:523] - Procesando frame para sesión 253da1bd-2eb8-43d3-a2ae-3abf97226d74
2025-11-05 08:45:43,937 - biometric_gesture_system - INFO - [authentication_system.py:534] - AUTH: Frame #35 capturado - Shape: (720, 1280, 3)
2025-11-05 08:45:43,937 - biometric_gesture_system - INFO - [authentication_system.py:539] - AUTH: Procesando frame original para detectar mano...
2025-11-05 08:45:43,980 - biometric_gesture_system - INFO - [authentication_system.py:543] - AUTH: No se detectó mano válida en frame original
2025-11-05 08:45:44,137 - biometric_gesture_system - INFO - [authentication_system.py:523] - Procesando frame para sesión 253da1bd-2eb8-43d3-a2ae-3abf97226d74
2025-11-05 08:45:44,140 - biometric_gesture_system - INFO - [authentication_system.py:534] - AUTH: Frame #36 capturado - Shape: (720, 1280, 3)
2025-11-05 08:45:44,141 - biometric_gesture_system - INFO - [authentication_system.py:539] - AUTH: Procesando frame original para detectar mano...
2025-11-05 08:45:44,180 - biometric_gesture_system - INFO - [authentication_system.py:543] - AUTH: No se detectó mano válida en frame original
2025-11-05 08:45:44,337 - biometric_gesture_system - INFO - [authentication_system.py:523] - Procesando frame para sesión 253da1bd-2eb8-43d3-a2ae-3abf97226d74
2025-11-05 08:45:44,343 - biometric_gesture_system - INFO - [authentication_system.py:534] - AUTH: Frame #37 capturado - Shape: (720, 1280, 3)
2025-11-05 08:45:44,343 - biometric_gesture_system - INFO - [authentication_system.py:539] - AUTH: Procesando frame original para detectar mano...
2025-11-05 08:45:44,385 - biometric_gesture_system - INFO - [authentication_system.py:543] - AUTH: No se detectó mano válida en frame original
2025-11-05 08:45:44,533 - biometric_gesture_system - INFO - [authentication_system.py:523] - Procesando frame para sesión 253da1bd-2eb8-43d3-a2ae-3abf97226d74
2025-11-05 08:45:44,538 - biometric_gesture_system - INFO - [authentication_system.py:534] - AUTH: Frame #38 capturado - Shape: (720, 1280, 3)
2025-11-05 08:45:44,538 - biometric_gesture_system - INFO - [authentication_system.py:539] - AUTH: Procesando frame original para detectar mano...
2025-11-05 08:45:44,578 - biometric_gesture_system - INFO - [authentication_system.py:543] - AUTH: No se detectó mano válida en frame original
2025-11-05 08:45:44,733 - biometric_gesture_system - INFO - [authentication_system.py:523] - Procesando frame para sesión 253da1bd-2eb8-43d3-a2ae-3abf97226d74
2025-11-05 08:45:44,738 - biometric_gesture_system - INFO - [authentication_system.py:534] - AUTH: Frame #39 capturado - Shape: (720, 1280, 3)
2025-11-05 08:45:44,739 - biometric_gesture_system - INFO - [authentication_system.py:539] - AUTH: Procesando frame original para detectar mano...
2025-11-05 08:45:44,778 - biometric_gesture_system - INFO - [authentication_system.py:543] - AUTH: No se detectó mano válida en frame original
2025-11-05 08:45:44,930 - biometric_gesture_system - INFO - [authentication_system.py:523] - Procesando frame para sesión 253da1bd-2eb8-43d3-a2ae-3abf97226d74
2025-11-05 08:45:44,934 - biometric_gesture_system - INFO - [authentication_system.py:534] - AUTH: Frame #40 capturado - Shape: (720, 1280, 3)
2025-11-05 08:45:44,934 - biometric_gesture_system - INFO - [authentication_system.py:539] - AUTH: Procesando frame original para detectar mano...
2025-11-05 08:45:44,974 - biometric_gesture_system - INFO - [authentication_system.py:543] - AUTH: No se detectó mano válida en frame original
2025-11-05 08:45:45,132 - biometric_gesture_system - INFO - [authentication_system.py:523] - Procesando frame para sesión 253da1bd-2eb8-43d3-a2ae-3abf97226d74
2025-11-05 08:45:45,135 - biometric_gesture_system - INFO - [authentication_system.py:534] - AUTH: Frame #41 capturado - Shape: (720, 1280, 3)
2025-11-05 08:45:45,135 - biometric_gesture_system - INFO - [authentication_system.py:539] - AUTH: Procesando frame original para detectar mano...
2025-11-05 08:45:45,177 - biometric_gesture_system - INFO - [authentication_system.py:543] - AUTH: No se detectó mano válida en frame original
2025-11-05 08:45:45,332 - biometric_gesture_system - INFO - [authentication_system.py:523] - Procesando frame para sesión 253da1bd-2eb8-43d3-a2ae-3abf97226d74
2025-11-05 08:45:45,335 - biometric_gesture_system - INFO - [authentication_system.py:534] - AUTH: Frame #42 capturado - Shape: (720, 1280, 3)
2025-11-05 08:45:45,335 - biometric_gesture_system - INFO - [authentication_system.py:539] - AUTH: Procesando frame original para detectar mano...
2025-11-05 08:45:45,375 - biometric_gesture_system - INFO - [authentication_system.py:543] - AUTH: No se detectó mano válida en frame original
2025-11-05 08:45:45,532 - biometric_gesture_system - INFO - [authentication_system.py:523] - Procesando frame para sesión 253da1bd-2eb8-43d3-a2ae-3abf97226d74
2025-11-05 08:45:45,537 - biometric_gesture_system - INFO - [authentication_system.py:534] - AUTH: Frame #43 capturado - Shape: (720, 1280, 3)
2025-11-05 08:45:45,537 - biometric_gesture_system - INFO - [authentication_system.py:539] - AUTH: Procesando frame original para detectar mano...
2025-11-05 08:45:45,592 - biometric_gesture_system - INFO - [authentication_system.py:543] - AUTH: No se detectó mano válida en frame original
2025-11-05 08:45:47,432 - biometric_gesture_system - INFO - [authentication_system.py:3226] - Usuarios disponibles: 3
