2025-11-11 22:23:40,848 - biometric_gesture_system - INFO - [config_manager.py:504] - Validación de configuración: ✓ EXITOSA
2025-11-11 22:23:40,849 - biometric_gesture_system - INFO - [config_manager.py:317] - ================================================================================
2025-11-11 22:23:40,850 - biometric_gesture_system - INFO - [config_manager.py:318] - SISTEMA BIOMÉTRICO DE GESTOS DE MANOS - CONFIG MANAGER INICIALIZADO
2025-11-11 22:23:40,850 - biometric_gesture_system - INFO - [config_manager.py:319] - ================================================================================
2025-11-11 22:23:40,852 - biometric_gesture_system - INFO - [config_manager.py:320] - Configuración cargada desde: biometric_config.json
2025-11-11 22:23:40,852 - biometric_gesture_system - INFO - [config_manager.py:321] - Muestras por gesto: 7
2025-11-11 22:23:40,853 - biometric_gesture_system - INFO - [config_manager.py:322] - Gestos por usuario: 3
2025-11-11 22:23:40,853 - biometric_gesture_system - INFO - [config_manager.py:323] - Umbral confianza mano: 0.9
2025-11-11 22:23:40,854 - biometric_gesture_system - INFO - [config_manager.py:324] - Umbral confianza gesto: 0.6
2025-11-11 22:23:40,854 - biometric_gesture_system - INFO - [config_manager.py:325] - Resolución cámara: 1280x720
2025-11-11 22:23:40,854 - biometric_gesture_system - INFO - [config_manager.py:326] - Directorios creados: 11 rutas configuradas
2025-11-11 22:23:40,854 - biometric_gesture_system - INFO - [config_manager.py:327] - ================================================================================
2025-11-11 22:23:41,757 - biometric_gesture_system - INFO - [config_manager.py:630] - ======================================================================
2025-11-11 22:23:41,758 - biometric_gesture_system - INFO - [config_manager.py:630] - ROI NORMALIZATION SYSTEM INICIALIZADO
2025-11-11 22:23:41,758 - biometric_gesture_system - INFO - [config_manager.py:630] -   ✓ Resolución mínima: 150px
2025-11-11 22:23:41,758 - biometric_gesture_system - INFO - [config_manager.py:630] -   ✓ Resolución máxima: 600px
2025-11-11 22:23:41,758 - biometric_gesture_system - INFO - [config_manager.py:630] -   ✓ Tamaño normalizado: (224, 224)
2025-11-11 22:23:41,758 - biometric_gesture_system - INFO - [config_manager.py:630] -   ✓ Padding: 15%
2025-11-11 22:23:41,760 - biometric_gesture_system - INFO - [config_manager.py:630] -   ✓ Sharpening: ACTIVADO
2025-11-11 22:23:41,760 - biometric_gesture_system - INFO - [config_manager.py:630] - ======================================================================
2025-11-11 22:23:41,760 - biometric_gesture_system - INFO - [visual_feedback.py:62] - ======================================================================
2025-11-11 22:23:41,760 - biometric_gesture_system - INFO - [visual_feedback.py:63] - VISUAL FEEDBACK MANAGER INICIALIZADO
2025-11-11 22:23:41,760 - biometric_gesture_system - INFO - [visual_feedback.py:64] -   ✓ 5 niveles de feedback configurados
2025-11-11 22:23:41,761 - biometric_gesture_system - INFO - [visual_feedback.py:65] -   ✓ Colores BGR definidos
2025-11-11 22:23:41,761 - biometric_gesture_system - INFO - [visual_feedback.py:66] -   ✓ Sistema de priorización activo
2025-11-11 22:23:41,761 - biometric_gesture_system - INFO - [visual_feedback.py:67] - ======================================================================
2025-11-11 22:24:08,087 - biometric_gesture_system - WARNING - [config_manager.py:349] - Clave de configuración no encontrada: roi_normalization.enabled, usando default: True
2025-11-11 22:24:08,088 - biometric_gesture_system - WARNING - [config_manager.py:349] - Clave de configuración no encontrada: roi_normalization.enabled, usando default: True
2025-11-11 22:24:08,088 - biometric_gesture_system - WARNING - [config_manager.py:349] - Clave de configuración no encontrada: roi_normalization.use_single_area, usando default: True
2025-11-11 22:24:08,089 - biometric_gesture_system - WARNING - [config_manager.py:349] - Clave de configuración no encontrada: biometric.dynamic_features, usando default: {'min_transition_frames': 8, 'max_transition_frames': 40, 'gesture_stability_threshold': 5, 'velocity_smoothing_window': 3, 'min_movement_threshold': 0.005, 'transition_detection_sensitivity': 0.85, 'temporal_downsampling': 1, 'normalize_temporal_features': True, 'use_3d_trajectories': True, 'velocity_threshold_percentile': 75, 'acceleration_smoothing': True, 'jerk_threshold': 0.1, 'minimum_sequence_duration_ms': 200}
2025-11-11 22:24:08,090 - biometric_gesture_system - WARNING - [config_manager.py:349] - Clave de configuración no encontrada: biometric.sequence_management, usando default: {'sequence_length': 3, 'max_sequence_duration': 60.0, 'max_gesture_duration': 15.0, 'min_gesture_confidence': 0.7, 'min_stable_frames': 3, 'gesture_timeout': 10.0, 'sequence_timeout': 45.0, 'max_failed_attempts': 3, 'cooldown_period': 5.0, 'auto_save_sequences': True, 'validation_mode': 'moderate', 'allow_gesture_skipping': False, 'require_exact_order': True, 'enable_adaptive_timeouts': True}
2025-11-11 22:24:08,091 - biometric_gesture_system - WARNING - [config_manager.py:349] - Clave de configuración no encontrada: biometric.enrollment.samples_per_gesture, usando default: 8
2025-11-11 22:24:08,091 - biometric_gesture_system - WARNING - [config_manager.py:349] - Clave de configuración no encontrada: biometric.enrollment.min_confidence, usando default: 0.65
2025-11-11 22:24:08,091 - biometric_gesture_system - WARNING - [config_manager.py:349] - Clave de configuración no encontrada: biometric.enrollment.min_stability_frames, usando default: 8
2025-11-11 22:24:08,091 - biometric_gesture_system - WARNING - [config_manager.py:349] - Clave de configuración no encontrada: biometric.enrollment.require_all_gestures, usando default: True
2025-11-11 22:24:08,091 - biometric_gesture_system - WARNING - [config_manager.py:349] - Clave de configuración no encontrada: biometric.enrollment.sample_timeout, usando default: 120.0
2025-11-11 22:24:08,091 - biometric_gesture_system - WARNING - [config_manager.py:349] - Clave de configuración no encontrada: biometric.enrollment.session_timeout, usando default: 3600.0
2025-11-11 22:24:08,092 - biometric_gesture_system - WARNING - [config_manager.py:349] - Clave de configuración no encontrada: biometric.enrollment.capture_interval, usando default: 0.8
2025-11-11 22:24:08,092 - biometric_gesture_system - WARNING - [config_manager.py:349] - Clave de configuración no encontrada: biometric.enrollment.enable_quality_check, usando default: True
2025-11-11 22:24:08,092 - biometric_gesture_system - WARNING - [config_manager.py:349] - Clave de configuración no encontrada: biometric.enrollment.enable_duplicate_check, usando default: True
2025-11-11 22:24:08,092 - biometric_gesture_system - WARNING - [config_manager.py:349] - Clave de configuración no encontrada: biometric.enrollment.duplicate_threshold, usando default: 0.92
2025-11-11 22:24:08,093 - biometric_gesture_system - WARNING - [config_manager.py:349] - Clave de configuración no encontrada: biometric.enrollment.template_fusion_strategy, usando default: average
2025-11-11 22:24:08,093 - biometric_gesture_system - WARNING - [config_manager.py:349] - Clave de configuración no encontrada: biometric.enrollment.enable_template_optimization, usando default: True
2025-11-11 22:24:08,093 - biometric_gesture_system - WARNING - [config_manager.py:349] - Clave de configuración no encontrada: biometric.enrollment.embedding_dimension_check, usando default: True
2025-11-11 22:24:08,093 - biometric_gesture_system - WARNING - [config_manager.py:349] - Clave de configuración no encontrada: biometric.enrollment.show_preview, usando default: True
2025-11-11 22:24:08,093 - biometric_gesture_system - WARNING - [config_manager.py:349] - Clave de configuración no encontrada: biometric.enrollment.show_quality_feedback, usando default: False
2025-11-11 22:24:08,093 - biometric_gesture_system - WARNING - [config_manager.py:349] - Clave de configuración no encontrada: biometric.enrollment.save_enrollment_video, usando default: False
2025-11-11 22:24:08,093 - biometric_gesture_system - WARNING - [config_manager.py:349] - Clave de configuración no encontrada: biometric.siamese_anatomical, usando default: {'hidden_layers': [128, 64], 'activation': 'relu', 'dropout_rate': 0.2, 'batch_normalization': True, 'l2_regularization': 0.001, 'learning_rate': 0.001, 'batch_size': 32, 'epochs': 100, 'patience': 15, 'validation_split': 0.2, 'min_users_for_training': 2, 'min_samples_per_user': 15, 'max_samples_per_user': 50, 'min_sessions_per_user': 1, 'loss_function': 'contrastive', 'distance_metric': 'euclidean', 'margin': 1.5, 'alpha': 0.2, 'use_stratified_split': True, 'cross_validation_folds': 5, 'threshold_optimization': 'eer', 'quality_threshold': 80.0, 'use_real_augmentation': True, 'temporal_jitter': 0.02, 'noise_from_real_variance': True, 'require_independent_test': True, 'min_test_users': 1, 'performance_monitoring': True}
2025-11-11 22:24:12,782 - biometric_gesture_system - WARNING - [config_manager.py:349] - Clave de configuración no encontrada: biometric.feature_preprocessing, usando default: {'anatomical_normalization': 'robust', 'dynamic_normalization': 'standard', 'normalize_per_user': False, 'balancing_method': 'balanced_subsample', 'target_balance_ratio': 1.0, 'augmentation_strategy': 'moderate', 'augmentation_factor': 1.5, 'cv_folds': 5, 'cv_strategy': 'stratified_user', 'test_size': 0.2, 'validation_size': 0.2, 'outlier_threshold': 3.0, 'min_samples_per_user': 5, 'feature_selection': False, 'variance_threshold': 0.01, 'cache_transformations': True, 'parallel_processing': False, 'random_state': 42, 'stratify_by_user': True}
2025-11-11 22:24:12,784 - biometric_gesture_system - WARNING - [config_manager.py:349] - Clave de configuración no encontrada: biometric.auth.sequence_timeout, usando default: 25.0
2025-11-11 22:24:12,784 - biometric_gesture_system - WARNING - [config_manager.py:349] - Clave de configuración no encontrada: biometric.auth.total_timeout, usando default: 45.0
2025-11-11 22:24:12,784 - biometric_gesture_system - WARNING - [config_manager.py:349] - Clave de configuración no encontrada: biometric.auth.frame_timeout, usando default: 3.0
2025-11-11 22:24:12,784 - biometric_gesture_system - WARNING - [config_manager.py:349] - Clave de configuración no encontrada: biometric.auth.threshold_low, usando default: 0.65
2025-11-11 22:24:12,784 - biometric_gesture_system - WARNING - [config_manager.py:349] - Clave de configuración no encontrada: biometric.auth.threshold_standard, usando default: 0.75
2025-11-11 22:24:12,784 - biometric_gesture_system - WARNING - [config_manager.py:349] - Clave de configuración no encontrada: biometric.auth.threshold_high, usando default: 0.85
2025-11-11 22:24:12,784 - biometric_gesture_system - WARNING - [config_manager.py:349] - Clave de configuración no encontrada: biometric.auth.threshold_maximum, usando default: 0.92
2025-11-11 22:24:12,784 - biometric_gesture_system - WARNING - [config_manager.py:349] - Clave de configuración no encontrada: biometric.auth.require_sequence_completion, usando default: True
2025-11-11 22:24:12,784 - biometric_gesture_system - WARNING - [config_manager.py:349] - Clave de configuración no encontrada: biometric.auth.min_gestures_for_auth, usando default: 2
2025-11-11 22:24:12,785 - biometric_gesture_system - WARNING - [config_manager.py:349] - Clave de configuración no encontrada: biometric.auth.max_attempts_per_session, usando default: 3
2025-11-11 22:24:12,785 - biometric_gesture_system - WARNING - [config_manager.py:349] - Clave de configuración no encontrada: biometric.auth.max_identification_candidates, usando default: 5
2025-11-11 22:24:12,785 - biometric_gesture_system - WARNING - [config_manager.py:349] - Clave de configuración no encontrada: biometric.auth.identification_threshold_factor, usando default: 1.1
2025-11-11 22:24:12,785 - biometric_gesture_system - WARNING - [config_manager.py:349] - Clave de configuración no encontrada: biometric.auth.min_quality_score, usando default: 0.7
2025-11-11 22:24:12,785 - biometric_gesture_system - WARNING - [config_manager.py:349] - Clave de configuración no encontrada: biometric.auth.min_confidence, usando default: 0.65
2025-11-11 22:24:12,785 - biometric_gesture_system - WARNING - [config_manager.py:349] - Clave de configuración no encontrada: biometric.auth.min_stability_frames, usando default: 8
2025-11-11 22:24:12,785 - biometric_gesture_system - WARNING - [config_manager.py:349] - Clave de configuración no encontrada: biometric.auth.score_fusion_strategy, usando default: weighted_average
2025-11-11 22:24:12,785 - biometric_gesture_system - WARNING - [config_manager.py:349] - Clave de configuración no encontrada: biometric.auth.anatomical_weight, usando default: 0.6
2025-11-11 22:24:12,786 - biometric_gesture_system - WARNING - [config_manager.py:349] - Clave de configuración no encontrada: biometric.auth.dynamic_weight, usando default: 0.4
2025-11-11 22:24:12,786 - biometric_gesture_system - WARNING - [config_manager.py:349] - Clave de configuración no encontrada: biometric.auth.enable_audit_logging, usando default: True
2025-11-11 22:24:12,786 - biometric_gesture_system - WARNING - [config_manager.py:349] - Clave de configuración no encontrada: biometric.auth.enable_continuous_auth, usando default: False
2025-11-11 22:24:12,786 - biometric_gesture_system - WARNING - [config_manager.py:349] - Clave de configuración no encontrada: biometric.auth.max_failed_attempts, usando default: 5
2025-11-11 22:24:12,786 - biometric_gesture_system - WARNING - [config_manager.py:349] - Clave de configuración no encontrada: biometric.auth.lockout_duration, usando default: 300.0
2025-11-11 22:24:12,786 - biometric_gesture_system - WARNING - [config_manager.py:349] - Clave de configuración no encontrada: biometric.score_fusion, usando default: {'fusion_strategy': 'weighted_average', 'calibration_method': 'none', 'weight_optimization': 'grid_search', 'anatomical_weight': 0.6, 'dynamic_weight': 0.4, 'decision_threshold': 0.5, 'use_confidence_weighting': True, 'adaptive_threshold': False, 'cross_validation_folds': 5, 'optimization_metric': 'eer'}
2025-11-11 22:24:12,786 - biometric_gesture_system - INFO - [authentication_system.py:443] - RealAuthenticationPipeline inicializado con componentes
2025-11-11 22:24:12,786 - biometric_gesture_system - INFO - [authentication_system.py:1205] - RealSessionManager inicializado para gestión de sesiones
2025-11-11 22:24:12,786 - biometric_gesture_system - INFO - [authentication_system.py:265] - RealSecurityAuditor inicializado para auditoría
2025-11-11 22:24:12,786 - biometric_gesture_system - INFO - [authentication_system.py:1412] - RealAuthenticationSystem inicializado
2025-11-11 22:24:12,787 - biometric_gesture_system - INFO - [authentication_system.py:1413] -   - Configuración: umbrales={'low': 0.65, 'standard': 0.75, 'high': 0.85, 'maximum': 0.92}
2025-11-11 22:24:12,798 - biometric_gesture_system - INFO - [authentication_system.py:1447] - Inicializando sistema de autenticación...
2025-11-11 22:24:12,798 - biometric_gesture_system - INFO - [authentication_system.py:1450] - Obteniendo referencias a redes entrenadas...
2025-11-11 22:24:12,799 - biometric_gesture_system - INFO - [authentication_system.py:1455] - === DIAGNÓSTICO DE ESTADO DE REDES ===
2025-11-11 22:24:12,799 - biometric_gesture_system - INFO - [authentication_system.py:1463] - Archivos de modelo en disco:
2025-11-11 22:24:12,799 - biometric_gesture_system - INFO - [authentication_system.py:1464] -   - Anatómico: True - biometric_data\models\anatomical_model.h5
2025-11-11 22:24:12,800 - biometric_gesture_system - INFO - [authentication_system.py:1465] -   - Dinámico: True - biometric_data\models\dynamic_model.h5
2025-11-11 22:24:12,800 - biometric_gesture_system - INFO - [authentication_system.py:1468] - Estado de instancias globales:
2025-11-11 22:24:12,800 - biometric_gesture_system - INFO - [authentication_system.py:1469] -   - Anatómica is_trained: True
2025-11-11 22:24:12,800 - biometric_gesture_system - INFO - [authentication_system.py:1470] -   - Dinámica is_trained: True
2025-11-11 22:24:12,800 - biometric_gesture_system - INFO - [authentication_system.py:1473] - Modelos compilados:
2025-11-11 22:24:12,800 - biometric_gesture_system - INFO - [authentication_system.py:1474] -   - Anatómica siamese_model: True
2025-11-11 22:24:12,800 - biometric_gesture_system - INFO - [authentication_system.py:1475] -   - Dinámica siamese_model: True
2025-11-11 22:24:12,800 - biometric_gesture_system - INFO - [authentication_system.py:1477] - === FIN DIAGNÓSTICO ===
2025-11-11 22:24:12,800 - biometric_gesture_system - INFO - [authentication_system.py:1479] - Referencias a redes obtenidas:
2025-11-11 22:24:12,800 - biometric_gesture_system - INFO - [authentication_system.py:1480] -   - Red anatómica disponible: True
2025-11-11 22:24:12,800 - biometric_gesture_system - INFO - [authentication_system.py:1481] -   - Red anatómica entrenada: True
2025-11-11 22:24:12,802 - biometric_gesture_system - INFO - [authentication_system.py:1482] -   - Red dinámica disponible: True
2025-11-11 22:24:12,802 - biometric_gesture_system - INFO - [authentication_system.py:1483] -   - Red dinámica entrenada: True
2025-11-11 22:24:12,802 - biometric_gesture_system - INFO - [authentication_system.py:448] - Inicializando pipeline de autenticación...
2025-11-11 22:24:12,802 - biometric_gesture_system - INFO - [authentication_system.py:451] - Obteniendo referencias actuales a redes entrenadas...
2025-11-11 22:24:12,802 - biometric_gesture_system - INFO - [authentication_system.py:456] - Verificando estado de entrenamiento...
2025-11-11 22:24:12,802 - biometric_gesture_system - INFO - [authentication_system.py:457] -   - Red anatómica entrenada: True
2025-11-11 22:24:12,803 - biometric_gesture_system - INFO - [authentication_system.py:458] -   - Red dinámica entrenada: True
2025-11-11 22:24:33,073 - biometric_gesture_system - INFO - [authentication_system.py:498] - Pipeline de autenticación inicializado exitosamente
2025-11-11 22:24:33,073 - biometric_gesture_system - INFO - [authentication_system.py:499] -   - Red anatómica entrenada: True
2025-11-11 22:24:33,073 - biometric_gesture_system - INFO - [authentication_system.py:500] -   - Red dinámica entrenada: True
2025-11-11 22:24:33,073 - biometric_gesture_system - INFO - [authentication_system.py:501] -   - Sistema de fusión listo: True
2025-11-11 22:24:33,073 - biometric_gesture_system - INFO - [authentication_system.py:1529] - Sistema de autenticación inicializado exitosamente
2025-11-11 22:24:33,073 - biometric_gesture_system - INFO - [authentication_system.py:1530] -   - Usuarios disponibles: 2
2025-11-11 22:24:33,074 - biometric_gesture_system - INFO - [authentication_system.py:1531] -   - Templates totales: 89
2025-11-11 22:24:33,074 - biometric_gesture_system - INFO - [authentication_system.py:1533] -   - Pipeline listo: True
2025-11-11 22:24:33,074 - biometric_gesture_system - INFO - [authentication_system.py:1534] -   - Redes entrenadas: anatómica=True, dinámica=True
2025-11-11 22:24:33,074 - biometric_gesture_system - INFO - [authentication_system.py:1620] - Iniciando identificación 1:N
2025-11-11 22:24:33,076 - biometric_gesture_system - INFO - [authentication_system.py:1621] -   - Nivel de seguridad: standard
2025-11-11 22:24:33,076 - biometric_gesture_system - INFO - [authentication_system.py:1228] - Creando sesión: modo=identification, usuario=None
2025-11-11 22:24:33,076 - biometric_gesture_system - INFO - [authentication_system.py:1269] - Sesión creada exitosamente: b7570ef8-828b-4d55-b041-d3a5c20885ac
2025-11-11 22:24:33,076 - biometric_gesture_system - INFO - [authentication_system.py:1270] -   - Modo: identification
2025-11-11 22:24:33,077 - biometric_gesture_system - INFO - [authentication_system.py:1271] -   - Usuario: None
2025-11-11 22:24:33,077 - biometric_gesture_system - INFO - [authentication_system.py:1272] -   - Nivel seguridad: standard
2025-11-11 22:24:33,077 - biometric_gesture_system - INFO - [authentication_system.py:1273] -   - Secuencia requerida: None
2025-11-11 22:24:33,077 - biometric_gesture_system - INFO - [authentication_system.py:1644] - Identificación iniciada: sesión b7570ef8-828b-4d55-b041-d3a5c20885ac
2025-11-11 22:24:33,077 - biometric_gesture_system - INFO - [authentication_system.py:1645] -   - Usuarios en base de datos: 2
2025-11-11 22:24:33,078 - biometric_gesture_system - INFO - [authentication_system.py:1646] -   - Candidatos máximos: 5
2025-11-11 22:24:34,316 - biometric_gesture_system - INFO - [authentication_system.py:523] - Procesando frame para sesión b7570ef8-828b-4d55-b041-d3a5c20885ac
2025-11-11 22:24:34,322 - biometric_gesture_system - INFO - [authentication_system.py:534] - AUTH: Frame #1 capturado - Shape: (720, 1280, 3)
2025-11-11 22:24:34,323 - biometric_gesture_system - INFO - [authentication_system.py:539] - AUTH: Procesando frame original para detectar mano...
2025-11-11 22:24:34,441 - biometric_gesture_system - INFO - [authentication_system.py:543] - AUTH: No se detectó mano válida en frame original
2025-11-11 22:24:34,514 - biometric_gesture_system - INFO - [authentication_system.py:523] - Procesando frame para sesión b7570ef8-828b-4d55-b041-d3a5c20885ac
2025-11-11 22:24:34,521 - biometric_gesture_system - INFO - [authentication_system.py:534] - AUTH: Frame #2 capturado - Shape: (720, 1280, 3)
2025-11-11 22:24:34,521 - biometric_gesture_system - INFO - [authentication_system.py:539] - AUTH: Procesando frame original para detectar mano...
2025-11-11 22:24:34,580 - biometric_gesture_system - INFO - [authentication_system.py:543] - AUTH: No se detectó mano válida en frame original
2025-11-11 22:24:34,694 - biometric_gesture_system - INFO - [authentication_system.py:523] - Procesando frame para sesión b7570ef8-828b-4d55-b041-d3a5c20885ac
2025-11-11 22:24:34,699 - biometric_gesture_system - INFO - [authentication_system.py:534] - AUTH: Frame #3 capturado - Shape: (720, 1280, 3)
2025-11-11 22:24:34,699 - biometric_gesture_system - INFO - [authentication_system.py:539] - AUTH: Procesando frame original para detectar mano...
2025-11-11 22:24:34,763 - biometric_gesture_system - INFO - [authentication_system.py:543] - AUTH: No se detectó mano válida en frame original
2025-11-11 22:24:34,894 - biometric_gesture_system - INFO - [authentication_system.py:523] - Procesando frame para sesión b7570ef8-828b-4d55-b041-d3a5c20885ac
2025-11-11 22:24:34,899 - biometric_gesture_system - INFO - [authentication_system.py:534] - AUTH: Frame #4 capturado - Shape: (720, 1280, 3)
2025-11-11 22:24:34,899 - biometric_gesture_system - INFO - [authentication_system.py:539] - AUTH: Procesando frame original para detectar mano...
2025-11-11 22:24:34,984 - biometric_gesture_system - INFO - [authentication_system.py:543] - AUTH: No se detectó mano válida en frame original
2025-11-11 22:24:35,096 - biometric_gesture_system - INFO - [authentication_system.py:523] - Procesando frame para sesión b7570ef8-828b-4d55-b041-d3a5c20885ac
2025-11-11 22:24:35,100 - biometric_gesture_system - INFO - [authentication_system.py:534] - AUTH: Frame #5 capturado - Shape: (720, 1280, 3)
2025-11-11 22:24:35,101 - biometric_gesture_system - INFO - [authentication_system.py:539] - AUTH: Procesando frame original para detectar mano...
2025-11-11 22:24:35,194 - biometric_gesture_system - INFO - [authentication_system.py:543] - AUTH: No se detectó mano válida en frame original
2025-11-11 22:24:35,298 - biometric_gesture_system - INFO - [authentication_system.py:523] - Procesando frame para sesión b7570ef8-828b-4d55-b041-d3a5c20885ac
2025-11-11 22:24:35,304 - biometric_gesture_system - INFO - [authentication_system.py:534] - AUTH: Frame #6 capturado - Shape: (720, 1280, 3)
2025-11-11 22:24:35,304 - biometric_gesture_system - INFO - [authentication_system.py:539] - AUTH: Procesando frame original para detectar mano...
2025-11-11 22:24:35,374 - biometric_gesture_system - INFO - [authentication_system.py:543] - AUTH: No se detectó mano válida en frame original
2025-11-11 22:24:35,506 - biometric_gesture_system - INFO - [authentication_system.py:523] - Procesando frame para sesión b7570ef8-828b-4d55-b041-d3a5c20885ac
2025-11-11 22:24:35,511 - biometric_gesture_system - INFO - [authentication_system.py:534] - AUTH: Frame #7 capturado - Shape: (720, 1280, 3)
2025-11-11 22:24:35,512 - biometric_gesture_system - INFO - [authentication_system.py:539] - AUTH: Procesando frame original para detectar mano...
2025-11-11 22:24:35,613 - biometric_gesture_system - INFO - [authentication_system.py:543] - AUTH: No se detectó mano válida en frame original
2025-11-11 22:24:35,707 - biometric_gesture_system - INFO - [authentication_system.py:523] - Procesando frame para sesión b7570ef8-828b-4d55-b041-d3a5c20885ac
2025-11-11 22:24:35,710 - biometric_gesture_system - INFO - [authentication_system.py:534] - AUTH: Frame #8 capturado - Shape: (720, 1280, 3)
2025-11-11 22:24:35,711 - biometric_gesture_system - INFO - [authentication_system.py:539] - AUTH: Procesando frame original para detectar mano...
2025-11-11 22:24:35,803 - biometric_gesture_system - INFO - [authentication_system.py:543] - AUTH: No se detectó mano válida en frame original
2025-11-11 22:24:35,917 - biometric_gesture_system - INFO - [authentication_system.py:523] - Procesando frame para sesión b7570ef8-828b-4d55-b041-d3a5c20885ac
2025-11-11 22:24:35,934 - biometric_gesture_system - INFO - [authentication_system.py:534] - AUTH: Frame #9 capturado - Shape: (720, 1280, 3)
2025-11-11 22:24:35,935 - biometric_gesture_system - INFO - [authentication_system.py:539] - AUTH: Procesando frame original para detectar mano...
2025-11-11 22:24:36,024 - biometric_gesture_system - INFO - [authentication_system.py:543] - AUTH: No se detectó mano válida en frame original
2025-11-11 22:24:36,115 - biometric_gesture_system - INFO - [authentication_system.py:523] - Procesando frame para sesión b7570ef8-828b-4d55-b041-d3a5c20885ac
2025-11-11 22:24:36,119 - biometric_gesture_system - INFO - [authentication_system.py:534] - AUTH: Frame #10 capturado - Shape: (720, 1280, 3)
2025-11-11 22:24:36,120 - biometric_gesture_system - INFO - [authentication_system.py:539] - AUTH: Procesando frame original para detectar mano...
2025-11-11 22:24:36,227 - biometric_gesture_system - INFO - [authentication_system.py:543] - AUTH: No se detectó mano válida en frame original
2025-11-11 22:24:36,295 - biometric_gesture_system - INFO - [authentication_system.py:523] - Procesando frame para sesión b7570ef8-828b-4d55-b041-d3a5c20885ac
2025-11-11 22:24:36,307 - biometric_gesture_system - INFO - [authentication_system.py:534] - AUTH: Frame #11 capturado - Shape: (720, 1280, 3)
2025-11-11 22:24:36,308 - biometric_gesture_system - INFO - [authentication_system.py:539] - AUTH: Procesando frame original para detectar mano...
2025-11-11 22:24:36,375 - biometric_gesture_system - INFO - [authentication_system.py:543] - AUTH: No se detectó mano válida en frame original
2025-11-11 22:24:36,499 - biometric_gesture_system - INFO - [authentication_system.py:523] - Procesando frame para sesión b7570ef8-828b-4d55-b041-d3a5c20885ac
2025-11-11 22:24:36,509 - biometric_gesture_system - INFO - [authentication_system.py:534] - AUTH: Frame #12 capturado - Shape: (720, 1280, 3)
2025-11-11 22:24:36,509 - biometric_gesture_system - INFO - [authentication_system.py:539] - AUTH: Procesando frame original para detectar mano...
2025-11-11 22:24:36,617 - biometric_gesture_system - INFO - [authentication_system.py:543] - AUTH: No se detectó mano válida en frame original
2025-11-11 22:24:36,690 - biometric_gesture_system - INFO - [authentication_system.py:523] - Procesando frame para sesión b7570ef8-828b-4d55-b041-d3a5c20885ac
2025-11-11 22:24:36,694 - biometric_gesture_system - INFO - [authentication_system.py:534] - AUTH: Frame #13 capturado - Shape: (720, 1280, 3)
2025-11-11 22:24:36,695 - biometric_gesture_system - INFO - [authentication_system.py:539] - AUTH: Procesando frame original para detectar mano...
2025-11-11 22:24:36,785 - biometric_gesture_system - INFO - [authentication_system.py:543] - AUTH: No se detectó mano válida en frame original
2025-11-11 22:24:36,900 - biometric_gesture_system - INFO - [authentication_system.py:523] - Procesando frame para sesión b7570ef8-828b-4d55-b041-d3a5c20885ac
2025-11-11 22:24:36,911 - biometric_gesture_system - INFO - [authentication_system.py:534] - AUTH: Frame #14 capturado - Shape: (720, 1280, 3)
2025-11-11 22:24:36,912 - biometric_gesture_system - INFO - [authentication_system.py:539] - AUTH: Procesando frame original para detectar mano...
2025-11-11 22:24:36,993 - biometric_gesture_system - INFO - [authentication_system.py:543] - AUTH: No se detectó mano válida en frame original
2025-11-11 22:24:37,087 - biometric_gesture_system - INFO - [authentication_system.py:523] - Procesando frame para sesión b7570ef8-828b-4d55-b041-d3a5c20885ac
2025-11-11 22:24:37,098 - biometric_gesture_system - INFO - [authentication_system.py:534] - AUTH: Frame #15 capturado - Shape: (720, 1280, 3)
2025-11-11 22:24:37,098 - biometric_gesture_system - INFO - [authentication_system.py:539] - AUTH: Procesando frame original para detectar mano...
2025-11-11 22:24:37,164 - biometric_gesture_system - INFO - [authentication_system.py:543] - AUTH: No se detectó mano válida en frame original
2025-11-11 22:24:37,301 - biometric_gesture_system - INFO - [authentication_system.py:523] - Procesando frame para sesión b7570ef8-828b-4d55-b041-d3a5c20885ac
2025-11-11 22:24:37,314 - biometric_gesture_system - INFO - [authentication_system.py:534] - AUTH: Frame #16 capturado - Shape: (720, 1280, 3)
2025-11-11 22:24:37,314 - biometric_gesture_system - INFO - [authentication_system.py:539] - AUTH: Procesando frame original para detectar mano...
2025-11-11 22:24:37,375 - biometric_gesture_system - INFO - [authentication_system.py:543] - AUTH: No se detectó mano válida en frame original
2025-11-11 22:24:37,496 - biometric_gesture_system - INFO - [authentication_system.py:523] - Procesando frame para sesión b7570ef8-828b-4d55-b041-d3a5c20885ac
2025-11-11 22:24:37,506 - biometric_gesture_system - INFO - [authentication_system.py:534] - AUTH: Frame #17 capturado - Shape: (720, 1280, 3)
2025-11-11 22:24:37,507 - biometric_gesture_system - INFO - [authentication_system.py:539] - AUTH: Procesando frame original para detectar mano...
2025-11-11 22:24:37,604 - biometric_gesture_system - INFO - [authentication_system.py:543] - AUTH: No se detectó mano válida en frame original
2025-11-11 22:24:37,697 - biometric_gesture_system - INFO - [authentication_system.py:523] - Procesando frame para sesión b7570ef8-828b-4d55-b041-d3a5c20885ac
2025-11-11 22:24:37,706 - biometric_gesture_system - INFO - [authentication_system.py:534] - AUTH: Frame #18 capturado - Shape: (720, 1280, 3)
2025-11-11 22:24:37,706 - biometric_gesture_system - INFO - [authentication_system.py:539] - AUTH: Procesando frame original para detectar mano...
2025-11-11 22:24:37,770 - biometric_gesture_system - INFO - [authentication_system.py:543] - AUTH: No se detectó mano válida en frame original
2025-11-11 22:24:37,899 - biometric_gesture_system - INFO - [authentication_system.py:523] - Procesando frame para sesión b7570ef8-828b-4d55-b041-d3a5c20885ac
2025-11-11 22:24:37,906 - biometric_gesture_system - INFO - [authentication_system.py:534] - AUTH: Frame #19 capturado - Shape: (720, 1280, 3)
2025-11-11 22:24:37,906 - biometric_gesture_system - INFO - [authentication_system.py:539] - AUTH: Procesando frame original para detectar mano...
2025-11-11 22:24:37,969 - biometric_gesture_system - INFO - [authentication_system.py:543] - AUTH: No se detectó mano válida en frame original
2025-11-11 22:24:38,096 - biometric_gesture_system - INFO - [authentication_system.py:523] - Procesando frame para sesión b7570ef8-828b-4d55-b041-d3a5c20885ac
2025-11-11 22:24:38,110 - biometric_gesture_system - INFO - [authentication_system.py:534] - AUTH: Frame #20 capturado - Shape: (720, 1280, 3)
2025-11-11 22:24:38,111 - biometric_gesture_system - INFO - [authentication_system.py:539] - AUTH: Procesando frame original para detectar mano...
2025-11-11 22:24:38,185 - biometric_gesture_system - INFO - [authentication_system.py:543] - AUTH: No se detectó mano válida en frame original
2025-11-11 22:24:38,298 - biometric_gesture_system - INFO - [authentication_system.py:523] - Procesando frame para sesión b7570ef8-828b-4d55-b041-d3a5c20885ac
2025-11-11 22:24:38,313 - biometric_gesture_system - INFO - [authentication_system.py:534] - AUTH: Frame #21 capturado - Shape: (720, 1280, 3)
2025-11-11 22:24:38,314 - biometric_gesture_system - INFO - [authentication_system.py:539] - AUTH: Procesando frame original para detectar mano...
2025-11-11 22:24:38,409 - biometric_gesture_system - INFO - [authentication_system.py:543] - AUTH: No se detectó mano válida en frame original
2025-11-11 22:24:38,490 - biometric_gesture_system - INFO - [authentication_system.py:523] - Procesando frame para sesión b7570ef8-828b-4d55-b041-d3a5c20885ac
2025-11-11 22:24:38,500 - biometric_gesture_system - INFO - [authentication_system.py:534] - AUTH: Frame #22 capturado - Shape: (720, 1280, 3)
2025-11-11 22:24:38,501 - biometric_gesture_system - INFO - [authentication_system.py:539] - AUTH: Procesando frame original para detectar mano...
2025-11-11 22:24:38,591 - biometric_gesture_system - INFO - [authentication_system.py:543] - AUTH: No se detectó mano válida en frame original
2025-11-11 22:24:38,686 - biometric_gesture_system - INFO - [authentication_system.py:523] - Procesando frame para sesión b7570ef8-828b-4d55-b041-d3a5c20885ac
2025-11-11 22:24:38,700 - biometric_gesture_system - INFO - [authentication_system.py:534] - AUTH: Frame #23 capturado - Shape: (720, 1280, 3)
2025-11-11 22:24:38,700 - biometric_gesture_system - INFO - [authentication_system.py:539] - AUTH: Procesando frame original para detectar mano...
2025-11-11 22:24:38,773 - biometric_gesture_system - INFO - [authentication_system.py:543] - AUTH: No se detectó mano válida en frame original
2025-11-11 22:24:38,898 - biometric_gesture_system - INFO - [authentication_system.py:523] - Procesando frame para sesión b7570ef8-828b-4d55-b041-d3a5c20885ac
2025-11-11 22:24:38,907 - biometric_gesture_system - INFO - [authentication_system.py:534] - AUTH: Frame #24 capturado - Shape: (720, 1280, 3)
2025-11-11 22:24:38,908 - biometric_gesture_system - INFO - [authentication_system.py:539] - AUTH: Procesando frame original para detectar mano...
2025-11-11 22:24:39,002 - biometric_gesture_system - INFO - [authentication_system.py:543] - AUTH: No se detectó mano válida en frame original
2025-11-11 22:24:39,097 - biometric_gesture_system - INFO - [authentication_system.py:523] - Procesando frame para sesión b7570ef8-828b-4d55-b041-d3a5c20885ac
2025-11-11 22:24:39,108 - biometric_gesture_system - INFO - [authentication_system.py:534] - AUTH: Frame #25 capturado - Shape: (720, 1280, 3)
2025-11-11 22:24:39,109 - biometric_gesture_system - INFO - [authentication_system.py:539] - AUTH: Procesando frame original para detectar mano...
2025-11-11 22:24:39,199 - biometric_gesture_system - INFO - [authentication_system.py:543] - AUTH: No se detectó mano válida en frame original
2025-11-11 22:24:39,296 - biometric_gesture_system - INFO - [authentication_system.py:523] - Procesando frame para sesión b7570ef8-828b-4d55-b041-d3a5c20885ac
2025-11-11 22:24:39,309 - biometric_gesture_system - INFO - [authentication_system.py:534] - AUTH: Frame #26 capturado - Shape: (720, 1280, 3)
2025-11-11 22:24:39,309 - biometric_gesture_system - INFO - [authentication_system.py:539] - AUTH: Procesando frame original para detectar mano...
2025-11-11 22:24:39,403 - biometric_gesture_system - INFO - [authentication_system.py:543] - AUTH: No se detectó mano válida en frame original
2025-11-11 22:24:39,497 - biometric_gesture_system - INFO - [authentication_system.py:523] - Procesando frame para sesión b7570ef8-828b-4d55-b041-d3a5c20885ac
2025-11-11 22:24:39,508 - biometric_gesture_system - INFO - [authentication_system.py:534] - AUTH: Frame #27 capturado - Shape: (720, 1280, 3)
2025-11-11 22:24:39,509 - biometric_gesture_system - INFO - [authentication_system.py:539] - AUTH: Procesando frame original para detectar mano...
2025-11-11 22:24:39,619 - biometric_gesture_system - INFO - [authentication_system.py:543] - AUTH: No se detectó mano válida en frame original
2025-11-11 22:24:39,692 - biometric_gesture_system - INFO - [authentication_system.py:523] - Procesando frame para sesión b7570ef8-828b-4d55-b041-d3a5c20885ac
2025-11-11 22:24:39,712 - biometric_gesture_system - INFO - [authentication_system.py:534] - AUTH: Frame #28 capturado - Shape: (720, 1280, 3)
2025-11-11 22:24:39,713 - biometric_gesture_system - INFO - [authentication_system.py:539] - AUTH: Procesando frame original para detectar mano...
2025-11-11 22:24:39,801 - biometric_gesture_system - INFO - [authentication_system.py:543] - AUTH: No se detectó mano válida en frame original
2025-11-11 22:24:39,892 - biometric_gesture_system - INFO - [authentication_system.py:523] - Procesando frame para sesión b7570ef8-828b-4d55-b041-d3a5c20885ac
2025-11-11 22:24:39,897 - biometric_gesture_system - INFO - [authentication_system.py:534] - AUTH: Frame #29 capturado - Shape: (720, 1280, 3)
2025-11-11 22:24:39,897 - biometric_gesture_system - INFO - [authentication_system.py:539] - AUTH: Procesando frame original para detectar mano...
2025-11-11 22:24:39,997 - biometric_gesture_system - INFO - [authentication_system.py:543] - AUTH: No se detectó mano válida en frame original
2025-11-11 22:24:40,091 - biometric_gesture_system - INFO - [authentication_system.py:523] - Procesando frame para sesión b7570ef8-828b-4d55-b041-d3a5c20885ac
2025-11-11 22:24:40,101 - biometric_gesture_system - INFO - [authentication_system.py:534] - AUTH: Frame #30 capturado - Shape: (720, 1280, 3)
2025-11-11 22:24:40,101 - biometric_gesture_system - INFO - [authentication_system.py:539] - AUTH: Procesando frame original para detectar mano...
2025-11-11 22:24:40,195 - biometric_gesture_system - INFO - [authentication_system.py:543] - AUTH: No se detectó mano válida en frame original
2025-11-11 22:24:40,294 - biometric_gesture_system - INFO - [authentication_system.py:523] - Procesando frame para sesión b7570ef8-828b-4d55-b041-d3a5c20885ac
2025-11-11 22:24:40,303 - biometric_gesture_system - INFO - [authentication_system.py:534] - AUTH: Frame #31 capturado - Shape: (720, 1280, 3)
2025-11-11 22:24:40,303 - biometric_gesture_system - INFO - [authentication_system.py:539] - AUTH: Procesando frame original para detectar mano...
2025-11-11 22:24:40,390 - biometric_gesture_system - INFO - [authentication_system.py:543] - AUTH: No se detectó mano válida en frame original
2025-11-11 22:24:40,492 - biometric_gesture_system - INFO - [authentication_system.py:523] - Procesando frame para sesión b7570ef8-828b-4d55-b041-d3a5c20885ac
2025-11-11 22:24:40,507 - biometric_gesture_system - INFO - [authentication_system.py:534] - AUTH: Frame #32 capturado - Shape: (720, 1280, 3)
2025-11-11 22:24:40,508 - biometric_gesture_system - INFO - [authentication_system.py:539] - AUTH: Procesando frame original para detectar mano...
2025-11-11 22:24:40,609 - biometric_gesture_system - INFO - [authentication_system.py:543] - AUTH: No se detectó mano válida en frame original
2025-11-11 22:24:40,699 - biometric_gesture_system - INFO - [authentication_system.py:523] - Procesando frame para sesión b7570ef8-828b-4d55-b041-d3a5c20885ac
2025-11-11 22:24:40,709 - biometric_gesture_system - INFO - [authentication_system.py:534] - AUTH: Frame #33 capturado - Shape: (720, 1280, 3)
2025-11-11 22:24:40,712 - biometric_gesture_system - INFO - [authentication_system.py:539] - AUTH: Procesando frame original para detectar mano...
2025-11-11 22:24:40,777 - biometric_gesture_system - INFO - [authentication_system.py:543] - AUTH: No se detectó mano válida en frame original
2025-11-11 22:24:40,889 - biometric_gesture_system - INFO - [authentication_system.py:523] - Procesando frame para sesión b7570ef8-828b-4d55-b041-d3a5c20885ac
2025-11-11 22:24:40,897 - biometric_gesture_system - INFO - [authentication_system.py:534] - AUTH: Frame #34 capturado - Shape: (720, 1280, 3)
2025-11-11 22:24:40,897 - biometric_gesture_system - INFO - [authentication_system.py:539] - AUTH: Procesando frame original para detectar mano...
2025-11-11 22:24:40,961 - biometric_gesture_system - INFO - [authentication_system.py:543] - AUTH: No se detectó mano válida en frame original
2025-11-11 22:24:41,105 - biometric_gesture_system - INFO - [authentication_system.py:523] - Procesando frame para sesión b7570ef8-828b-4d55-b041-d3a5c20885ac
2025-11-11 22:24:41,115 - biometric_gesture_system - INFO - [authentication_system.py:534] - AUTH: Frame #35 capturado - Shape: (720, 1280, 3)
2025-11-11 22:24:41,116 - biometric_gesture_system - INFO - [authentication_system.py:539] - AUTH: Procesando frame original para detectar mano...
2025-11-11 22:24:41,214 - biometric_gesture_system - INFO - [authentication_system.py:543] - AUTH: No se detectó mano válida en frame original
2025-11-11 22:24:41,289 - biometric_gesture_system - INFO - [authentication_system.py:523] - Procesando frame para sesión b7570ef8-828b-4d55-b041-d3a5c20885ac
2025-11-11 22:24:41,303 - biometric_gesture_system - INFO - [authentication_system.py:534] - AUTH: Frame #36 capturado - Shape: (720, 1280, 3)
2025-11-11 22:24:41,304 - biometric_gesture_system - INFO - [authentication_system.py:539] - AUTH: Procesando frame original para detectar mano...
2025-11-11 22:24:41,392 - biometric_gesture_system - INFO - [authentication_system.py:543] - AUTH: No se detectó mano válida en frame original
2025-11-11 22:24:41,491 - biometric_gesture_system - INFO - [authentication_system.py:523] - Procesando frame para sesión b7570ef8-828b-4d55-b041-d3a5c20885ac
2025-11-11 22:24:41,503 - biometric_gesture_system - INFO - [authentication_system.py:534] - AUTH: Frame #37 capturado - Shape: (720, 1280, 3)
2025-11-11 22:24:41,503 - biometric_gesture_system - INFO - [authentication_system.py:539] - AUTH: Procesando frame original para detectar mano...
2025-11-11 22:24:41,573 - biometric_gesture_system - INFO - [authentication_system.py:543] - AUTH: No se detectó mano válida en frame original
2025-11-11 22:24:41,695 - biometric_gesture_system - INFO - [authentication_system.py:523] - Procesando frame para sesión b7570ef8-828b-4d55-b041-d3a5c20885ac
2025-11-11 22:24:41,708 - biometric_gesture_system - INFO - [authentication_system.py:534] - AUTH: Frame #38 capturado - Shape: (720, 1280, 3)
2025-11-11 22:24:41,709 - biometric_gesture_system - INFO - [authentication_system.py:539] - AUTH: Procesando frame original para detectar mano...
2025-11-11 22:24:41,809 - biometric_gesture_system - INFO - [authentication_system.py:543] - AUTH: No se detectó mano válida en frame original
2025-11-11 22:24:41,887 - biometric_gesture_system - INFO - [authentication_system.py:523] - Procesando frame para sesión b7570ef8-828b-4d55-b041-d3a5c20885ac
2025-11-11 22:24:41,892 - biometric_gesture_system - INFO - [authentication_system.py:534] - AUTH: Frame #39 capturado - Shape: (720, 1280, 3)
2025-11-11 22:24:41,892 - biometric_gesture_system - INFO - [authentication_system.py:539] - AUTH: Procesando frame original para detectar mano...
2025-11-11 22:24:41,978 - biometric_gesture_system - INFO - [authentication_system.py:543] - AUTH: No se detectó mano válida en frame original
2025-11-11 22:24:42,110 - biometric_gesture_system - INFO - [authentication_system.py:523] - Procesando frame para sesión b7570ef8-828b-4d55-b041-d3a5c20885ac
2025-11-11 22:24:42,127 - biometric_gesture_system - INFO - [authentication_system.py:534] - AUTH: Frame #40 capturado - Shape: (720, 1280, 3)
2025-11-11 22:24:42,128 - biometric_gesture_system - INFO - [authentication_system.py:539] - AUTH: Procesando frame original para detectar mano...
2025-11-11 22:24:42,190 - biometric_gesture_system - INFO - [authentication_system.py:543] - AUTH: No se detectó mano válida en frame original
2025-11-11 22:24:42,296 - biometric_gesture_system - INFO - [authentication_system.py:523] - Procesando frame para sesión b7570ef8-828b-4d55-b041-d3a5c20885ac
2025-11-11 22:24:42,315 - biometric_gesture_system - INFO - [authentication_system.py:534] - AUTH: Frame #41 capturado - Shape: (720, 1280, 3)
2025-11-11 22:24:42,316 - biometric_gesture_system - INFO - [authentication_system.py:539] - AUTH: Procesando frame original para detectar mano...
2025-11-11 22:24:42,403 - biometric_gesture_system - INFO - [authentication_system.py:543] - AUTH: No se detectó mano válida en frame original
2025-11-11 22:24:42,488 - biometric_gesture_system - INFO - [authentication_system.py:523] - Procesando frame para sesión b7570ef8-828b-4d55-b041-d3a5c20885ac
2025-11-11 22:24:42,500 - biometric_gesture_system - INFO - [authentication_system.py:534] - AUTH: Frame #42 capturado - Shape: (720, 1280, 3)
2025-11-11 22:24:42,500 - biometric_gesture_system - INFO - [authentication_system.py:539] - AUTH: Procesando frame original para detectar mano...
2025-11-11 22:24:42,572 - biometric_gesture_system - INFO - [authentication_system.py:543] - AUTH: No se detectó mano válida en frame original
2025-11-11 22:24:42,690 - biometric_gesture_system - INFO - [authentication_system.py:523] - Procesando frame para sesión b7570ef8-828b-4d55-b041-d3a5c20885ac
2025-11-11 22:24:42,703 - biometric_gesture_system - INFO - [authentication_system.py:534] - AUTH: Frame #43 capturado - Shape: (720, 1280, 3)
2025-11-11 22:24:42,703 - biometric_gesture_system - INFO - [authentication_system.py:539] - AUTH: Procesando frame original para detectar mano...
2025-11-11 22:24:42,778 - biometric_gesture_system - INFO - [authentication_system.py:543] - AUTH: No se detectó mano válida en frame original
2025-11-11 22:24:42,892 - biometric_gesture_system - INFO - [authentication_system.py:523] - Procesando frame para sesión b7570ef8-828b-4d55-b041-d3a5c20885ac
2025-11-11 22:24:42,903 - biometric_gesture_system - INFO - [authentication_system.py:534] - AUTH: Frame #44 capturado - Shape: (720, 1280, 3)
2025-11-11 22:24:42,905 - biometric_gesture_system - INFO - [authentication_system.py:539] - AUTH: Procesando frame original para detectar mano...
2025-11-11 22:24:43,003 - biometric_gesture_system - INFO - [authentication_system.py:543] - AUTH: No se detectó mano válida en frame original
2025-11-11 22:24:43,099 - biometric_gesture_system - INFO - [authentication_system.py:523] - Procesando frame para sesión b7570ef8-828b-4d55-b041-d3a5c20885ac
2025-11-11 22:24:43,108 - biometric_gesture_system - INFO - [authentication_system.py:534] - AUTH: Frame #45 capturado - Shape: (720, 1280, 3)
2025-11-11 22:24:43,109 - biometric_gesture_system - INFO - [authentication_system.py:539] - AUTH: Procesando frame original para detectar mano...
2025-11-11 22:24:43,197 - biometric_gesture_system - INFO - [authentication_system.py:543] - AUTH: No se detectó mano válida en frame original
2025-11-11 22:24:43,291 - biometric_gesture_system - INFO - [authentication_system.py:523] - Procesando frame para sesión b7570ef8-828b-4d55-b041-d3a5c20885ac
2025-11-11 22:24:43,297 - biometric_gesture_system - INFO - [authentication_system.py:534] - AUTH: Frame #46 capturado - Shape: (720, 1280, 3)
2025-11-11 22:24:43,298 - biometric_gesture_system - INFO - [authentication_system.py:539] - AUTH: Procesando frame original para detectar mano...
2025-11-11 22:24:43,384 - biometric_gesture_system - INFO - [authentication_system.py:543] - AUTH: No se detectó mano válida en frame original
2025-11-11 22:24:43,494 - biometric_gesture_system - INFO - [authentication_system.py:523] - Procesando frame para sesión b7570ef8-828b-4d55-b041-d3a5c20885ac
2025-11-11 22:24:43,513 - biometric_gesture_system - INFO - [authentication_system.py:534] - AUTH: Frame #47 capturado - Shape: (720, 1280, 3)
2025-11-11 22:24:43,513 - biometric_gesture_system - INFO - [authentication_system.py:539] - AUTH: Procesando frame original para detectar mano...
2025-11-11 22:24:43,623 - biometric_gesture_system - INFO - [authentication_system.py:543] - AUTH: No se detectó mano válida en frame original
2025-11-11 22:24:43,706 - biometric_gesture_system - INFO - [authentication_system.py:523] - Procesando frame para sesión b7570ef8-828b-4d55-b041-d3a5c20885ac
2025-11-11 22:24:43,711 - biometric_gesture_system - INFO - [authentication_system.py:534] - AUTH: Frame #48 capturado - Shape: (720, 1280, 3)
2025-11-11 22:24:43,712 - biometric_gesture_system - INFO - [authentication_system.py:539] - AUTH: Procesando frame original para detectar mano...
2025-11-11 22:24:43,810 - biometric_gesture_system - INFO - [authentication_system.py:543] - AUTH: No se detectó mano válida en frame original
2025-11-11 22:24:43,901 - biometric_gesture_system - INFO - [authentication_system.py:523] - Procesando frame para sesión b7570ef8-828b-4d55-b041-d3a5c20885ac
2025-11-11 22:24:43,915 - biometric_gesture_system - INFO - [authentication_system.py:534] - AUTH: Frame #49 capturado - Shape: (720, 1280, 3)
2025-11-11 22:24:43,916 - biometric_gesture_system - INFO - [authentication_system.py:539] - AUTH: Procesando frame original para detectar mano...
2025-11-11 22:24:44,003 - biometric_gesture_system - INFO - [authentication_system.py:543] - AUTH: No se detectó mano válida en frame original
2025-11-11 22:24:44,086 - biometric_gesture_system - INFO - [authentication_system.py:523] - Procesando frame para sesión b7570ef8-828b-4d55-b041-d3a5c20885ac
2025-11-11 22:24:44,100 - biometric_gesture_system - INFO - [authentication_system.py:534] - AUTH: Frame #50 capturado - Shape: (720, 1280, 3)
2025-11-11 22:24:44,100 - biometric_gesture_system - INFO - [authentication_system.py:539] - AUTH: Procesando frame original para detectar mano...
2025-11-11 22:24:44,178 - biometric_gesture_system - INFO - [authentication_system.py:543] - AUTH: No se detectó mano válida en frame original
2025-11-11 22:24:44,293 - biometric_gesture_system - INFO - [authentication_system.py:523] - Procesando frame para sesión b7570ef8-828b-4d55-b041-d3a5c20885ac
2025-11-11 22:24:44,303 - biometric_gesture_system - INFO - [authentication_system.py:534] - AUTH: Frame #51 capturado - Shape: (720, 1280, 3)
2025-11-11 22:24:44,303 - biometric_gesture_system - INFO - [authentication_system.py:539] - AUTH: Procesando frame original para detectar mano...
2025-11-11 22:24:44,396 - biometric_gesture_system - INFO - [authentication_system.py:543] - AUTH: No se detectó mano válida en frame original
2025-11-11 22:24:44,491 - biometric_gesture_system - INFO - [authentication_system.py:523] - Procesando frame para sesión b7570ef8-828b-4d55-b041-d3a5c20885ac
2025-11-11 22:24:44,504 - biometric_gesture_system - INFO - [authentication_system.py:534] - AUTH: Frame #52 capturado - Shape: (720, 1280, 3)
2025-11-11 22:24:44,504 - biometric_gesture_system - INFO - [authentication_system.py:539] - AUTH: Procesando frame original para detectar mano...
2025-11-11 22:24:44,595 - biometric_gesture_system - INFO - [authentication_system.py:543] - AUTH: No se detectó mano válida en frame original
2025-11-11 22:24:44,691 - biometric_gesture_system - INFO - [authentication_system.py:523] - Procesando frame para sesión b7570ef8-828b-4d55-b041-d3a5c20885ac
2025-11-11 22:24:44,706 - biometric_gesture_system - INFO - [authentication_system.py:534] - AUTH: Frame #53 capturado - Shape: (720, 1280, 3)
2025-11-11 22:24:44,707 - biometric_gesture_system - INFO - [authentication_system.py:539] - AUTH: Procesando frame original para detectar mano...
2025-11-11 22:24:44,800 - biometric_gesture_system - INFO - [authentication_system.py:543] - AUTH: No se detectó mano válida en frame original
2025-11-11 22:24:44,898 - biometric_gesture_system - INFO - [authentication_system.py:523] - Procesando frame para sesión b7570ef8-828b-4d55-b041-d3a5c20885ac
2025-11-11 22:24:44,909 - biometric_gesture_system - INFO - [authentication_system.py:534] - AUTH: Frame #54 capturado - Shape: (720, 1280, 3)
2025-11-11 22:24:44,909 - biometric_gesture_system - INFO - [authentication_system.py:539] - AUTH: Procesando frame original para detectar mano...
2025-11-11 22:24:44,988 - biometric_gesture_system - INFO - [authentication_system.py:543] - AUTH: No se detectó mano válida en frame original
2025-11-11 22:24:45,106 - biometric_gesture_system - INFO - [authentication_system.py:523] - Procesando frame para sesión b7570ef8-828b-4d55-b041-d3a5c20885ac
2025-11-11 22:24:45,115 - biometric_gesture_system - INFO - [authentication_system.py:534] - AUTH: Frame #55 capturado - Shape: (720, 1280, 3)
2025-11-11 22:24:45,115 - biometric_gesture_system - INFO - [authentication_system.py:539] - AUTH: Procesando frame original para detectar mano...
2025-11-11 22:24:45,210 - biometric_gesture_system - INFO - [authentication_system.py:543] - AUTH: No se detectó mano válida en frame original
2025-11-11 22:24:45,291 - biometric_gesture_system - INFO - [authentication_system.py:523] - Procesando frame para sesión b7570ef8-828b-4d55-b041-d3a5c20885ac
2025-11-11 22:24:45,301 - biometric_gesture_system - INFO - [authentication_system.py:534] - AUTH: Frame #56 capturado - Shape: (720, 1280, 3)
2025-11-11 22:24:45,302 - biometric_gesture_system - INFO - [authentication_system.py:539] - AUTH: Procesando frame original para detectar mano...
2025-11-11 22:24:45,387 - biometric_gesture_system - INFO - [authentication_system.py:543] - AUTH: No se detectó mano válida en frame original
2025-11-11 22:24:45,496 - biometric_gesture_system - INFO - [authentication_system.py:523] - Procesando frame para sesión b7570ef8-828b-4d55-b041-d3a5c20885ac
2025-11-11 22:24:45,504 - biometric_gesture_system - INFO - [authentication_system.py:534] - AUTH: Frame #57 capturado - Shape: (720, 1280, 3)
2025-11-11 22:24:45,504 - biometric_gesture_system - INFO - [authentication_system.py:539] - AUTH: Procesando frame original para detectar mano...
2025-11-11 22:24:45,607 - biometric_gesture_system - INFO - [authentication_system.py:543] - AUTH: No se detectó mano válida en frame original
2025-11-11 22:24:45,694 - biometric_gesture_system - INFO - [authentication_system.py:523] - Procesando frame para sesión b7570ef8-828b-4d55-b041-d3a5c20885ac
2025-11-11 22:24:45,708 - biometric_gesture_system - INFO - [authentication_system.py:534] - AUTH: Frame #58 capturado - Shape: (720, 1280, 3)
2025-11-11 22:24:45,708 - biometric_gesture_system - INFO - [authentication_system.py:539] - AUTH: Procesando frame original para detectar mano...
2025-11-11 22:24:45,803 - biometric_gesture_system - INFO - [authentication_system.py:543] - AUTH: No se detectó mano válida en frame original
2025-11-11 22:24:45,902 - biometric_gesture_system - INFO - [authentication_system.py:523] - Procesando frame para sesión b7570ef8-828b-4d55-b041-d3a5c20885ac
2025-11-11 22:24:45,912 - biometric_gesture_system - INFO - [authentication_system.py:534] - AUTH: Frame #59 capturado - Shape: (720, 1280, 3)
2025-11-11 22:24:45,912 - biometric_gesture_system - INFO - [authentication_system.py:539] - AUTH: Procesando frame original para detectar mano...
2025-11-11 22:24:45,994 - biometric_gesture_system - INFO - [authentication_system.py:543] - AUTH: No se detectó mano válida en frame original
2025-11-11 22:24:46,104 - biometric_gesture_system - INFO - [authentication_system.py:523] - Procesando frame para sesión b7570ef8-828b-4d55-b041-d3a5c20885ac
2025-11-11 22:24:46,114 - biometric_gesture_system - INFO - [authentication_system.py:534] - AUTH: Frame #60 capturado - Shape: (720, 1280, 3)
2025-11-11 22:24:46,115 - biometric_gesture_system - INFO - [authentication_system.py:539] - AUTH: Procesando frame original para detectar mano...
2025-11-11 22:24:46,207 - biometric_gesture_system - INFO - [authentication_system.py:543] - AUTH: No se detectó mano válida en frame original
2025-11-11 22:24:46,302 - biometric_gesture_system - INFO - [authentication_system.py:523] - Procesando frame para sesión b7570ef8-828b-4d55-b041-d3a5c20885ac
2025-11-11 22:24:46,316 - biometric_gesture_system - INFO - [authentication_system.py:534] - AUTH: Frame #61 capturado - Shape: (720, 1280, 3)
2025-11-11 22:24:46,317 - biometric_gesture_system - INFO - [authentication_system.py:539] - AUTH: Procesando frame original para detectar mano...
2025-11-11 22:24:46,411 - biometric_gesture_system - INFO - [authentication_system.py:543] - AUTH: No se detectó mano válida en frame original
2025-11-11 22:24:46,498 - biometric_gesture_system - INFO - [authentication_system.py:523] - Procesando frame para sesión b7570ef8-828b-4d55-b041-d3a5c20885ac
2025-11-11 22:24:46,505 - biometric_gesture_system - INFO - [authentication_system.py:534] - AUTH: Frame #62 capturado - Shape: (720, 1280, 3)
2025-11-11 22:24:46,505 - biometric_gesture_system - INFO - [authentication_system.py:539] - AUTH: Procesando frame original para detectar mano...
2025-11-11 22:24:46,595 - biometric_gesture_system - INFO - [authentication_system.py:543] - AUTH: No se detectó mano válida en frame original
2025-11-11 22:24:46,692 - biometric_gesture_system - INFO - [authentication_system.py:523] - Procesando frame para sesión b7570ef8-828b-4d55-b041-d3a5c20885ac
2025-11-11 22:24:46,706 - biometric_gesture_system - INFO - [authentication_system.py:534] - AUTH: Frame #63 capturado - Shape: (720, 1280, 3)
2025-11-11 22:24:46,707 - biometric_gesture_system - INFO - [authentication_system.py:539] - AUTH: Procesando frame original para detectar mano...
2025-11-11 22:24:46,788 - biometric_gesture_system - INFO - [authentication_system.py:543] - AUTH: No se detectó mano válida en frame original
2025-11-11 22:24:46,903 - biometric_gesture_system - INFO - [authentication_system.py:523] - Procesando frame para sesión b7570ef8-828b-4d55-b041-d3a5c20885ac
2025-11-11 22:24:46,909 - biometric_gesture_system - INFO - [authentication_system.py:534] - AUTH: Frame #64 capturado - Shape: (720, 1280, 3)
2025-11-11 22:24:46,910 - biometric_gesture_system - INFO - [authentication_system.py:539] - AUTH: Procesando frame original para detectar mano...
2025-11-11 22:24:47,015 - biometric_gesture_system - INFO - [authentication_system.py:543] - AUTH: No se detectó mano válida en frame original
2025-11-11 22:24:47,290 - biometric_gesture_system - INFO - [authentication_system.py:523] - Procesando frame para sesión b7570ef8-828b-4d55-b041-d3a5c20885ac
2025-11-11 22:24:47,299 - biometric_gesture_system - INFO - [authentication_system.py:534] - AUTH: Frame #65 capturado - Shape: (720, 1280, 3)
2025-11-11 22:24:47,300 - biometric_gesture_system - INFO - [authentication_system.py:539] - AUTH: Procesando frame original para detectar mano...
2025-11-11 22:24:47,367 - biometric_gesture_system - INFO - [authentication_system.py:543] - AUTH: No se detectó mano válida en frame original
2025-11-11 22:24:48,502 - biometric_gesture_system - INFO - [authentication_system.py:523] - Procesando frame para sesión b7570ef8-828b-4d55-b041-d3a5c20885ac
2025-11-11 22:24:48,512 - biometric_gesture_system - INFO - [authentication_system.py:534] - AUTH: Frame #66 capturado - Shape: (720, 1280, 3)
2025-11-11 22:24:48,512 - biometric_gesture_system - INFO - [authentication_system.py:539] - AUTH: Procesando frame original para detectar mano...
2025-11-11 22:24:48,642 - biometric_gesture_system - INFO - [authentication_system.py:543] - AUTH: No se detectó mano válida en frame original
2025-11-11 22:24:49,504 - biometric_gesture_system - INFO - [authentication_system.py:523] - Procesando frame para sesión b7570ef8-828b-4d55-b041-d3a5c20885ac
2025-11-11 22:24:49,512 - biometric_gesture_system - INFO - [authentication_system.py:534] - AUTH: Frame #67 capturado - Shape: (720, 1280, 3)
2025-11-11 22:24:49,513 - biometric_gesture_system - INFO - [authentication_system.py:539] - AUTH: Procesando frame original para detectar mano...
2025-11-11 22:24:49,596 - biometric_gesture_system - INFO - [authentication_system.py:543] - AUTH: No se detectó mano válida en frame original
2025-11-11 22:24:50,503 - biometric_gesture_system - INFO - [authentication_system.py:523] - Procesando frame para sesión b7570ef8-828b-4d55-b041-d3a5c20885ac
2025-11-11 22:24:50,511 - biometric_gesture_system - INFO - [authentication_system.py:534] - AUTH: Frame #68 capturado - Shape: (720, 1280, 3)
2025-11-11 22:24:50,512 - biometric_gesture_system - INFO - [authentication_system.py:539] - AUTH: Procesando frame original para detectar mano...
2025-11-11 22:24:50,606 - biometric_gesture_system - INFO - [authentication_system.py:543] - AUTH: No se detectó mano válida en frame original
2025-11-11 22:24:51,497 - biometric_gesture_system - INFO - [authentication_system.py:523] - Procesando frame para sesión b7570ef8-828b-4d55-b041-d3a5c20885ac
2025-11-11 22:24:51,507 - biometric_gesture_system - INFO - [authentication_system.py:534] - AUTH: Frame #69 capturado - Shape: (720, 1280, 3)
2025-11-11 22:24:51,508 - biometric_gesture_system - INFO - [authentication_system.py:539] - AUTH: Procesando frame original para detectar mano...
2025-11-11 22:24:51,605 - biometric_gesture_system - INFO - [authentication_system.py:543] - AUTH: No se detectó mano válida en frame original
2025-11-11 22:24:52,490 - biometric_gesture_system - INFO - [authentication_system.py:523] - Procesando frame para sesión b7570ef8-828b-4d55-b041-d3a5c20885ac
2025-11-11 22:24:52,502 - biometric_gesture_system - INFO - [authentication_system.py:534] - AUTH: Frame #70 capturado - Shape: (720, 1280, 3)
2025-11-11 22:24:52,503 - biometric_gesture_system - INFO - [authentication_system.py:539] - AUTH: Procesando frame original para detectar mano...
2025-11-11 22:24:52,558 - biometric_gesture_system - INFO - [authentication_system.py:543] - AUTH: No se detectó mano válida en frame original
2025-11-11 22:24:53,495 - biometric_gesture_system - INFO - [authentication_system.py:523] - Procesando frame para sesión b7570ef8-828b-4d55-b041-d3a5c20885ac
2025-11-11 22:24:53,503 - biometric_gesture_system - INFO - [authentication_system.py:534] - AUTH: Frame #71 capturado - Shape: (720, 1280, 3)
2025-11-11 22:24:53,505 - biometric_gesture_system - INFO - [authentication_system.py:539] - AUTH: Procesando frame original para detectar mano...
2025-11-11 22:24:53,593 - biometric_gesture_system - INFO - [authentication_system.py:543] - AUTH: No se detectó mano válida en frame original
2025-11-11 22:24:54,496 - biometric_gesture_system - INFO - [authentication_system.py:523] - Procesando frame para sesión b7570ef8-828b-4d55-b041-d3a5c20885ac
2025-11-11 22:24:54,506 - biometric_gesture_system - INFO - [authentication_system.py:534] - AUTH: Frame #72 capturado - Shape: (720, 1280, 3)
2025-11-11 22:24:54,507 - biometric_gesture_system - INFO - [authentication_system.py:539] - AUTH: Procesando frame original para detectar mano...
2025-11-11 22:24:54,607 - biometric_gesture_system - INFO - [authentication_system.py:543] - AUTH: No se detectó mano válida en frame original
2025-11-11 22:24:55,494 - biometric_gesture_system - INFO - [authentication_system.py:523] - Procesando frame para sesión b7570ef8-828b-4d55-b041-d3a5c20885ac
2025-11-11 22:24:55,503 - biometric_gesture_system - INFO - [authentication_system.py:534] - AUTH: Frame #73 capturado - Shape: (720, 1280, 3)
2025-11-11 22:24:55,503 - biometric_gesture_system - INFO - [authentication_system.py:539] - AUTH: Procesando frame original para detectar mano...
2025-11-11 22:24:55,599 - biometric_gesture_system - INFO - [authentication_system.py:543] - AUTH: No se detectó mano válida en frame original
2025-11-11 22:24:56,503 - biometric_gesture_system - INFO - [authentication_system.py:523] - Procesando frame para sesión b7570ef8-828b-4d55-b041-d3a5c20885ac
2025-11-11 22:24:56,510 - biometric_gesture_system - INFO - [authentication_system.py:534] - AUTH: Frame #74 capturado - Shape: (720, 1280, 3)
2025-11-11 22:24:56,511 - biometric_gesture_system - INFO - [authentication_system.py:539] - AUTH: Procesando frame original para detectar mano...
2025-11-11 22:24:56,618 - biometric_gesture_system - INFO - [authentication_system.py:543] - AUTH: No se detectó mano válida en frame original
2025-11-11 22:24:57,491 - biometric_gesture_system - INFO - [authentication_system.py:523] - Procesando frame para sesión b7570ef8-828b-4d55-b041-d3a5c20885ac
2025-11-11 22:24:57,501 - biometric_gesture_system - INFO - [authentication_system.py:534] - AUTH: Frame #75 capturado - Shape: (720, 1280, 3)
2025-11-11 22:24:57,502 - biometric_gesture_system - INFO - [authentication_system.py:539] - AUTH: Procesando frame original para detectar mano...
2025-11-11 22:24:57,572 - biometric_gesture_system - INFO - [authentication_system.py:543] - AUTH: No se detectó mano válida en frame original
2025-11-11 22:24:58,489 - biometric_gesture_system - INFO - [authentication_system.py:523] - Procesando frame para sesión b7570ef8-828b-4d55-b041-d3a5c20885ac
2025-11-11 22:24:58,499 - biometric_gesture_system - INFO - [authentication_system.py:534] - AUTH: Frame #76 capturado - Shape: (720, 1280, 3)
2025-11-11 22:24:58,499 - biometric_gesture_system - INFO - [authentication_system.py:539] - AUTH: Procesando frame original para detectar mano...
2025-11-11 22:24:58,591 - biometric_gesture_system - INFO - [authentication_system.py:543] - AUTH: No se detectó mano válida en frame original
2025-11-11 22:24:59,503 - biometric_gesture_system - INFO - [authentication_system.py:523] - Procesando frame para sesión b7570ef8-828b-4d55-b041-d3a5c20885ac
2025-11-11 22:24:59,511 - biometric_gesture_system - INFO - [authentication_system.py:534] - AUTH: Frame #77 capturado - Shape: (720, 1280, 3)
2025-11-11 22:24:59,511 - biometric_gesture_system - INFO - [authentication_system.py:539] - AUTH: Procesando frame original para detectar mano...
2025-11-11 22:24:59,605 - biometric_gesture_system - INFO - [authentication_system.py:543] - AUTH: No se detectó mano válida en frame original
2025-11-11 22:25:00,497 - biometric_gesture_system - INFO - [authentication_system.py:523] - Procesando frame para sesión b7570ef8-828b-4d55-b041-d3a5c20885ac
2025-11-11 22:25:00,506 - biometric_gesture_system - INFO - [authentication_system.py:534] - AUTH: Frame #78 capturado - Shape: (720, 1280, 3)
2025-11-11 22:25:00,506 - biometric_gesture_system - INFO - [authentication_system.py:539] - AUTH: Procesando frame original para detectar mano...
2025-11-11 22:25:00,597 - biometric_gesture_system - INFO - [authentication_system.py:543] - AUTH: No se detectó mano válida en frame original
2025-11-11 22:25:01,496 - biometric_gesture_system - INFO - [authentication_system.py:523] - Procesando frame para sesión b7570ef8-828b-4d55-b041-d3a5c20885ac
2025-11-11 22:25:01,506 - biometric_gesture_system - INFO - [authentication_system.py:534] - AUTH: Frame #79 capturado - Shape: (720, 1280, 3)
2025-11-11 22:25:01,506 - biometric_gesture_system - INFO - [authentication_system.py:539] - AUTH: Procesando frame original para detectar mano...
2025-11-11 22:25:01,593 - biometric_gesture_system - INFO - [authentication_system.py:543] - AUTH: No se detectó mano válida en frame original
2025-11-11 22:25:02,493 - biometric_gesture_system - INFO - [authentication_system.py:523] - Procesando frame para sesión b7570ef8-828b-4d55-b041-d3a5c20885ac
2025-11-11 22:25:02,503 - biometric_gesture_system - INFO - [authentication_system.py:534] - AUTH: Frame #80 capturado - Shape: (720, 1280, 3)
2025-11-11 22:25:02,503 - biometric_gesture_system - INFO - [authentication_system.py:539] - AUTH: Procesando frame original para detectar mano...
2025-11-11 22:25:02,602 - biometric_gesture_system - INFO - [authentication_system.py:543] - AUTH: No se detectó mano válida en frame original
2025-11-11 22:25:03,490 - biometric_gesture_system - INFO - [authentication_system.py:523] - Procesando frame para sesión b7570ef8-828b-4d55-b041-d3a5c20885ac
2025-11-11 22:25:03,500 - biometric_gesture_system - INFO - [authentication_system.py:534] - AUTH: Frame #81 capturado - Shape: (720, 1280, 3)
2025-11-11 22:25:03,501 - biometric_gesture_system - INFO - [authentication_system.py:539] - AUTH: Procesando frame original para detectar mano...
2025-11-11 22:25:03,595 - biometric_gesture_system - INFO - [authentication_system.py:543] - AUTH: No se detectó mano válida en frame original
2025-11-11 22:25:04,489 - biometric_gesture_system - INFO - [authentication_system.py:523] - Procesando frame para sesión b7570ef8-828b-4d55-b041-d3a5c20885ac
2025-11-11 22:25:04,499 - biometric_gesture_system - INFO - [authentication_system.py:534] - AUTH: Frame #82 capturado - Shape: (720, 1280, 3)
2025-11-11 22:25:04,500 - biometric_gesture_system - INFO - [authentication_system.py:539] - AUTH: Procesando frame original para detectar mano...
2025-11-11 22:25:04,588 - biometric_gesture_system - INFO - [authentication_system.py:543] - AUTH: No se detectó mano válida en frame original
2025-11-11 22:25:05,502 - biometric_gesture_system - INFO - [authentication_system.py:523] - Procesando frame para sesión b7570ef8-828b-4d55-b041-d3a5c20885ac
2025-11-11 22:25:05,512 - biometric_gesture_system - INFO - [authentication_system.py:534] - AUTH: Frame #83 capturado - Shape: (720, 1280, 3)
2025-11-11 22:25:05,513 - biometric_gesture_system - INFO - [authentication_system.py:539] - AUTH: Procesando frame original para detectar mano...
2025-11-11 22:25:05,595 - biometric_gesture_system - INFO - [authentication_system.py:543] - AUTH: No se detectó mano válida en frame original
2025-11-11 22:25:06,499 - biometric_gesture_system - INFO - [authentication_system.py:523] - Procesando frame para sesión b7570ef8-828b-4d55-b041-d3a5c20885ac
2025-11-11 22:25:06,509 - biometric_gesture_system - INFO - [authentication_system.py:534] - AUTH: Frame #84 capturado - Shape: (720, 1280, 3)
2025-11-11 22:25:06,509 - biometric_gesture_system - INFO - [authentication_system.py:539] - AUTH: Procesando frame original para detectar mano...
2025-11-11 22:25:06,596 - biometric_gesture_system - INFO - [authentication_system.py:543] - AUTH: No se detectó mano válida en frame original
2025-11-11 22:25:07,497 - biometric_gesture_system - INFO - [authentication_system.py:523] - Procesando frame para sesión b7570ef8-828b-4d55-b041-d3a5c20885ac
2025-11-11 22:25:07,504 - biometric_gesture_system - INFO - [authentication_system.py:534] - AUTH: Frame #85 capturado - Shape: (720, 1280, 3)
2025-11-11 22:25:07,505 - biometric_gesture_system - INFO - [authentication_system.py:539] - AUTH: Procesando frame original para detectar mano...
2025-11-11 22:25:07,596 - biometric_gesture_system - INFO - [authentication_system.py:543] - AUTH: No se detectó mano válida en frame original
2025-11-11 22:25:08,495 - biometric_gesture_system - INFO - [authentication_system.py:523] - Procesando frame para sesión b7570ef8-828b-4d55-b041-d3a5c20885ac
2025-11-11 22:25:08,503 - biometric_gesture_system - INFO - [authentication_system.py:534] - AUTH: Frame #86 capturado - Shape: (720, 1280, 3)
2025-11-11 22:25:08,503 - biometric_gesture_system - INFO - [authentication_system.py:539] - AUTH: Procesando frame original para detectar mano...
2025-11-11 22:25:08,589 - biometric_gesture_system - INFO - [authentication_system.py:543] - AUTH: No se detectó mano válida en frame original
2025-11-11 22:25:09,495 - biometric_gesture_system - INFO - [authentication_system.py:523] - Procesando frame para sesión b7570ef8-828b-4d55-b041-d3a5c20885ac
2025-11-11 22:25:09,506 - biometric_gesture_system - INFO - [authentication_system.py:534] - AUTH: Frame #87 capturado - Shape: (720, 1280, 3)
2025-11-11 22:25:09,507 - biometric_gesture_system - INFO - [authentication_system.py:539] - AUTH: Procesando frame original para detectar mano...
2025-11-11 22:25:09,592 - biometric_gesture_system - INFO - [authentication_system.py:543] - AUTH: No se detectó mano válida en frame original
2025-11-11 22:25:10,485 - biometric_gesture_system - INFO - [authentication_system.py:523] - Procesando frame para sesión b7570ef8-828b-4d55-b041-d3a5c20885ac
2025-11-11 22:25:10,498 - biometric_gesture_system - INFO - [authentication_system.py:534] - AUTH: Frame #88 capturado - Shape: (720, 1280, 3)
2025-11-11 22:25:10,498 - biometric_gesture_system - INFO - [authentication_system.py:539] - AUTH: Procesando frame original para detectar mano...
2025-11-11 22:25:10,558 - biometric_gesture_system - INFO - [authentication_system.py:543] - AUTH: No se detectó mano válida en frame original
2025-11-11 22:25:11,500 - biometric_gesture_system - INFO - [authentication_system.py:523] - Procesando frame para sesión b7570ef8-828b-4d55-b041-d3a5c20885ac
2025-11-11 22:25:11,509 - biometric_gesture_system - INFO - [authentication_system.py:534] - AUTH: Frame #89 capturado - Shape: (720, 1280, 3)
2025-11-11 22:25:11,509 - biometric_gesture_system - INFO - [authentication_system.py:539] - AUTH: Procesando frame original para detectar mano...
2025-11-11 22:25:11,600 - biometric_gesture_system - INFO - [authentication_system.py:543] - AUTH: No se detectó mano válida en frame original
2025-11-11 22:25:12,499 - biometric_gesture_system - INFO - [authentication_system.py:523] - Procesando frame para sesión b7570ef8-828b-4d55-b041-d3a5c20885ac
2025-11-11 22:25:12,510 - biometric_gesture_system - INFO - [authentication_system.py:534] - AUTH: Frame #90 capturado - Shape: (720, 1280, 3)
2025-11-11 22:25:12,511 - biometric_gesture_system - INFO - [authentication_system.py:539] - AUTH: Procesando frame original para detectar mano...
2025-11-11 22:25:12,592 - biometric_gesture_system - INFO - [authentication_system.py:543] - AUTH: No se detectó mano válida en frame original
2025-11-11 22:25:13,500 - biometric_gesture_system - INFO - [authentication_system.py:523] - Procesando frame para sesión b7570ef8-828b-4d55-b041-d3a5c20885ac
2025-11-11 22:25:13,509 - biometric_gesture_system - INFO - [authentication_system.py:534] - AUTH: Frame #91 capturado - Shape: (720, 1280, 3)
2025-11-11 22:25:13,509 - biometric_gesture_system - INFO - [authentication_system.py:539] - AUTH: Procesando frame original para detectar mano...
2025-11-11 22:25:13,599 - biometric_gesture_system - INFO - [authentication_system.py:543] - AUTH: No se detectó mano válida en frame original
2025-11-11 22:25:14,500 - biometric_gesture_system - INFO - [authentication_system.py:523] - Procesando frame para sesión b7570ef8-828b-4d55-b041-d3a5c20885ac
2025-11-11 22:25:14,505 - biometric_gesture_system - INFO - [authentication_system.py:534] - AUTH: Frame #92 capturado - Shape: (720, 1280, 3)
2025-11-11 22:25:14,507 - biometric_gesture_system - INFO - [authentication_system.py:539] - AUTH: Procesando frame original para detectar mano...
2025-11-11 22:25:14,590 - biometric_gesture_system - INFO - [authentication_system.py:543] - AUTH: No se detectó mano válida en frame original
2025-11-11 22:25:15,496 - biometric_gesture_system - INFO - [authentication_system.py:523] - Procesando frame para sesión b7570ef8-828b-4d55-b041-d3a5c20885ac
2025-11-11 22:25:15,504 - biometric_gesture_system - INFO - [authentication_system.py:534] - AUTH: Frame #93 capturado - Shape: (720, 1280, 3)
2025-11-11 22:25:15,506 - biometric_gesture_system - INFO - [authentication_system.py:539] - AUTH: Procesando frame original para detectar mano...
2025-11-11 22:25:15,605 - biometric_gesture_system - INFO - [authentication_system.py:543] - AUTH: No se detectó mano válida en frame original
2025-11-11 22:25:16,496 - biometric_gesture_system - INFO - [authentication_system.py:523] - Procesando frame para sesión b7570ef8-828b-4d55-b041-d3a5c20885ac
2025-11-11 22:25:16,503 - biometric_gesture_system - INFO - [authentication_system.py:534] - AUTH: Frame #94 capturado - Shape: (720, 1280, 3)
2025-11-11 22:25:16,504 - biometric_gesture_system - INFO - [authentication_system.py:539] - AUTH: Procesando frame original para detectar mano...
2025-11-11 22:25:16,605 - biometric_gesture_system - INFO - [authentication_system.py:543] - AUTH: No se detectó mano válida en frame original
2025-11-11 22:25:17,494 - biometric_gesture_system - INFO - [authentication_system.py:523] - Procesando frame para sesión b7570ef8-828b-4d55-b041-d3a5c20885ac
2025-11-11 22:25:17,504 - biometric_gesture_system - INFO - [authentication_system.py:534] - AUTH: Frame #95 capturado - Shape: (720, 1280, 3)
2025-11-11 22:25:17,504 - biometric_gesture_system - INFO - [authentication_system.py:539] - AUTH: Procesando frame original para detectar mano...
2025-11-11 22:25:17,604 - biometric_gesture_system - INFO - [authentication_system.py:543] - AUTH: No se detectó mano válida en frame original
2025-11-11 22:25:18,494 - biometric_gesture_system - INFO - [authentication_system.py:1311] - Sesión cerrada: b7570ef8-828b-4d55-b041-d3a5c20885ac - Estado: timeout
2025-11-11 22:25:18,494 - biometric_gesture_system - INFO - [authentication_system.py:1312] -   - Duración: 45.4s
2025-11-11 22:25:18,496 - biometric_gesture_system - INFO - [authentication_system.py:1313] -   - Frames procesados: 95
2025-11-11 22:25:18,496 - biometric_gesture_system - INFO - [authentication_system.py:1314] -   - Gestos capturados: 0
2025-11-11 22:25:18,497 - biometric_gesture_system - INFO - [authentication_system.py:1334] - Sesiones expiradas limpiadas: 1
