2025-11-27 09:38:28,894 - biometric_gesture_system - INFO - [config_manager.py:504] - Validación de configuración: ✓ EXITOSA
2025-11-27 09:38:28,894 - biometric_gesture_system - INFO - [config_manager.py:317] - ================================================================================
2025-11-27 09:38:28,894 - biometric_gesture_system - INFO - [config_manager.py:318] - SISTEMA BIOMÉTRICO DE GESTOS DE MANOS - CONFIG MANAGER INICIALIZADO
2025-11-27 09:38:28,894 - biometric_gesture_system - INFO - [config_manager.py:319] - ================================================================================
2025-11-27 09:38:28,894 - biometric_gesture_system - INFO - [config_manager.py:320] - Configuración cargada desde: biometric_config.json
2025-11-27 09:38:28,894 - biometric_gesture_system - INFO - [config_manager.py:321] - Muestras por gesto: 7
2025-11-27 09:38:28,894 - biometric_gesture_system - INFO - [config_manager.py:322] - Gestos por usuario: 3
2025-11-27 09:38:28,894 - biometric_gesture_system - INFO - [config_manager.py:323] - Umbral confianza mano: 0.9
2025-11-27 09:38:28,894 - biometric_gesture_system - INFO - [config_manager.py:324] - Umbral confianza gesto: 0.6
2025-11-27 09:38:28,894 - biometric_gesture_system - INFO - [config_manager.py:325] - Resolución cámara: 1280x720
2025-11-27 09:38:28,894 - biometric_gesture_system - INFO - [config_manager.py:326] - Directorios creados: 11 rutas configuradas
2025-11-27 09:38:28,894 - biometric_gesture_system - INFO - [config_manager.py:327] - ================================================================================
2025-11-27 09:38:29,698 - biometric_gesture_system - INFO - [config_manager.py:630] - ======================================================================
2025-11-27 09:38:29,698 - biometric_gesture_system - INFO - [config_manager.py:630] - ROI NORMALIZATION SYSTEM INICIALIZADO
2025-11-27 09:38:29,698 - biometric_gesture_system - INFO - [config_manager.py:630] -   ✓ Resolución mínima: 150px
2025-11-27 09:38:29,698 - biometric_gesture_system - INFO - [config_manager.py:630] -   ✓ Resolución máxima: 600px
2025-11-27 09:38:29,700 - biometric_gesture_system - INFO - [config_manager.py:630] -   ✓ Tamaño normalizado: (224, 224)
2025-11-27 09:38:29,700 - biometric_gesture_system - INFO - [config_manager.py:630] -   ✓ Padding: 15%
2025-11-27 09:38:29,700 - biometric_gesture_system - INFO - [config_manager.py:630] -   ✓ Sharpening: ACTIVADO
2025-11-27 09:38:29,700 - biometric_gesture_system - INFO - [config_manager.py:630] - ======================================================================
2025-11-27 09:38:29,700 - biometric_gesture_system - INFO - [visual_feedback.py:62] - ======================================================================
2025-11-27 09:38:29,700 - biometric_gesture_system - INFO - [visual_feedback.py:63] - VISUAL FEEDBACK MANAGER INICIALIZADO
2025-11-27 09:38:29,700 - biometric_gesture_system - INFO - [visual_feedback.py:64] -   ✓ 5 niveles de feedback configurados
2025-11-27 09:38:29,700 - biometric_gesture_system - INFO - [visual_feedback.py:65] -   ✓ Colores BGR definidos
2025-11-27 09:38:29,700 - biometric_gesture_system - INFO - [visual_feedback.py:66] -   ✓ Sistema de priorización activo
2025-11-27 09:38:29,700 - biometric_gesture_system - INFO - [visual_feedback.py:67] - ======================================================================
2025-11-27 09:38:58,989 - biometric_gesture_system - WARNING - [config_manager.py:349] - Clave de configuración no encontrada: roi_normalization.enabled, usando default: True
2025-11-27 09:38:58,989 - biometric_gesture_system - WARNING - [config_manager.py:349] - Clave de configuración no encontrada: roi_normalization.enabled, usando default: True
2025-11-27 09:38:58,989 - biometric_gesture_system - WARNING - [config_manager.py:349] - Clave de configuración no encontrada: roi_normalization.use_single_area, usando default: True
2025-11-27 09:38:58,989 - biometric_gesture_system - WARNING - [config_manager.py:349] - Clave de configuración no encontrada: biometric.dynamic_features, usando default: {'min_transition_frames': 8, 'max_transition_frames': 40, 'gesture_stability_threshold': 5, 'velocity_smoothing_window': 3, 'min_movement_threshold': 0.005, 'transition_detection_sensitivity': 0.85, 'temporal_downsampling': 1, 'normalize_temporal_features': True, 'use_3d_trajectories': True, 'velocity_threshold_percentile': 75, 'acceleration_smoothing': True, 'jerk_threshold': 0.1, 'minimum_sequence_duration_ms': 200}
2025-11-27 09:38:58,989 - biometric_gesture_system - WARNING - [config_manager.py:349] - Clave de configuración no encontrada: biometric.sequence_management, usando default: {'sequence_length': 3, 'max_sequence_duration': 60.0, 'max_gesture_duration': 15.0, 'min_gesture_confidence': 0.7, 'min_stable_frames': 3, 'gesture_timeout': 10.0, 'sequence_timeout': 45.0, 'max_failed_attempts': 3, 'cooldown_period': 5.0, 'auto_save_sequences': True, 'validation_mode': 'moderate', 'allow_gesture_skipping': False, 'require_exact_order': True, 'enable_adaptive_timeouts': True}
2025-11-27 09:38:58,989 - biometric_gesture_system - WARNING - [config_manager.py:349] - Clave de configuración no encontrada: biometric.enrollment.samples_per_gesture, usando default: 8
2025-11-27 09:38:59,001 - biometric_gesture_system - WARNING - [config_manager.py:349] - Clave de configuración no encontrada: biometric.enrollment.min_confidence, usando default: 0.65
2025-11-27 09:38:59,001 - biometric_gesture_system - WARNING - [config_manager.py:349] - Clave de configuración no encontrada: biometric.enrollment.min_stability_frames, usando default: 8
2025-11-27 09:38:59,001 - biometric_gesture_system - WARNING - [config_manager.py:349] - Clave de configuración no encontrada: biometric.enrollment.require_all_gestures, usando default: True
2025-11-27 09:38:59,001 - biometric_gesture_system - WARNING - [config_manager.py:349] - Clave de configuración no encontrada: biometric.enrollment.sample_timeout, usando default: 120.0
2025-11-27 09:38:59,001 - biometric_gesture_system - WARNING - [config_manager.py:349] - Clave de configuración no encontrada: biometric.enrollment.session_timeout, usando default: 3600.0
2025-11-27 09:38:59,001 - biometric_gesture_system - WARNING - [config_manager.py:349] - Clave de configuración no encontrada: biometric.enrollment.capture_interval, usando default: 0.8
2025-11-27 09:38:59,001 - biometric_gesture_system - WARNING - [config_manager.py:349] - Clave de configuración no encontrada: biometric.enrollment.enable_quality_check, usando default: True
2025-11-27 09:38:59,001 - biometric_gesture_system - WARNING - [config_manager.py:349] - Clave de configuración no encontrada: biometric.enrollment.enable_duplicate_check, usando default: True
2025-11-27 09:38:59,001 - biometric_gesture_system - WARNING - [config_manager.py:349] - Clave de configuración no encontrada: biometric.enrollment.duplicate_threshold, usando default: 0.92
2025-11-27 09:38:59,001 - biometric_gesture_system - WARNING - [config_manager.py:349] - Clave de configuración no encontrada: biometric.enrollment.template_fusion_strategy, usando default: average
2025-11-27 09:38:59,001 - biometric_gesture_system - WARNING - [config_manager.py:349] - Clave de configuración no encontrada: biometric.enrollment.enable_template_optimization, usando default: True
2025-11-27 09:38:59,001 - biometric_gesture_system - WARNING - [config_manager.py:349] - Clave de configuración no encontrada: biometric.enrollment.embedding_dimension_check, usando default: True
2025-11-27 09:38:59,001 - biometric_gesture_system - WARNING - [config_manager.py:349] - Clave de configuración no encontrada: biometric.enrollment.show_preview, usando default: True
2025-11-27 09:38:59,001 - biometric_gesture_system - WARNING - [config_manager.py:349] - Clave de configuración no encontrada: biometric.enrollment.show_quality_feedback, usando default: False
2025-11-27 09:38:59,001 - biometric_gesture_system - WARNING - [config_manager.py:349] - Clave de configuración no encontrada: biometric.enrollment.save_enrollment_video, usando default: False
2025-11-27 09:38:59,001 - biometric_gesture_system - WARNING - [config_manager.py:349] - Clave de configuración no encontrada: biometric.siamese_anatomical, usando default: {'hidden_layers': [128, 64], 'activation': 'relu', 'dropout_rate': 0.2, 'batch_normalization': True, 'l2_regularization': 0.001, 'learning_rate': 0.001, 'batch_size': 32, 'epochs': 100, 'patience': 15, 'validation_split': 0.2, 'min_users_for_training': 2, 'min_samples_per_user': 15, 'max_samples_per_user': 50, 'min_sessions_per_user': 1, 'loss_function': 'contrastive', 'distance_metric': 'euclidean', 'margin': 1.5, 'alpha': 0.2, 'use_stratified_split': True, 'cross_validation_folds': 5, 'threshold_optimization': 'eer', 'quality_threshold': 80.0, 'use_real_augmentation': True, 'temporal_jitter': 0.02, 'noise_from_real_variance': True, 'require_independent_test': True, 'min_test_users': 1, 'performance_monitoring': True}
2025-11-27 09:39:06,086 - biometric_gesture_system - WARNING - [config_manager.py:349] - Clave de configuración no encontrada: biometric.feature_preprocessing, usando default: {'anatomical_normalization': 'robust', 'dynamic_normalization': 'standard', 'normalize_per_user': False, 'balancing_method': 'balanced_subsample', 'target_balance_ratio': 1.0, 'augmentation_strategy': 'moderate', 'augmentation_factor': 1.5, 'cv_folds': 5, 'cv_strategy': 'stratified_user', 'test_size': 0.2, 'validation_size': 0.2, 'outlier_threshold': 3.0, 'min_samples_per_user': 5, 'feature_selection': False, 'variance_threshold': 0.01, 'cache_transformations': True, 'parallel_processing': False, 'random_state': 42, 'stratify_by_user': True}
2025-11-27 09:39:06,086 - biometric_gesture_system - WARNING - [config_manager.py:349] - Clave de configuración no encontrada: biometric.auth.sequence_timeout, usando default: 25.0
2025-11-27 09:39:06,086 - biometric_gesture_system - WARNING - [config_manager.py:349] - Clave de configuración no encontrada: biometric.auth.total_timeout, usando default: 45.0
2025-11-27 09:39:06,086 - biometric_gesture_system - WARNING - [config_manager.py:349] - Clave de configuración no encontrada: biometric.auth.frame_timeout, usando default: 3.0
2025-11-27 09:39:06,086 - biometric_gesture_system - WARNING - [config_manager.py:349] - Clave de configuración no encontrada: biometric.auth.threshold_low, usando default: 0.65
2025-11-27 09:39:06,086 - biometric_gesture_system - WARNING - [config_manager.py:349] - Clave de configuración no encontrada: biometric.auth.threshold_standard, usando default: 0.75
2025-11-27 09:39:06,086 - biometric_gesture_system - WARNING - [config_manager.py:349] - Clave de configuración no encontrada: biometric.auth.threshold_high, usando default: 0.85
2025-11-27 09:39:06,086 - biometric_gesture_system - WARNING - [config_manager.py:349] - Clave de configuración no encontrada: biometric.auth.threshold_maximum, usando default: 0.92
2025-11-27 09:39:06,086 - biometric_gesture_system - WARNING - [config_manager.py:349] - Clave de configuración no encontrada: biometric.auth.require_sequence_completion, usando default: True
2025-11-27 09:39:06,086 - biometric_gesture_system - WARNING - [config_manager.py:349] - Clave de configuración no encontrada: biometric.auth.min_gestures_for_auth, usando default: 2
2025-11-27 09:39:06,086 - biometric_gesture_system - WARNING - [config_manager.py:349] - Clave de configuración no encontrada: biometric.auth.max_attempts_per_session, usando default: 3
2025-11-27 09:39:06,086 - biometric_gesture_system - WARNING - [config_manager.py:349] - Clave de configuración no encontrada: biometric.auth.max_identification_candidates, usando default: 5
2025-11-27 09:39:06,086 - biometric_gesture_system - WARNING - [config_manager.py:349] - Clave de configuración no encontrada: biometric.auth.identification_threshold_factor, usando default: 1.1
2025-11-27 09:39:06,086 - biometric_gesture_system - WARNING - [config_manager.py:349] - Clave de configuración no encontrada: biometric.auth.min_quality_score, usando default: 0.7
2025-11-27 09:39:06,100 - biometric_gesture_system - WARNING - [config_manager.py:349] - Clave de configuración no encontrada: biometric.auth.min_confidence, usando default: 0.65
2025-11-27 09:39:06,100 - biometric_gesture_system - WARNING - [config_manager.py:349] - Clave de configuración no encontrada: biometric.auth.min_stability_frames, usando default: 8
2025-11-27 09:39:06,100 - biometric_gesture_system - WARNING - [config_manager.py:349] - Clave de configuración no encontrada: biometric.auth.score_fusion_strategy, usando default: weighted_average
2025-11-27 09:39:06,102 - biometric_gesture_system - WARNING - [config_manager.py:349] - Clave de configuración no encontrada: biometric.auth.anatomical_weight, usando default: 0.6
2025-11-27 09:39:06,102 - biometric_gesture_system - WARNING - [config_manager.py:349] - Clave de configuración no encontrada: biometric.auth.dynamic_weight, usando default: 0.4
2025-11-27 09:39:06,102 - biometric_gesture_system - WARNING - [config_manager.py:349] - Clave de configuración no encontrada: biometric.auth.enable_audit_logging, usando default: True
2025-11-27 09:39:06,102 - biometric_gesture_system - WARNING - [config_manager.py:349] - Clave de configuración no encontrada: biometric.auth.enable_continuous_auth, usando default: False
2025-11-27 09:39:06,102 - biometric_gesture_system - WARNING - [config_manager.py:349] - Clave de configuración no encontrada: biometric.auth.max_failed_attempts, usando default: 5
2025-11-27 09:39:06,102 - biometric_gesture_system - WARNING - [config_manager.py:349] - Clave de configuración no encontrada: biometric.auth.lockout_duration, usando default: 300.0
2025-11-27 09:39:06,102 - biometric_gesture_system - WARNING - [config_manager.py:349] - Clave de configuración no encontrada: biometric.score_fusion, usando default: {'fusion_strategy': 'weighted_average', 'calibration_method': 'none', 'weight_optimization': 'grid_search', 'anatomical_weight': 0.6, 'dynamic_weight': 0.4, 'decision_threshold': 0.5, 'use_confidence_weighting': True, 'adaptive_threshold': False, 'cross_validation_folds': 5, 'optimization_metric': 'eer'}
2025-11-27 09:39:06,102 - biometric_gesture_system - INFO - [authentication_system.py:449] - RealAuthenticationPipeline inicializado con componentes
2025-11-27 09:39:06,102 - biometric_gesture_system - INFO - [authentication_system.py:1211] - RealSessionManager inicializado para gestión de sesiones
2025-11-27 09:39:06,102 - biometric_gesture_system - INFO - [authentication_system.py:271] - RealSecurityAuditor inicializado para auditoría
2025-11-27 09:39:06,643 - biometric_gesture_system - INFO - [authentication_system.py:1440] - Servicio de feedback inicializado
2025-11-27 09:39:06,643 - biometric_gesture_system - INFO - [authentication_system.py:1463] - RealAuthenticationSystem inicializado
2025-11-27 09:39:06,643 - biometric_gesture_system - INFO - [authentication_system.py:1464] -   - Configuración: umbrales={'low': 0.65, 'standard': 0.75, 'high': 0.85, 'maximum': 0.92}
2025-11-27 09:43:39,108 - biometric_gesture_system - INFO - [authentication_system.py:3136] - Usuarios disponibles: 11
2025-11-27 09:43:42,445 - biometric_gesture_system - INFO - [authentication_system.py:1498] - Inicializando sistema de autenticación...
2025-11-27 09:43:42,445 - biometric_gesture_system - INFO - [authentication_system.py:1501] - Obteniendo referencias a redes entrenadas...
2025-11-27 09:43:42,445 - biometric_gesture_system - INFO - [authentication_system.py:1506] - === DIAGNÓSTICO DE ESTADO DE REDES ===
2025-11-27 09:43:42,445 - biometric_gesture_system - INFO - [authentication_system.py:1514] - Archivos de modelo en disco:
2025-11-27 09:43:42,445 - biometric_gesture_system - INFO - [authentication_system.py:1515] -   - Anatómico: True - biometric_data\models\anatomical_model.h5
2025-11-27 09:43:42,449 - biometric_gesture_system - INFO - [authentication_system.py:1516] -   - Dinámico: True - biometric_data\models\dynamic_model.h5
2025-11-27 09:43:42,449 - biometric_gesture_system - INFO - [authentication_system.py:1519] - Estado de instancias globales:
2025-11-27 09:43:42,449 - biometric_gesture_system - INFO - [authentication_system.py:1520] -   - Anatómica is_trained: True
2025-11-27 09:43:42,449 - biometric_gesture_system - INFO - [authentication_system.py:1521] -   - Dinámica is_trained: True
2025-11-27 09:43:42,449 - biometric_gesture_system - INFO - [authentication_system.py:1524] - Modelos compilados:
2025-11-27 09:43:42,449 - biometric_gesture_system - INFO - [authentication_system.py:1525] -   - Anatómica siamese_model: True
2025-11-27 09:43:42,453 - biometric_gesture_system - INFO - [authentication_system.py:1526] -   - Dinámica siamese_model: True
2025-11-27 09:43:42,454 - biometric_gesture_system - INFO - [authentication_system.py:1528] - === FIN DIAGNÓSTICO ===
2025-11-27 09:43:42,454 - biometric_gesture_system - INFO - [authentication_system.py:1530] - Referencias a redes obtenidas:
2025-11-27 09:43:42,455 - biometric_gesture_system - INFO - [authentication_system.py:1531] -   - Red anatómica disponible: True
2025-11-27 09:43:42,455 - biometric_gesture_system - INFO - [authentication_system.py:1532] -   - Red anatómica entrenada: True
2025-11-27 09:43:42,455 - biometric_gesture_system - INFO - [authentication_system.py:1533] -   - Red dinámica disponible: True
2025-11-27 09:43:42,455 - biometric_gesture_system - INFO - [authentication_system.py:1534] -   - Red dinámica entrenada: True
2025-11-27 09:43:42,455 - biometric_gesture_system - INFO - [authentication_system.py:454] - Inicializando pipeline de autenticación...
2025-11-27 09:43:42,455 - biometric_gesture_system - INFO - [authentication_system.py:457] - Obteniendo referencias actuales a redes entrenadas...
2025-11-27 09:43:42,458 - biometric_gesture_system - INFO - [authentication_system.py:462] - Verificando estado de entrenamiento...
2025-11-27 09:43:42,458 - biometric_gesture_system - INFO - [authentication_system.py:463] -   - Red anatómica entrenada: True
2025-11-27 09:43:42,458 - biometric_gesture_system - INFO - [authentication_system.py:464] -   - Red dinámica entrenada: True
2025-11-27 09:44:02,796 - biometric_gesture_system - INFO - [authentication_system.py:504] - Pipeline de autenticación inicializado exitosamente
2025-11-27 09:44:02,796 - biometric_gesture_system - INFO - [authentication_system.py:505] -   - Red anatómica entrenada: True
2025-11-27 09:44:02,796 - biometric_gesture_system - INFO - [authentication_system.py:506] -   - Red dinámica entrenada: True
2025-11-27 09:44:02,796 - biometric_gesture_system - INFO - [authentication_system.py:507] -   - Sistema de fusión listo: True
2025-11-27 09:44:02,796 - biometric_gesture_system - INFO - [authentication_system.py:1580] - Sistema de autenticación inicializado exitosamente
2025-11-27 09:44:02,796 - biometric_gesture_system - INFO - [authentication_system.py:1581] -   - Usuarios disponibles: 11
2025-11-27 09:44:02,796 - biometric_gesture_system - INFO - [authentication_system.py:1582] -   - Templates totales: 406
2025-11-27 09:44:02,796 - biometric_gesture_system - INFO - [authentication_system.py:1584] -   - Pipeline listo: True
2025-11-27 09:44:02,796 - biometric_gesture_system - INFO - [authentication_system.py:1585] -   - Redes entrenadas: anatómica=True, dinámica=True
2025-11-27 09:44:02,796 - biometric_gesture_system - INFO - [authentication_system.py:1616] - Iniciando verificación para usuario: user_bbbbbbbb_1763942880182_4089feca
2025-11-27 09:44:02,796 - biometric_gesture_system - INFO - [authentication_system.py:1617] -   - Nivel de seguridad: standard
2025-11-27 09:44:02,796 - biometric_gesture_system - INFO - [authentication_system.py:1618] -   - Secuencia requerida: None
2025-11-27 09:44:02,796 - biometric_gesture_system - INFO - [authentication_system.py:1236] - Creando sesión: modo=verification, usuario=user_bbbbbbbb_1763942880182_4089feca
2025-11-27 09:44:02,796 - biometric_gesture_system - INFO - [authentication_system.py:1289] - Sesión creada exitosamente: 4c61b32f-302f-4c7c-9c02-496544d7f555
2025-11-27 09:44:02,796 - biometric_gesture_system - INFO - [authentication_system.py:1290] -   - Modo: verification
2025-11-27 09:44:02,796 - biometric_gesture_system - INFO - [authentication_system.py:1291] -   - Usuario: user_bbbbbbbb_1763942880182_4089feca
2025-11-27 09:44:02,796 - biometric_gesture_system - INFO - [authentication_system.py:1292] -   - Nivel seguridad: standard
2025-11-27 09:44:02,796 - biometric_gesture_system - INFO - [authentication_system.py:1293] -   - Secuencia requerida: ['Open_Palm', 'Closed_Fist', 'Victory']
2025-11-27 09:44:02,796 - biometric_gesture_system - INFO - [authentication_system.py:1649] - Verificación iniciada: sesión 4c61b32f-302f-4c7c-9c02-496544d7f555
2025-11-27 09:44:02,796 - biometric_gesture_system - INFO - [authentication_system.py:1650] -   - Usuario: user_bbbbbbbb_1763942880182_4089feca
2025-11-27 09:44:02,796 - biometric_gesture_system - INFO - [authentication_system.py:1651] -   - Templates disponibles: 49
2025-11-27 09:44:03,717 - biometric_gesture_system - INFO - [authentication_system.py:529] - Procesando frame para sesión 4c61b32f-302f-4c7c-9c02-496544d7f555
2025-11-27 09:44:03,730 - biometric_gesture_system - INFO - [authentication_system.py:540] - AUTH: Frame #1 capturado - Shape: (720, 1280, 3)
2025-11-27 09:44:03,730 - biometric_gesture_system - INFO - [authentication_system.py:545] - AUTH: Procesando frame original para detectar mano...
2025-11-27 09:44:03,829 - biometric_gesture_system - INFO - [authentication_system.py:549] - AUTH: No se detectó mano válida en frame original
2025-11-27 09:44:04,407 - biometric_gesture_system - INFO - [authentication_system.py:529] - Procesando frame para sesión 4c61b32f-302f-4c7c-9c02-496544d7f555
2025-11-27 09:44:04,415 - biometric_gesture_system - INFO - [authentication_system.py:540] - AUTH: Frame #2 capturado - Shape: (720, 1280, 3)
2025-11-27 09:44:04,415 - biometric_gesture_system - INFO - [authentication_system.py:545] - AUTH: Procesando frame original para detectar mano...
2025-11-27 09:44:04,494 - biometric_gesture_system - INFO - [authentication_system.py:549] - AUTH: No se detectó mano válida en frame original
2025-11-27 09:44:05,403 - biometric_gesture_system - INFO - [authentication_system.py:529] - Procesando frame para sesión 4c61b32f-302f-4c7c-9c02-496544d7f555
2025-11-27 09:44:05,412 - biometric_gesture_system - INFO - [authentication_system.py:540] - AUTH: Frame #3 capturado - Shape: (720, 1280, 3)
2025-11-27 09:44:05,412 - biometric_gesture_system - INFO - [authentication_system.py:545] - AUTH: Procesando frame original para detectar mano...
2025-11-27 09:44:05,492 - biometric_gesture_system - INFO - [authentication_system.py:549] - AUTH: No se detectó mano válida en frame original
2025-11-27 09:44:06,408 - biometric_gesture_system - INFO - [authentication_system.py:529] - Procesando frame para sesión 4c61b32f-302f-4c7c-9c02-496544d7f555
2025-11-27 09:44:06,418 - biometric_gesture_system - INFO - [authentication_system.py:540] - AUTH: Frame #4 capturado - Shape: (720, 1280, 3)
2025-11-27 09:44:06,420 - biometric_gesture_system - INFO - [authentication_system.py:545] - AUTH: Procesando frame original para detectar mano...
2025-11-27 09:44:06,500 - biometric_gesture_system - INFO - [authentication_system.py:549] - AUTH: No se detectó mano válida en frame original
2025-11-27 09:44:07,440 - biometric_gesture_system - INFO - [authentication_system.py:529] - Procesando frame para sesión 4c61b32f-302f-4c7c-9c02-496544d7f555
2025-11-27 09:44:07,445 - biometric_gesture_system - INFO - [authentication_system.py:540] - AUTH: Frame #5 capturado - Shape: (720, 1280, 3)
2025-11-27 09:44:07,445 - biometric_gesture_system - INFO - [authentication_system.py:545] - AUTH: Procesando frame original para detectar mano...
2025-11-27 09:44:07,515 - biometric_gesture_system - INFO - [authentication_system.py:549] - AUTH: No se detectó mano válida en frame original
2025-11-27 09:44:08,404 - biometric_gesture_system - INFO - [authentication_system.py:529] - Procesando frame para sesión 4c61b32f-302f-4c7c-9c02-496544d7f555
2025-11-27 09:44:08,419 - biometric_gesture_system - INFO - [authentication_system.py:540] - AUTH: Frame #6 capturado - Shape: (720, 1280, 3)
2025-11-27 09:44:08,419 - biometric_gesture_system - INFO - [authentication_system.py:545] - AUTH: Procesando frame original para detectar mano...
2025-11-27 09:44:08,502 - biometric_gesture_system - INFO - [authentication_system.py:549] - AUTH: No se detectó mano válida en frame original
2025-11-27 09:44:09,413 - biometric_gesture_system - INFO - [authentication_system.py:529] - Procesando frame para sesión 4c61b32f-302f-4c7c-9c02-496544d7f555
2025-11-27 09:44:09,418 - biometric_gesture_system - INFO - [authentication_system.py:540] - AUTH: Frame #7 capturado - Shape: (720, 1280, 3)
2025-11-27 09:44:09,418 - biometric_gesture_system - INFO - [authentication_system.py:545] - AUTH: Procesando frame original para detectar mano...
2025-11-27 09:44:09,519 - biometric_gesture_system - INFO - [authentication_system.py:549] - AUTH: No se detectó mano válida en frame original
2025-11-27 09:44:10,408 - biometric_gesture_system - INFO - [authentication_system.py:529] - Procesando frame para sesión 4c61b32f-302f-4c7c-9c02-496544d7f555
2025-11-27 09:44:10,418 - biometric_gesture_system - INFO - [authentication_system.py:540] - AUTH: Frame #8 capturado - Shape: (720, 1280, 3)
2025-11-27 09:44:10,418 - biometric_gesture_system - INFO - [authentication_system.py:545] - AUTH: Procesando frame original para detectar mano...
2025-11-27 09:44:10,499 - biometric_gesture_system - INFO - [authentication_system.py:549] - AUTH: No se detectó mano válida en frame original
2025-11-27 09:44:11,403 - biometric_gesture_system - INFO - [authentication_system.py:529] - Procesando frame para sesión 4c61b32f-302f-4c7c-9c02-496544d7f555
2025-11-27 09:44:11,412 - biometric_gesture_system - INFO - [authentication_system.py:540] - AUTH: Frame #9 capturado - Shape: (720, 1280, 3)
2025-11-27 09:44:11,413 - biometric_gesture_system - INFO - [authentication_system.py:545] - AUTH: Procesando frame original para detectar mano...
2025-11-27 09:44:11,498 - biometric_gesture_system - INFO - [authentication_system.py:549] - AUTH: No se detectó mano válida en frame original
2025-11-27 09:44:12,412 - biometric_gesture_system - INFO - [authentication_system.py:529] - Procesando frame para sesión 4c61b32f-302f-4c7c-9c02-496544d7f555
2025-11-27 09:44:12,423 - biometric_gesture_system - INFO - [authentication_system.py:540] - AUTH: Frame #10 capturado - Shape: (720, 1280, 3)
2025-11-27 09:44:12,423 - biometric_gesture_system - INFO - [authentication_system.py:545] - AUTH: Procesando frame original para detectar mano...
2025-11-27 09:44:12,517 - biometric_gesture_system - INFO - [authentication_system.py:549] - AUTH: No se detectó mano válida en frame original
2025-11-27 09:44:13,401 - biometric_gesture_system - INFO - [authentication_system.py:529] - Procesando frame para sesión 4c61b32f-302f-4c7c-9c02-496544d7f555
2025-11-27 09:44:13,411 - biometric_gesture_system - INFO - [authentication_system.py:540] - AUTH: Frame #11 capturado - Shape: (720, 1280, 3)
2025-11-27 09:44:13,412 - biometric_gesture_system - INFO - [authentication_system.py:545] - AUTH: Procesando frame original para detectar mano...
2025-11-27 09:44:13,507 - biometric_gesture_system - INFO - [authentication_system.py:549] - AUTH: No se detectó mano válida en frame original
2025-11-27 09:44:14,412 - biometric_gesture_system - INFO - [authentication_system.py:529] - Procesando frame para sesión 4c61b32f-302f-4c7c-9c02-496544d7f555
2025-11-27 09:44:14,418 - biometric_gesture_system - INFO - [authentication_system.py:540] - AUTH: Frame #12 capturado - Shape: (720, 1280, 3)
2025-11-27 09:44:14,419 - biometric_gesture_system - INFO - [authentication_system.py:545] - AUTH: Procesando frame original para detectar mano...
2025-11-27 09:44:14,493 - biometric_gesture_system - INFO - [authentication_system.py:549] - AUTH: No se detectó mano válida en frame original
2025-11-27 09:44:18,109 - biometric_gesture_system - INFO - [authentication_system.py:529] - Procesando frame para sesión 4c61b32f-302f-4c7c-9c02-496544d7f555
2025-11-27 09:44:18,122 - biometric_gesture_system - INFO - [authentication_system.py:540] - AUTH: Frame #13 capturado - Shape: (720, 1280, 3)
2025-11-27 09:44:18,124 - biometric_gesture_system - INFO - [authentication_system.py:545] - AUTH: Procesando frame original para detectar mano...
2025-11-27 09:44:18,209 - biometric_gesture_system - INFO - [authentication_system.py:549] - AUTH: No se detectó mano válida en frame original
2025-11-27 09:44:18,400 - biometric_gesture_system - INFO - [authentication_system.py:529] - Procesando frame para sesión 4c61b32f-302f-4c7c-9c02-496544d7f555
2025-11-27 09:44:18,410 - biometric_gesture_system - INFO - [authentication_system.py:540] - AUTH: Frame #14 capturado - Shape: (720, 1280, 3)
2025-11-27 09:44:18,410 - biometric_gesture_system - INFO - [authentication_system.py:545] - AUTH: Procesando frame original para detectar mano...
2025-11-27 09:44:18,563 - biometric_gesture_system - INFO - [authentication_system.py:552] - AUTH: ✅ Mano detectada en frame original
2025-11-27 09:44:18,563 - biometric_gesture_system - INFO - [authentication_system.py:553] - AUTH: Confianza inicial: 0.908
2025-11-27 09:44:18,563 - biometric_gesture_system - INFO - [authentication_system.py:623] - AUTH: ✅ Usando landmarks del frame ORIGINAL
2025-11-27 09:44:18,563 - biometric_gesture_system - INFO - [authentication_system.py:660] - AUTH: Calidad insuficiente: 60.615
2025-11-27 09:44:19,411 - biometric_gesture_system - INFO - [authentication_system.py:529] - Procesando frame para sesión 4c61b32f-302f-4c7c-9c02-496544d7f555
2025-11-27 09:44:19,419 - biometric_gesture_system - INFO - [authentication_system.py:540] - AUTH: Frame #15 capturado - Shape: (720, 1280, 3)
2025-11-27 09:44:19,419 - biometric_gesture_system - INFO - [authentication_system.py:545] - AUTH: Procesando frame original para detectar mano...
2025-11-27 09:44:19,491 - biometric_gesture_system - INFO - [authentication_system.py:549] - AUTH: No se detectó mano válida en frame original
2025-11-27 09:44:20,409 - biometric_gesture_system - INFO - [authentication_system.py:529] - Procesando frame para sesión 4c61b32f-302f-4c7c-9c02-496544d7f555
2025-11-27 09:44:20,418 - biometric_gesture_system - INFO - [authentication_system.py:540] - AUTH: Frame #16 capturado - Shape: (720, 1280, 3)
2025-11-27 09:44:20,418 - biometric_gesture_system - INFO - [authentication_system.py:545] - AUTH: Procesando frame original para detectar mano...
2025-11-27 09:44:20,547 - biometric_gesture_system - INFO - [authentication_system.py:549] - AUTH: No se detectó mano válida en frame original
2025-11-27 09:44:21,417 - biometric_gesture_system - INFO - [authentication_system.py:529] - Procesando frame para sesión 4c61b32f-302f-4c7c-9c02-496544d7f555
2025-11-27 09:44:21,426 - biometric_gesture_system - INFO - [authentication_system.py:540] - AUTH: Frame #17 capturado - Shape: (720, 1280, 3)
2025-11-27 09:44:21,426 - biometric_gesture_system - INFO - [authentication_system.py:545] - AUTH: Procesando frame original para detectar mano...
2025-11-27 09:44:21,505 - biometric_gesture_system - INFO - [authentication_system.py:549] - AUTH: No se detectó mano válida en frame original
2025-11-27 09:44:22,417 - biometric_gesture_system - INFO - [authentication_system.py:529] - Procesando frame para sesión 4c61b32f-302f-4c7c-9c02-496544d7f555
2025-11-27 09:44:22,429 - biometric_gesture_system - INFO - [authentication_system.py:540] - AUTH: Frame #18 capturado - Shape: (720, 1280, 3)
2025-11-27 09:44:22,429 - biometric_gesture_system - INFO - [authentication_system.py:545] - AUTH: Procesando frame original para detectar mano...
2025-11-27 09:44:22,515 - biometric_gesture_system - INFO - [authentication_system.py:549] - AUTH: No se detectó mano válida en frame original
2025-11-27 09:44:23,415 - biometric_gesture_system - INFO - [authentication_system.py:529] - Procesando frame para sesión 4c61b32f-302f-4c7c-9c02-496544d7f555
2025-11-27 09:44:23,425 - biometric_gesture_system - INFO - [authentication_system.py:540] - AUTH: Frame #19 capturado - Shape: (720, 1280, 3)
2025-11-27 09:44:23,426 - biometric_gesture_system - INFO - [authentication_system.py:545] - AUTH: Procesando frame original para detectar mano...
2025-11-27 09:44:23,503 - biometric_gesture_system - INFO - [authentication_system.py:549] - AUTH: No se detectó mano válida en frame original
2025-11-27 09:44:24,409 - biometric_gesture_system - INFO - [authentication_system.py:529] - Procesando frame para sesión 4c61b32f-302f-4c7c-9c02-496544d7f555
2025-11-27 09:44:24,417 - biometric_gesture_system - INFO - [authentication_system.py:540] - AUTH: Frame #20 capturado - Shape: (720, 1280, 3)
2025-11-27 09:44:24,420 - biometric_gesture_system - INFO - [authentication_system.py:545] - AUTH: Procesando frame original para detectar mano...
2025-11-27 09:44:24,501 - biometric_gesture_system - INFO - [authentication_system.py:549] - AUTH: No se detectó mano válida en frame original
2025-11-27 09:44:28,026 - biometric_gesture_system - INFO - [authentication_system.py:529] - Procesando frame para sesión 4c61b32f-302f-4c7c-9c02-496544d7f555
2025-11-27 09:44:28,035 - biometric_gesture_system - INFO - [authentication_system.py:540] - AUTH: Frame #21 capturado - Shape: (720, 1280, 3)
2025-11-27 09:44:28,036 - biometric_gesture_system - INFO - [authentication_system.py:545] - AUTH: Procesando frame original para detectar mano...
2025-11-27 09:44:28,123 - biometric_gesture_system - INFO - [authentication_system.py:549] - AUTH: No se detectó mano válida en frame original
2025-11-27 09:44:28,399 - biometric_gesture_system - INFO - [authentication_system.py:529] - Procesando frame para sesión 4c61b32f-302f-4c7c-9c02-496544d7f555
2025-11-27 09:44:28,410 - biometric_gesture_system - INFO - [authentication_system.py:540] - AUTH: Frame #22 capturado - Shape: (720, 1280, 3)
2025-11-27 09:44:28,412 - biometric_gesture_system - INFO - [authentication_system.py:545] - AUTH: Procesando frame original para detectar mano...
2025-11-27 09:44:28,484 - biometric_gesture_system - INFO - [authentication_system.py:549] - AUTH: No se detectó mano válida en frame original
2025-11-27 09:44:29,419 - biometric_gesture_system - INFO - [authentication_system.py:529] - Procesando frame para sesión 4c61b32f-302f-4c7c-9c02-496544d7f555
2025-11-27 09:44:29,436 - biometric_gesture_system - INFO - [authentication_system.py:540] - AUTH: Frame #23 capturado - Shape: (720, 1280, 3)
2025-11-27 09:44:29,437 - biometric_gesture_system - INFO - [authentication_system.py:545] - AUTH: Procesando frame original para detectar mano...
2025-11-27 09:44:29,512 - biometric_gesture_system - INFO - [authentication_system.py:549] - AUTH: No se detectó mano válida en frame original
2025-11-27 09:44:30,408 - biometric_gesture_system - INFO - [authentication_system.py:529] - Procesando frame para sesión 4c61b32f-302f-4c7c-9c02-496544d7f555
2025-11-27 09:44:30,417 - biometric_gesture_system - INFO - [authentication_system.py:540] - AUTH: Frame #24 capturado - Shape: (720, 1280, 3)
2025-11-27 09:44:30,417 - biometric_gesture_system - INFO - [authentication_system.py:545] - AUTH: Procesando frame original para detectar mano...
2025-11-27 09:44:30,503 - biometric_gesture_system - INFO - [authentication_system.py:549] - AUTH: No se detectó mano válida en frame original
2025-11-27 09:44:34,168 - biometric_gesture_system - INFO - [authentication_system.py:529] - Procesando frame para sesión 4c61b32f-302f-4c7c-9c02-496544d7f555
2025-11-27 09:44:34,180 - biometric_gesture_system - INFO - [authentication_system.py:540] - AUTH: Frame #25 capturado - Shape: (720, 1280, 3)
2025-11-27 09:44:34,180 - biometric_gesture_system - INFO - [authentication_system.py:545] - AUTH: Procesando frame original para detectar mano...
2025-11-27 09:44:34,260 - biometric_gesture_system - INFO - [authentication_system.py:549] - AUTH: No se detectó mano válida en frame original
2025-11-27 09:44:34,396 - biometric_gesture_system - INFO - [authentication_system.py:529] - Procesando frame para sesión 4c61b32f-302f-4c7c-9c02-496544d7f555
2025-11-27 09:44:34,402 - biometric_gesture_system - INFO - [authentication_system.py:540] - AUTH: Frame #26 capturado - Shape: (720, 1280, 3)
2025-11-27 09:44:34,402 - biometric_gesture_system - INFO - [authentication_system.py:545] - AUTH: Procesando frame original para detectar mano...
2025-11-27 09:44:34,497 - biometric_gesture_system - INFO - [authentication_system.py:549] - AUTH: No se detectó mano válida en frame original
2025-11-27 09:44:35,412 - biometric_gesture_system - INFO - [authentication_system.py:529] - Procesando frame para sesión 4c61b32f-302f-4c7c-9c02-496544d7f555
2025-11-27 09:44:35,421 - biometric_gesture_system - INFO - [authentication_system.py:540] - AUTH: Frame #27 capturado - Shape: (720, 1280, 3)
2025-11-27 09:44:35,422 - biometric_gesture_system - INFO - [authentication_system.py:545] - AUTH: Procesando frame original para detectar mano...
2025-11-27 09:44:35,499 - biometric_gesture_system - INFO - [authentication_system.py:549] - AUTH: No se detectó mano válida en frame original
2025-11-27 09:44:36,400 - biometric_gesture_system - INFO - [authentication_system.py:529] - Procesando frame para sesión 4c61b32f-302f-4c7c-9c02-496544d7f555
2025-11-27 09:44:36,415 - biometric_gesture_system - INFO - [authentication_system.py:540] - AUTH: Frame #28 capturado - Shape: (720, 1280, 3)
2025-11-27 09:44:36,415 - biometric_gesture_system - INFO - [authentication_system.py:545] - AUTH: Procesando frame original para detectar mano...
2025-11-27 09:44:36,494 - biometric_gesture_system - INFO - [authentication_system.py:549] - AUTH: No se detectó mano válida en frame original
2025-11-27 09:44:40,218 - biometric_gesture_system - INFO - [authentication_system.py:529] - Procesando frame para sesión 4c61b32f-302f-4c7c-9c02-496544d7f555
2025-11-27 09:44:40,233 - biometric_gesture_system - INFO - [authentication_system.py:540] - AUTH: Frame #29 capturado - Shape: (720, 1280, 3)
2025-11-27 09:44:40,235 - biometric_gesture_system - INFO - [authentication_system.py:545] - AUTH: Procesando frame original para detectar mano...
2025-11-27 09:44:40,309 - biometric_gesture_system - INFO - [authentication_system.py:549] - AUTH: No se detectó mano válida en frame original
2025-11-27 09:44:40,410 - biometric_gesture_system - INFO - [authentication_system.py:529] - Procesando frame para sesión 4c61b32f-302f-4c7c-9c02-496544d7f555
2025-11-27 09:44:40,420 - biometric_gesture_system - INFO - [authentication_system.py:540] - AUTH: Frame #30 capturado - Shape: (720, 1280, 3)
2025-11-27 09:44:40,421 - biometric_gesture_system - INFO - [authentication_system.py:545] - AUTH: Procesando frame original para detectar mano...
2025-11-27 09:44:40,504 - biometric_gesture_system - INFO - [authentication_system.py:549] - AUTH: No se detectó mano válida en frame original
2025-11-27 09:44:41,408 - biometric_gesture_system - INFO - [authentication_system.py:529] - Procesando frame para sesión 4c61b32f-302f-4c7c-9c02-496544d7f555
2025-11-27 09:44:41,421 - biometric_gesture_system - INFO - [authentication_system.py:540] - AUTH: Frame #31 capturado - Shape: (720, 1280, 3)
2025-11-27 09:44:41,421 - biometric_gesture_system - INFO - [authentication_system.py:545] - AUTH: Procesando frame original para detectar mano...
2025-11-27 09:44:41,497 - biometric_gesture_system - INFO - [authentication_system.py:549] - AUTH: No se detectó mano válida en frame original
2025-11-27 09:44:42,417 - biometric_gesture_system - INFO - [authentication_system.py:529] - Procesando frame para sesión 4c61b32f-302f-4c7c-9c02-496544d7f555
2025-11-27 09:44:42,428 - biometric_gesture_system - INFO - [authentication_system.py:540] - AUTH: Frame #32 capturado - Shape: (720, 1280, 3)
2025-11-27 09:44:42,429 - biometric_gesture_system - INFO - [authentication_system.py:545] - AUTH: Procesando frame original para detectar mano...
2025-11-27 09:44:42,517 - biometric_gesture_system - INFO - [authentication_system.py:549] - AUTH: No se detectó mano válida en frame original
2025-11-27 09:44:45,171 - biometric_gesture_system - INFO - [authentication_system.py:529] - Procesando frame para sesión 4c61b32f-302f-4c7c-9c02-496544d7f555
2025-11-27 09:44:45,186 - biometric_gesture_system - INFO - [authentication_system.py:540] - AUTH: Frame #33 capturado - Shape: (720, 1280, 3)
2025-11-27 09:44:45,187 - biometric_gesture_system - INFO - [authentication_system.py:545] - AUTH: Procesando frame original para detectar mano...
2025-11-27 09:44:45,270 - biometric_gesture_system - INFO - [authentication_system.py:549] - AUTH: No se detectó mano válida en frame original
2025-11-27 09:44:45,409 - biometric_gesture_system - INFO - [authentication_system.py:529] - Procesando frame para sesión 4c61b32f-302f-4c7c-9c02-496544d7f555
2025-11-27 09:44:45,413 - biometric_gesture_system - INFO - [authentication_system.py:540] - AUTH: Frame #34 capturado - Shape: (720, 1280, 3)
2025-11-27 09:44:45,413 - biometric_gesture_system - INFO - [authentication_system.py:545] - AUTH: Procesando frame original para detectar mano...
2025-11-27 09:44:45,500 - biometric_gesture_system - INFO - [authentication_system.py:549] - AUTH: No se detectó mano válida en frame original
2025-11-27 09:44:46,401 - biometric_gesture_system - INFO - [authentication_system.py:529] - Procesando frame para sesión 4c61b32f-302f-4c7c-9c02-496544d7f555
2025-11-27 09:44:46,409 - biometric_gesture_system - INFO - [authentication_system.py:540] - AUTH: Frame #35 capturado - Shape: (720, 1280, 3)
2025-11-27 09:44:46,409 - biometric_gesture_system - INFO - [authentication_system.py:545] - AUTH: Procesando frame original para detectar mano...
2025-11-27 09:44:46,491 - biometric_gesture_system - INFO - [authentication_system.py:549] - AUTH: No se detectó mano válida en frame original
2025-11-27 09:44:47,406 - biometric_gesture_system - INFO - [authentication_system.py:529] - Procesando frame para sesión 4c61b32f-302f-4c7c-9c02-496544d7f555
2025-11-27 09:44:47,412 - biometric_gesture_system - INFO - [authentication_system.py:540] - AUTH: Frame #36 capturado - Shape: (720, 1280, 3)
2025-11-27 09:44:47,412 - biometric_gesture_system - INFO - [authentication_system.py:545] - AUTH: Procesando frame original para detectar mano...
2025-11-27 09:44:47,503 - biometric_gesture_system - INFO - [authentication_system.py:549] - AUTH: No se detectó mano válida en frame original
2025-11-27 09:44:48,422 - biometric_gesture_system - INFO - [authentication_system.py:1375] - Limpiando sesión 4c61b32f-302f-4c7c-9c02-496544d7f555 por timeout_total
2025-11-27 09:44:48,422 - biometric_gesture_system - INFO - [authentication_system.py:1331] - Sesión cerrada: 4c61b32f-302f-4c7c-9c02-496544d7f555 - Estado: timeout
2025-11-27 09:44:48,422 - biometric_gesture_system - INFO - [authentication_system.py:1332] -   - Duración: 45.6s
2025-11-27 09:44:48,422 - biometric_gesture_system - INFO - [authentication_system.py:1333] -   - Frames procesados: 36
2025-11-27 09:44:48,425 - biometric_gesture_system - INFO - [authentication_system.py:1334] -   - Gestos capturados: 0
2025-11-27 09:44:48,425 - biometric_gesture_system - INFO - [authentication_system.py:1379] - Sesiones limpiadas: 1
