2025-11-23 19:37:14,606 - biometric_gesture_system - INFO - [config_manager.py:504] - Validación de configuración: ✓ EXITOSA
2025-11-23 19:37:14,606 - biometric_gesture_system - INFO - [config_manager.py:317] - ================================================================================
2025-11-23 19:37:14,607 - biometric_gesture_system - INFO - [config_manager.py:318] - SISTEMA BIOMÉTRICO DE GESTOS DE MANOS - CONFIG MANAGER INICIALIZADO
2025-11-23 19:37:14,607 - biometric_gesture_system - INFO - [config_manager.py:319] - ================================================================================
2025-11-23 19:37:14,608 - biometric_gesture_system - INFO - [config_manager.py:320] - Configuración cargada desde: biometric_config.json
2025-11-23 19:37:14,608 - biometric_gesture_system - INFO - [config_manager.py:321] - Muestras por gesto: 7
2025-11-23 19:37:14,608 - biometric_gesture_system - INFO - [config_manager.py:322] - Gestos por usuario: 3
2025-11-23 19:37:14,609 - biometric_gesture_system - INFO - [config_manager.py:323] - Umbral confianza mano: 0.9
2025-11-23 19:37:14,609 - biometric_gesture_system - INFO - [config_manager.py:324] - Umbral confianza gesto: 0.6
2025-11-23 19:37:14,609 - biometric_gesture_system - INFO - [config_manager.py:325] - Resolución cámara: 1280x720
2025-11-23 19:37:14,609 - biometric_gesture_system - INFO - [config_manager.py:326] - Directorios creados: 11 rutas configuradas
2025-11-23 19:37:14,609 - biometric_gesture_system - INFO - [config_manager.py:327] - ================================================================================
2025-11-23 19:37:15,379 - biometric_gesture_system - INFO - [config_manager.py:630] - ======================================================================
2025-11-23 19:37:15,379 - biometric_gesture_system - INFO - [config_manager.py:630] - ROI NORMALIZATION SYSTEM INICIALIZADO
2025-11-23 19:37:15,380 - biometric_gesture_system - INFO - [config_manager.py:630] -   ✓ Resolución mínima: 150px
2025-11-23 19:37:15,380 - biometric_gesture_system - INFO - [config_manager.py:630] -   ✓ Resolución máxima: 600px
2025-11-23 19:37:15,380 - biometric_gesture_system - INFO - [config_manager.py:630] -   ✓ Tamaño normalizado: (224, 224)
2025-11-23 19:37:15,380 - biometric_gesture_system - INFO - [config_manager.py:630] -   ✓ Padding: 15%
2025-11-23 19:37:15,380 - biometric_gesture_system - INFO - [config_manager.py:630] -   ✓ Sharpening: ACTIVADO
2025-11-23 19:37:15,381 - biometric_gesture_system - INFO - [config_manager.py:630] - ======================================================================
2025-11-23 19:37:15,381 - biometric_gesture_system - INFO - [visual_feedback.py:62] - ======================================================================
2025-11-23 19:37:15,381 - biometric_gesture_system - INFO - [visual_feedback.py:63] - VISUAL FEEDBACK MANAGER INICIALIZADO
2025-11-23 19:37:15,381 - biometric_gesture_system - INFO - [visual_feedback.py:64] -   ✓ 5 niveles de feedback configurados
2025-11-23 19:37:15,382 - biometric_gesture_system - INFO - [visual_feedback.py:65] -   ✓ Colores BGR definidos
2025-11-23 19:37:15,382 - biometric_gesture_system - INFO - [visual_feedback.py:66] -   ✓ Sistema de priorización activo
2025-11-23 19:37:15,382 - biometric_gesture_system - INFO - [visual_feedback.py:67] - ======================================================================
2025-11-23 19:37:34,682 - biometric_gesture_system - WARNING - [config_manager.py:349] - Clave de configuración no encontrada: roi_normalization.enabled, usando default: True
2025-11-23 19:37:34,683 - biometric_gesture_system - WARNING - [config_manager.py:349] - Clave de configuración no encontrada: roi_normalization.enabled, usando default: True
2025-11-23 19:37:34,683 - biometric_gesture_system - WARNING - [config_manager.py:349] - Clave de configuración no encontrada: roi_normalization.use_single_area, usando default: True
2025-11-23 19:37:34,684 - biometric_gesture_system - WARNING - [config_manager.py:349] - Clave de configuración no encontrada: biometric.dynamic_features, usando default: {'min_transition_frames': 8, 'max_transition_frames': 40, 'gesture_stability_threshold': 5, 'velocity_smoothing_window': 3, 'min_movement_threshold': 0.005, 'transition_detection_sensitivity': 0.85, 'temporal_downsampling': 1, 'normalize_temporal_features': True, 'use_3d_trajectories': True, 'velocity_threshold_percentile': 75, 'acceleration_smoothing': True, 'jerk_threshold': 0.1, 'minimum_sequence_duration_ms': 200}
2025-11-23 19:37:34,685 - biometric_gesture_system - WARNING - [config_manager.py:349] - Clave de configuración no encontrada: biometric.sequence_management, usando default: {'sequence_length': 3, 'max_sequence_duration': 60.0, 'max_gesture_duration': 15.0, 'min_gesture_confidence': 0.7, 'min_stable_frames': 3, 'gesture_timeout': 10.0, 'sequence_timeout': 45.0, 'max_failed_attempts': 3, 'cooldown_period': 5.0, 'auto_save_sequences': True, 'validation_mode': 'moderate', 'allow_gesture_skipping': False, 'require_exact_order': True, 'enable_adaptive_timeouts': True}
2025-11-23 19:37:34,685 - biometric_gesture_system - WARNING - [config_manager.py:349] - Clave de configuración no encontrada: biometric.enrollment.samples_per_gesture, usando default: 8
2025-11-23 19:37:34,687 - biometric_gesture_system - WARNING - [config_manager.py:349] - Clave de configuración no encontrada: biometric.enrollment.min_confidence, usando default: 0.65
2025-11-23 19:37:34,687 - biometric_gesture_system - WARNING - [config_manager.py:349] - Clave de configuración no encontrada: biometric.enrollment.min_stability_frames, usando default: 8
2025-11-23 19:37:34,687 - biometric_gesture_system - WARNING - [config_manager.py:349] - Clave de configuración no encontrada: biometric.enrollment.require_all_gestures, usando default: True
2025-11-23 19:37:34,687 - biometric_gesture_system - WARNING - [config_manager.py:349] - Clave de configuración no encontrada: biometric.enrollment.sample_timeout, usando default: 120.0
2025-11-23 19:37:34,687 - biometric_gesture_system - WARNING - [config_manager.py:349] - Clave de configuración no encontrada: biometric.enrollment.session_timeout, usando default: 3600.0
2025-11-23 19:37:34,687 - biometric_gesture_system - WARNING - [config_manager.py:349] - Clave de configuración no encontrada: biometric.enrollment.capture_interval, usando default: 0.8
2025-11-23 19:37:34,687 - biometric_gesture_system - WARNING - [config_manager.py:349] - Clave de configuración no encontrada: biometric.enrollment.enable_quality_check, usando default: True
2025-11-23 19:37:34,687 - biometric_gesture_system - WARNING - [config_manager.py:349] - Clave de configuración no encontrada: biometric.enrollment.enable_duplicate_check, usando default: True
2025-11-23 19:37:34,688 - biometric_gesture_system - WARNING - [config_manager.py:349] - Clave de configuración no encontrada: biometric.enrollment.duplicate_threshold, usando default: 0.92
2025-11-23 19:37:34,688 - biometric_gesture_system - WARNING - [config_manager.py:349] - Clave de configuración no encontrada: biometric.enrollment.template_fusion_strategy, usando default: average
2025-11-23 19:37:34,688 - biometric_gesture_system - WARNING - [config_manager.py:349] - Clave de configuración no encontrada: biometric.enrollment.enable_template_optimization, usando default: True
2025-11-23 19:37:34,688 - biometric_gesture_system - WARNING - [config_manager.py:349] - Clave de configuración no encontrada: biometric.enrollment.embedding_dimension_check, usando default: True
2025-11-23 19:37:34,688 - biometric_gesture_system - WARNING - [config_manager.py:349] - Clave de configuración no encontrada: biometric.enrollment.show_preview, usando default: True
2025-11-23 19:37:34,688 - biometric_gesture_system - WARNING - [config_manager.py:349] - Clave de configuración no encontrada: biometric.enrollment.show_quality_feedback, usando default: False
2025-11-23 19:37:34,688 - biometric_gesture_system - WARNING - [config_manager.py:349] - Clave de configuración no encontrada: biometric.enrollment.save_enrollment_video, usando default: False
2025-11-23 19:37:34,688 - biometric_gesture_system - WARNING - [config_manager.py:349] - Clave de configuración no encontrada: biometric.siamese_anatomical, usando default: {'hidden_layers': [128, 64], 'activation': 'relu', 'dropout_rate': 0.2, 'batch_normalization': True, 'l2_regularization': 0.001, 'learning_rate': 0.001, 'batch_size': 32, 'epochs': 100, 'patience': 15, 'validation_split': 0.2, 'min_users_for_training': 2, 'min_samples_per_user': 15, 'max_samples_per_user': 50, 'min_sessions_per_user': 1, 'loss_function': 'contrastive', 'distance_metric': 'euclidean', 'margin': 1.5, 'alpha': 0.2, 'use_stratified_split': True, 'cross_validation_folds': 5, 'threshold_optimization': 'eer', 'quality_threshold': 80.0, 'use_real_augmentation': True, 'temporal_jitter': 0.02, 'noise_from_real_variance': True, 'require_independent_test': True, 'min_test_users': 1, 'performance_monitoring': True}
2025-11-23 19:37:37,879 - biometric_gesture_system - WARNING - [config_manager.py:349] - Clave de configuración no encontrada: biometric.feature_preprocessing, usando default: {'anatomical_normalization': 'robust', 'dynamic_normalization': 'standard', 'normalize_per_user': False, 'balancing_method': 'balanced_subsample', 'target_balance_ratio': 1.0, 'augmentation_strategy': 'moderate', 'augmentation_factor': 1.5, 'cv_folds': 5, 'cv_strategy': 'stratified_user', 'test_size': 0.2, 'validation_size': 0.2, 'outlier_threshold': 3.0, 'min_samples_per_user': 5, 'feature_selection': False, 'variance_threshold': 0.01, 'cache_transformations': True, 'parallel_processing': False, 'random_state': 42, 'stratify_by_user': True}
2025-11-23 19:37:37,883 - biometric_gesture_system - WARNING - [config_manager.py:349] - Clave de configuración no encontrada: biometric.auth.sequence_timeout, usando default: 25.0
2025-11-23 19:37:37,883 - biometric_gesture_system - WARNING - [config_manager.py:349] - Clave de configuración no encontrada: biometric.auth.total_timeout, usando default: 45.0
2025-11-23 19:37:37,883 - biometric_gesture_system - WARNING - [config_manager.py:349] - Clave de configuración no encontrada: biometric.auth.frame_timeout, usando default: 3.0
2025-11-23 19:37:37,884 - biometric_gesture_system - WARNING - [config_manager.py:349] - Clave de configuración no encontrada: biometric.auth.threshold_low, usando default: 0.65
2025-11-23 19:37:37,884 - biometric_gesture_system - WARNING - [config_manager.py:349] - Clave de configuración no encontrada: biometric.auth.threshold_standard, usando default: 0.75
2025-11-23 19:37:37,884 - biometric_gesture_system - WARNING - [config_manager.py:349] - Clave de configuración no encontrada: biometric.auth.threshold_high, usando default: 0.85
2025-11-23 19:37:37,884 - biometric_gesture_system - WARNING - [config_manager.py:349] - Clave de configuración no encontrada: biometric.auth.threshold_maximum, usando default: 0.92
2025-11-23 19:37:37,884 - biometric_gesture_system - WARNING - [config_manager.py:349] - Clave de configuración no encontrada: biometric.auth.require_sequence_completion, usando default: True
2025-11-23 19:37:37,884 - biometric_gesture_system - WARNING - [config_manager.py:349] - Clave de configuración no encontrada: biometric.auth.min_gestures_for_auth, usando default: 2
2025-11-23 19:37:37,884 - biometric_gesture_system - WARNING - [config_manager.py:349] - Clave de configuración no encontrada: biometric.auth.max_attempts_per_session, usando default: 3
2025-11-23 19:37:37,884 - biometric_gesture_system - WARNING - [config_manager.py:349] - Clave de configuración no encontrada: biometric.auth.max_identification_candidates, usando default: 5
2025-11-23 19:37:37,884 - biometric_gesture_system - WARNING - [config_manager.py:349] - Clave de configuración no encontrada: biometric.auth.identification_threshold_factor, usando default: 1.1
2025-11-23 19:37:37,884 - biometric_gesture_system - WARNING - [config_manager.py:349] - Clave de configuración no encontrada: biometric.auth.min_quality_score, usando default: 0.7
2025-11-23 19:37:37,884 - biometric_gesture_system - WARNING - [config_manager.py:349] - Clave de configuración no encontrada: biometric.auth.min_confidence, usando default: 0.65
2025-11-23 19:37:37,884 - biometric_gesture_system - WARNING - [config_manager.py:349] - Clave de configuración no encontrada: biometric.auth.min_stability_frames, usando default: 8
2025-11-23 19:37:37,887 - biometric_gesture_system - WARNING - [config_manager.py:349] - Clave de configuración no encontrada: biometric.auth.score_fusion_strategy, usando default: weighted_average
2025-11-23 19:37:37,887 - biometric_gesture_system - WARNING - [config_manager.py:349] - Clave de configuración no encontrada: biometric.auth.anatomical_weight, usando default: 0.6
2025-11-23 19:37:37,887 - biometric_gesture_system - WARNING - [config_manager.py:349] - Clave de configuración no encontrada: biometric.auth.dynamic_weight, usando default: 0.4
2025-11-23 19:37:37,887 - biometric_gesture_system - WARNING - [config_manager.py:349] - Clave de configuración no encontrada: biometric.auth.enable_audit_logging, usando default: True
2025-11-23 19:37:37,887 - biometric_gesture_system - WARNING - [config_manager.py:349] - Clave de configuración no encontrada: biometric.auth.enable_continuous_auth, usando default: False
2025-11-23 19:37:37,888 - biometric_gesture_system - WARNING - [config_manager.py:349] - Clave de configuración no encontrada: biometric.auth.max_failed_attempts, usando default: 5
2025-11-23 19:37:37,888 - biometric_gesture_system - WARNING - [config_manager.py:349] - Clave de configuración no encontrada: biometric.auth.lockout_duration, usando default: 300.0
2025-11-23 19:37:37,888 - biometric_gesture_system - WARNING - [config_manager.py:349] - Clave de configuración no encontrada: biometric.score_fusion, usando default: {'fusion_strategy': 'weighted_average', 'calibration_method': 'none', 'weight_optimization': 'grid_search', 'anatomical_weight': 0.6, 'dynamic_weight': 0.4, 'decision_threshold': 0.5, 'use_confidence_weighting': True, 'adaptive_threshold': False, 'cross_validation_folds': 5, 'optimization_metric': 'eer'}
2025-11-23 19:37:37,888 - biometric_gesture_system - INFO - [authentication_system.py:444] - RealAuthenticationPipeline inicializado con componentes
2025-11-23 19:37:37,888 - biometric_gesture_system - INFO - [authentication_system.py:1206] - RealSessionManager inicializado para gestión de sesiones
2025-11-23 19:37:37,888 - biometric_gesture_system - INFO - [authentication_system.py:266] - RealSecurityAuditor inicializado para auditoría
2025-11-23 19:37:37,888 - biometric_gesture_system - INFO - [authentication_system.py:1413] - RealAuthenticationSystem inicializado
2025-11-23 19:37:37,888 - biometric_gesture_system - INFO - [authentication_system.py:1414] -   - Configuración: umbrales={'low': 0.65, 'standard': 0.75, 'high': 0.85, 'maximum': 0.92}
2025-11-23 19:37:37,894 - biometric_gesture_system - INFO - [authentication_system.py:2979] - Usuarios disponibles: 10
2025-11-23 19:37:44,740 - biometric_gesture_system - INFO - [authentication_system.py:2979] - Usuarios disponibles: 10
2025-11-23 19:38:24,710 - biometric_gesture_system - INFO - [authentication_system.py:2979] - Usuarios disponibles: 10
2025-11-23 19:38:27,025 - biometric_gesture_system - INFO - [authentication_system.py:1448] - Inicializando sistema de autenticación...
2025-11-23 19:38:27,025 - biometric_gesture_system - INFO - [authentication_system.py:1451] - Obteniendo referencias a redes entrenadas...
2025-11-23 19:38:27,025 - biometric_gesture_system - INFO - [authentication_system.py:1456] - === DIAGNÓSTICO DE ESTADO DE REDES ===
2025-11-23 19:38:27,025 - biometric_gesture_system - INFO - [authentication_system.py:1464] - Archivos de modelo en disco:
2025-11-23 19:38:27,026 - biometric_gesture_system - INFO - [authentication_system.py:1465] -   - Anatómico: True - biometric_data\models\anatomical_model.h5
2025-11-23 19:38:27,026 - biometric_gesture_system - INFO - [authentication_system.py:1466] -   - Dinámico: True - biometric_data\models\dynamic_model.h5
2025-11-23 19:38:27,026 - biometric_gesture_system - INFO - [authentication_system.py:1469] - Estado de instancias globales:
2025-11-23 19:38:27,026 - biometric_gesture_system - INFO - [authentication_system.py:1470] -   - Anatómica is_trained: True
2025-11-23 19:38:27,026 - biometric_gesture_system - INFO - [authentication_system.py:1471] -   - Dinámica is_trained: True
2025-11-23 19:38:27,026 - biometric_gesture_system - INFO - [authentication_system.py:1474] - Modelos compilados:
2025-11-23 19:38:27,027 - biometric_gesture_system - INFO - [authentication_system.py:1475] -   - Anatómica siamese_model: True
2025-11-23 19:38:27,027 - biometric_gesture_system - INFO - [authentication_system.py:1476] -   - Dinámica siamese_model: True
2025-11-23 19:38:27,027 - biometric_gesture_system - INFO - [authentication_system.py:1478] - === FIN DIAGNÓSTICO ===
2025-11-23 19:38:27,027 - biometric_gesture_system - INFO - [authentication_system.py:1480] - Referencias a redes obtenidas:
2025-11-23 19:38:27,027 - biometric_gesture_system - INFO - [authentication_system.py:1481] -   - Red anatómica disponible: True
2025-11-23 19:38:27,027 - biometric_gesture_system - INFO - [authentication_system.py:1482] -   - Red anatómica entrenada: True
2025-11-23 19:38:27,028 - biometric_gesture_system - INFO - [authentication_system.py:1483] -   - Red dinámica disponible: True
2025-11-23 19:38:27,028 - biometric_gesture_system - INFO - [authentication_system.py:1484] -   - Red dinámica entrenada: True
2025-11-23 19:38:27,028 - biometric_gesture_system - INFO - [authentication_system.py:449] - Inicializando pipeline de autenticación...
2025-11-23 19:38:27,028 - biometric_gesture_system - INFO - [authentication_system.py:452] - Obteniendo referencias actuales a redes entrenadas...
2025-11-23 19:38:27,028 - biometric_gesture_system - INFO - [authentication_system.py:457] - Verificando estado de entrenamiento...
2025-11-23 19:38:27,029 - biometric_gesture_system - INFO - [authentication_system.py:458] -   - Red anatómica entrenada: True
2025-11-23 19:38:27,029 - biometric_gesture_system - INFO - [authentication_system.py:459] -   - Red dinámica entrenada: True
2025-11-23 19:38:43,871 - biometric_gesture_system - INFO - [authentication_system.py:499] - Pipeline de autenticación inicializado exitosamente
2025-11-23 19:38:43,871 - biometric_gesture_system - INFO - [authentication_system.py:500] -   - Red anatómica entrenada: True
2025-11-23 19:38:43,871 - biometric_gesture_system - INFO - [authentication_system.py:501] -   - Red dinámica entrenada: True
2025-11-23 19:38:43,871 - biometric_gesture_system - INFO - [authentication_system.py:502] -   - Sistema de fusión listo: True
2025-11-23 19:38:43,872 - biometric_gesture_system - INFO - [authentication_system.py:1530] - Sistema de autenticación inicializado exitosamente
2025-11-23 19:38:43,872 - biometric_gesture_system - INFO - [authentication_system.py:1531] -   - Usuarios disponibles: 10
2025-11-23 19:38:43,872 - biometric_gesture_system - INFO - [authentication_system.py:1532] -   - Templates totales: 366
2025-11-23 19:38:43,872 - biometric_gesture_system - INFO - [authentication_system.py:1534] -   - Pipeline listo: True
2025-11-23 19:38:43,872 - biometric_gesture_system - INFO - [authentication_system.py:1535] -   - Redes entrenadas: anatómica=True, dinámica=True
2025-11-23 19:38:43,873 - biometric_gesture_system - INFO - [authentication_system.py:1564] - Iniciando verificación para usuario: user_bbbbbbbb_1763942880182_4089feca
2025-11-23 19:38:43,873 - biometric_gesture_system - INFO - [authentication_system.py:1565] -   - Nivel de seguridad: standard
2025-11-23 19:38:43,873 - biometric_gesture_system - INFO - [authentication_system.py:1566] -   - Secuencia requerida: None
2025-11-23 19:38:43,873 - biometric_gesture_system - INFO - [authentication_system.py:1229] - Creando sesión: modo=verification, usuario=user_bbbbbbbb_1763942880182_4089feca
2025-11-23 19:38:43,874 - biometric_gesture_system - INFO - [authentication_system.py:1270] - Sesión creada exitosamente: b01ead2d-3450-4d6d-8778-1b8ee83c3286
2025-11-23 19:38:43,874 - biometric_gesture_system - INFO - [authentication_system.py:1271] -   - Modo: verification
2025-11-23 19:38:43,874 - biometric_gesture_system - INFO - [authentication_system.py:1272] -   - Usuario: user_bbbbbbbb_1763942880182_4089feca
2025-11-23 19:38:43,874 - biometric_gesture_system - INFO - [authentication_system.py:1273] -   - Nivel seguridad: standard
2025-11-23 19:38:43,874 - biometric_gesture_system - INFO - [authentication_system.py:1274] -   - Secuencia requerida: ['Open_Palm', 'Closed_Fist', 'Victory']
2025-11-23 19:38:43,875 - biometric_gesture_system - INFO - [authentication_system.py:1595] - Verificación iniciada: sesión b01ead2d-3450-4d6d-8778-1b8ee83c3286
2025-11-23 19:38:43,875 - biometric_gesture_system - INFO - [authentication_system.py:1596] -   - Usuario: user_bbbbbbbb_1763942880182_4089feca
2025-11-23 19:38:43,875 - biometric_gesture_system - INFO - [authentication_system.py:1597] -   - Templates disponibles: 49
2025-11-23 19:38:44,094 - biometric_gesture_system - INFO - [authentication_system.py:524] - Procesando frame para sesión b01ead2d-3450-4d6d-8778-1b8ee83c3286
2025-11-23 19:38:44,098 - biometric_gesture_system - INFO - [authentication_system.py:535] - AUTH: Frame #1 capturado - Shape: (720, 1280, 3)
2025-11-23 19:38:44,098 - biometric_gesture_system - INFO - [authentication_system.py:540] - AUTH: Procesando frame original para detectar mano...
2025-11-23 19:38:44,202 - biometric_gesture_system - INFO - [authentication_system.py:544] - AUTH: No se detectó mano válida en frame original
2025-11-23 19:38:44,295 - biometric_gesture_system - INFO - [authentication_system.py:524] - Procesando frame para sesión b01ead2d-3450-4d6d-8778-1b8ee83c3286
2025-11-23 19:38:44,299 - biometric_gesture_system - INFO - [authentication_system.py:535] - AUTH: Frame #2 capturado - Shape: (720, 1280, 3)
2025-11-23 19:38:44,299 - biometric_gesture_system - INFO - [authentication_system.py:540] - AUTH: Procesando frame original para detectar mano...
2025-11-23 19:38:44,345 - biometric_gesture_system - INFO - [authentication_system.py:544] - AUTH: No se detectó mano válida en frame original
2025-11-23 19:38:44,491 - biometric_gesture_system - INFO - [authentication_system.py:524] - Procesando frame para sesión b01ead2d-3450-4d6d-8778-1b8ee83c3286
2025-11-23 19:38:44,496 - biometric_gesture_system - INFO - [authentication_system.py:535] - AUTH: Frame #3 capturado - Shape: (720, 1280, 3)
2025-11-23 19:38:44,496 - biometric_gesture_system - INFO - [authentication_system.py:540] - AUTH: Procesando frame original para detectar mano...
2025-11-23 19:38:44,544 - biometric_gesture_system - INFO - [authentication_system.py:544] - AUTH: No se detectó mano válida en frame original
2025-11-23 19:38:44,690 - biometric_gesture_system - INFO - [authentication_system.py:524] - Procesando frame para sesión b01ead2d-3450-4d6d-8778-1b8ee83c3286
2025-11-23 19:38:44,694 - biometric_gesture_system - INFO - [authentication_system.py:535] - AUTH: Frame #4 capturado - Shape: (720, 1280, 3)
2025-11-23 19:38:44,694 - biometric_gesture_system - INFO - [authentication_system.py:540] - AUTH: Procesando frame original para detectar mano...
2025-11-23 19:38:44,744 - biometric_gesture_system - INFO - [authentication_system.py:544] - AUTH: No se detectó mano válida en frame original
2025-11-23 19:38:44,890 - biometric_gesture_system - INFO - [authentication_system.py:524] - Procesando frame para sesión b01ead2d-3450-4d6d-8778-1b8ee83c3286
2025-11-23 19:38:44,894 - biometric_gesture_system - INFO - [authentication_system.py:535] - AUTH: Frame #5 capturado - Shape: (720, 1280, 3)
2025-11-23 19:38:44,894 - biometric_gesture_system - INFO - [authentication_system.py:540] - AUTH: Procesando frame original para detectar mano...
2025-11-23 19:38:44,947 - biometric_gesture_system - INFO - [authentication_system.py:544] - AUTH: No se detectó mano válida en frame original
2025-11-23 19:38:45,100 - biometric_gesture_system - INFO - [authentication_system.py:524] - Procesando frame para sesión b01ead2d-3450-4d6d-8778-1b8ee83c3286
2025-11-23 19:38:45,106 - biometric_gesture_system - INFO - [authentication_system.py:535] - AUTH: Frame #6 capturado - Shape: (720, 1280, 3)
2025-11-23 19:38:45,106 - biometric_gesture_system - INFO - [authentication_system.py:540] - AUTH: Procesando frame original para detectar mano...
2025-11-23 19:38:45,158 - biometric_gesture_system - INFO - [authentication_system.py:544] - AUTH: No se detectó mano válida en frame original
2025-11-23 19:38:45,291 - biometric_gesture_system - INFO - [authentication_system.py:524] - Procesando frame para sesión b01ead2d-3450-4d6d-8778-1b8ee83c3286
2025-11-23 19:38:45,294 - biometric_gesture_system - INFO - [authentication_system.py:535] - AUTH: Frame #7 capturado - Shape: (720, 1280, 3)
2025-11-23 19:38:45,294 - biometric_gesture_system - INFO - [authentication_system.py:540] - AUTH: Procesando frame original para detectar mano...
2025-11-23 19:38:45,359 - biometric_gesture_system - INFO - [authentication_system.py:544] - AUTH: No se detectó mano válida en frame original
2025-11-23 19:38:45,496 - biometric_gesture_system - INFO - [authentication_system.py:524] - Procesando frame para sesión b01ead2d-3450-4d6d-8778-1b8ee83c3286
2025-11-23 19:38:45,499 - biometric_gesture_system - INFO - [authentication_system.py:535] - AUTH: Frame #8 capturado - Shape: (720, 1280, 3)
2025-11-23 19:38:45,500 - biometric_gesture_system - INFO - [authentication_system.py:540] - AUTH: Procesando frame original para detectar mano...
2025-11-23 19:38:45,557 - biometric_gesture_system - INFO - [authentication_system.py:544] - AUTH: No se detectó mano válida en frame original
2025-11-23 19:38:45,690 - biometric_gesture_system - INFO - [authentication_system.py:524] - Procesando frame para sesión b01ead2d-3450-4d6d-8778-1b8ee83c3286
2025-11-23 19:38:45,694 - biometric_gesture_system - INFO - [authentication_system.py:535] - AUTH: Frame #9 capturado - Shape: (720, 1280, 3)
2025-11-23 19:38:45,694 - biometric_gesture_system - INFO - [authentication_system.py:540] - AUTH: Procesando frame original para detectar mano...
2025-11-23 19:38:45,752 - biometric_gesture_system - INFO - [authentication_system.py:544] - AUTH: No se detectó mano válida en frame original
2025-11-23 19:38:45,890 - biometric_gesture_system - INFO - [authentication_system.py:524] - Procesando frame para sesión b01ead2d-3450-4d6d-8778-1b8ee83c3286
2025-11-23 19:38:45,894 - biometric_gesture_system - INFO - [authentication_system.py:535] - AUTH: Frame #10 capturado - Shape: (720, 1280, 3)
2025-11-23 19:38:45,894 - biometric_gesture_system - INFO - [authentication_system.py:540] - AUTH: Procesando frame original para detectar mano...
2025-11-23 19:38:45,950 - biometric_gesture_system - INFO - [authentication_system.py:544] - AUTH: No se detectó mano válida en frame original
2025-11-23 19:38:46,089 - biometric_gesture_system - INFO - [authentication_system.py:524] - Procesando frame para sesión b01ead2d-3450-4d6d-8778-1b8ee83c3286
2025-11-23 19:38:46,093 - biometric_gesture_system - INFO - [authentication_system.py:535] - AUTH: Frame #11 capturado - Shape: (720, 1280, 3)
2025-11-23 19:38:46,093 - biometric_gesture_system - INFO - [authentication_system.py:540] - AUTH: Procesando frame original para detectar mano...
2025-11-23 19:38:46,145 - biometric_gesture_system - INFO - [authentication_system.py:544] - AUTH: No se detectó mano válida en frame original
2025-11-23 19:38:46,289 - biometric_gesture_system - INFO - [authentication_system.py:524] - Procesando frame para sesión b01ead2d-3450-4d6d-8778-1b8ee83c3286
2025-11-23 19:38:46,292 - biometric_gesture_system - INFO - [authentication_system.py:535] - AUTH: Frame #12 capturado - Shape: (720, 1280, 3)
2025-11-23 19:38:46,292 - biometric_gesture_system - INFO - [authentication_system.py:540] - AUTH: Procesando frame original para detectar mano...
2025-11-23 19:38:46,337 - biometric_gesture_system - INFO - [authentication_system.py:544] - AUTH: No se detectó mano válida en frame original
2025-11-23 19:38:46,489 - biometric_gesture_system - INFO - [authentication_system.py:524] - Procesando frame para sesión b01ead2d-3450-4d6d-8778-1b8ee83c3286
2025-11-23 19:38:46,492 - biometric_gesture_system - INFO - [authentication_system.py:535] - AUTH: Frame #13 capturado - Shape: (720, 1280, 3)
2025-11-23 19:38:46,492 - biometric_gesture_system - INFO - [authentication_system.py:540] - AUTH: Procesando frame original para detectar mano...
2025-11-23 19:38:46,551 - biometric_gesture_system - INFO - [authentication_system.py:544] - AUTH: No se detectó mano válida en frame original
2025-11-23 19:38:46,688 - biometric_gesture_system - INFO - [authentication_system.py:524] - Procesando frame para sesión b01ead2d-3450-4d6d-8778-1b8ee83c3286
2025-11-23 19:38:46,692 - biometric_gesture_system - INFO - [authentication_system.py:535] - AUTH: Frame #14 capturado - Shape: (720, 1280, 3)
2025-11-23 19:38:46,692 - biometric_gesture_system - INFO - [authentication_system.py:540] - AUTH: Procesando frame original para detectar mano...
2025-11-23 19:38:46,740 - biometric_gesture_system - INFO - [authentication_system.py:544] - AUTH: No se detectó mano válida en frame original
2025-11-23 19:38:46,887 - biometric_gesture_system - INFO - [authentication_system.py:524] - Procesando frame para sesión b01ead2d-3450-4d6d-8778-1b8ee83c3286
2025-11-23 19:38:46,891 - biometric_gesture_system - INFO - [authentication_system.py:535] - AUTH: Frame #15 capturado - Shape: (720, 1280, 3)
2025-11-23 19:38:46,891 - biometric_gesture_system - INFO - [authentication_system.py:540] - AUTH: Procesando frame original para detectar mano...
2025-11-23 19:38:46,944 - biometric_gesture_system - INFO - [authentication_system.py:544] - AUTH: No se detectó mano válida en frame original
2025-11-23 19:38:47,102 - biometric_gesture_system - INFO - [authentication_system.py:524] - Procesando frame para sesión b01ead2d-3450-4d6d-8778-1b8ee83c3286
2025-11-23 19:38:47,105 - biometric_gesture_system - INFO - [authentication_system.py:535] - AUTH: Frame #16 capturado - Shape: (720, 1280, 3)
2025-11-23 19:38:47,105 - biometric_gesture_system - INFO - [authentication_system.py:540] - AUTH: Procesando frame original para detectar mano...
2025-11-23 19:38:47,156 - biometric_gesture_system - INFO - [authentication_system.py:544] - AUTH: No se detectó mano válida en frame original
2025-11-23 19:38:47,288 - biometric_gesture_system - INFO - [authentication_system.py:524] - Procesando frame para sesión b01ead2d-3450-4d6d-8778-1b8ee83c3286
2025-11-23 19:38:47,291 - biometric_gesture_system - INFO - [authentication_system.py:535] - AUTH: Frame #17 capturado - Shape: (720, 1280, 3)
2025-11-23 19:38:47,291 - biometric_gesture_system - INFO - [authentication_system.py:540] - AUTH: Procesando frame original para detectar mano...
2025-11-23 19:38:47,338 - biometric_gesture_system - INFO - [authentication_system.py:544] - AUTH: No se detectó mano válida en frame original
2025-11-23 19:38:47,487 - biometric_gesture_system - INFO - [authentication_system.py:524] - Procesando frame para sesión b01ead2d-3450-4d6d-8778-1b8ee83c3286
2025-11-23 19:38:47,491 - biometric_gesture_system - INFO - [authentication_system.py:535] - AUTH: Frame #18 capturado - Shape: (720, 1280, 3)
2025-11-23 19:38:47,491 - biometric_gesture_system - INFO - [authentication_system.py:540] - AUTH: Procesando frame original para detectar mano...
2025-11-23 19:38:47,540 - biometric_gesture_system - INFO - [authentication_system.py:544] - AUTH: No se detectó mano válida en frame original
2025-11-23 19:38:47,693 - biometric_gesture_system - INFO - [authentication_system.py:524] - Procesando frame para sesión b01ead2d-3450-4d6d-8778-1b8ee83c3286
2025-11-23 19:38:47,697 - biometric_gesture_system - INFO - [authentication_system.py:535] - AUTH: Frame #19 capturado - Shape: (720, 1280, 3)
2025-11-23 19:38:47,698 - biometric_gesture_system - INFO - [authentication_system.py:540] - AUTH: Procesando frame original para detectar mano...
2025-11-23 19:38:47,750 - biometric_gesture_system - INFO - [authentication_system.py:544] - AUTH: No se detectó mano válida en frame original
2025-11-23 19:38:47,897 - biometric_gesture_system - INFO - [authentication_system.py:524] - Procesando frame para sesión b01ead2d-3450-4d6d-8778-1b8ee83c3286
2025-11-23 19:38:47,902 - biometric_gesture_system - INFO - [authentication_system.py:535] - AUTH: Frame #20 capturado - Shape: (720, 1280, 3)
2025-11-23 19:38:47,902 - biometric_gesture_system - INFO - [authentication_system.py:540] - AUTH: Procesando frame original para detectar mano...
2025-11-23 19:38:47,945 - biometric_gesture_system - INFO - [authentication_system.py:544] - AUTH: No se detectó mano válida en frame original
2025-11-23 19:38:48,099 - biometric_gesture_system - INFO - [authentication_system.py:524] - Procesando frame para sesión b01ead2d-3450-4d6d-8778-1b8ee83c3286
2025-11-23 19:38:48,103 - biometric_gesture_system - INFO - [authentication_system.py:535] - AUTH: Frame #21 capturado - Shape: (720, 1280, 3)
2025-11-23 19:38:48,103 - biometric_gesture_system - INFO - [authentication_system.py:540] - AUTH: Procesando frame original para detectar mano...
2025-11-23 19:38:48,158 - biometric_gesture_system - INFO - [authentication_system.py:544] - AUTH: No se detectó mano válida en frame original
2025-11-23 19:38:48,299 - biometric_gesture_system - INFO - [authentication_system.py:524] - Procesando frame para sesión b01ead2d-3450-4d6d-8778-1b8ee83c3286
2025-11-23 19:38:48,302 - biometric_gesture_system - INFO - [authentication_system.py:535] - AUTH: Frame #22 capturado - Shape: (720, 1280, 3)
2025-11-23 19:38:48,303 - biometric_gesture_system - INFO - [authentication_system.py:540] - AUTH: Procesando frame original para detectar mano...
2025-11-23 19:38:48,349 - biometric_gesture_system - INFO - [authentication_system.py:544] - AUTH: No se detectó mano válida en frame original
2025-11-23 19:38:48,498 - biometric_gesture_system - INFO - [authentication_system.py:524] - Procesando frame para sesión b01ead2d-3450-4d6d-8778-1b8ee83c3286
2025-11-23 19:38:48,501 - biometric_gesture_system - INFO - [authentication_system.py:535] - AUTH: Frame #23 capturado - Shape: (720, 1280, 3)
2025-11-23 19:38:48,501 - biometric_gesture_system - INFO - [authentication_system.py:540] - AUTH: Procesando frame original para detectar mano...
2025-11-23 19:38:48,551 - biometric_gesture_system - INFO - [authentication_system.py:544] - AUTH: No se detectó mano válida en frame original
2025-11-23 19:38:48,716 - biometric_gesture_system - INFO - [authentication_system.py:524] - Procesando frame para sesión b01ead2d-3450-4d6d-8778-1b8ee83c3286
2025-11-23 19:38:48,719 - biometric_gesture_system - INFO - [authentication_system.py:535] - AUTH: Frame #24 capturado - Shape: (720, 1280, 3)
2025-11-23 19:38:48,719 - biometric_gesture_system - INFO - [authentication_system.py:540] - AUTH: Procesando frame original para detectar mano...
2025-11-23 19:38:48,775 - biometric_gesture_system - INFO - [authentication_system.py:544] - AUTH: No se detectó mano válida en frame original
2025-11-23 19:38:48,898 - biometric_gesture_system - INFO - [authentication_system.py:524] - Procesando frame para sesión b01ead2d-3450-4d6d-8778-1b8ee83c3286
2025-11-23 19:38:48,902 - biometric_gesture_system - INFO - [authentication_system.py:535] - AUTH: Frame #25 capturado - Shape: (720, 1280, 3)
2025-11-23 19:38:48,902 - biometric_gesture_system - INFO - [authentication_system.py:540] - AUTH: Procesando frame original para detectar mano...
2025-11-23 19:38:48,950 - biometric_gesture_system - INFO - [authentication_system.py:544] - AUTH: No se detectó mano válida en frame original
2025-11-23 19:38:49,097 - biometric_gesture_system - INFO - [authentication_system.py:524] - Procesando frame para sesión b01ead2d-3450-4d6d-8778-1b8ee83c3286
2025-11-23 19:38:49,101 - biometric_gesture_system - INFO - [authentication_system.py:535] - AUTH: Frame #26 capturado - Shape: (720, 1280, 3)
2025-11-23 19:38:49,101 - biometric_gesture_system - INFO - [authentication_system.py:540] - AUTH: Procesando frame original para detectar mano...
2025-11-23 19:38:49,142 - biometric_gesture_system - INFO - [authentication_system.py:544] - AUTH: No se detectó mano válida en frame original
2025-11-23 19:38:49,296 - biometric_gesture_system - INFO - [authentication_system.py:524] - Procesando frame para sesión b01ead2d-3450-4d6d-8778-1b8ee83c3286
2025-11-23 19:38:49,299 - biometric_gesture_system - INFO - [authentication_system.py:535] - AUTH: Frame #27 capturado - Shape: (720, 1280, 3)
2025-11-23 19:38:49,299 - biometric_gesture_system - INFO - [authentication_system.py:540] - AUTH: Procesando frame original para detectar mano...
2025-11-23 19:38:49,337 - biometric_gesture_system - INFO - [authentication_system.py:544] - AUTH: No se detectó mano válida en frame original
2025-11-23 19:38:49,502 - biometric_gesture_system - INFO - [authentication_system.py:524] - Procesando frame para sesión b01ead2d-3450-4d6d-8778-1b8ee83c3286
2025-11-23 19:38:49,506 - biometric_gesture_system - INFO - [authentication_system.py:535] - AUTH: Frame #28 capturado - Shape: (720, 1280, 3)
2025-11-23 19:38:49,508 - biometric_gesture_system - INFO - [authentication_system.py:540] - AUTH: Procesando frame original para detectar mano...
2025-11-23 19:38:49,564 - biometric_gesture_system - INFO - [authentication_system.py:544] - AUTH: No se detectó mano válida en frame original
2025-11-23 19:38:49,693 - biometric_gesture_system - INFO - [authentication_system.py:524] - Procesando frame para sesión b01ead2d-3450-4d6d-8778-1b8ee83c3286
2025-11-23 19:38:49,697 - biometric_gesture_system - INFO - [authentication_system.py:535] - AUTH: Frame #29 capturado - Shape: (720, 1280, 3)
2025-11-23 19:38:49,698 - biometric_gesture_system - INFO - [authentication_system.py:540] - AUTH: Procesando frame original para detectar mano...
2025-11-23 19:38:49,735 - biometric_gesture_system - INFO - [authentication_system.py:544] - AUTH: No se detectó mano válida en frame original
2025-11-23 19:38:49,896 - biometric_gesture_system - INFO - [authentication_system.py:524] - Procesando frame para sesión b01ead2d-3450-4d6d-8778-1b8ee83c3286
2025-11-23 19:38:49,899 - biometric_gesture_system - INFO - [authentication_system.py:535] - AUTH: Frame #30 capturado - Shape: (720, 1280, 3)
2025-11-23 19:38:49,899 - biometric_gesture_system - INFO - [authentication_system.py:540] - AUTH: Procesando frame original para detectar mano...
2025-11-23 19:38:49,940 - biometric_gesture_system - INFO - [authentication_system.py:544] - AUTH: No se detectó mano válida en frame original
2025-11-23 19:38:50,093 - biometric_gesture_system - INFO - [authentication_system.py:524] - Procesando frame para sesión b01ead2d-3450-4d6d-8778-1b8ee83c3286
2025-11-23 19:38:50,097 - biometric_gesture_system - INFO - [authentication_system.py:535] - AUTH: Frame #31 capturado - Shape: (720, 1280, 3)
2025-11-23 19:38:50,097 - biometric_gesture_system - INFO - [authentication_system.py:540] - AUTH: Procesando frame original para detectar mano...
2025-11-23 19:38:50,131 - biometric_gesture_system - INFO - [authentication_system.py:544] - AUTH: No se detectó mano válida en frame original
2025-11-23 19:38:50,293 - biometric_gesture_system - INFO - [authentication_system.py:524] - Procesando frame para sesión b01ead2d-3450-4d6d-8778-1b8ee83c3286
2025-11-23 19:38:50,296 - biometric_gesture_system - INFO - [authentication_system.py:535] - AUTH: Frame #32 capturado - Shape: (720, 1280, 3)
2025-11-23 19:38:50,297 - biometric_gesture_system - INFO - [authentication_system.py:540] - AUTH: Procesando frame original para detectar mano...
2025-11-23 19:38:50,333 - biometric_gesture_system - INFO - [authentication_system.py:544] - AUTH: No se detectó mano válida en frame original
2025-11-23 19:38:50,490 - biometric_gesture_system - INFO - [authentication_system.py:524] - Procesando frame para sesión b01ead2d-3450-4d6d-8778-1b8ee83c3286
2025-11-23 19:38:50,493 - biometric_gesture_system - INFO - [authentication_system.py:535] - AUTH: Frame #33 capturado - Shape: (720, 1280, 3)
2025-11-23 19:38:50,494 - biometric_gesture_system - INFO - [authentication_system.py:540] - AUTH: Procesando frame original para detectar mano...
2025-11-23 19:38:50,530 - biometric_gesture_system - INFO - [authentication_system.py:544] - AUTH: No se detectó mano válida en frame original
2025-11-23 19:38:50,691 - biometric_gesture_system - INFO - [authentication_system.py:524] - Procesando frame para sesión b01ead2d-3450-4d6d-8778-1b8ee83c3286
2025-11-23 19:38:50,695 - biometric_gesture_system - INFO - [authentication_system.py:535] - AUTH: Frame #34 capturado - Shape: (720, 1280, 3)
2025-11-23 19:38:50,695 - biometric_gesture_system - INFO - [authentication_system.py:540] - AUTH: Procesando frame original para detectar mano...
2025-11-23 19:38:50,738 - biometric_gesture_system - INFO - [authentication_system.py:544] - AUTH: No se detectó mano válida en frame original
2025-11-23 19:38:50,892 - biometric_gesture_system - INFO - [authentication_system.py:524] - Procesando frame para sesión b01ead2d-3450-4d6d-8778-1b8ee83c3286
2025-11-23 19:38:50,895 - biometric_gesture_system - INFO - [authentication_system.py:535] - AUTH: Frame #35 capturado - Shape: (720, 1280, 3)
2025-11-23 19:38:50,895 - biometric_gesture_system - INFO - [authentication_system.py:540] - AUTH: Procesando frame original para detectar mano...
2025-11-23 19:38:50,942 - biometric_gesture_system - INFO - [authentication_system.py:544] - AUTH: No se detectó mano válida en frame original
2025-11-23 19:38:51,091 - biometric_gesture_system - INFO - [authentication_system.py:524] - Procesando frame para sesión b01ead2d-3450-4d6d-8778-1b8ee83c3286
2025-11-23 19:38:51,095 - biometric_gesture_system - INFO - [authentication_system.py:535] - AUTH: Frame #36 capturado - Shape: (720, 1280, 3)
2025-11-23 19:38:51,095 - biometric_gesture_system - INFO - [authentication_system.py:540] - AUTH: Procesando frame original para detectar mano...
2025-11-23 19:38:51,133 - biometric_gesture_system - INFO - [authentication_system.py:544] - AUTH: No se detectó mano válida en frame original
2025-11-23 19:38:51,286 - biometric_gesture_system - INFO - [authentication_system.py:524] - Procesando frame para sesión b01ead2d-3450-4d6d-8778-1b8ee83c3286
2025-11-23 19:38:51,290 - biometric_gesture_system - INFO - [authentication_system.py:535] - AUTH: Frame #37 capturado - Shape: (720, 1280, 3)
2025-11-23 19:38:51,290 - biometric_gesture_system - INFO - [authentication_system.py:540] - AUTH: Procesando frame original para detectar mano...
2025-11-23 19:38:51,323 - biometric_gesture_system - INFO - [authentication_system.py:544] - AUTH: No se detectó mano válida en frame original
2025-11-23 19:38:51,498 - biometric_gesture_system - INFO - [authentication_system.py:524] - Procesando frame para sesión b01ead2d-3450-4d6d-8778-1b8ee83c3286
2025-11-23 19:38:51,501 - biometric_gesture_system - INFO - [authentication_system.py:535] - AUTH: Frame #38 capturado - Shape: (720, 1280, 3)
2025-11-23 19:38:51,501 - biometric_gesture_system - INFO - [authentication_system.py:540] - AUTH: Procesando frame original para detectar mano...
2025-11-23 19:38:51,547 - biometric_gesture_system - INFO - [authentication_system.py:544] - AUTH: No se detectó mano válida en frame original
2025-11-23 19:38:51,691 - biometric_gesture_system - INFO - [authentication_system.py:524] - Procesando frame para sesión b01ead2d-3450-4d6d-8778-1b8ee83c3286
2025-11-23 19:38:51,695 - biometric_gesture_system - INFO - [authentication_system.py:535] - AUTH: Frame #39 capturado - Shape: (720, 1280, 3)
2025-11-23 19:38:51,695 - biometric_gesture_system - INFO - [authentication_system.py:540] - AUTH: Procesando frame original para detectar mano...
2025-11-23 19:38:51,744 - biometric_gesture_system - INFO - [authentication_system.py:544] - AUTH: No se detectó mano válida en frame original
2025-11-23 19:38:51,890 - biometric_gesture_system - INFO - [authentication_system.py:524] - Procesando frame para sesión b01ead2d-3450-4d6d-8778-1b8ee83c3286
2025-11-23 19:38:51,894 - biometric_gesture_system - INFO - [authentication_system.py:535] - AUTH: Frame #40 capturado - Shape: (720, 1280, 3)
2025-11-23 19:38:51,894 - biometric_gesture_system - INFO - [authentication_system.py:540] - AUTH: Procesando frame original para detectar mano...
2025-11-23 19:38:51,952 - biometric_gesture_system - INFO - [authentication_system.py:544] - AUTH: No se detectó mano válida en frame original
2025-11-23 19:38:52,090 - biometric_gesture_system - INFO - [authentication_system.py:524] - Procesando frame para sesión b01ead2d-3450-4d6d-8778-1b8ee83c3286
2025-11-23 19:38:52,092 - biometric_gesture_system - INFO - [authentication_system.py:535] - AUTH: Frame #41 capturado - Shape: (720, 1280, 3)
2025-11-23 19:38:52,093 - biometric_gesture_system - INFO - [authentication_system.py:540] - AUTH: Procesando frame original para detectar mano...
2025-11-23 19:38:52,143 - biometric_gesture_system - INFO - [authentication_system.py:544] - AUTH: No se detectó mano válida en frame original
2025-11-23 19:38:52,290 - biometric_gesture_system - INFO - [authentication_system.py:524] - Procesando frame para sesión b01ead2d-3450-4d6d-8778-1b8ee83c3286
2025-11-23 19:38:52,292 - biometric_gesture_system - INFO - [authentication_system.py:535] - AUTH: Frame #42 capturado - Shape: (720, 1280, 3)
2025-11-23 19:38:52,292 - biometric_gesture_system - INFO - [authentication_system.py:540] - AUTH: Procesando frame original para detectar mano...
2025-11-23 19:38:52,365 - biometric_gesture_system - INFO - [authentication_system.py:544] - AUTH: No se detectó mano válida en frame original
2025-11-23 19:38:52,505 - biometric_gesture_system - INFO - [authentication_system.py:524] - Procesando frame para sesión b01ead2d-3450-4d6d-8778-1b8ee83c3286
2025-11-23 19:38:52,509 - biometric_gesture_system - INFO - [authentication_system.py:535] - AUTH: Frame #43 capturado - Shape: (720, 1280, 3)
2025-11-23 19:38:52,510 - biometric_gesture_system - INFO - [authentication_system.py:540] - AUTH: Procesando frame original para detectar mano...
2025-11-23 19:38:52,591 - biometric_gesture_system - INFO - [authentication_system.py:544] - AUTH: No se detectó mano válida en frame original
2025-11-23 19:38:52,688 - biometric_gesture_system - INFO - [authentication_system.py:524] - Procesando frame para sesión b01ead2d-3450-4d6d-8778-1b8ee83c3286
2025-11-23 19:38:52,692 - biometric_gesture_system - INFO - [authentication_system.py:535] - AUTH: Frame #44 capturado - Shape: (720, 1280, 3)
2025-11-23 19:38:52,692 - biometric_gesture_system - INFO - [authentication_system.py:540] - AUTH: Procesando frame original para detectar mano...
2025-11-23 19:38:52,771 - biometric_gesture_system - INFO - [authentication_system.py:544] - AUTH: No se detectó mano válida en frame original
2025-11-23 19:38:55,813 - biometric_gesture_system - INFO - [authentication_system.py:1621] - Iniciando identificación 1:N
2025-11-23 19:38:55,814 - biometric_gesture_system - INFO - [authentication_system.py:1622] -   - Nivel de seguridad: standard
2025-11-23 19:38:55,814 - biometric_gesture_system - INFO - [authentication_system.py:1229] - Creando sesión: modo=identification, usuario=None
2025-11-23 19:38:55,814 - biometric_gesture_system - INFO - [authentication_system.py:1270] - Sesión creada exitosamente: 0e12de6a-67bc-4a16-9ad3-64ee7b10aaea
2025-11-23 19:38:55,814 - biometric_gesture_system - INFO - [authentication_system.py:1271] -   - Modo: identification
2025-11-23 19:38:55,814 - biometric_gesture_system - INFO - [authentication_system.py:1272] -   - Usuario: None
2025-11-23 19:38:55,815 - biometric_gesture_system - INFO - [authentication_system.py:1273] -   - Nivel seguridad: standard
2025-11-23 19:38:55,815 - biometric_gesture_system - INFO - [authentication_system.py:1274] -   - Secuencia requerida: None
2025-11-23 19:38:55,815 - biometric_gesture_system - INFO - [authentication_system.py:1645] - Identificación iniciada: sesión 0e12de6a-67bc-4a16-9ad3-64ee7b10aaea
2025-11-23 19:38:55,815 - biometric_gesture_system - INFO - [authentication_system.py:1646] -   - Usuarios en base de datos: 10
2025-11-23 19:38:55,815 - biometric_gesture_system - INFO - [authentication_system.py:1647] -   - Candidatos máximos: 5
2025-11-23 19:38:56,028 - biometric_gesture_system - INFO - [authentication_system.py:524] - Procesando frame para sesión 0e12de6a-67bc-4a16-9ad3-64ee7b10aaea
2025-11-23 19:38:56,031 - biometric_gesture_system - INFO - [authentication_system.py:535] - AUTH: Frame #1 capturado - Shape: (720, 1280, 3)
2025-11-23 19:38:56,031 - biometric_gesture_system - INFO - [authentication_system.py:540] - AUTH: Procesando frame original para detectar mano...
2025-11-23 19:38:56,070 - biometric_gesture_system - INFO - [authentication_system.py:544] - AUTH: No se detectó mano válida en frame original
2025-11-23 19:38:56,226 - biometric_gesture_system - INFO - [authentication_system.py:524] - Procesando frame para sesión 0e12de6a-67bc-4a16-9ad3-64ee7b10aaea
2025-11-23 19:38:56,228 - biometric_gesture_system - INFO - [authentication_system.py:535] - AUTH: Frame #2 capturado - Shape: (720, 1280, 3)
2025-11-23 19:38:56,229 - biometric_gesture_system - INFO - [authentication_system.py:540] - AUTH: Procesando frame original para detectar mano...
2025-11-23 19:38:56,270 - biometric_gesture_system - INFO - [authentication_system.py:544] - AUTH: No se detectó mano válida en frame original
2025-11-23 19:38:56,426 - biometric_gesture_system - INFO - [authentication_system.py:524] - Procesando frame para sesión 0e12de6a-67bc-4a16-9ad3-64ee7b10aaea
2025-11-23 19:38:56,429 - biometric_gesture_system - INFO - [authentication_system.py:535] - AUTH: Frame #3 capturado - Shape: (720, 1280, 3)
2025-11-23 19:38:56,429 - biometric_gesture_system - INFO - [authentication_system.py:540] - AUTH: Procesando frame original para detectar mano...
2025-11-23 19:38:56,472 - biometric_gesture_system - INFO - [authentication_system.py:544] - AUTH: No se detectó mano válida en frame original
2025-11-23 19:38:56,628 - biometric_gesture_system - INFO - [authentication_system.py:524] - Procesando frame para sesión 0e12de6a-67bc-4a16-9ad3-64ee7b10aaea
2025-11-23 19:38:56,631 - biometric_gesture_system - INFO - [authentication_system.py:535] - AUTH: Frame #4 capturado - Shape: (720, 1280, 3)
2025-11-23 19:38:56,632 - biometric_gesture_system - INFO - [authentication_system.py:540] - AUTH: Procesando frame original para detectar mano...
2025-11-23 19:38:56,678 - biometric_gesture_system - INFO - [authentication_system.py:544] - AUTH: No se detectó mano válida en frame original
2025-11-23 19:38:56,828 - biometric_gesture_system - INFO - [authentication_system.py:524] - Procesando frame para sesión 0e12de6a-67bc-4a16-9ad3-64ee7b10aaea
2025-11-23 19:38:56,832 - biometric_gesture_system - INFO - [authentication_system.py:535] - AUTH: Frame #5 capturado - Shape: (720, 1280, 3)
2025-11-23 19:38:56,832 - biometric_gesture_system - INFO - [authentication_system.py:540] - AUTH: Procesando frame original para detectar mano...
2025-11-23 19:38:56,894 - biometric_gesture_system - INFO - [authentication_system.py:544] - AUTH: No se detectó mano válida en frame original
2025-11-23 19:38:57,028 - biometric_gesture_system - INFO - [authentication_system.py:524] - Procesando frame para sesión 0e12de6a-67bc-4a16-9ad3-64ee7b10aaea
2025-11-23 19:38:57,032 - biometric_gesture_system - INFO - [authentication_system.py:535] - AUTH: Frame #6 capturado - Shape: (720, 1280, 3)
2025-11-23 19:38:57,032 - biometric_gesture_system - INFO - [authentication_system.py:540] - AUTH: Procesando frame original para detectar mano...
2025-11-23 19:38:57,104 - biometric_gesture_system - INFO - [authentication_system.py:544] - AUTH: No se detectó mano válida en frame original
2025-11-23 19:38:57,229 - biometric_gesture_system - INFO - [authentication_system.py:524] - Procesando frame para sesión 0e12de6a-67bc-4a16-9ad3-64ee7b10aaea
2025-11-23 19:38:57,234 - biometric_gesture_system - INFO - [authentication_system.py:535] - AUTH: Frame #7 capturado - Shape: (720, 1280, 3)
2025-11-23 19:38:57,234 - biometric_gesture_system - INFO - [authentication_system.py:540] - AUTH: Procesando frame original para detectar mano...
2025-11-23 19:38:57,322 - biometric_gesture_system - INFO - [authentication_system.py:544] - AUTH: No se detectó mano válida en frame original
2025-11-23 19:38:57,439 - biometric_gesture_system - INFO - [authentication_system.py:524] - Procesando frame para sesión 0e12de6a-67bc-4a16-9ad3-64ee7b10aaea
2025-11-23 19:38:57,444 - biometric_gesture_system - INFO - [authentication_system.py:535] - AUTH: Frame #8 capturado - Shape: (720, 1280, 3)
2025-11-23 19:38:57,444 - biometric_gesture_system - INFO - [authentication_system.py:540] - AUTH: Procesando frame original para detectar mano...
2025-11-23 19:38:57,535 - biometric_gesture_system - INFO - [authentication_system.py:544] - AUTH: No se detectó mano válida en frame original
2025-11-23 19:38:57,634 - biometric_gesture_system - INFO - [authentication_system.py:524] - Procesando frame para sesión 0e12de6a-67bc-4a16-9ad3-64ee7b10aaea
2025-11-23 19:38:57,638 - biometric_gesture_system - INFO - [authentication_system.py:535] - AUTH: Frame #9 capturado - Shape: (720, 1280, 3)
2025-11-23 19:38:57,638 - biometric_gesture_system - INFO - [authentication_system.py:540] - AUTH: Procesando frame original para detectar mano...
2025-11-23 19:38:57,708 - biometric_gesture_system - INFO - [authentication_system.py:544] - AUTH: No se detectó mano válida en frame original
2025-11-23 19:38:57,835 - biometric_gesture_system - INFO - [authentication_system.py:524] - Procesando frame para sesión 0e12de6a-67bc-4a16-9ad3-64ee7b10aaea
2025-11-23 19:38:57,845 - biometric_gesture_system - INFO - [authentication_system.py:535] - AUTH: Frame #10 capturado - Shape: (720, 1280, 3)
2025-11-23 19:38:57,845 - biometric_gesture_system - INFO - [authentication_system.py:540] - AUTH: Procesando frame original para detectar mano...
2025-11-23 19:38:57,917 - biometric_gesture_system - INFO - [authentication_system.py:544] - AUTH: No se detectó mano válida en frame original
2025-11-23 19:38:58,028 - biometric_gesture_system - INFO - [authentication_system.py:524] - Procesando frame para sesión 0e12de6a-67bc-4a16-9ad3-64ee7b10aaea
2025-11-23 19:38:58,032 - biometric_gesture_system - INFO - [authentication_system.py:535] - AUTH: Frame #11 capturado - Shape: (720, 1280, 3)
2025-11-23 19:38:58,033 - biometric_gesture_system - INFO - [authentication_system.py:540] - AUTH: Procesando frame original para detectar mano...
2025-11-23 19:38:58,120 - biometric_gesture_system - INFO - [authentication_system.py:544] - AUTH: No se detectó mano válida en frame original
2025-11-23 19:38:58,231 - biometric_gesture_system - INFO - [authentication_system.py:524] - Procesando frame para sesión 0e12de6a-67bc-4a16-9ad3-64ee7b10aaea
2025-11-23 19:38:58,237 - biometric_gesture_system - INFO - [authentication_system.py:535] - AUTH: Frame #12 capturado - Shape: (720, 1280, 3)
2025-11-23 19:38:58,237 - biometric_gesture_system - INFO - [authentication_system.py:540] - AUTH: Procesando frame original para detectar mano...
2025-11-23 19:38:58,323 - biometric_gesture_system - INFO - [authentication_system.py:544] - AUTH: No se detectó mano válida en frame original
2025-11-23 19:38:58,440 - biometric_gesture_system - INFO - [authentication_system.py:524] - Procesando frame para sesión 0e12de6a-67bc-4a16-9ad3-64ee7b10aaea
2025-11-23 19:38:58,443 - biometric_gesture_system - INFO - [authentication_system.py:535] - AUTH: Frame #13 capturado - Shape: (720, 1280, 3)
2025-11-23 19:38:58,444 - biometric_gesture_system - INFO - [authentication_system.py:540] - AUTH: Procesando frame original para detectar mano...
2025-11-23 19:38:58,506 - biometric_gesture_system - INFO - [authentication_system.py:544] - AUTH: No se detectó mano válida en frame original
2025-11-23 19:38:58,637 - biometric_gesture_system - INFO - [authentication_system.py:524] - Procesando frame para sesión 0e12de6a-67bc-4a16-9ad3-64ee7b10aaea
2025-11-23 19:38:58,640 - biometric_gesture_system - INFO - [authentication_system.py:535] - AUTH: Frame #14 capturado - Shape: (720, 1280, 3)
2025-11-23 19:38:58,641 - biometric_gesture_system - INFO - [authentication_system.py:540] - AUTH: Procesando frame original para detectar mano...
2025-11-23 19:38:58,707 - biometric_gesture_system - INFO - [authentication_system.py:544] - AUTH: No se detectó mano válida en frame original
2025-11-23 19:38:58,834 - biometric_gesture_system - INFO - [authentication_system.py:524] - Procesando frame para sesión 0e12de6a-67bc-4a16-9ad3-64ee7b10aaea
2025-11-23 19:38:58,837 - biometric_gesture_system - INFO - [authentication_system.py:535] - AUTH: Frame #15 capturado - Shape: (720, 1280, 3)
2025-11-23 19:38:58,837 - biometric_gesture_system - INFO - [authentication_system.py:540] - AUTH: Procesando frame original para detectar mano...
2025-11-23 19:38:58,914 - biometric_gesture_system - INFO - [authentication_system.py:544] - AUTH: No se detectó mano válida en frame original
2025-11-23 19:38:59,038 - biometric_gesture_system - INFO - [authentication_system.py:524] - Procesando frame para sesión 0e12de6a-67bc-4a16-9ad3-64ee7b10aaea
2025-11-23 19:38:59,042 - biometric_gesture_system - INFO - [authentication_system.py:535] - AUTH: Frame #16 capturado - Shape: (720, 1280, 3)
2025-11-23 19:38:59,043 - biometric_gesture_system - INFO - [authentication_system.py:540] - AUTH: Procesando frame original para detectar mano...
2025-11-23 19:38:59,115 - biometric_gesture_system - INFO - [authentication_system.py:544] - AUTH: No se detectó mano válida en frame original
2025-11-23 19:38:59,237 - biometric_gesture_system - INFO - [authentication_system.py:524] - Procesando frame para sesión 0e12de6a-67bc-4a16-9ad3-64ee7b10aaea
2025-11-23 19:38:59,241 - biometric_gesture_system - INFO - [authentication_system.py:535] - AUTH: Frame #17 capturado - Shape: (720, 1280, 3)
2025-11-23 19:38:59,241 - biometric_gesture_system - INFO - [authentication_system.py:540] - AUTH: Procesando frame original para detectar mano...
2025-11-23 19:38:59,301 - biometric_gesture_system - INFO - [authentication_system.py:544] - AUTH: No se detectó mano válida en frame original
2025-11-23 19:38:59,470 - biometric_gesture_system - INFO - [authentication_system.py:524] - Procesando frame para sesión 0e12de6a-67bc-4a16-9ad3-64ee7b10aaea
2025-11-23 19:38:59,474 - biometric_gesture_system - INFO - [authentication_system.py:535] - AUTH: Frame #18 capturado - Shape: (720, 1280, 3)
2025-11-23 19:38:59,474 - biometric_gesture_system - INFO - [authentication_system.py:540] - AUTH: Procesando frame original para detectar mano...
2025-11-23 19:38:59,535 - biometric_gesture_system - INFO - [authentication_system.py:544] - AUTH: No se detectó mano válida en frame original
2025-11-23 19:38:59,643 - biometric_gesture_system - INFO - [authentication_system.py:524] - Procesando frame para sesión 0e12de6a-67bc-4a16-9ad3-64ee7b10aaea
2025-11-23 19:38:59,651 - biometric_gesture_system - INFO - [authentication_system.py:535] - AUTH: Frame #19 capturado - Shape: (720, 1280, 3)
2025-11-23 19:38:59,651 - biometric_gesture_system - INFO - [authentication_system.py:540] - AUTH: Procesando frame original para detectar mano...
2025-11-23 19:38:59,736 - biometric_gesture_system - INFO - [authentication_system.py:544] - AUTH: No se detectó mano válida en frame original
2025-11-23 19:39:10,507 - biometric_gesture_system - INFO - [authentication_system.py:2979] - Usuarios disponibles: 10
2025-11-23 19:39:14,030 - biometric_gesture_system - INFO - [authentication_system.py:1564] - Iniciando verificación para usuario: user_aaaaaaaa_1763866366988_e2ec2fe0
2025-11-23 19:39:14,030 - biometric_gesture_system - INFO - [authentication_system.py:1565] -   - Nivel de seguridad: standard
2025-11-23 19:39:14,030 - biometric_gesture_system - INFO - [authentication_system.py:1566] -   - Secuencia requerida: None
2025-11-23 19:39:14,030 - biometric_gesture_system - INFO - [authentication_system.py:1229] - Creando sesión: modo=verification, usuario=user_aaaaaaaa_1763866366988_e2ec2fe0
2025-11-23 19:39:14,030 - biometric_gesture_system - INFO - [authentication_system.py:1270] - Sesión creada exitosamente: 09287979-1923-4cb7-9add-fcaea64ae485
2025-11-23 19:39:14,032 - biometric_gesture_system - INFO - [authentication_system.py:1271] -   - Modo: verification
2025-11-23 19:39:14,032 - biometric_gesture_system - INFO - [authentication_system.py:1272] -   - Usuario: user_aaaaaaaa_1763866366988_e2ec2fe0
2025-11-23 19:39:14,032 - biometric_gesture_system - INFO - [authentication_system.py:1273] -   - Nivel seguridad: standard
2025-11-23 19:39:14,032 - biometric_gesture_system - INFO - [authentication_system.py:1274] -   - Secuencia requerida: ['Open_Palm', 'Closed_Fist', 'Victory']
2025-11-23 19:39:14,032 - biometric_gesture_system - INFO - [authentication_system.py:1595] - Verificación iniciada: sesión 09287979-1923-4cb7-9add-fcaea64ae485
2025-11-23 19:39:14,033 - biometric_gesture_system - INFO - [authentication_system.py:1596] -   - Usuario: user_aaaaaaaa_1763866366988_e2ec2fe0
2025-11-23 19:39:14,033 - biometric_gesture_system - INFO - [authentication_system.py:1597] -   - Templates disponibles: 40
2025-11-23 19:39:14,243 - biometric_gesture_system - INFO - [authentication_system.py:524] - Procesando frame para sesión 09287979-1923-4cb7-9add-fcaea64ae485
2025-11-23 19:39:14,245 - biometric_gesture_system - INFO - [authentication_system.py:535] - AUTH: Frame #1 capturado - Shape: (720, 1280, 3)
2025-11-23 19:39:14,246 - biometric_gesture_system - INFO - [authentication_system.py:540] - AUTH: Procesando frame original para detectar mano...
2025-11-23 19:39:14,296 - biometric_gesture_system - INFO - [authentication_system.py:544] - AUTH: No se detectó mano válida en frame original
2025-11-23 19:39:14,445 - biometric_gesture_system - INFO - [authentication_system.py:524] - Procesando frame para sesión 09287979-1923-4cb7-9add-fcaea64ae485
2025-11-23 19:39:14,449 - biometric_gesture_system - INFO - [authentication_system.py:535] - AUTH: Frame #2 capturado - Shape: (720, 1280, 3)
2025-11-23 19:39:14,449 - biometric_gesture_system - INFO - [authentication_system.py:540] - AUTH: Procesando frame original para detectar mano...
2025-11-23 19:39:14,519 - biometric_gesture_system - INFO - [authentication_system.py:544] - AUTH: No se detectó mano válida en frame original
2025-11-23 19:39:14,644 - biometric_gesture_system - INFO - [authentication_system.py:524] - Procesando frame para sesión 09287979-1923-4cb7-9add-fcaea64ae485
2025-11-23 19:39:14,647 - biometric_gesture_system - INFO - [authentication_system.py:535] - AUTH: Frame #3 capturado - Shape: (720, 1280, 3)
2025-11-23 19:39:14,647 - biometric_gesture_system - INFO - [authentication_system.py:540] - AUTH: Procesando frame original para detectar mano...
2025-11-23 19:39:14,750 - biometric_gesture_system - INFO - [authentication_system.py:547] - AUTH: ✅ Mano detectada en frame original
2025-11-23 19:39:14,750 - biometric_gesture_system - INFO - [authentication_system.py:548] - AUTH: Confianza inicial: 0.990
2025-11-23 19:39:14,750 - biometric_gesture_system - INFO - [authentication_system.py:618] - AUTH: ✅ Usando landmarks del frame ORIGINAL
2025-11-23 19:39:14,750 - biometric_gesture_system - INFO - [authentication_system.py:655] - AUTH: Calidad insuficiente: 83.514
2025-11-23 19:39:14,844 - biometric_gesture_system - INFO - [authentication_system.py:524] - Procesando frame para sesión 09287979-1923-4cb7-9add-fcaea64ae485
2025-11-23 19:39:14,846 - biometric_gesture_system - INFO - [authentication_system.py:535] - AUTH: Frame #4 capturado - Shape: (720, 1280, 3)
2025-11-23 19:39:14,846 - biometric_gesture_system - INFO - [authentication_system.py:540] - AUTH: Procesando frame original para detectar mano...
2025-11-23 19:39:14,895 - biometric_gesture_system - INFO - [authentication_system.py:547] - AUTH: ✅ Mano detectada en frame original
2025-11-23 19:39:14,895 - biometric_gesture_system - INFO - [authentication_system.py:548] - AUTH: Confianza inicial: 0.979
2025-11-23 19:39:14,895 - biometric_gesture_system - INFO - [authentication_system.py:618] - AUTH: ✅ Usando landmarks del frame ORIGINAL
2025-11-23 19:39:14,896 - biometric_gesture_system - INFO - [authentication_system.py:655] - AUTH: Calidad insuficiente: 64.466
2025-11-23 19:39:15,044 - biometric_gesture_system - INFO - [authentication_system.py:524] - Procesando frame para sesión 09287979-1923-4cb7-9add-fcaea64ae485
2025-11-23 19:39:15,046 - biometric_gesture_system - INFO - [authentication_system.py:535] - AUTH: Frame #5 capturado - Shape: (720, 1280, 3)
2025-11-23 19:39:15,047 - biometric_gesture_system - INFO - [authentication_system.py:540] - AUTH: Procesando frame original para detectar mano...
2025-11-23 19:39:15,097 - biometric_gesture_system - INFO - [authentication_system.py:547] - AUTH: ✅ Mano detectada en frame original
2025-11-23 19:39:15,097 - biometric_gesture_system - INFO - [authentication_system.py:548] - AUTH: Confianza inicial: 0.989
2025-11-23 19:39:15,097 - biometric_gesture_system - INFO - [authentication_system.py:618] - AUTH: ✅ Usando landmarks del frame ORIGINAL
2025-11-23 19:39:15,098 - biometric_gesture_system - INFO - [authentication_system.py:655] - AUTH: Calidad insuficiente: 64.727
2025-11-23 19:39:15,242 - biometric_gesture_system - INFO - [authentication_system.py:524] - Procesando frame para sesión 09287979-1923-4cb7-9add-fcaea64ae485
2025-11-23 19:39:15,245 - biometric_gesture_system - INFO - [authentication_system.py:535] - AUTH: Frame #6 capturado - Shape: (720, 1280, 3)
2025-11-23 19:39:15,245 - biometric_gesture_system - INFO - [authentication_system.py:540] - AUTH: Procesando frame original para detectar mano...
2025-11-23 19:39:15,296 - biometric_gesture_system - INFO - [authentication_system.py:547] - AUTH: ✅ Mano detectada en frame original
2025-11-23 19:39:15,296 - biometric_gesture_system - INFO - [authentication_system.py:548] - AUTH: Confianza inicial: 0.991
2025-11-23 19:39:15,296 - biometric_gesture_system - INFO - [authentication_system.py:618] - AUTH: ✅ Usando landmarks del frame ORIGINAL
2025-11-23 19:39:15,298 - biometric_gesture_system - INFO - [authentication_system.py:655] - AUTH: Calidad insuficiente: 74.764
2025-11-23 19:39:15,444 - biometric_gesture_system - INFO - [authentication_system.py:524] - Procesando frame para sesión 09287979-1923-4cb7-9add-fcaea64ae485
2025-11-23 19:39:15,447 - biometric_gesture_system - INFO - [authentication_system.py:535] - AUTH: Frame #7 capturado - Shape: (720, 1280, 3)
2025-11-23 19:39:15,447 - biometric_gesture_system - INFO - [authentication_system.py:540] - AUTH: Procesando frame original para detectar mano...
2025-11-23 19:39:15,497 - biometric_gesture_system - INFO - [authentication_system.py:547] - AUTH: ✅ Mano detectada en frame original
2025-11-23 19:39:15,498 - biometric_gesture_system - INFO - [authentication_system.py:548] - AUTH: Confianza inicial: 0.989
2025-11-23 19:39:15,498 - biometric_gesture_system - INFO - [authentication_system.py:618] - AUTH: ✅ Usando landmarks del frame ORIGINAL
2025-11-23 19:39:15,499 - biometric_gesture_system - INFO - [authentication_system.py:655] - AUTH: Calidad insuficiente: 74.716
2025-11-23 19:39:15,641 - biometric_gesture_system - INFO - [authentication_system.py:524] - Procesando frame para sesión 09287979-1923-4cb7-9add-fcaea64ae485
2025-11-23 19:39:15,644 - biometric_gesture_system - INFO - [authentication_system.py:535] - AUTH: Frame #8 capturado - Shape: (720, 1280, 3)
2025-11-23 19:39:15,644 - biometric_gesture_system - INFO - [authentication_system.py:540] - AUTH: Procesando frame original para detectar mano...
2025-11-23 19:39:15,695 - biometric_gesture_system - INFO - [authentication_system.py:547] - AUTH: ✅ Mano detectada en frame original
2025-11-23 19:39:15,695 - biometric_gesture_system - INFO - [authentication_system.py:548] - AUTH: Confianza inicial: 0.989
2025-11-23 19:39:15,695 - biometric_gesture_system - INFO - [authentication_system.py:618] - AUTH: ✅ Usando landmarks del frame ORIGINAL
2025-11-23 19:39:15,696 - biometric_gesture_system - INFO - [authentication_system.py:655] - AUTH: Calidad insuficiente: 74.736
2025-11-23 19:39:15,841 - biometric_gesture_system - INFO - [authentication_system.py:524] - Procesando frame para sesión 09287979-1923-4cb7-9add-fcaea64ae485
2025-11-23 19:39:15,845 - biometric_gesture_system - INFO - [authentication_system.py:535] - AUTH: Frame #9 capturado - Shape: (720, 1280, 3)
2025-11-23 19:39:15,845 - biometric_gesture_system - INFO - [authentication_system.py:540] - AUTH: Procesando frame original para detectar mano...
2025-11-23 19:39:15,902 - biometric_gesture_system - INFO - [authentication_system.py:547] - AUTH: ✅ Mano detectada en frame original
2025-11-23 19:39:15,902 - biometric_gesture_system - INFO - [authentication_system.py:548] - AUTH: Confianza inicial: 0.989
2025-11-23 19:39:15,902 - biometric_gesture_system - INFO - [authentication_system.py:618] - AUTH: ✅ Usando landmarks del frame ORIGINAL
2025-11-23 19:39:15,908 - biometric_gesture_system - INFO - [authentication_system.py:655] - AUTH: Calidad insuficiente: 83.803
2025-11-23 19:39:16,042 - biometric_gesture_system - INFO - [authentication_system.py:524] - Procesando frame para sesión 09287979-1923-4cb7-9add-fcaea64ae485
2025-11-23 19:39:16,045 - biometric_gesture_system - INFO - [authentication_system.py:535] - AUTH: Frame #10 capturado - Shape: (720, 1280, 3)
2025-11-23 19:39:16,045 - biometric_gesture_system - INFO - [authentication_system.py:540] - AUTH: Procesando frame original para detectar mano...
2025-11-23 19:39:16,103 - biometric_gesture_system - INFO - [authentication_system.py:547] - AUTH: ✅ Mano detectada en frame original
2025-11-23 19:39:16,103 - biometric_gesture_system - INFO - [authentication_system.py:548] - AUTH: Confianza inicial: 0.989
2025-11-23 19:39:16,104 - biometric_gesture_system - INFO - [authentication_system.py:618] - AUTH: ✅ Usando landmarks del frame ORIGINAL
2025-11-23 19:39:16,105 - biometric_gesture_system - INFO - [authentication_system.py:655] - AUTH: Calidad insuficiente: 82.959
2025-11-23 19:39:16,254 - biometric_gesture_system - INFO - [authentication_system.py:524] - Procesando frame para sesión 09287979-1923-4cb7-9add-fcaea64ae485
2025-11-23 19:39:16,257 - biometric_gesture_system - INFO - [authentication_system.py:535] - AUTH: Frame #11 capturado - Shape: (720, 1280, 3)
2025-11-23 19:39:16,257 - biometric_gesture_system - INFO - [authentication_system.py:540] - AUTH: Procesando frame original para detectar mano...
2025-11-23 19:39:16,305 - biometric_gesture_system - INFO - [authentication_system.py:544] - AUTH: No se detectó mano válida en frame original
2025-11-23 19:39:16,445 - biometric_gesture_system - INFO - [authentication_system.py:524] - Procesando frame para sesión 09287979-1923-4cb7-9add-fcaea64ae485
2025-11-23 19:39:16,448 - biometric_gesture_system - INFO - [authentication_system.py:535] - AUTH: Frame #12 capturado - Shape: (720, 1280, 3)
2025-11-23 19:39:16,448 - biometric_gesture_system - INFO - [authentication_system.py:540] - AUTH: Procesando frame original para detectar mano...
2025-11-23 19:39:16,504 - biometric_gesture_system - INFO - [authentication_system.py:544] - AUTH: No se detectó mano válida en frame original
2025-11-23 19:39:16,641 - biometric_gesture_system - INFO - [authentication_system.py:524] - Procesando frame para sesión 09287979-1923-4cb7-9add-fcaea64ae485
2025-11-23 19:39:16,645 - biometric_gesture_system - INFO - [authentication_system.py:535] - AUTH: Frame #13 capturado - Shape: (720, 1280, 3)
2025-11-23 19:39:16,645 - biometric_gesture_system - INFO - [authentication_system.py:540] - AUTH: Procesando frame original para detectar mano...
2025-11-23 19:39:16,690 - biometric_gesture_system - INFO - [authentication_system.py:544] - AUTH: No se detectó mano válida en frame original
2025-11-23 19:39:16,853 - biometric_gesture_system - INFO - [authentication_system.py:524] - Procesando frame para sesión 09287979-1923-4cb7-9add-fcaea64ae485
2025-11-23 19:39:16,858 - biometric_gesture_system - INFO - [authentication_system.py:535] - AUTH: Frame #14 capturado - Shape: (720, 1280, 3)
2025-11-23 19:39:16,858 - biometric_gesture_system - INFO - [authentication_system.py:540] - AUTH: Procesando frame original para detectar mano...
2025-11-23 19:39:16,900 - biometric_gesture_system - INFO - [authentication_system.py:544] - AUTH: No se detectó mano válida en frame original
2025-11-23 19:39:17,052 - biometric_gesture_system - INFO - [authentication_system.py:524] - Procesando frame para sesión 09287979-1923-4cb7-9add-fcaea64ae485
2025-11-23 19:39:17,057 - biometric_gesture_system - INFO - [authentication_system.py:535] - AUTH: Frame #15 capturado - Shape: (720, 1280, 3)
2025-11-23 19:39:17,057 - biometric_gesture_system - INFO - [authentication_system.py:540] - AUTH: Procesando frame original para detectar mano...
2025-11-23 19:39:17,106 - biometric_gesture_system - INFO - [authentication_system.py:544] - AUTH: No se detectó mano válida en frame original
2025-11-23 19:39:17,251 - biometric_gesture_system - INFO - [authentication_system.py:524] - Procesando frame para sesión 09287979-1923-4cb7-9add-fcaea64ae485
2025-11-23 19:39:17,254 - biometric_gesture_system - INFO - [authentication_system.py:535] - AUTH: Frame #16 capturado - Shape: (720, 1280, 3)
2025-11-23 19:39:17,254 - biometric_gesture_system - INFO - [authentication_system.py:540] - AUTH: Procesando frame original para detectar mano...
2025-11-23 19:39:17,313 - biometric_gesture_system - INFO - [authentication_system.py:544] - AUTH: No se detectó mano válida en frame original
2025-11-23 19:39:17,450 - biometric_gesture_system - INFO - [authentication_system.py:524] - Procesando frame para sesión 09287979-1923-4cb7-9add-fcaea64ae485
2025-11-23 19:39:17,454 - biometric_gesture_system - INFO - [authentication_system.py:535] - AUTH: Frame #17 capturado - Shape: (720, 1280, 3)
2025-11-23 19:39:17,454 - biometric_gesture_system - INFO - [authentication_system.py:540] - AUTH: Procesando frame original para detectar mano...
2025-11-23 19:39:17,520 - biometric_gesture_system - INFO - [authentication_system.py:544] - AUTH: No se detectó mano válida en frame original
2025-11-23 19:39:17,655 - biometric_gesture_system - INFO - [authentication_system.py:524] - Procesando frame para sesión 09287979-1923-4cb7-9add-fcaea64ae485
2025-11-23 19:39:17,658 - biometric_gesture_system - INFO - [authentication_system.py:535] - AUTH: Frame #18 capturado - Shape: (720, 1280, 3)
2025-11-23 19:39:17,659 - biometric_gesture_system - INFO - [authentication_system.py:540] - AUTH: Procesando frame original para detectar mano...
2025-11-23 19:39:17,734 - biometric_gesture_system - INFO - [authentication_system.py:544] - AUTH: No se detectó mano válida en frame original
2025-11-23 19:39:17,854 - biometric_gesture_system - INFO - [authentication_system.py:524] - Procesando frame para sesión 09287979-1923-4cb7-9add-fcaea64ae485
2025-11-23 19:39:17,857 - biometric_gesture_system - INFO - [authentication_system.py:535] - AUTH: Frame #19 capturado - Shape: (720, 1280, 3)
2025-11-23 19:39:17,858 - biometric_gesture_system - INFO - [authentication_system.py:540] - AUTH: Procesando frame original para detectar mano...
2025-11-23 19:39:17,943 - biometric_gesture_system - INFO - [authentication_system.py:544] - AUTH: No se detectó mano válida en frame original
2025-11-23 19:39:18,049 - biometric_gesture_system - INFO - [authentication_system.py:524] - Procesando frame para sesión 09287979-1923-4cb7-9add-fcaea64ae485
2025-11-23 19:39:18,052 - biometric_gesture_system - INFO - [authentication_system.py:535] - AUTH: Frame #20 capturado - Shape: (720, 1280, 3)
2025-11-23 19:39:18,052 - biometric_gesture_system - INFO - [authentication_system.py:540] - AUTH: Procesando frame original para detectar mano...
2025-11-23 19:39:18,111 - biometric_gesture_system - INFO - [authentication_system.py:544] - AUTH: No se detectó mano válida en frame original
2025-11-23 19:39:18,250 - biometric_gesture_system - INFO - [authentication_system.py:524] - Procesando frame para sesión 09287979-1923-4cb7-9add-fcaea64ae485
2025-11-23 19:39:18,253 - biometric_gesture_system - INFO - [authentication_system.py:535] - AUTH: Frame #21 capturado - Shape: (720, 1280, 3)
2025-11-23 19:39:18,253 - biometric_gesture_system - INFO - [authentication_system.py:540] - AUTH: Procesando frame original para detectar mano...
2025-11-23 19:39:18,308 - biometric_gesture_system - INFO - [authentication_system.py:544] - AUTH: No se detectó mano válida en frame original
2025-11-23 19:39:18,452 - biometric_gesture_system - INFO - [authentication_system.py:524] - Procesando frame para sesión 09287979-1923-4cb7-9add-fcaea64ae485
2025-11-23 19:39:18,455 - biometric_gesture_system - INFO - [authentication_system.py:535] - AUTH: Frame #22 capturado - Shape: (720, 1280, 3)
2025-11-23 19:39:18,455 - biometric_gesture_system - INFO - [authentication_system.py:540] - AUTH: Procesando frame original para detectar mano...
2025-11-23 19:39:18,520 - biometric_gesture_system - INFO - [authentication_system.py:544] - AUTH: No se detectó mano válida en frame original
2025-11-23 19:39:18,649 - biometric_gesture_system - INFO - [authentication_system.py:524] - Procesando frame para sesión 09287979-1923-4cb7-9add-fcaea64ae485
2025-11-23 19:39:18,652 - biometric_gesture_system - INFO - [authentication_system.py:535] - AUTH: Frame #23 capturado - Shape: (720, 1280, 3)
2025-11-23 19:39:18,652 - biometric_gesture_system - INFO - [authentication_system.py:540] - AUTH: Procesando frame original para detectar mano...
2025-11-23 19:39:18,706 - biometric_gesture_system - INFO - [authentication_system.py:544] - AUTH: No se detectó mano válida en frame original
2025-11-23 19:39:18,850 - biometric_gesture_system - INFO - [authentication_system.py:524] - Procesando frame para sesión 09287979-1923-4cb7-9add-fcaea64ae485
2025-11-23 19:39:18,853 - biometric_gesture_system - INFO - [authentication_system.py:535] - AUTH: Frame #24 capturado - Shape: (720, 1280, 3)
2025-11-23 19:39:18,853 - biometric_gesture_system - INFO - [authentication_system.py:540] - AUTH: Procesando frame original para detectar mano...
2025-11-23 19:39:18,929 - biometric_gesture_system - INFO - [authentication_system.py:544] - AUTH: No se detectó mano válida en frame original
2025-11-23 19:39:22,394 - biometric_gesture_system - INFO - [authentication_system.py:1621] - Iniciando identificación 1:N
2025-11-23 19:39:22,394 - biometric_gesture_system - INFO - [authentication_system.py:1622] -   - Nivel de seguridad: standard
2025-11-23 19:39:22,395 - biometric_gesture_system - INFO - [authentication_system.py:1229] - Creando sesión: modo=identification, usuario=None
2025-11-23 19:39:22,395 - biometric_gesture_system - ERROR - [authentication_system.py:1279] - Error creando sesión: Máximo número de sesiones por IP alcanzado
2025-11-23 19:39:22,395 - biometric_gesture_system - ERROR - [authentication_system.py:1652] - Error iniciando identificación: Máximo número de sesiones por IP alcanzado
2025-11-23 19:39:50,325 - biometric_gesture_system - INFO - [authentication_system.py:1621] - Iniciando identificación 1:N
2025-11-23 19:39:50,325 - biometric_gesture_system - INFO - [authentication_system.py:1622] -   - Nivel de seguridad: standard
2025-11-23 19:39:50,329 - biometric_gesture_system - INFO - [authentication_system.py:1229] - Creando sesión: modo=identification, usuario=None
2025-11-23 19:39:50,329 - biometric_gesture_system - ERROR - [authentication_system.py:1279] - Error creando sesión: Máximo número de sesiones por IP alcanzado
2025-11-23 19:39:50,329 - biometric_gesture_system - ERROR - [authentication_system.py:1652] - Error iniciando identificación: Máximo número de sesiones por IP alcanzado
