2025-11-29 15:29:09,479 - biometric_gesture_system - INFO - [config_manager.py:504] - Validación de configuración: ✓ EXITOSA
2025-11-29 15:29:09,481 - biometric_gesture_system - INFO - [config_manager.py:317] - ================================================================================
2025-11-29 15:29:09,481 - biometric_gesture_system - INFO - [config_manager.py:318] - SISTEMA BIOMÉTRICO DE GESTOS DE MANOS - CONFIG MANAGER INICIALIZADO
2025-11-29 15:29:09,481 - biometric_gesture_system - INFO - [config_manager.py:319] - ================================================================================
2025-11-29 15:29:09,482 - biometric_gesture_system - INFO - [config_manager.py:320] - Configuración cargada desde: biometric_config.json
2025-11-29 15:29:09,482 - biometric_gesture_system - INFO - [config_manager.py:321] - Muestras por gesto: 7
2025-11-29 15:29:09,482 - biometric_gesture_system - INFO - [config_manager.py:322] - Gestos por usuario: 3
2025-11-29 15:29:09,482 - biometric_gesture_system - INFO - [config_manager.py:323] - Umbral confianza mano: 0.9
2025-11-29 15:29:09,482 - biometric_gesture_system - INFO - [config_manager.py:324] - Umbral confianza gesto: 0.6
2025-11-29 15:29:09,482 - biometric_gesture_system - INFO - [config_manager.py:325] - Resolución cámara: 1280x720
2025-11-29 15:29:09,482 - biometric_gesture_system - INFO - [config_manager.py:326] - Directorios creados: 11 rutas configuradas
2025-11-29 15:29:09,482 - biometric_gesture_system - INFO - [config_manager.py:327] - ================================================================================
2025-11-29 15:29:10,239 - biometric_gesture_system - INFO - [config_manager.py:630] - ======================================================================
2025-11-29 15:29:10,241 - biometric_gesture_system - INFO - [config_manager.py:630] - ROI NORMALIZATION SYSTEM INICIALIZADO
2025-11-29 15:29:10,241 - biometric_gesture_system - INFO - [config_manager.py:630] -   ✓ Resolución mínima: 150px
2025-11-29 15:29:10,241 - biometric_gesture_system - INFO - [config_manager.py:630] -   ✓ Resolución máxima: 600px
2025-11-29 15:29:10,241 - biometric_gesture_system - INFO - [config_manager.py:630] -   ✓ Tamaño normalizado: (224, 224)
2025-11-29 15:29:10,241 - biometric_gesture_system - INFO - [config_manager.py:630] -   ✓ Padding: 15%
2025-11-29 15:29:10,241 - biometric_gesture_system - INFO - [config_manager.py:630] -   ✓ Sharpening: ACTIVADO
2025-11-29 15:29:10,241 - biometric_gesture_system - INFO - [config_manager.py:630] - ======================================================================
2025-11-29 15:29:10,241 - biometric_gesture_system - INFO - [visual_feedback.py:62] - ======================================================================
2025-11-29 15:29:10,241 - biometric_gesture_system - INFO - [visual_feedback.py:63] - VISUAL FEEDBACK MANAGER INICIALIZADO
2025-11-29 15:29:10,241 - biometric_gesture_system - INFO - [visual_feedback.py:64] -   ✓ 5 niveles de feedback configurados
2025-11-29 15:29:10,243 - biometric_gesture_system - INFO - [visual_feedback.py:65] -   ✓ Colores BGR definidos
2025-11-29 15:29:10,243 - biometric_gesture_system - INFO - [visual_feedback.py:66] -   ✓ Sistema de priorización activo
2025-11-29 15:29:10,243 - biometric_gesture_system - INFO - [visual_feedback.py:67] - ======================================================================
2025-11-29 15:29:27,037 - biometric_gesture_system - WARNING - [config_manager.py:349] - Clave de configuración no encontrada: roi_normalization.enabled, usando default: True
2025-11-29 15:29:27,037 - biometric_gesture_system - WARNING - [config_manager.py:349] - Clave de configuración no encontrada: roi_normalization.enabled, usando default: True
2025-11-29 15:29:27,037 - biometric_gesture_system - WARNING - [config_manager.py:349] - Clave de configuración no encontrada: roi_normalization.use_single_area, usando default: True
2025-11-29 15:29:27,037 - biometric_gesture_system - WARNING - [config_manager.py:349] - Clave de configuración no encontrada: biometric.dynamic_features, usando default: {'min_transition_frames': 8, 'max_transition_frames': 40, 'gesture_stability_threshold': 5, 'velocity_smoothing_window': 3, 'min_movement_threshold': 0.005, 'transition_detection_sensitivity': 0.85, 'temporal_downsampling': 1, 'normalize_temporal_features': True, 'use_3d_trajectories': True, 'velocity_threshold_percentile': 75, 'acceleration_smoothing': True, 'jerk_threshold': 0.1, 'minimum_sequence_duration_ms': 200}
2025-11-29 15:29:27,040 - biometric_gesture_system - WARNING - [config_manager.py:349] - Clave de configuración no encontrada: biometric.sequence_management, usando default: {'sequence_length': 3, 'max_sequence_duration': 60.0, 'max_gesture_duration': 15.0, 'min_gesture_confidence': 0.7, 'min_stable_frames': 3, 'gesture_timeout': 10.0, 'sequence_timeout': 45.0, 'max_failed_attempts': 3, 'cooldown_period': 5.0, 'auto_save_sequences': True, 'validation_mode': 'moderate', 'allow_gesture_skipping': False, 'require_exact_order': True, 'enable_adaptive_timeouts': True}
2025-11-29 15:29:27,040 - biometric_gesture_system - WARNING - [config_manager.py:349] - Clave de configuración no encontrada: biometric.enrollment.samples_per_gesture, usando default: 8
2025-11-29 15:29:27,041 - biometric_gesture_system - WARNING - [config_manager.py:349] - Clave de configuración no encontrada: biometric.enrollment.min_confidence, usando default: 0.65
2025-11-29 15:29:27,041 - biometric_gesture_system - WARNING - [config_manager.py:349] - Clave de configuración no encontrada: biometric.enrollment.min_stability_frames, usando default: 8
2025-11-29 15:29:27,041 - biometric_gesture_system - WARNING - [config_manager.py:349] - Clave de configuración no encontrada: biometric.enrollment.require_all_gestures, usando default: True
2025-11-29 15:29:27,041 - biometric_gesture_system - WARNING - [config_manager.py:349] - Clave de configuración no encontrada: biometric.enrollment.sample_timeout, usando default: 120.0
2025-11-29 15:29:27,041 - biometric_gesture_system - WARNING - [config_manager.py:349] - Clave de configuración no encontrada: biometric.enrollment.session_timeout, usando default: 3600.0
2025-11-29 15:29:27,042 - biometric_gesture_system - WARNING - [config_manager.py:349] - Clave de configuración no encontrada: biometric.enrollment.capture_interval, usando default: 0.8
2025-11-29 15:29:27,042 - biometric_gesture_system - WARNING - [config_manager.py:349] - Clave de configuración no encontrada: biometric.enrollment.enable_quality_check, usando default: True
2025-11-29 15:29:27,042 - biometric_gesture_system - WARNING - [config_manager.py:349] - Clave de configuración no encontrada: biometric.enrollment.enable_duplicate_check, usando default: True
2025-11-29 15:29:27,043 - biometric_gesture_system - WARNING - [config_manager.py:349] - Clave de configuración no encontrada: biometric.enrollment.duplicate_threshold, usando default: 0.92
2025-11-29 15:29:27,043 - biometric_gesture_system - WARNING - [config_manager.py:349] - Clave de configuración no encontrada: biometric.enrollment.template_fusion_strategy, usando default: average
2025-11-29 15:29:27,043 - biometric_gesture_system - WARNING - [config_manager.py:349] - Clave de configuración no encontrada: biometric.enrollment.enable_template_optimization, usando default: True
2025-11-29 15:29:27,043 - biometric_gesture_system - WARNING - [config_manager.py:349] - Clave de configuración no encontrada: biometric.enrollment.embedding_dimension_check, usando default: True
2025-11-29 15:29:27,043 - biometric_gesture_system - WARNING - [config_manager.py:349] - Clave de configuración no encontrada: biometric.enrollment.show_preview, usando default: True
2025-11-29 15:29:27,043 - biometric_gesture_system - WARNING - [config_manager.py:349] - Clave de configuración no encontrada: biometric.enrollment.show_quality_feedback, usando default: False
2025-11-29 15:29:27,043 - biometric_gesture_system - WARNING - [config_manager.py:349] - Clave de configuración no encontrada: biometric.enrollment.save_enrollment_video, usando default: False
2025-11-29 15:29:27,043 - biometric_gesture_system - WARNING - [config_manager.py:349] - Clave de configuración no encontrada: biometric.siamese_anatomical, usando default: {'hidden_layers': [128, 64], 'activation': 'relu', 'dropout_rate': 0.2, 'batch_normalization': True, 'l2_regularization': 0.001, 'learning_rate': 0.001, 'batch_size': 32, 'epochs': 100, 'patience': 15, 'validation_split': 0.2, 'min_users_for_training': 2, 'min_samples_per_user': 15, 'max_samples_per_user': 50, 'min_sessions_per_user': 1, 'loss_function': 'contrastive', 'distance_metric': 'euclidean', 'margin': 1.5, 'alpha': 0.2, 'use_stratified_split': True, 'cross_validation_folds': 5, 'threshold_optimization': 'eer', 'quality_threshold': 80.0, 'use_real_augmentation': True, 'temporal_jitter': 0.02, 'noise_from_real_variance': True, 'require_independent_test': True, 'min_test_users': 1, 'performance_monitoring': True}
2025-11-29 15:29:30,200 - biometric_gesture_system - WARNING - [config_manager.py:349] - Clave de configuración no encontrada: biometric.feature_preprocessing, usando default: {'anatomical_normalization': 'robust', 'dynamic_normalization': 'standard', 'normalize_per_user': False, 'balancing_method': 'balanced_subsample', 'target_balance_ratio': 1.0, 'augmentation_strategy': 'moderate', 'augmentation_factor': 1.5, 'cv_folds': 5, 'cv_strategy': 'stratified_user', 'test_size': 0.2, 'validation_size': 0.2, 'outlier_threshold': 3.0, 'min_samples_per_user': 5, 'feature_selection': False, 'variance_threshold': 0.01, 'cache_transformations': True, 'parallel_processing': False, 'random_state': 42, 'stratify_by_user': True}
2025-11-29 15:29:30,202 - biometric_gesture_system - WARNING - [config_manager.py:349] - Clave de configuración no encontrada: biometric.auth.sequence_timeout, usando default: 25.0
2025-11-29 15:29:30,202 - biometric_gesture_system - WARNING - [config_manager.py:349] - Clave de configuración no encontrada: biometric.auth.total_timeout, usando default: 45.0
2025-11-29 15:29:30,202 - biometric_gesture_system - WARNING - [config_manager.py:349] - Clave de configuración no encontrada: biometric.auth.frame_timeout, usando default: 3.0
2025-11-29 15:29:30,202 - biometric_gesture_system - WARNING - [config_manager.py:349] - Clave de configuración no encontrada: biometric.auth.threshold_low, usando default: 0.65
2025-11-29 15:29:30,202 - biometric_gesture_system - WARNING - [config_manager.py:349] - Clave de configuración no encontrada: biometric.auth.threshold_standard, usando default: 0.75
2025-11-29 15:29:30,202 - biometric_gesture_system - WARNING - [config_manager.py:349] - Clave de configuración no encontrada: biometric.auth.threshold_high, usando default: 0.85
2025-11-29 15:29:30,203 - biometric_gesture_system - WARNING - [config_manager.py:349] - Clave de configuración no encontrada: biometric.auth.threshold_maximum, usando default: 0.92
2025-11-29 15:29:30,203 - biometric_gesture_system - WARNING - [config_manager.py:349] - Clave de configuración no encontrada: biometric.auth.require_sequence_completion, usando default: True
2025-11-29 15:29:30,203 - biometric_gesture_system - WARNING - [config_manager.py:349] - Clave de configuración no encontrada: biometric.auth.min_gestures_for_auth, usando default: 2
2025-11-29 15:29:30,203 - biometric_gesture_system - WARNING - [config_manager.py:349] - Clave de configuración no encontrada: biometric.auth.max_attempts_per_session, usando default: 3
2025-11-29 15:29:30,203 - biometric_gesture_system - WARNING - [config_manager.py:349] - Clave de configuración no encontrada: biometric.auth.max_identification_candidates, usando default: 5
2025-11-29 15:29:30,204 - biometric_gesture_system - WARNING - [config_manager.py:349] - Clave de configuración no encontrada: biometric.auth.identification_threshold_factor, usando default: 1.1
2025-11-29 15:29:30,204 - biometric_gesture_system - WARNING - [config_manager.py:349] - Clave de configuración no encontrada: biometric.auth.min_quality_score, usando default: 0.7
2025-11-29 15:29:30,204 - biometric_gesture_system - WARNING - [config_manager.py:349] - Clave de configuración no encontrada: biometric.auth.min_confidence, usando default: 0.65
2025-11-29 15:29:30,204 - biometric_gesture_system - WARNING - [config_manager.py:349] - Clave de configuración no encontrada: biometric.auth.min_stability_frames, usando default: 8
2025-11-29 15:29:30,204 - biometric_gesture_system - WARNING - [config_manager.py:349] - Clave de configuración no encontrada: biometric.auth.score_fusion_strategy, usando default: weighted_average
2025-11-29 15:29:30,204 - biometric_gesture_system - WARNING - [config_manager.py:349] - Clave de configuración no encontrada: biometric.auth.anatomical_weight, usando default: 0.6
2025-11-29 15:29:30,204 - biometric_gesture_system - WARNING - [config_manager.py:349] - Clave de configuración no encontrada: biometric.auth.dynamic_weight, usando default: 0.4
2025-11-29 15:29:30,204 - biometric_gesture_system - WARNING - [config_manager.py:349] - Clave de configuración no encontrada: biometric.auth.enable_audit_logging, usando default: True
2025-11-29 15:29:30,205 - biometric_gesture_system - WARNING - [config_manager.py:349] - Clave de configuración no encontrada: biometric.auth.enable_continuous_auth, usando default: False
2025-11-29 15:29:30,205 - biometric_gesture_system - WARNING - [config_manager.py:349] - Clave de configuración no encontrada: biometric.auth.max_failed_attempts, usando default: 5
2025-11-29 15:29:30,205 - biometric_gesture_system - WARNING - [config_manager.py:349] - Clave de configuración no encontrada: biometric.auth.lockout_duration, usando default: 300.0
2025-11-29 15:29:30,205 - biometric_gesture_system - WARNING - [config_manager.py:349] - Clave de configuración no encontrada: biometric.score_fusion, usando default: {'fusion_strategy': 'weighted_average', 'calibration_method': 'none', 'weight_optimization': 'grid_search', 'anatomical_weight': 0.6, 'dynamic_weight': 0.4, 'decision_threshold': 0.5, 'use_confidence_weighting': True, 'adaptive_threshold': False, 'cross_validation_folds': 5, 'optimization_metric': 'eer'}
2025-11-29 15:29:30,205 - biometric_gesture_system - INFO - [authentication_system.py:452] - RealAuthenticationPipeline inicializado con componentes
2025-11-29 15:29:30,205 - biometric_gesture_system - INFO - [authentication_system.py:1214] - RealSessionManager inicializado para gestión de sesiones
2025-11-29 15:29:30,205 - biometric_gesture_system - INFO - [authentication_system.py:274] - RealSecurityAuditor inicializado para auditoría
2025-11-29 15:29:30,539 - biometric_gesture_system - INFO - [authentication_system.py:1443] - Servicio de feedback inicializado
2025-11-29 15:29:30,539 - biometric_gesture_system - INFO - [authentication_system.py:1466] - RealAuthenticationSystem inicializado
2025-11-29 15:29:30,539 - biometric_gesture_system - INFO - [authentication_system.py:1467] -   - Configuración: umbrales={'low': 0.65, 'standard': 0.75, 'high': 0.85, 'maximum': 0.92}
2025-11-29 15:31:02,761 - biometric_gesture_system - INFO - [authentication_system.py:3146] - Usuarios disponibles: 15
2025-11-29 15:31:06,626 - biometric_gesture_system - INFO - [authentication_system.py:1501] - Inicializando sistema de autenticación...
2025-11-29 15:31:06,626 - biometric_gesture_system - INFO - [authentication_system.py:1504] - Obteniendo referencias a redes entrenadas...
2025-11-29 15:31:06,626 - biometric_gesture_system - INFO - [authentication_system.py:1509] - === DIAGNÓSTICO DE ESTADO DE REDES ===
2025-11-29 15:31:06,626 - biometric_gesture_system - INFO - [authentication_system.py:1517] - Archivos de modelo en disco:
2025-11-29 15:31:06,627 - biometric_gesture_system - INFO - [authentication_system.py:1518] -   - Anatómico: True - biometric_data\models\anatomical_model.h5
2025-11-29 15:31:06,627 - biometric_gesture_system - INFO - [authentication_system.py:1519] -   - Dinámico: True - biometric_data\models\dynamic_model.h5
2025-11-29 15:31:06,627 - biometric_gesture_system - INFO - [authentication_system.py:1522] - Estado de instancias globales:
2025-11-29 15:31:06,628 - biometric_gesture_system - INFO - [authentication_system.py:1523] -   - Anatómica is_trained: True
2025-11-29 15:31:06,628 - biometric_gesture_system - INFO - [authentication_system.py:1524] -   - Dinámica is_trained: True
2025-11-29 15:31:06,628 - biometric_gesture_system - INFO - [authentication_system.py:1527] - Modelos compilados:
2025-11-29 15:31:06,628 - biometric_gesture_system - INFO - [authentication_system.py:1528] -   - Anatómica siamese_model: True
2025-11-29 15:31:06,628 - biometric_gesture_system - INFO - [authentication_system.py:1529] -   - Dinámica siamese_model: True
2025-11-29 15:31:06,628 - biometric_gesture_system - INFO - [authentication_system.py:1531] - === FIN DIAGNÓSTICO ===
2025-11-29 15:31:06,629 - biometric_gesture_system - INFO - [authentication_system.py:1533] - Referencias a redes obtenidas:
2025-11-29 15:31:06,629 - biometric_gesture_system - INFO - [authentication_system.py:1534] -   - Red anatómica disponible: True
2025-11-29 15:31:06,629 - biometric_gesture_system - INFO - [authentication_system.py:1535] -   - Red anatómica entrenada: True
2025-11-29 15:31:06,629 - biometric_gesture_system - INFO - [authentication_system.py:1536] -   - Red dinámica disponible: True
2025-11-29 15:31:06,629 - biometric_gesture_system - INFO - [authentication_system.py:1537] -   - Red dinámica entrenada: True
2025-11-29 15:31:06,629 - biometric_gesture_system - INFO - [authentication_system.py:457] - Inicializando pipeline de autenticación...
2025-11-29 15:31:06,630 - biometric_gesture_system - INFO - [authentication_system.py:460] - Obteniendo referencias actuales a redes entrenadas...
2025-11-29 15:31:06,630 - biometric_gesture_system - INFO - [authentication_system.py:465] - Verificando estado de entrenamiento...
2025-11-29 15:31:06,630 - biometric_gesture_system - INFO - [authentication_system.py:466] -   - Red anatómica entrenada: True
2025-11-29 15:31:06,630 - biometric_gesture_system - INFO - [authentication_system.py:467] -   - Red dinámica entrenada: True
2025-11-29 15:31:18,485 - biometric_gesture_system - INFO - [authentication_system.py:507] - Pipeline de autenticación inicializado exitosamente
2025-11-29 15:31:18,485 - biometric_gesture_system - INFO - [authentication_system.py:508] -   - Red anatómica entrenada: True
2025-11-29 15:31:18,485 - biometric_gesture_system - INFO - [authentication_system.py:509] -   - Red dinámica entrenada: True
2025-11-29 15:31:18,485 - biometric_gesture_system - INFO - [authentication_system.py:510] -   - Sistema de fusión listo: True
2025-11-29 15:31:18,487 - biometric_gesture_system - INFO - [authentication_system.py:1583] - Sistema de autenticación inicializado exitosamente
2025-11-29 15:31:18,487 - biometric_gesture_system - INFO - [authentication_system.py:1584] -   - Usuarios disponibles: 15
2025-11-29 15:31:18,487 - biometric_gesture_system - INFO - [authentication_system.py:1585] -   - Templates totales: 536
2025-11-29 15:31:18,487 - biometric_gesture_system - INFO - [authentication_system.py:1587] -   - Pipeline listo: True
2025-11-29 15:31:18,488 - biometric_gesture_system - INFO - [authentication_system.py:1588] -   - Redes entrenadas: anatómica=True, dinámica=True
2025-11-29 15:31:18,488 - biometric_gesture_system - INFO - [authentication_system.py:1619] - Iniciando verificación para usuario: user_elisalaz_1764448178468_4c5beae8
2025-11-29 15:31:18,488 - biometric_gesture_system - INFO - [authentication_system.py:1620] -   - Nivel de seguridad: standard
2025-11-29 15:31:18,488 - biometric_gesture_system - INFO - [authentication_system.py:1621] -   - Secuencia requerida: None
2025-11-29 15:31:18,488 - biometric_gesture_system - INFO - [authentication_system.py:1239] - Creando sesión: modo=verification, usuario=user_elisalaz_1764448178468_4c5beae8
2025-11-29 15:31:18,490 - biometric_gesture_system - INFO - [authentication_system.py:1292] - Sesión creada exitosamente: be45f5c6-5513-424a-8b58-218bf28341b8
2025-11-29 15:31:18,490 - biometric_gesture_system - INFO - [authentication_system.py:1293] -   - Modo: verification
2025-11-29 15:31:18,490 - biometric_gesture_system - INFO - [authentication_system.py:1294] -   - Usuario: user_elisalaz_1764448178468_4c5beae8
2025-11-29 15:31:18,490 - biometric_gesture_system - INFO - [authentication_system.py:1295] -   - Nivel seguridad: standard
2025-11-29 15:31:18,490 - biometric_gesture_system - INFO - [authentication_system.py:1296] -   - Secuencia requerida: ['Open_Palm', 'Closed_Fist', 'Victory']
2025-11-29 15:31:18,490 - biometric_gesture_system - INFO - [authentication_system.py:1652] - Verificación iniciada: sesión be45f5c6-5513-424a-8b58-218bf28341b8
2025-11-29 15:31:18,491 - biometric_gesture_system - INFO - [authentication_system.py:1653] -   - Usuario: user_elisalaz_1764448178468_4c5beae8
2025-11-29 15:31:18,491 - biometric_gesture_system - INFO - [authentication_system.py:1654] -   - Templates disponibles: 40
2025-11-29 15:31:18,706 - biometric_gesture_system - INFO - [authentication_system.py:532] - Procesando frame para sesión be45f5c6-5513-424a-8b58-218bf28341b8
2025-11-29 15:31:51,689 - biometric_gesture_system - INFO - [authentication_system.py:532] - Procesando frame para sesión be45f5c6-5513-424a-8b58-218bf28341b8
2025-11-29 15:32:14,688 - biometric_gesture_system - INFO - [authentication_system.py:1378] - Limpiando sesión be45f5c6-5513-424a-8b58-218bf28341b8 por timeout_total
2025-11-29 15:32:14,688 - biometric_gesture_system - INFO - [authentication_system.py:1334] - Sesión cerrada: be45f5c6-5513-424a-8b58-218bf28341b8 - Estado: timeout
2025-11-29 15:32:14,688 - biometric_gesture_system - INFO - [authentication_system.py:1335] -   - Duración: 56.2s
2025-11-29 15:32:14,688 - biometric_gesture_system - INFO - [authentication_system.py:1336] -   - Frames procesados: 0
2025-11-29 15:32:14,688 - biometric_gesture_system - INFO - [authentication_system.py:1337] -   - Gestos capturados: 0
2025-11-29 15:32:14,689 - biometric_gesture_system - INFO - [authentication_system.py:1382] - Sesiones limpiadas: 1
