2025-11-11 13:58:53,129 - biometric_gesture_system - INFO - [config_manager.py:504] - Validación de configuración: ✓ EXITOSA
2025-11-11 13:58:53,134 - biometric_gesture_system - INFO - [config_manager.py:317] - ================================================================================
2025-11-11 13:58:53,148 - biometric_gesture_system - INFO - [config_manager.py:318] - SISTEMA BIOMÉTRICO DE GESTOS DE MANOS - CONFIG MANAGER INICIALIZADO
2025-11-11 13:58:53,149 - biometric_gesture_system - INFO - [config_manager.py:319] - ================================================================================
2025-11-11 13:58:53,150 - biometric_gesture_system - INFO - [config_manager.py:320] - Configuración cargada desde: biometric_config.json
2025-11-11 13:58:53,150 - biometric_gesture_system - INFO - [config_manager.py:321] - Muestras por gesto: 7
2025-11-11 13:58:53,151 - biometric_gesture_system - INFO - [config_manager.py:322] - Gestos por usuario: 3
2025-11-11 13:58:53,151 - biometric_gesture_system - INFO - [config_manager.py:323] - Umbral confianza mano: 0.9
2025-11-11 13:58:53,151 - biometric_gesture_system - INFO - [config_manager.py:324] - Umbral confianza gesto: 0.6
2025-11-11 13:58:53,151 - biometric_gesture_system - INFO - [config_manager.py:325] - Resolución cámara: 1280x720
2025-11-11 13:58:53,151 - biometric_gesture_system - INFO - [config_manager.py:326] - Directorios creados: 11 rutas configuradas
2025-11-11 13:58:53,151 - biometric_gesture_system - INFO - [config_manager.py:327] - ================================================================================
2025-11-11 13:58:53,541 - biometric_gesture_system - INFO - [config_manager.py:630] - ======================================================================
2025-11-11 13:58:53,541 - biometric_gesture_system - INFO - [config_manager.py:630] - ROI NORMALIZATION SYSTEM INICIALIZADO
2025-11-11 13:58:53,542 - biometric_gesture_system - INFO - [config_manager.py:630] -   ✓ Resolución mínima: 150px
2025-11-11 13:58:53,542 - biometric_gesture_system - INFO - [config_manager.py:630] -   ✓ Resolución máxima: 600px
2025-11-11 13:58:53,542 - biometric_gesture_system - INFO - [config_manager.py:630] -   ✓ Tamaño normalizado: (224, 224)
2025-11-11 13:58:53,542 - biometric_gesture_system - INFO - [config_manager.py:630] -   ✓ Padding: 15%
2025-11-11 13:58:53,542 - biometric_gesture_system - INFO - [config_manager.py:630] -   ✓ Sharpening: ACTIVADO
2025-11-11 13:58:53,543 - biometric_gesture_system - INFO - [config_manager.py:630] - ======================================================================
2025-11-11 13:58:53,543 - biometric_gesture_system - INFO - [visual_feedback.py:62] - ======================================================================
2025-11-11 13:58:53,543 - biometric_gesture_system - INFO - [visual_feedback.py:63] - VISUAL FEEDBACK MANAGER INICIALIZADO
2025-11-11 13:58:53,543 - biometric_gesture_system - INFO - [visual_feedback.py:64] -   ✓ 5 niveles de feedback configurados
2025-11-11 13:58:53,543 - biometric_gesture_system - INFO - [visual_feedback.py:65] -   ✓ Colores BGR definidos
2025-11-11 13:58:53,543 - biometric_gesture_system - INFO - [visual_feedback.py:66] -   ✓ Sistema de priorización activo
2025-11-11 13:58:53,544 - biometric_gesture_system - INFO - [visual_feedback.py:67] - ======================================================================
2025-11-11 13:59:06,789 - biometric_gesture_system - WARNING - [config_manager.py:349] - Clave de configuración no encontrada: roi_normalization.enabled, usando default: True
2025-11-11 13:59:06,789 - biometric_gesture_system - WARNING - [config_manager.py:349] - Clave de configuración no encontrada: roi_normalization.enabled, usando default: True
2025-11-11 13:59:06,789 - biometric_gesture_system - WARNING - [config_manager.py:349] - Clave de configuración no encontrada: roi_normalization.use_single_area, usando default: True
2025-11-11 13:59:06,790 - biometric_gesture_system - WARNING - [config_manager.py:349] - Clave de configuración no encontrada: biometric.dynamic_features, usando default: {'min_transition_frames': 8, 'max_transition_frames': 40, 'gesture_stability_threshold': 5, 'velocity_smoothing_window': 3, 'min_movement_threshold': 0.005, 'transition_detection_sensitivity': 0.85, 'temporal_downsampling': 1, 'normalize_temporal_features': True, 'use_3d_trajectories': True, 'velocity_threshold_percentile': 75, 'acceleration_smoothing': True, 'jerk_threshold': 0.1, 'minimum_sequence_duration_ms': 200}
2025-11-11 13:59:06,790 - biometric_gesture_system - WARNING - [config_manager.py:349] - Clave de configuración no encontrada: biometric.sequence_management, usando default: {'sequence_length': 3, 'max_sequence_duration': 60.0, 'max_gesture_duration': 15.0, 'min_gesture_confidence': 0.7, 'min_stable_frames': 3, 'gesture_timeout': 10.0, 'sequence_timeout': 45.0, 'max_failed_attempts': 3, 'cooldown_period': 5.0, 'auto_save_sequences': True, 'validation_mode': 'moderate', 'allow_gesture_skipping': False, 'require_exact_order': True, 'enable_adaptive_timeouts': True}
2025-11-11 13:59:06,791 - biometric_gesture_system - WARNING - [config_manager.py:349] - Clave de configuración no encontrada: biometric.enrollment.samples_per_gesture, usando default: 8
2025-11-11 13:59:06,791 - biometric_gesture_system - WARNING - [config_manager.py:349] - Clave de configuración no encontrada: biometric.enrollment.min_confidence, usando default: 0.65
2025-11-11 13:59:06,791 - biometric_gesture_system - WARNING - [config_manager.py:349] - Clave de configuración no encontrada: biometric.enrollment.min_stability_frames, usando default: 8
2025-11-11 13:59:06,792 - biometric_gesture_system - WARNING - [config_manager.py:349] - Clave de configuración no encontrada: biometric.enrollment.require_all_gestures, usando default: True
2025-11-11 13:59:06,792 - biometric_gesture_system - WARNING - [config_manager.py:349] - Clave de configuración no encontrada: biometric.enrollment.sample_timeout, usando default: 120.0
2025-11-11 13:59:06,792 - biometric_gesture_system - WARNING - [config_manager.py:349] - Clave de configuración no encontrada: biometric.enrollment.session_timeout, usando default: 3600.0
2025-11-11 13:59:06,792 - biometric_gesture_system - WARNING - [config_manager.py:349] - Clave de configuración no encontrada: biometric.enrollment.capture_interval, usando default: 0.8
2025-11-11 13:59:06,792 - biometric_gesture_system - WARNING - [config_manager.py:349] - Clave de configuración no encontrada: biometric.enrollment.enable_quality_check, usando default: True
2025-11-11 13:59:06,792 - biometric_gesture_system - WARNING - [config_manager.py:349] - Clave de configuración no encontrada: biometric.enrollment.enable_duplicate_check, usando default: True
2025-11-11 13:59:06,793 - biometric_gesture_system - WARNING - [config_manager.py:349] - Clave de configuración no encontrada: biometric.enrollment.duplicate_threshold, usando default: 0.92
2025-11-11 13:59:06,794 - biometric_gesture_system - WARNING - [config_manager.py:349] - Clave de configuración no encontrada: biometric.enrollment.template_fusion_strategy, usando default: average
2025-11-11 13:59:06,794 - biometric_gesture_system - WARNING - [config_manager.py:349] - Clave de configuración no encontrada: biometric.enrollment.enable_template_optimization, usando default: True
2025-11-11 13:59:06,794 - biometric_gesture_system - WARNING - [config_manager.py:349] - Clave de configuración no encontrada: biometric.enrollment.embedding_dimension_check, usando default: True
2025-11-11 13:59:06,794 - biometric_gesture_system - WARNING - [config_manager.py:349] - Clave de configuración no encontrada: biometric.enrollment.show_preview, usando default: True
2025-11-11 13:59:06,794 - biometric_gesture_system - WARNING - [config_manager.py:349] - Clave de configuración no encontrada: biometric.enrollment.show_quality_feedback, usando default: False
2025-11-11 13:59:06,794 - biometric_gesture_system - WARNING - [config_manager.py:349] - Clave de configuración no encontrada: biometric.enrollment.save_enrollment_video, usando default: False
2025-11-11 13:59:06,794 - biometric_gesture_system - WARNING - [config_manager.py:349] - Clave de configuración no encontrada: biometric.siamese_anatomical, usando default: {'hidden_layers': [128, 64], 'activation': 'relu', 'dropout_rate': 0.2, 'batch_normalization': True, 'l2_regularization': 0.001, 'learning_rate': 0.001, 'batch_size': 32, 'epochs': 100, 'patience': 15, 'validation_split': 0.2, 'min_users_for_training': 2, 'min_samples_per_user': 15, 'max_samples_per_user': 50, 'min_sessions_per_user': 1, 'loss_function': 'contrastive', 'distance_metric': 'euclidean', 'margin': 1.5, 'alpha': 0.2, 'use_stratified_split': True, 'cross_validation_folds': 5, 'threshold_optimization': 'eer', 'quality_threshold': 80.0, 'use_real_augmentation': True, 'temporal_jitter': 0.02, 'noise_from_real_variance': True, 'require_independent_test': True, 'min_test_users': 1, 'performance_monitoring': True}
2025-11-11 13:59:08,917 - biometric_gesture_system - WARNING - [config_manager.py:349] - Clave de configuración no encontrada: biometric.feature_preprocessing, usando default: {'anatomical_normalization': 'robust', 'dynamic_normalization': 'standard', 'normalize_per_user': False, 'balancing_method': 'balanced_subsample', 'target_balance_ratio': 1.0, 'augmentation_strategy': 'moderate', 'augmentation_factor': 1.5, 'cv_folds': 5, 'cv_strategy': 'stratified_user', 'test_size': 0.2, 'validation_size': 0.2, 'outlier_threshold': 3.0, 'min_samples_per_user': 5, 'feature_selection': False, 'variance_threshold': 0.01, 'cache_transformations': True, 'parallel_processing': False, 'random_state': 42, 'stratify_by_user': True}
2025-11-11 13:59:08,918 - biometric_gesture_system - WARNING - [config_manager.py:349] - Clave de configuración no encontrada: biometric.auth.sequence_timeout, usando default: 25.0
2025-11-11 13:59:08,919 - biometric_gesture_system - WARNING - [config_manager.py:349] - Clave de configuración no encontrada: biometric.auth.total_timeout, usando default: 45.0
2025-11-11 13:59:08,919 - biometric_gesture_system - WARNING - [config_manager.py:349] - Clave de configuración no encontrada: biometric.auth.frame_timeout, usando default: 3.0
2025-11-11 13:59:08,919 - biometric_gesture_system - WARNING - [config_manager.py:349] - Clave de configuración no encontrada: biometric.auth.threshold_low, usando default: 0.65
2025-11-11 13:59:08,919 - biometric_gesture_system - WARNING - [config_manager.py:349] - Clave de configuración no encontrada: biometric.auth.threshold_standard, usando default: 0.75
2025-11-11 13:59:08,919 - biometric_gesture_system - WARNING - [config_manager.py:349] - Clave de configuración no encontrada: biometric.auth.threshold_high, usando default: 0.85
2025-11-11 13:59:08,919 - biometric_gesture_system - WARNING - [config_manager.py:349] - Clave de configuración no encontrada: biometric.auth.threshold_maximum, usando default: 0.92
2025-11-11 13:59:08,920 - biometric_gesture_system - WARNING - [config_manager.py:349] - Clave de configuración no encontrada: biometric.auth.require_sequence_completion, usando default: True
2025-11-11 13:59:08,920 - biometric_gesture_system - WARNING - [config_manager.py:349] - Clave de configuración no encontrada: biometric.auth.min_gestures_for_auth, usando default: 2
2025-11-11 13:59:08,920 - biometric_gesture_system - WARNING - [config_manager.py:349] - Clave de configuración no encontrada: biometric.auth.max_attempts_per_session, usando default: 3
2025-11-11 13:59:08,920 - biometric_gesture_system - WARNING - [config_manager.py:349] - Clave de configuración no encontrada: biometric.auth.max_identification_candidates, usando default: 5
2025-11-11 13:59:08,920 - biometric_gesture_system - WARNING - [config_manager.py:349] - Clave de configuración no encontrada: biometric.auth.identification_threshold_factor, usando default: 1.1
2025-11-11 13:59:08,920 - biometric_gesture_system - WARNING - [config_manager.py:349] - Clave de configuración no encontrada: biometric.auth.min_quality_score, usando default: 0.7
2025-11-11 13:59:08,920 - biometric_gesture_system - WARNING - [config_manager.py:349] - Clave de configuración no encontrada: biometric.auth.min_confidence, usando default: 0.65
2025-11-11 13:59:08,920 - biometric_gesture_system - WARNING - [config_manager.py:349] - Clave de configuración no encontrada: biometric.auth.min_stability_frames, usando default: 8
2025-11-11 13:59:08,922 - biometric_gesture_system - WARNING - [config_manager.py:349] - Clave de configuración no encontrada: biometric.auth.score_fusion_strategy, usando default: weighted_average
2025-11-11 13:59:08,922 - biometric_gesture_system - WARNING - [config_manager.py:349] - Clave de configuración no encontrada: biometric.auth.anatomical_weight, usando default: 0.6
2025-11-11 13:59:08,922 - biometric_gesture_system - WARNING - [config_manager.py:349] - Clave de configuración no encontrada: biometric.auth.dynamic_weight, usando default: 0.4
2025-11-11 13:59:08,922 - biometric_gesture_system - WARNING - [config_manager.py:349] - Clave de configuración no encontrada: biometric.auth.enable_audit_logging, usando default: True
2025-11-11 13:59:08,922 - biometric_gesture_system - WARNING - [config_manager.py:349] - Clave de configuración no encontrada: biometric.auth.enable_continuous_auth, usando default: False
2025-11-11 13:59:08,922 - biometric_gesture_system - WARNING - [config_manager.py:349] - Clave de configuración no encontrada: biometric.auth.max_failed_attempts, usando default: 5
2025-11-11 13:59:08,923 - biometric_gesture_system - WARNING - [config_manager.py:349] - Clave de configuración no encontrada: biometric.auth.lockout_duration, usando default: 300.0
2025-11-11 13:59:08,923 - biometric_gesture_system - WARNING - [config_manager.py:349] - Clave de configuración no encontrada: biometric.score_fusion, usando default: {'fusion_strategy': 'weighted_average', 'calibration_method': 'none', 'weight_optimization': 'grid_search', 'anatomical_weight': 0.6, 'dynamic_weight': 0.4, 'decision_threshold': 0.5, 'use_confidence_weighting': True, 'adaptive_threshold': False, 'cross_validation_folds': 5, 'optimization_metric': 'eer'}
2025-11-11 13:59:08,923 - biometric_gesture_system - INFO - [authentication_system.py:443] - RealAuthenticationPipeline inicializado con componentes
2025-11-11 13:59:08,923 - biometric_gesture_system - INFO - [authentication_system.py:1205] - RealSessionManager inicializado para gestión de sesiones
2025-11-11 13:59:08,923 - biometric_gesture_system - INFO - [authentication_system.py:265] - RealSecurityAuditor inicializado para auditoría
2025-11-11 13:59:08,923 - biometric_gesture_system - INFO - [authentication_system.py:1412] - RealAuthenticationSystem inicializado
2025-11-11 13:59:08,923 - biometric_gesture_system - INFO - [authentication_system.py:1413] -   - Configuración: umbrales={'low': 0.65, 'standard': 0.75, 'high': 0.85, 'maximum': 0.92}
2025-11-11 14:00:18,974 - biometric_gesture_system - INFO - [authentication_system.py:2946] - Usuarios disponibles: 2
2025-11-11 14:00:20,726 - biometric_gesture_system - INFO - [authentication_system.py:1447] - Inicializando sistema de autenticación...
2025-11-11 14:00:20,726 - biometric_gesture_system - INFO - [authentication_system.py:1450] - Obteniendo referencias a redes entrenadas...
2025-11-11 14:00:20,726 - biometric_gesture_system - INFO - [authentication_system.py:1455] - === DIAGNÓSTICO DE ESTADO DE REDES ===
2025-11-11 14:00:20,726 - biometric_gesture_system - INFO - [authentication_system.py:1463] - Archivos de modelo en disco:
2025-11-11 14:00:20,727 - biometric_gesture_system - INFO - [authentication_system.py:1464] -   - Anatómico: True - biometric_data\models\anatomical_model.h5
2025-11-11 14:00:20,727 - biometric_gesture_system - INFO - [authentication_system.py:1465] -   - Dinámico: True - biometric_data\models\dynamic_model.h5
2025-11-11 14:00:20,727 - biometric_gesture_system - INFO - [authentication_system.py:1468] - Estado de instancias globales:
2025-11-11 14:00:20,727 - biometric_gesture_system - INFO - [authentication_system.py:1469] -   - Anatómica is_trained: True
2025-11-11 14:00:20,727 - biometric_gesture_system - INFO - [authentication_system.py:1470] -   - Dinámica is_trained: True
2025-11-11 14:00:20,727 - biometric_gesture_system - INFO - [authentication_system.py:1473] - Modelos compilados:
2025-11-11 14:00:20,727 - biometric_gesture_system - INFO - [authentication_system.py:1474] -   - Anatómica siamese_model: True
2025-11-11 14:00:20,728 - biometric_gesture_system - INFO - [authentication_system.py:1475] -   - Dinámica siamese_model: True
2025-11-11 14:00:20,728 - biometric_gesture_system - INFO - [authentication_system.py:1477] - === FIN DIAGNÓSTICO ===
2025-11-11 14:00:20,728 - biometric_gesture_system - INFO - [authentication_system.py:1479] - Referencias a redes obtenidas:
2025-11-11 14:00:20,728 - biometric_gesture_system - INFO - [authentication_system.py:1480] -   - Red anatómica disponible: True
2025-11-11 14:00:20,728 - biometric_gesture_system - INFO - [authentication_system.py:1481] -   - Red anatómica entrenada: True
2025-11-11 14:00:20,728 - biometric_gesture_system - INFO - [authentication_system.py:1482] -   - Red dinámica disponible: True
2025-11-11 14:00:20,728 - biometric_gesture_system - INFO - [authentication_system.py:1483] -   - Red dinámica entrenada: True
2025-11-11 14:00:20,728 - biometric_gesture_system - INFO - [authentication_system.py:448] - Inicializando pipeline de autenticación...
2025-11-11 14:00:20,728 - biometric_gesture_system - INFO - [authentication_system.py:451] - Obteniendo referencias actuales a redes entrenadas...
2025-11-11 14:00:20,729 - biometric_gesture_system - INFO - [authentication_system.py:456] - Verificando estado de entrenamiento...
2025-11-11 14:00:20,729 - biometric_gesture_system - INFO - [authentication_system.py:457] -   - Red anatómica entrenada: True
2025-11-11 14:00:20,729 - biometric_gesture_system - INFO - [authentication_system.py:458] -   - Red dinámica entrenada: True
2025-11-11 14:00:31,407 - biometric_gesture_system - INFO - [authentication_system.py:498] - Pipeline de autenticación inicializado exitosamente
2025-11-11 14:00:31,408 - biometric_gesture_system - INFO - [authentication_system.py:499] -   - Red anatómica entrenada: True
2025-11-11 14:00:31,408 - biometric_gesture_system - INFO - [authentication_system.py:500] -   - Red dinámica entrenada: True
2025-11-11 14:00:31,408 - biometric_gesture_system - INFO - [authentication_system.py:501] -   - Sistema de fusión listo: True
2025-11-11 14:00:31,408 - biometric_gesture_system - INFO - [authentication_system.py:1529] - Sistema de autenticación inicializado exitosamente
2025-11-11 14:00:31,409 - biometric_gesture_system - INFO - [authentication_system.py:1530] -   - Usuarios disponibles: 2
2025-11-11 14:00:31,409 - biometric_gesture_system - INFO - [authentication_system.py:1531] -   - Templates totales: 89
2025-11-11 14:00:31,409 - biometric_gesture_system - INFO - [authentication_system.py:1533] -   - Pipeline listo: True
2025-11-11 14:00:31,409 - biometric_gesture_system - INFO - [authentication_system.py:1534] -   - Redes entrenadas: anatómica=True, dinámica=True
2025-11-11 14:00:31,409 - biometric_gesture_system - INFO - [authentication_system.py:1563] - Iniciando verificación para usuario: user_gabisala_1762882732766_11f929fe
2025-11-11 14:00:31,410 - biometric_gesture_system - INFO - [authentication_system.py:1564] -   - Nivel de seguridad: standard
2025-11-11 14:00:31,410 - biometric_gesture_system - INFO - [authentication_system.py:1565] -   - Secuencia requerida: None
2025-11-11 14:00:31,410 - biometric_gesture_system - INFO - [authentication_system.py:1228] - Creando sesión: modo=verification, usuario=user_gabisala_1762882732766_11f929fe
2025-11-11 14:00:31,410 - biometric_gesture_system - INFO - [authentication_system.py:1269] - Sesión creada exitosamente: 613ef69a-6f8f-4a8b-851c-4de5a0dd5778
2025-11-11 14:00:31,411 - biometric_gesture_system - INFO - [authentication_system.py:1270] -   - Modo: verification
2025-11-11 14:00:31,411 - biometric_gesture_system - INFO - [authentication_system.py:1271] -   - Usuario: user_gabisala_1762882732766_11f929fe
2025-11-11 14:00:31,411 - biometric_gesture_system - INFO - [authentication_system.py:1272] -   - Nivel seguridad: standard
2025-11-11 14:00:31,411 - biometric_gesture_system - INFO - [authentication_system.py:1273] -   - Secuencia requerida: ['Open_Palm', 'Closed_Fist', 'Victory']
2025-11-11 14:00:31,411 - biometric_gesture_system - INFO - [authentication_system.py:1594] - Verificación iniciada: sesión 613ef69a-6f8f-4a8b-851c-4de5a0dd5778
2025-11-11 14:00:31,411 - biometric_gesture_system - INFO - [authentication_system.py:1595] -   - Usuario: user_gabisala_1762882732766_11f929fe
2025-11-11 14:00:31,412 - biometric_gesture_system - INFO - [authentication_system.py:1596] -   - Templates disponibles: 49
2025-11-11 14:00:31,625 - biometric_gesture_system - INFO - [authentication_system.py:523] - Procesando frame para sesión 613ef69a-6f8f-4a8b-851c-4de5a0dd5778
2025-11-11 14:00:31,637 - biometric_gesture_system - INFO - [authentication_system.py:534] - AUTH: Frame #1 capturado - Shape: (720, 1280, 3)
2025-11-11 14:00:31,638 - biometric_gesture_system - INFO - [authentication_system.py:539] - AUTH: Procesando frame original para detectar mano...
2025-11-11 14:00:31,695 - biometric_gesture_system - INFO - [authentication_system.py:543] - AUTH: No se detectó mano válida en frame original
2025-11-11 14:00:31,830 - biometric_gesture_system - INFO - [authentication_system.py:523] - Procesando frame para sesión 613ef69a-6f8f-4a8b-851c-4de5a0dd5778
2025-11-11 14:00:31,841 - biometric_gesture_system - INFO - [authentication_system.py:534] - AUTH: Frame #2 capturado - Shape: (720, 1280, 3)
2025-11-11 14:00:31,841 - biometric_gesture_system - INFO - [authentication_system.py:539] - AUTH: Procesando frame original para detectar mano...
2025-11-11 14:00:31,884 - biometric_gesture_system - INFO - [authentication_system.py:543] - AUTH: No se detectó mano válida en frame original
2025-11-11 14:00:32,029 - biometric_gesture_system - INFO - [authentication_system.py:523] - Procesando frame para sesión 613ef69a-6f8f-4a8b-851c-4de5a0dd5778
2025-11-11 14:00:32,043 - biometric_gesture_system - INFO - [authentication_system.py:534] - AUTH: Frame #3 capturado - Shape: (720, 1280, 3)
2025-11-11 14:00:32,044 - biometric_gesture_system - INFO - [authentication_system.py:539] - AUTH: Procesando frame original para detectar mano...
2025-11-11 14:00:32,087 - biometric_gesture_system - INFO - [authentication_system.py:543] - AUTH: No se detectó mano válida en frame original
2025-11-11 14:00:32,228 - biometric_gesture_system - INFO - [authentication_system.py:523] - Procesando frame para sesión 613ef69a-6f8f-4a8b-851c-4de5a0dd5778
2025-11-11 14:00:32,244 - biometric_gesture_system - INFO - [authentication_system.py:534] - AUTH: Frame #4 capturado - Shape: (720, 1280, 3)
2025-11-11 14:00:32,245 - biometric_gesture_system - INFO - [authentication_system.py:539] - AUTH: Procesando frame original para detectar mano...
2025-11-11 14:00:32,278 - biometric_gesture_system - INFO - [authentication_system.py:543] - AUTH: No se detectó mano válida en frame original
2025-11-11 14:00:32,428 - biometric_gesture_system - INFO - [authentication_system.py:523] - Procesando frame para sesión 613ef69a-6f8f-4a8b-851c-4de5a0dd5778
2025-11-11 14:00:32,448 - biometric_gesture_system - INFO - [authentication_system.py:534] - AUTH: Frame #5 capturado - Shape: (720, 1280, 3)
2025-11-11 14:00:32,466 - biometric_gesture_system - INFO - [authentication_system.py:539] - AUTH: Procesando frame original para detectar mano...
2025-11-11 14:00:32,511 - biometric_gesture_system - INFO - [authentication_system.py:543] - AUTH: No se detectó mano válida en frame original
2025-11-11 14:00:32,628 - biometric_gesture_system - INFO - [authentication_system.py:523] - Procesando frame para sesión 613ef69a-6f8f-4a8b-851c-4de5a0dd5778
2025-11-11 14:00:32,632 - biometric_gesture_system - INFO - [authentication_system.py:534] - AUTH: Frame #6 capturado - Shape: (720, 1280, 3)
2025-11-11 14:00:32,632 - biometric_gesture_system - INFO - [authentication_system.py:539] - AUTH: Procesando frame original para detectar mano...
2025-11-11 14:00:32,677 - biometric_gesture_system - INFO - [authentication_system.py:543] - AUTH: No se detectó mano válida en frame original
2025-11-11 14:00:32,819 - biometric_gesture_system - INFO - [authentication_system.py:523] - Procesando frame para sesión 613ef69a-6f8f-4a8b-851c-4de5a0dd5778
2025-11-11 14:00:32,833 - biometric_gesture_system - INFO - [authentication_system.py:534] - AUTH: Frame #7 capturado - Shape: (720, 1280, 3)
2025-11-11 14:00:32,834 - biometric_gesture_system - INFO - [authentication_system.py:539] - AUTH: Procesando frame original para detectar mano...
2025-11-11 14:00:32,870 - biometric_gesture_system - INFO - [authentication_system.py:543] - AUTH: No se detectó mano válida en frame original
2025-11-11 14:00:33,021 - biometric_gesture_system - INFO - [authentication_system.py:523] - Procesando frame para sesión 613ef69a-6f8f-4a8b-851c-4de5a0dd5778
2025-11-11 14:00:33,033 - biometric_gesture_system - INFO - [authentication_system.py:534] - AUTH: Frame #8 capturado - Shape: (720, 1280, 3)
2025-11-11 14:00:33,035 - biometric_gesture_system - INFO - [authentication_system.py:539] - AUTH: Procesando frame original para detectar mano...
2025-11-11 14:00:33,067 - biometric_gesture_system - INFO - [authentication_system.py:543] - AUTH: No se detectó mano válida en frame original
2025-11-11 14:00:33,226 - biometric_gesture_system - INFO - [authentication_system.py:523] - Procesando frame para sesión 613ef69a-6f8f-4a8b-851c-4de5a0dd5778
2025-11-11 14:00:33,239 - biometric_gesture_system - INFO - [authentication_system.py:534] - AUTH: Frame #9 capturado - Shape: (720, 1280, 3)
2025-11-11 14:00:33,239 - biometric_gesture_system - INFO - [authentication_system.py:539] - AUTH: Procesando frame original para detectar mano...
2025-11-11 14:00:33,270 - biometric_gesture_system - INFO - [authentication_system.py:543] - AUTH: No se detectó mano válida en frame original
2025-11-11 14:00:33,428 - biometric_gesture_system - INFO - [authentication_system.py:523] - Procesando frame para sesión 613ef69a-6f8f-4a8b-851c-4de5a0dd5778
2025-11-11 14:00:33,438 - biometric_gesture_system - INFO - [authentication_system.py:534] - AUTH: Frame #10 capturado - Shape: (720, 1280, 3)
2025-11-11 14:00:33,439 - biometric_gesture_system - INFO - [authentication_system.py:539] - AUTH: Procesando frame original para detectar mano...
2025-11-11 14:00:33,483 - biometric_gesture_system - INFO - [authentication_system.py:543] - AUTH: No se detectó mano válida en frame original
2025-11-11 14:00:33,624 - biometric_gesture_system - INFO - [authentication_system.py:523] - Procesando frame para sesión 613ef69a-6f8f-4a8b-851c-4de5a0dd5778
2025-11-11 14:00:33,641 - biometric_gesture_system - INFO - [authentication_system.py:534] - AUTH: Frame #11 capturado - Shape: (720, 1280, 3)
2025-11-11 14:00:33,642 - biometric_gesture_system - INFO - [authentication_system.py:539] - AUTH: Procesando frame original para detectar mano...
2025-11-11 14:00:33,670 - biometric_gesture_system - INFO - [authentication_system.py:543] - AUTH: No se detectó mano válida en frame original
2025-11-11 14:00:33,825 - biometric_gesture_system - INFO - [authentication_system.py:523] - Procesando frame para sesión 613ef69a-6f8f-4a8b-851c-4de5a0dd5778
2025-11-11 14:00:33,830 - biometric_gesture_system - INFO - [authentication_system.py:534] - AUTH: Frame #12 capturado - Shape: (720, 1280, 3)
2025-11-11 14:00:33,830 - biometric_gesture_system - INFO - [authentication_system.py:539] - AUTH: Procesando frame original para detectar mano...
2025-11-11 14:00:33,866 - biometric_gesture_system - INFO - [authentication_system.py:543] - AUTH: No se detectó mano válida en frame original
2025-11-11 14:00:34,020 - biometric_gesture_system - INFO - [authentication_system.py:523] - Procesando frame para sesión 613ef69a-6f8f-4a8b-851c-4de5a0dd5778
2025-11-11 14:00:34,031 - biometric_gesture_system - INFO - [authentication_system.py:534] - AUTH: Frame #13 capturado - Shape: (720, 1280, 3)
2025-11-11 14:00:34,032 - biometric_gesture_system - INFO - [authentication_system.py:539] - AUTH: Procesando frame original para detectar mano...
2025-11-11 14:00:34,067 - biometric_gesture_system - INFO - [authentication_system.py:543] - AUTH: No se detectó mano válida en frame original
2025-11-11 14:00:34,223 - biometric_gesture_system - INFO - [authentication_system.py:523] - Procesando frame para sesión 613ef69a-6f8f-4a8b-851c-4de5a0dd5778
2025-11-11 14:00:34,237 - biometric_gesture_system - INFO - [authentication_system.py:534] - AUTH: Frame #14 capturado - Shape: (720, 1280, 3)
2025-11-11 14:00:34,238 - biometric_gesture_system - INFO - [authentication_system.py:539] - AUTH: Procesando frame original para detectar mano...
2025-11-11 14:00:34,279 - biometric_gesture_system - INFO - [authentication_system.py:543] - AUTH: No se detectó mano válida en frame original
2025-11-11 14:00:34,423 - biometric_gesture_system - INFO - [authentication_system.py:523] - Procesando frame para sesión 613ef69a-6f8f-4a8b-851c-4de5a0dd5778
2025-11-11 14:00:34,426 - biometric_gesture_system - INFO - [authentication_system.py:534] - AUTH: Frame #15 capturado - Shape: (720, 1280, 3)
2025-11-11 14:00:34,426 - biometric_gesture_system - INFO - [authentication_system.py:539] - AUTH: Procesando frame original para detectar mano...
2025-11-11 14:00:34,475 - biometric_gesture_system - INFO - [authentication_system.py:543] - AUTH: No se detectó mano válida en frame original
2025-11-11 14:00:34,621 - biometric_gesture_system - INFO - [authentication_system.py:523] - Procesando frame para sesión 613ef69a-6f8f-4a8b-851c-4de5a0dd5778
2025-11-11 14:00:34,629 - biometric_gesture_system - INFO - [authentication_system.py:534] - AUTH: Frame #16 capturado - Shape: (720, 1280, 3)
2025-11-11 14:00:34,629 - biometric_gesture_system - INFO - [authentication_system.py:539] - AUTH: Procesando frame original para detectar mano...
2025-11-11 14:00:34,664 - biometric_gesture_system - INFO - [authentication_system.py:543] - AUTH: No se detectó mano válida en frame original
2025-11-11 14:00:34,821 - biometric_gesture_system - INFO - [authentication_system.py:523] - Procesando frame para sesión 613ef69a-6f8f-4a8b-851c-4de5a0dd5778
2025-11-11 14:00:34,830 - biometric_gesture_system - INFO - [authentication_system.py:534] - AUTH: Frame #17 capturado - Shape: (720, 1280, 3)
2025-11-11 14:00:34,831 - biometric_gesture_system - INFO - [authentication_system.py:539] - AUTH: Procesando frame original para detectar mano...
2025-11-11 14:00:34,867 - biometric_gesture_system - INFO - [authentication_system.py:543] - AUTH: No se detectó mano válida en frame original
2025-11-11 14:00:35,021 - biometric_gesture_system - INFO - [authentication_system.py:523] - Procesando frame para sesión 613ef69a-6f8f-4a8b-851c-4de5a0dd5778
2025-11-11 14:00:35,032 - biometric_gesture_system - INFO - [authentication_system.py:534] - AUTH: Frame #18 capturado - Shape: (720, 1280, 3)
2025-11-11 14:00:35,033 - biometric_gesture_system - INFO - [authentication_system.py:539] - AUTH: Procesando frame original para detectar mano...
2025-11-11 14:00:35,101 - biometric_gesture_system - INFO - [authentication_system.py:546] - AUTH: ✅ Mano detectada en frame original
2025-11-11 14:00:35,101 - biometric_gesture_system - INFO - [authentication_system.py:547] - AUTH: Confianza inicial: 0.942
2025-11-11 14:00:35,101 - biometric_gesture_system - INFO - [authentication_system.py:617] - AUTH: ✅ Usando landmarks del frame ORIGINAL
2025-11-11 14:00:35,102 - biometric_gesture_system - INFO - [authentication_system.py:654] - AUTH: Calidad insuficiente: 81.785
2025-11-11 14:00:35,221 - biometric_gesture_system - INFO - [authentication_system.py:523] - Procesando frame para sesión 613ef69a-6f8f-4a8b-851c-4de5a0dd5778
2025-11-11 14:00:35,235 - biometric_gesture_system - INFO - [authentication_system.py:534] - AUTH: Frame #19 capturado - Shape: (720, 1280, 3)
2025-11-11 14:00:35,235 - biometric_gesture_system - INFO - [authentication_system.py:539] - AUTH: Procesando frame original para detectar mano...
2025-11-11 14:00:35,287 - biometric_gesture_system - INFO - [authentication_system.py:546] - AUTH: ✅ Mano detectada en frame original
2025-11-11 14:00:35,287 - biometric_gesture_system - INFO - [authentication_system.py:547] - AUTH: Confianza inicial: 0.941
2025-11-11 14:00:35,287 - biometric_gesture_system - INFO - [authentication_system.py:617] - AUTH: ✅ Usando landmarks del frame ORIGINAL
2025-11-11 14:00:35,288 - biometric_gesture_system - INFO - [authentication_system.py:654] - AUTH: Calidad insuficiente: 83.041
2025-11-11 14:00:35,421 - biometric_gesture_system - INFO - [authentication_system.py:523] - Procesando frame para sesión 613ef69a-6f8f-4a8b-851c-4de5a0dd5778
2025-11-11 14:00:35,437 - biometric_gesture_system - INFO - [authentication_system.py:534] - AUTH: Frame #20 capturado - Shape: (720, 1280, 3)
2025-11-11 14:00:35,437 - biometric_gesture_system - INFO - [authentication_system.py:539] - AUTH: Procesando frame original para detectar mano...
2025-11-11 14:00:35,473 - biometric_gesture_system - INFO - [authentication_system.py:546] - AUTH: ✅ Mano detectada en frame original
2025-11-11 14:00:35,474 - biometric_gesture_system - INFO - [authentication_system.py:547] - AUTH: Confianza inicial: 0.941
2025-11-11 14:00:35,474 - biometric_gesture_system - INFO - [authentication_system.py:617] - AUTH: ✅ Usando landmarks del frame ORIGINAL
2025-11-11 14:00:35,475 - biometric_gesture_system - INFO - [authentication_system.py:654] - AUTH: Calidad insuficiente: 68.529
2025-11-11 14:00:35,618 - biometric_gesture_system - INFO - [authentication_system.py:523] - Procesando frame para sesión 613ef69a-6f8f-4a8b-851c-4de5a0dd5778
2025-11-11 14:00:35,625 - biometric_gesture_system - INFO - [authentication_system.py:534] - AUTH: Frame #21 capturado - Shape: (720, 1280, 3)
2025-11-11 14:00:35,625 - biometric_gesture_system - INFO - [authentication_system.py:539] - AUTH: Procesando frame original para detectar mano...
2025-11-11 14:00:35,660 - biometric_gesture_system - INFO - [authentication_system.py:546] - AUTH: ✅ Mano detectada en frame original
2025-11-11 14:00:35,660 - biometric_gesture_system - INFO - [authentication_system.py:547] - AUTH: Confianza inicial: 0.949
2025-11-11 14:00:35,661 - biometric_gesture_system - INFO - [authentication_system.py:617] - AUTH: ✅ Usando landmarks del frame ORIGINAL
2025-11-11 14:00:35,661 - biometric_gesture_system - INFO - [authentication_system.py:654] - AUTH: Calidad insuficiente: 68.734
2025-11-11 14:00:35,832 - biometric_gesture_system - INFO - [authentication_system.py:523] - Procesando frame para sesión 613ef69a-6f8f-4a8b-851c-4de5a0dd5778
2025-11-11 14:00:35,843 - biometric_gesture_system - INFO - [authentication_system.py:534] - AUTH: Frame #22 capturado - Shape: (720, 1280, 3)
2025-11-11 14:00:35,843 - biometric_gesture_system - INFO - [authentication_system.py:539] - AUTH: Procesando frame original para detectar mano...
2025-11-11 14:00:35,878 - biometric_gesture_system - INFO - [authentication_system.py:546] - AUTH: ✅ Mano detectada en frame original
2025-11-11 14:00:35,880 - biometric_gesture_system - INFO - [authentication_system.py:547] - AUTH: Confianza inicial: 0.942
2025-11-11 14:00:35,880 - biometric_gesture_system - INFO - [authentication_system.py:617] - AUTH: ✅ Usando landmarks del frame ORIGINAL
2025-11-11 14:00:35,881 - biometric_gesture_system - INFO - [authentication_system.py:654] - AUTH: Calidad insuficiente: 78.543
2025-11-11 14:00:36,019 - biometric_gesture_system - INFO - [authentication_system.py:523] - Procesando frame para sesión 613ef69a-6f8f-4a8b-851c-4de5a0dd5778
2025-11-11 14:00:36,032 - biometric_gesture_system - INFO - [authentication_system.py:534] - AUTH: Frame #23 capturado - Shape: (720, 1280, 3)
2025-11-11 14:00:36,032 - biometric_gesture_system - INFO - [authentication_system.py:539] - AUTH: Procesando frame original para detectar mano...
2025-11-11 14:00:36,073 - biometric_gesture_system - INFO - [authentication_system.py:546] - AUTH: ✅ Mano detectada en frame original
2025-11-11 14:00:36,074 - biometric_gesture_system - INFO - [authentication_system.py:547] - AUTH: Confianza inicial: 0.921
2025-11-11 14:00:36,074 - biometric_gesture_system - INFO - [authentication_system.py:617] - AUTH: ✅ Usando landmarks del frame ORIGINAL
2025-11-11 14:00:36,074 - biometric_gesture_system - INFO - [authentication_system.py:657] - AUTH: ✅ Frame válido - Quality: 93.1
2025-11-11 14:00:36,078 - biometric_gesture_system - INFO - [authentication_system.py:684] - AUTH: ✅ Características anatómicas extraídas
2025-11-11 14:00:36,078 - biometric_gesture_system - INFO - [authentication_system.py:696] - AUTH: Frame agregado a buffer temporal (1 frames)
2025-11-11 14:00:36,078 - biometric_gesture_system - INFO - [authentication_system.py:709] - AUTH: Acumulando frames para características dinámicas... (1/5)
2025-11-11 14:00:36,220 - biometric_gesture_system - INFO - [authentication_system.py:523] - Procesando frame para sesión 613ef69a-6f8f-4a8b-851c-4de5a0dd5778
2025-11-11 14:00:36,234 - biometric_gesture_system - INFO - [authentication_system.py:534] - AUTH: Frame #24 capturado - Shape: (720, 1280, 3)
2025-11-11 14:00:36,234 - biometric_gesture_system - INFO - [authentication_system.py:539] - AUTH: Procesando frame original para detectar mano...
2025-11-11 14:00:36,278 - biometric_gesture_system - INFO - [authentication_system.py:546] - AUTH: ✅ Mano detectada en frame original
2025-11-11 14:00:36,278 - biometric_gesture_system - INFO - [authentication_system.py:547] - AUTH: Confianza inicial: 0.947
2025-11-11 14:00:36,279 - biometric_gesture_system - INFO - [authentication_system.py:617] - AUTH: ✅ Usando landmarks del frame ORIGINAL
2025-11-11 14:00:36,279 - biometric_gesture_system - INFO - [authentication_system.py:657] - AUTH: ✅ Frame válido - Quality: 93.8
2025-11-11 14:00:36,284 - biometric_gesture_system - INFO - [authentication_system.py:684] - AUTH: ✅ Características anatómicas extraídas
2025-11-11 14:00:36,285 - biometric_gesture_system - INFO - [authentication_system.py:696] - AUTH: Frame agregado a buffer temporal (2 frames)
2025-11-11 14:00:36,285 - biometric_gesture_system - INFO - [authentication_system.py:709] - AUTH: Acumulando frames para características dinámicas... (2/5)
2025-11-11 14:00:36,424 - biometric_gesture_system - INFO - [authentication_system.py:523] - Procesando frame para sesión 613ef69a-6f8f-4a8b-851c-4de5a0dd5778
2025-11-11 14:00:36,436 - biometric_gesture_system - INFO - [authentication_system.py:534] - AUTH: Frame #25 capturado - Shape: (720, 1280, 3)
2025-11-11 14:00:36,436 - biometric_gesture_system - INFO - [authentication_system.py:539] - AUTH: Procesando frame original para detectar mano...
2025-11-11 14:00:36,476 - biometric_gesture_system - INFO - [authentication_system.py:546] - AUTH: ✅ Mano detectada en frame original
2025-11-11 14:00:36,477 - biometric_gesture_system - INFO - [authentication_system.py:547] - AUTH: Confianza inicial: 0.954
2025-11-11 14:00:36,477 - biometric_gesture_system - INFO - [authentication_system.py:617] - AUTH: ✅ Usando landmarks del frame ORIGINAL
2025-11-11 14:00:36,477 - biometric_gesture_system - INFO - [authentication_system.py:657] - AUTH: ✅ Frame válido - Quality: 93.9
2025-11-11 14:00:36,481 - biometric_gesture_system - INFO - [authentication_system.py:684] - AUTH: ✅ Características anatómicas extraídas
2025-11-11 14:00:36,482 - biometric_gesture_system - INFO - [authentication_system.py:696] - AUTH: Frame agregado a buffer temporal (3 frames)
2025-11-11 14:00:36,482 - biometric_gesture_system - INFO - [authentication_system.py:709] - AUTH: Acumulando frames para características dinámicas... (3/5)
2025-11-11 14:00:36,627 - biometric_gesture_system - INFO - [authentication_system.py:523] - Procesando frame para sesión 613ef69a-6f8f-4a8b-851c-4de5a0dd5778
2025-11-11 14:00:36,638 - biometric_gesture_system - INFO - [authentication_system.py:534] - AUTH: Frame #26 capturado - Shape: (720, 1280, 3)
2025-11-11 14:00:36,638 - biometric_gesture_system - INFO - [authentication_system.py:539] - AUTH: Procesando frame original para detectar mano...
2025-11-11 14:00:36,685 - biometric_gesture_system - INFO - [authentication_system.py:546] - AUTH: ✅ Mano detectada en frame original
2025-11-11 14:00:36,685 - biometric_gesture_system - INFO - [authentication_system.py:547] - AUTH: Confianza inicial: 0.951
2025-11-11 14:00:36,685 - biometric_gesture_system - INFO - [authentication_system.py:617] - AUTH: ✅ Usando landmarks del frame ORIGINAL
2025-11-11 14:00:36,686 - biometric_gesture_system - INFO - [authentication_system.py:657] - AUTH: ✅ Frame válido - Quality: 93.7
2025-11-11 14:00:36,689 - biometric_gesture_system - INFO - [authentication_system.py:684] - AUTH: ✅ Características anatómicas extraídas
2025-11-11 14:00:36,689 - biometric_gesture_system - INFO - [authentication_system.py:696] - AUTH: Frame agregado a buffer temporal (4 frames)
2025-11-11 14:00:36,689 - biometric_gesture_system - INFO - [authentication_system.py:709] - AUTH: Acumulando frames para características dinámicas... (4/5)
2025-11-11 14:00:36,825 - biometric_gesture_system - INFO - [authentication_system.py:523] - Procesando frame para sesión 613ef69a-6f8f-4a8b-851c-4de5a0dd5778
2025-11-11 14:00:36,838 - biometric_gesture_system - INFO - [authentication_system.py:534] - AUTH: Frame #27 capturado - Shape: (720, 1280, 3)
2025-11-11 14:00:36,838 - biometric_gesture_system - INFO - [authentication_system.py:539] - AUTH: Procesando frame original para detectar mano...
2025-11-11 14:00:36,877 - biometric_gesture_system - INFO - [authentication_system.py:546] - AUTH: ✅ Mano detectada en frame original
2025-11-11 14:00:36,877 - biometric_gesture_system - INFO - [authentication_system.py:547] - AUTH: Confianza inicial: 0.953
2025-11-11 14:00:36,877 - biometric_gesture_system - INFO - [authentication_system.py:617] - AUTH: ✅ Usando landmarks del frame ORIGINAL
2025-11-11 14:00:36,878 - biometric_gesture_system - INFO - [authentication_system.py:657] - AUTH: ✅ Frame válido - Quality: 93.5
2025-11-11 14:00:36,883 - biometric_gesture_system - INFO - [authentication_system.py:684] - AUTH: ✅ Características anatómicas extraídas
2025-11-11 14:00:36,883 - biometric_gesture_system - INFO - [authentication_system.py:696] - AUTH: Frame agregado a buffer temporal (5 frames)
2025-11-11 14:00:36,883 - biometric_gesture_system - INFO - [authentication_system.py:709] - AUTH: Acumulando frames para características dinámicas... (5/5)
2025-11-11 14:00:37,032 - biometric_gesture_system - INFO - [authentication_system.py:523] - Procesando frame para sesión 613ef69a-6f8f-4a8b-851c-4de5a0dd5778
2025-11-11 14:00:37,042 - biometric_gesture_system - INFO - [authentication_system.py:534] - AUTH: Frame #28 capturado - Shape: (720, 1280, 3)
2025-11-11 14:00:37,042 - biometric_gesture_system - INFO - [authentication_system.py:539] - AUTH: Procesando frame original para detectar mano...
2025-11-11 14:00:37,089 - biometric_gesture_system - INFO - [authentication_system.py:546] - AUTH: ✅ Mano detectada en frame original
2025-11-11 14:00:37,089 - biometric_gesture_system - INFO - [authentication_system.py:547] - AUTH: Confianza inicial: 0.955
2025-11-11 14:00:37,090 - biometric_gesture_system - INFO - [authentication_system.py:617] - AUTH: ✅ Usando landmarks del frame ORIGINAL
2025-11-11 14:00:37,090 - biometric_gesture_system - INFO - [authentication_system.py:657] - AUTH: ✅ Frame válido - Quality: 93.6
2025-11-11 14:00:37,095 - biometric_gesture_system - INFO - [authentication_system.py:684] - AUTH: ✅ Características anatómicas extraídas
2025-11-11 14:00:37,095 - biometric_gesture_system - INFO - [authentication_system.py:696] - AUTH: Frame agregado a buffer temporal (6 frames)
2025-11-11 14:00:37,096 - biometric_gesture_system - INFO - [authentication_system.py:709] - AUTH: Acumulando frames para características dinámicas... (6/5)
2025-11-11 14:00:37,230 - biometric_gesture_system - INFO - [authentication_system.py:523] - Procesando frame para sesión 613ef69a-6f8f-4a8b-851c-4de5a0dd5778
2025-11-11 14:00:37,242 - biometric_gesture_system - INFO - [authentication_system.py:534] - AUTH: Frame #29 capturado - Shape: (720, 1280, 3)
2025-11-11 14:00:37,242 - biometric_gesture_system - INFO - [authentication_system.py:539] - AUTH: Procesando frame original para detectar mano...
2025-11-11 14:00:37,292 - biometric_gesture_system - INFO - [authentication_system.py:546] - AUTH: ✅ Mano detectada en frame original
2025-11-11 14:00:37,292 - biometric_gesture_system - INFO - [authentication_system.py:547] - AUTH: Confianza inicial: 0.956
2025-11-11 14:00:37,292 - biometric_gesture_system - INFO - [authentication_system.py:617] - AUTH: ✅ Usando landmarks del frame ORIGINAL
2025-11-11 14:00:37,293 - biometric_gesture_system - INFO - [authentication_system.py:657] - AUTH: ✅ Frame válido - Quality: 93.3
2025-11-11 14:00:37,298 - biometric_gesture_system - INFO - [authentication_system.py:684] - AUTH: ✅ Características anatómicas extraídas
2025-11-11 14:00:37,299 - biometric_gesture_system - INFO - [authentication_system.py:696] - AUTH: Frame agregado a buffer temporal (7 frames)
2025-11-11 14:00:37,299 - biometric_gesture_system - INFO - [authentication_system.py:709] - AUTH: Acumulando frames para características dinámicas... (7/5)
2025-11-11 14:00:37,426 - biometric_gesture_system - INFO - [authentication_system.py:523] - Procesando frame para sesión 613ef69a-6f8f-4a8b-851c-4de5a0dd5778
2025-11-11 14:00:37,430 - biometric_gesture_system - INFO - [authentication_system.py:534] - AUTH: Frame #30 capturado - Shape: (720, 1280, 3)
2025-11-11 14:00:37,430 - biometric_gesture_system - INFO - [authentication_system.py:539] - AUTH: Procesando frame original para detectar mano...
2025-11-11 14:00:37,475 - biometric_gesture_system - INFO - [authentication_system.py:546] - AUTH: ✅ Mano detectada en frame original
2025-11-11 14:00:37,475 - biometric_gesture_system - INFO - [authentication_system.py:547] - AUTH: Confianza inicial: 0.961
2025-11-11 14:00:37,477 - biometric_gesture_system - INFO - [authentication_system.py:617] - AUTH: ✅ Usando landmarks del frame ORIGINAL
2025-11-11 14:00:37,477 - biometric_gesture_system - INFO - [authentication_system.py:657] - AUTH: ✅ Frame válido - Quality: 93.3
2025-11-11 14:00:37,481 - biometric_gesture_system - INFO - [authentication_system.py:684] - AUTH: ✅ Características anatómicas extraídas
2025-11-11 14:00:37,482 - biometric_gesture_system - INFO - [authentication_system.py:696] - AUTH: Frame agregado a buffer temporal (8 frames)
2025-11-11 14:00:37,531 - biometric_gesture_system - INFO - [authentication_system.py:882] - ✅ Temporal sequence construida para autenticación: (8, 320)
2025-11-11 14:00:37,532 - biometric_gesture_system - INFO - [authentication_system.py:887] - Características dinámicas extraídas del buffer: dim=320
2025-11-11 14:00:37,532 - biometric_gesture_system - INFO - [authentication_system.py:706] - AUTH: ✅ Características dinámicas extraídas del buffer (8 frames)
2025-11-11 14:00:37,800 - biometric_gesture_system - INFO - [authentication_system.py:1028] - Embedding anatómico generado: dim=64, norm=1.000
2025-11-11 14:00:37,800 - biometric_gesture_system - INFO - [authentication_system.py:1041] - Generando embedding dinámico para autenticación
2025-11-11 14:00:37,800 - biometric_gesture_system - INFO - [authentication_system.py:1061] - Temporal sequence shape: (8, 320)
2025-11-11 14:00:39,866 - biometric_gesture_system - INFO - [authentication_system.py:1086] - Embedding dinámico generado: dim=128, norm=1.000
2025-11-11 14:00:39,866 - biometric_gesture_system - INFO - [authentication_system.py:722] - AUTH: ✅ Embeddings generados - Anatómico: True, Dinámico: True
2025-11-11 14:00:39,866 - biometric_gesture_system - INFO - [authentication_system.py:729] - AUTH: Embedding anatómico agregado - Total: 1
2025-11-11 14:00:39,868 - biometric_gesture_system - INFO - [authentication_system.py:733] - AUTH: Embedding dinámico agregado - Total: 1
2025-11-11 14:00:39,868 - biometric_gesture_system - INFO - [authentication_system.py:740] - AUTH: ✅ Captura válida #1 - Embeddings almacenados exitosamente
2025-11-11 14:00:39,868 - biometric_gesture_system - INFO - [authentication_system.py:749] - AUTH: ✅ Gesto 'Open_Palm' capturado (Verificación)
2025-11-11 14:00:39,868 - biometric_gesture_system - INFO - [authentication_system.py:750] - AUTH:    Progreso: 1/3
2025-11-11 14:00:39,868 - biometric_gesture_system - INFO - [authentication_system.py:787] - AUTH: Frame procesado exitosamente para sesión 613ef69a-6f8f-4a8b-851c-4de5a0dd5778
2025-11-11 14:00:39,869 - biometric_gesture_system - INFO - [authentication_system.py:788] - AUTH:   - Gesto detectado: Open_Palm
2025-11-11 14:00:39,869 - biometric_gesture_system - INFO - [authentication_system.py:789] - AUTH:   - Calidad: 93.292
2025-11-11 14:00:39,869 - biometric_gesture_system - INFO - [authentication_system.py:790] - AUTH:   - Embeddings: anatómico=True, dinámico=True
2025-11-11 14:00:39,869 - biometric_gesture_system - INFO - [authentication_system.py:791] - AUTH:   - Progreso secuencia: 1/3
2025-11-11 14:00:40,025 - biometric_gesture_system - INFO - [authentication_system.py:523] - Procesando frame para sesión 613ef69a-6f8f-4a8b-851c-4de5a0dd5778
2025-11-11 14:00:40,037 - biometric_gesture_system - INFO - [authentication_system.py:534] - AUTH: Frame #31 capturado - Shape: (720, 1280, 3)
2025-11-11 14:00:40,037 - biometric_gesture_system - INFO - [authentication_system.py:539] - AUTH: Procesando frame original para detectar mano...
2025-11-11 14:00:40,095 - biometric_gesture_system - INFO - [authentication_system.py:546] - AUTH: ✅ Mano detectada en frame original
2025-11-11 14:00:40,095 - biometric_gesture_system - INFO - [authentication_system.py:547] - AUTH: Confianza inicial: 0.938
2025-11-11 14:00:40,096 - biometric_gesture_system - INFO - [authentication_system.py:617] - AUTH: ✅ Usando landmarks del frame ORIGINAL
2025-11-11 14:00:40,097 - biometric_gesture_system - INFO - [authentication_system.py:654] - AUTH: Calidad insuficiente: 83.787
2025-11-11 14:00:40,224 - biometric_gesture_system - INFO - [authentication_system.py:523] - Procesando frame para sesión 613ef69a-6f8f-4a8b-851c-4de5a0dd5778
2025-11-11 14:00:40,237 - biometric_gesture_system - INFO - [authentication_system.py:534] - AUTH: Frame #32 capturado - Shape: (720, 1280, 3)
2025-11-11 14:00:40,237 - biometric_gesture_system - INFO - [authentication_system.py:539] - AUTH: Procesando frame original para detectar mano...
2025-11-11 14:00:40,290 - biometric_gesture_system - INFO - [authentication_system.py:546] - AUTH: ✅ Mano detectada en frame original
2025-11-11 14:00:40,290 - biometric_gesture_system - INFO - [authentication_system.py:547] - AUTH: Confianza inicial: 0.950
2025-11-11 14:00:40,291 - biometric_gesture_system - INFO - [authentication_system.py:617] - AUTH: ✅ Usando landmarks del frame ORIGINAL
2025-11-11 14:00:40,291 - biometric_gesture_system - INFO - [authentication_system.py:654] - AUTH: Calidad insuficiente: 84.366
2025-11-11 14:00:40,423 - biometric_gesture_system - INFO - [authentication_system.py:523] - Procesando frame para sesión 613ef69a-6f8f-4a8b-851c-4de5a0dd5778
2025-11-11 14:00:40,438 - biometric_gesture_system - INFO - [authentication_system.py:534] - AUTH: Frame #33 capturado - Shape: (720, 1280, 3)
2025-11-11 14:00:40,439 - biometric_gesture_system - INFO - [authentication_system.py:539] - AUTH: Procesando frame original para detectar mano...
2025-11-11 14:00:40,488 - biometric_gesture_system - INFO - [authentication_system.py:546] - AUTH: ✅ Mano detectada en frame original
2025-11-11 14:00:40,488 - biometric_gesture_system - INFO - [authentication_system.py:547] - AUTH: Confianza inicial: 0.955
2025-11-11 14:00:40,489 - biometric_gesture_system - INFO - [authentication_system.py:617] - AUTH: ✅ Usando landmarks del frame ORIGINAL
2025-11-11 14:00:40,489 - biometric_gesture_system - INFO - [authentication_system.py:654] - AUTH: Calidad insuficiente: 84.204
2025-11-11 14:00:40,622 - biometric_gesture_system - INFO - [authentication_system.py:523] - Procesando frame para sesión 613ef69a-6f8f-4a8b-851c-4de5a0dd5778
2025-11-11 14:00:40,640 - biometric_gesture_system - INFO - [authentication_system.py:534] - AUTH: Frame #34 capturado - Shape: (720, 1280, 3)
2025-11-11 14:00:40,640 - biometric_gesture_system - INFO - [authentication_system.py:539] - AUTH: Procesando frame original para detectar mano...
2025-11-11 14:00:40,690 - biometric_gesture_system - INFO - [authentication_system.py:546] - AUTH: ✅ Mano detectada en frame original
2025-11-11 14:00:40,690 - biometric_gesture_system - INFO - [authentication_system.py:547] - AUTH: Confianza inicial: 0.958
2025-11-11 14:00:40,691 - biometric_gesture_system - INFO - [authentication_system.py:617] - AUTH: ✅ Usando landmarks del frame ORIGINAL
2025-11-11 14:00:40,691 - biometric_gesture_system - INFO - [authentication_system.py:654] - AUTH: Calidad insuficiente: 94.320
2025-11-11 14:00:40,822 - biometric_gesture_system - INFO - [authentication_system.py:523] - Procesando frame para sesión 613ef69a-6f8f-4a8b-851c-4de5a0dd5778
2025-11-11 14:00:40,825 - biometric_gesture_system - INFO - [authentication_system.py:534] - AUTH: Frame #35 capturado - Shape: (720, 1280, 3)
2025-11-11 14:00:40,826 - biometric_gesture_system - INFO - [authentication_system.py:539] - AUTH: Procesando frame original para detectar mano...
2025-11-11 14:00:40,893 - biometric_gesture_system - INFO - [authentication_system.py:546] - AUTH: ✅ Mano detectada en frame original
2025-11-11 14:00:40,903 - biometric_gesture_system - INFO - [authentication_system.py:547] - AUTH: Confianza inicial: 0.947
2025-11-11 14:00:40,904 - biometric_gesture_system - INFO - [authentication_system.py:617] - AUTH: ✅ Usando landmarks del frame ORIGINAL
2025-11-11 14:00:40,906 - biometric_gesture_system - INFO - [authentication_system.py:654] - AUTH: Calidad insuficiente: 93.834
2025-11-11 14:00:41,021 - biometric_gesture_system - INFO - [authentication_system.py:523] - Procesando frame para sesión 613ef69a-6f8f-4a8b-851c-4de5a0dd5778
2025-11-11 14:00:41,029 - biometric_gesture_system - INFO - [authentication_system.py:534] - AUTH: Frame #36 capturado - Shape: (720, 1280, 3)
2025-11-11 14:00:41,029 - biometric_gesture_system - INFO - [authentication_system.py:539] - AUTH: Procesando frame original para detectar mano...
2025-11-11 14:00:41,082 - biometric_gesture_system - INFO - [authentication_system.py:546] - AUTH: ✅ Mano detectada en frame original
2025-11-11 14:00:41,083 - biometric_gesture_system - INFO - [authentication_system.py:547] - AUTH: Confianza inicial: 0.956
2025-11-11 14:00:41,083 - biometric_gesture_system - INFO - [authentication_system.py:617] - AUTH: ✅ Usando landmarks del frame ORIGINAL
2025-11-11 14:00:41,084 - biometric_gesture_system - INFO - [authentication_system.py:654] - AUTH: Calidad insuficiente: 83.420
2025-11-11 14:00:41,220 - biometric_gesture_system - INFO - [authentication_system.py:523] - Procesando frame para sesión 613ef69a-6f8f-4a8b-851c-4de5a0dd5778
2025-11-11 14:00:41,232 - biometric_gesture_system - INFO - [authentication_system.py:534] - AUTH: Frame #37 capturado - Shape: (720, 1280, 3)
2025-11-11 14:00:41,233 - biometric_gesture_system - INFO - [authentication_system.py:539] - AUTH: Procesando frame original para detectar mano...
2025-11-11 14:00:41,285 - biometric_gesture_system - INFO - [authentication_system.py:546] - AUTH: ✅ Mano detectada en frame original
2025-11-11 14:00:41,285 - biometric_gesture_system - INFO - [authentication_system.py:547] - AUTH: Confianza inicial: 0.975
2025-11-11 14:00:41,286 - biometric_gesture_system - INFO - [authentication_system.py:617] - AUTH: ✅ Usando landmarks del frame ORIGINAL
2025-11-11 14:00:41,286 - biometric_gesture_system - INFO - [authentication_system.py:654] - AUTH: Calidad insuficiente: 80.105
2025-11-11 14:00:41,420 - biometric_gesture_system - INFO - [authentication_system.py:523] - Procesando frame para sesión 613ef69a-6f8f-4a8b-851c-4de5a0dd5778
2025-11-11 14:00:41,436 - biometric_gesture_system - INFO - [authentication_system.py:534] - AUTH: Frame #38 capturado - Shape: (720, 1280, 3)
2025-11-11 14:00:41,436 - biometric_gesture_system - INFO - [authentication_system.py:539] - AUTH: Procesando frame original para detectar mano...
2025-11-11 14:00:41,484 - biometric_gesture_system - INFO - [authentication_system.py:546] - AUTH: ✅ Mano detectada en frame original
2025-11-11 14:00:41,485 - biometric_gesture_system - INFO - [authentication_system.py:547] - AUTH: Confianza inicial: 0.975
2025-11-11 14:00:41,485 - biometric_gesture_system - INFO - [authentication_system.py:617] - AUTH: ✅ Usando landmarks del frame ORIGINAL
2025-11-11 14:00:41,486 - biometric_gesture_system - INFO - [authentication_system.py:654] - AUTH: Calidad insuficiente: 81.471
2025-11-11 14:00:41,625 - biometric_gesture_system - INFO - [authentication_system.py:523] - Procesando frame para sesión 613ef69a-6f8f-4a8b-851c-4de5a0dd5778
2025-11-11 14:00:41,640 - biometric_gesture_system - INFO - [authentication_system.py:534] - AUTH: Frame #39 capturado - Shape: (720, 1280, 3)
2025-11-11 14:00:41,640 - biometric_gesture_system - INFO - [authentication_system.py:539] - AUTH: Procesando frame original para detectar mano...
2025-11-11 14:00:41,687 - biometric_gesture_system - INFO - [authentication_system.py:543] - AUTH: No se detectó mano válida en frame original
2025-11-11 14:00:41,820 - biometric_gesture_system - INFO - [authentication_system.py:523] - Procesando frame para sesión 613ef69a-6f8f-4a8b-851c-4de5a0dd5778
2025-11-11 14:00:41,823 - biometric_gesture_system - INFO - [authentication_system.py:534] - AUTH: Frame #40 capturado - Shape: (720, 1280, 3)
2025-11-11 14:00:41,823 - biometric_gesture_system - INFO - [authentication_system.py:539] - AUTH: Procesando frame original para detectar mano...
2025-11-11 14:00:41,866 - biometric_gesture_system - INFO - [authentication_system.py:543] - AUTH: No se detectó mano válida en frame original
2025-11-11 14:00:42,030 - biometric_gesture_system - INFO - [authentication_system.py:523] - Procesando frame para sesión 613ef69a-6f8f-4a8b-851c-4de5a0dd5778
2025-11-11 14:00:42,041 - biometric_gesture_system - INFO - [authentication_system.py:534] - AUTH: Frame #41 capturado - Shape: (720, 1280, 3)
2025-11-11 14:00:42,041 - biometric_gesture_system - INFO - [authentication_system.py:539] - AUTH: Procesando frame original para detectar mano...
2025-11-11 14:00:42,101 - biometric_gesture_system - INFO - [authentication_system.py:543] - AUTH: No se detectó mano válida en frame original
2025-11-11 14:00:42,233 - biometric_gesture_system - INFO - [authentication_system.py:523] - Procesando frame para sesión 613ef69a-6f8f-4a8b-851c-4de5a0dd5778
2025-11-11 14:00:42,243 - biometric_gesture_system - INFO - [authentication_system.py:534] - AUTH: Frame #42 capturado - Shape: (720, 1280, 3)
2025-11-11 14:00:42,244 - biometric_gesture_system - INFO - [authentication_system.py:539] - AUTH: Procesando frame original para detectar mano...
2025-11-11 14:00:42,299 - biometric_gesture_system - INFO - [authentication_system.py:543] - AUTH: No se detectó mano válida en frame original
2025-11-11 14:00:42,434 - biometric_gesture_system - INFO - [authentication_system.py:523] - Procesando frame para sesión 613ef69a-6f8f-4a8b-851c-4de5a0dd5778
2025-11-11 14:00:42,447 - biometric_gesture_system - INFO - [authentication_system.py:534] - AUTH: Frame #43 capturado - Shape: (720, 1280, 3)
2025-11-11 14:00:42,448 - biometric_gesture_system - INFO - [authentication_system.py:539] - AUTH: Procesando frame original para detectar mano...
2025-11-11 14:00:42,489 - biometric_gesture_system - INFO - [authentication_system.py:543] - AUTH: No se detectó mano válida en frame original
2025-11-11 14:00:42,619 - biometric_gesture_system - INFO - [authentication_system.py:523] - Procesando frame para sesión 613ef69a-6f8f-4a8b-851c-4de5a0dd5778
2025-11-11 14:00:42,632 - biometric_gesture_system - INFO - [authentication_system.py:534] - AUTH: Frame #44 capturado - Shape: (720, 1280, 3)
2025-11-11 14:00:42,632 - biometric_gesture_system - INFO - [authentication_system.py:539] - AUTH: Procesando frame original para detectar mano...
2025-11-11 14:00:42,675 - biometric_gesture_system - INFO - [authentication_system.py:543] - AUTH: No se detectó mano válida en frame original
2025-11-11 14:00:42,826 - biometric_gesture_system - INFO - [authentication_system.py:523] - Procesando frame para sesión 613ef69a-6f8f-4a8b-851c-4de5a0dd5778
2025-11-11 14:00:42,837 - biometric_gesture_system - INFO - [authentication_system.py:534] - AUTH: Frame #45 capturado - Shape: (720, 1280, 3)
2025-11-11 14:00:42,837 - biometric_gesture_system - INFO - [authentication_system.py:539] - AUTH: Procesando frame original para detectar mano...
2025-11-11 14:00:42,878 - biometric_gesture_system - INFO - [authentication_system.py:543] - AUTH: No se detectó mano válida en frame original
2025-11-11 14:00:43,026 - biometric_gesture_system - INFO - [authentication_system.py:523] - Procesando frame para sesión 613ef69a-6f8f-4a8b-851c-4de5a0dd5778
2025-11-11 14:00:43,037 - biometric_gesture_system - INFO - [authentication_system.py:534] - AUTH: Frame #46 capturado - Shape: (720, 1280, 3)
2025-11-11 14:00:43,038 - biometric_gesture_system - INFO - [authentication_system.py:539] - AUTH: Procesando frame original para detectar mano...
2025-11-11 14:00:43,095 - biometric_gesture_system - INFO - [authentication_system.py:543] - AUTH: No se detectó mano válida en frame original
2025-11-11 14:00:43,230 - biometric_gesture_system - INFO - [authentication_system.py:523] - Procesando frame para sesión 613ef69a-6f8f-4a8b-851c-4de5a0dd5778
2025-11-11 14:00:43,240 - biometric_gesture_system - INFO - [authentication_system.py:534] - AUTH: Frame #47 capturado - Shape: (720, 1280, 3)
2025-11-11 14:00:43,240 - biometric_gesture_system - INFO - [authentication_system.py:539] - AUTH: Procesando frame original para detectar mano...
2025-11-11 14:00:43,294 - biometric_gesture_system - INFO - [authentication_system.py:543] - AUTH: No se detectó mano válida en frame original
2025-11-11 14:00:43,430 - biometric_gesture_system - INFO - [authentication_system.py:523] - Procesando frame para sesión 613ef69a-6f8f-4a8b-851c-4de5a0dd5778
2025-11-11 14:00:43,442 - biometric_gesture_system - INFO - [authentication_system.py:534] - AUTH: Frame #48 capturado - Shape: (720, 1280, 3)
2025-11-11 14:00:43,442 - biometric_gesture_system - INFO - [authentication_system.py:539] - AUTH: Procesando frame original para detectar mano...
2025-11-11 14:00:43,502 - biometric_gesture_system - INFO - [authentication_system.py:543] - AUTH: No se detectó mano válida en frame original
2025-11-11 14:00:43,630 - biometric_gesture_system - INFO - [authentication_system.py:523] - Procesando frame para sesión 613ef69a-6f8f-4a8b-851c-4de5a0dd5778
2025-11-11 14:00:43,647 - biometric_gesture_system - INFO - [authentication_system.py:534] - AUTH: Frame #49 capturado - Shape: (720, 1280, 3)
2025-11-11 14:00:43,647 - biometric_gesture_system - INFO - [authentication_system.py:539] - AUTH: Procesando frame original para detectar mano...
2025-11-11 14:00:43,711 - biometric_gesture_system - INFO - [authentication_system.py:543] - AUTH: No se detectó mano válida en frame original
2025-11-11 14:00:43,820 - biometric_gesture_system - INFO - [authentication_system.py:523] - Procesando frame para sesión 613ef69a-6f8f-4a8b-851c-4de5a0dd5778
2025-11-11 14:00:43,832 - biometric_gesture_system - INFO - [authentication_system.py:534] - AUTH: Frame #50 capturado - Shape: (720, 1280, 3)
2025-11-11 14:00:43,832 - biometric_gesture_system - INFO - [authentication_system.py:539] - AUTH: Procesando frame original para detectar mano...
2025-11-11 14:00:43,877 - biometric_gesture_system - INFO - [authentication_system.py:543] - AUTH: No se detectó mano válida en frame original
2025-11-11 14:00:44,026 - biometric_gesture_system - INFO - [authentication_system.py:523] - Procesando frame para sesión 613ef69a-6f8f-4a8b-851c-4de5a0dd5778
2025-11-11 14:00:44,036 - biometric_gesture_system - INFO - [authentication_system.py:534] - AUTH: Frame #51 capturado - Shape: (720, 1280, 3)
2025-11-11 14:00:44,037 - biometric_gesture_system - INFO - [authentication_system.py:539] - AUTH: Procesando frame original para detectar mano...
2025-11-11 14:00:44,080 - biometric_gesture_system - INFO - [authentication_system.py:543] - AUTH: No se detectó mano válida en frame original
2025-11-11 14:00:44,227 - biometric_gesture_system - INFO - [authentication_system.py:523] - Procesando frame para sesión 613ef69a-6f8f-4a8b-851c-4de5a0dd5778
2025-11-11 14:00:44,239 - biometric_gesture_system - INFO - [authentication_system.py:534] - AUTH: Frame #52 capturado - Shape: (720, 1280, 3)
2025-11-11 14:00:44,239 - biometric_gesture_system - INFO - [authentication_system.py:539] - AUTH: Procesando frame original para detectar mano...
2025-11-11 14:00:44,277 - biometric_gesture_system - INFO - [authentication_system.py:543] - AUTH: No se detectó mano válida en frame original
2025-11-11 14:00:44,428 - biometric_gesture_system - INFO - [authentication_system.py:523] - Procesando frame para sesión 613ef69a-6f8f-4a8b-851c-4de5a0dd5778
2025-11-11 14:00:44,442 - biometric_gesture_system - INFO - [authentication_system.py:534] - AUTH: Frame #53 capturado - Shape: (720, 1280, 3)
2025-11-11 14:00:44,442 - biometric_gesture_system - INFO - [authentication_system.py:539] - AUTH: Procesando frame original para detectar mano...
2025-11-11 14:00:44,478 - biometric_gesture_system - INFO - [authentication_system.py:543] - AUTH: No se detectó mano válida en frame original
2025-11-11 14:00:44,629 - biometric_gesture_system - INFO - [authentication_system.py:523] - Procesando frame para sesión 613ef69a-6f8f-4a8b-851c-4de5a0dd5778
2025-11-11 14:00:44,644 - biometric_gesture_system - INFO - [authentication_system.py:534] - AUTH: Frame #54 capturado - Shape: (720, 1280, 3)
2025-11-11 14:00:44,644 - biometric_gesture_system - INFO - [authentication_system.py:539] - AUTH: Procesando frame original para detectar mano...
2025-11-11 14:00:44,687 - biometric_gesture_system - INFO - [authentication_system.py:543] - AUTH: No se detectó mano válida en frame original
2025-11-11 14:00:44,826 - biometric_gesture_system - INFO - [authentication_system.py:523] - Procesando frame para sesión 613ef69a-6f8f-4a8b-851c-4de5a0dd5778
2025-11-11 14:00:44,831 - biometric_gesture_system - INFO - [authentication_system.py:534] - AUTH: Frame #55 capturado - Shape: (720, 1280, 3)
2025-11-11 14:00:44,831 - biometric_gesture_system - INFO - [authentication_system.py:539] - AUTH: Procesando frame original para detectar mano...
2025-11-11 14:00:44,873 - biometric_gesture_system - INFO - [authentication_system.py:543] - AUTH: No se detectó mano válida en frame original
2025-11-11 14:00:45,020 - biometric_gesture_system - INFO - [authentication_system.py:523] - Procesando frame para sesión 613ef69a-6f8f-4a8b-851c-4de5a0dd5778
2025-11-11 14:00:45,034 - biometric_gesture_system - INFO - [authentication_system.py:534] - AUTH: Frame #56 capturado - Shape: (720, 1280, 3)
2025-11-11 14:00:45,034 - biometric_gesture_system - INFO - [authentication_system.py:539] - AUTH: Procesando frame original para detectar mano...
2025-11-11 14:00:45,074 - biometric_gesture_system - INFO - [authentication_system.py:543] - AUTH: No se detectó mano válida en frame original
2025-11-11 14:00:45,227 - biometric_gesture_system - INFO - [authentication_system.py:523] - Procesando frame para sesión 613ef69a-6f8f-4a8b-851c-4de5a0dd5778
2025-11-11 14:00:45,237 - biometric_gesture_system - INFO - [authentication_system.py:534] - AUTH: Frame #57 capturado - Shape: (720, 1280, 3)
2025-11-11 14:00:45,237 - biometric_gesture_system - INFO - [authentication_system.py:539] - AUTH: Procesando frame original para detectar mano...
2025-11-11 14:00:45,278 - biometric_gesture_system - INFO - [authentication_system.py:543] - AUTH: No se detectó mano válida en frame original
2025-11-11 14:00:45,425 - biometric_gesture_system - INFO - [authentication_system.py:523] - Procesando frame para sesión 613ef69a-6f8f-4a8b-851c-4de5a0dd5778
2025-11-11 14:00:45,440 - biometric_gesture_system - INFO - [authentication_system.py:534] - AUTH: Frame #58 capturado - Shape: (720, 1280, 3)
2025-11-11 14:00:45,440 - biometric_gesture_system - INFO - [authentication_system.py:539] - AUTH: Procesando frame original para detectar mano...
2025-11-11 14:00:45,480 - biometric_gesture_system - INFO - [authentication_system.py:543] - AUTH: No se detectó mano válida en frame original
2025-11-11 14:00:45,625 - biometric_gesture_system - INFO - [authentication_system.py:523] - Procesando frame para sesión 613ef69a-6f8f-4a8b-851c-4de5a0dd5778
2025-11-11 14:00:45,640 - biometric_gesture_system - INFO - [authentication_system.py:534] - AUTH: Frame #59 capturado - Shape: (720, 1280, 3)
2025-11-11 14:00:45,641 - biometric_gesture_system - INFO - [authentication_system.py:539] - AUTH: Procesando frame original para detectar mano...
2025-11-11 14:00:45,679 - biometric_gesture_system - INFO - [authentication_system.py:543] - AUTH: No se detectó mano válida en frame original
2025-11-11 14:00:45,845 - biometric_gesture_system - INFO - [authentication_system.py:523] - Procesando frame para sesión 613ef69a-6f8f-4a8b-851c-4de5a0dd5778
2025-11-11 14:00:45,857 - biometric_gesture_system - INFO - [authentication_system.py:534] - AUTH: Frame #60 capturado - Shape: (720, 1280, 3)
2025-11-11 14:00:45,859 - biometric_gesture_system - INFO - [authentication_system.py:539] - AUTH: Procesando frame original para detectar mano...
2025-11-11 14:00:45,907 - biometric_gesture_system - INFO - [authentication_system.py:543] - AUTH: No se detectó mano válida en frame original
