2025-10-23 21:21:04,341 - biometric_gesture_system - INFO - [config_manager.py:504] - Validación de configuración: ✓ EXITOSA
2025-10-23 21:21:04,341 - biometric_gesture_system - INFO - [config_manager.py:317] - ================================================================================
2025-10-23 21:21:04,341 - biometric_gesture_system - INFO - [config_manager.py:318] - SISTEMA BIOMÉTRICO DE GESTOS DE MANOS - CONFIG MANAGER INICIALIZADO
2025-10-23 21:21:04,341 - biometric_gesture_system - INFO - [config_manager.py:319] - ================================================================================
2025-10-23 21:21:04,343 - biometric_gesture_system - INFO - [config_manager.py:320] - Configuración cargada desde: biometric_config.json
2025-10-23 21:21:04,343 - biometric_gesture_system - INFO - [config_manager.py:321] - Muestras por gesto: 7
2025-10-23 21:21:04,343 - biometric_gesture_system - INFO - [config_manager.py:322] - Gestos por usuario: 3
2025-10-23 21:21:04,343 - biometric_gesture_system - INFO - [config_manager.py:323] - Umbral confianza mano: 0.9
2025-10-23 21:21:04,343 - biometric_gesture_system - INFO - [config_manager.py:324] - Umbral confianza gesto: 0.6
2025-10-23 21:21:04,343 - biometric_gesture_system - INFO - [config_manager.py:325] - Resolución cámara: 1280x720
2025-10-23 21:21:04,344 - biometric_gesture_system - INFO - [config_manager.py:326] - Directorios creados: 11 rutas configuradas
2025-10-23 21:21:04,344 - biometric_gesture_system - INFO - [config_manager.py:327] - ================================================================================
2025-10-23 21:21:04,612 - biometric_gesture_system - INFO - [config_manager.py:630] - ======================================================================
2025-10-23 21:21:04,613 - biometric_gesture_system - INFO - [config_manager.py:630] - ROI NORMALIZATION SYSTEM INICIALIZADO
2025-10-23 21:21:04,613 - biometric_gesture_system - INFO - [config_manager.py:630] -   ✓ Resolución mínima: 150px
2025-10-23 21:21:04,613 - biometric_gesture_system - INFO - [config_manager.py:630] -   ✓ Resolución máxima: 600px
2025-10-23 21:21:04,613 - biometric_gesture_system - INFO - [config_manager.py:630] -   ✓ Tamaño normalizado: (224, 224)
2025-10-23 21:21:04,614 - biometric_gesture_system - INFO - [config_manager.py:630] -   ✓ Padding: 15%
2025-10-23 21:21:04,614 - biometric_gesture_system - INFO - [config_manager.py:630] -   ✓ Sharpening: ACTIVADO
2025-10-23 21:21:04,614 - biometric_gesture_system - INFO - [config_manager.py:630] - ======================================================================
2025-10-23 21:21:04,614 - biometric_gesture_system - INFO - [visual_feedback.py:62] - ======================================================================
2025-10-23 21:21:04,614 - biometric_gesture_system - INFO - [visual_feedback.py:63] - VISUAL FEEDBACK MANAGER INICIALIZADO
2025-10-23 21:21:04,614 - biometric_gesture_system - INFO - [visual_feedback.py:64] -   ✓ 5 niveles de feedback configurados
2025-10-23 21:21:04,615 - biometric_gesture_system - INFO - [visual_feedback.py:65] -   ✓ Colores BGR definidos
2025-10-23 21:21:04,615 - biometric_gesture_system - INFO - [visual_feedback.py:66] -   ✓ Sistema de priorización activo
2025-10-23 21:21:04,615 - biometric_gesture_system - INFO - [visual_feedback.py:67] - ======================================================================
2025-10-23 21:21:04,615 - biometric_gesture_system - INFO - [system_manager.py:863] - Creando instancia Singleton de BiometricSystemManager.
2025-10-23 21:21:04,615 - biometric_gesture_system - INFO - [system_manager.py:105] - Creando nueva instancia de BiometricSystemManager v2.0.1 - Corrected Init
2025-10-23 21:21:04,617 - biometric_gesture_system - INFO - [system_manager.py:140] - ================================================================================
2025-10-23 21:21:04,617 - biometric_gesture_system - INFO - [system_manager.py:141] - Iniciando BiometricSystemManager v2.0.1 - Corrected Init
2025-10-23 21:21:04,617 - biometric_gesture_system - INFO - [system_manager.py:142] - ================================================================================
2025-10-23 21:21:04,617 - biometric_gesture_system - INFO - [system_manager.py:149] - BiometricSystemManager __init__ completado (estructura base creada).
2025-10-23 21:21:04,617 - biometric_gesture_system - INFO - [system_manager.py:174] - 
================================================================================
2025-10-23 21:21:04,618 - biometric_gesture_system - INFO - [system_manager.py:175] - INICIANDO INICIALIZACIÓN PROGRESIVA DEL SISTEMA
2025-10-23 21:21:04,618 - biometric_gesture_system - INFO - [system_manager.py:176] - ================================================================================
2025-10-23 21:21:04,618 - biometric_gesture_system - INFO - [system_manager.py:254] - --------------------------------------------------------------------------------
2025-10-23 21:21:04,618 - biometric_gesture_system - INFO - [system_manager.py:255] - NIVEL 1: Inicializando Componentes Básicos
2025-10-23 21:21:04,618 - biometric_gesture_system - INFO - [system_manager.py:256] - --------------------------------------------------------------------------------
2025-10-23 21:21:04,619 - biometric_gesture_system - INFO - [system_manager.py:259] - Inicializando ConfigManager...
2025-10-23 21:21:04,619 - biometric_gesture_system - ERROR - [system_manager.py:326] - ❌ Error Nivel 1: get_config() missing 1 required positional argument: 'key'
Traceback (most recent call last):
  File "C:\Users\USER\Documents\biometric-gesture-system\backend\app\core\system_manager.py", line 260, in _initialize_real_basic_components
    self.config_manager = get_config()
                          ^^^^^^^^^^^^
TypeError: get_config() missing 1 required positional argument: 'key'
2025-10-23 21:21:04,619 - biometric_gesture_system - CRITICAL - [system_manager.py:187] - ❌ Fallo en Nivel 1: Error Nivel 1: get_config() missing 1 required positional argument: 'key'
2025-10-23 21:21:04,620 - biometric_gesture_system - CRITICAL - [system_manager.py:868] - Fallo en la inicialización automática al obtener la instancia.
2025-10-23 21:21:04,620 - biometric_gesture_system - ERROR - [system_manager.py:164] - Error previo durante inicialización: Error Nivel 1: get_config() missing 1 required positional argument: 'key'. No se reintentará automáticamente.
