2025-11-29 14:05:34,806 - biometric_gesture_system - INFO - [config_manager.py:504] - Validación de configuración: ✓ EXITOSA
2025-11-29 14:05:34,806 - biometric_gesture_system - INFO - [config_manager.py:317] - ================================================================================
2025-11-29 14:05:34,806 - biometric_gesture_system - INFO - [config_manager.py:318] - SISTEMA BIOMÉTRICO DE GESTOS DE MANOS - CONFIG MANAGER INICIALIZADO
2025-11-29 14:05:34,808 - biometric_gesture_system - INFO - [config_manager.py:319] - ================================================================================
2025-11-29 14:05:34,822 - biometric_gesture_system - INFO - [config_manager.py:320] - Configuración cargada desde: biometric_config.json
2025-11-29 14:05:34,823 - biometric_gesture_system - INFO - [config_manager.py:321] - Muestras por gesto: 7
2025-11-29 14:05:34,823 - biometric_gesture_system - INFO - [config_manager.py:322] - Gestos por usuario: 3
2025-11-29 14:05:34,823 - biometric_gesture_system - INFO - [config_manager.py:323] - Umbral confianza mano: 0.9
2025-11-29 14:05:34,823 - biometric_gesture_system - INFO - [config_manager.py:324] - Umbral confianza gesto: 0.6
2025-11-29 14:05:34,823 - biometric_gesture_system - INFO - [config_manager.py:325] - Resolución cámara: 1280x720
2025-11-29 14:05:34,823 - biometric_gesture_system - INFO - [config_manager.py:326] - Directorios creados: 11 rutas configuradas
2025-11-29 14:05:34,825 - biometric_gesture_system - INFO - [config_manager.py:327] - ================================================================================
2025-11-29 14:05:35,589 - biometric_gesture_system - INFO - [config_manager.py:630] - ======================================================================
2025-11-29 14:05:35,589 - biometric_gesture_system - INFO - [config_manager.py:630] - ROI NORMALIZATION SYSTEM INICIALIZADO
2025-11-29 14:05:35,589 - biometric_gesture_system - INFO - [config_manager.py:630] -   ✓ Resolución mínima: 150px
2025-11-29 14:05:35,590 - biometric_gesture_system - INFO - [config_manager.py:630] -   ✓ Resolución máxima: 600px
2025-11-29 14:05:35,590 - biometric_gesture_system - INFO - [config_manager.py:630] -   ✓ Tamaño normalizado: (224, 224)
2025-11-29 14:05:35,590 - biometric_gesture_system - INFO - [config_manager.py:630] -   ✓ Padding: 15%
2025-11-29 14:05:35,590 - biometric_gesture_system - INFO - [config_manager.py:630] -   ✓ Sharpening: ACTIVADO
2025-11-29 14:05:35,590 - biometric_gesture_system - INFO - [config_manager.py:630] - ======================================================================
2025-11-29 14:05:35,590 - biometric_gesture_system - INFO - [visual_feedback.py:62] - ======================================================================
2025-11-29 14:05:35,590 - biometric_gesture_system - INFO - [visual_feedback.py:63] - VISUAL FEEDBACK MANAGER INICIALIZADO
2025-11-29 14:05:35,590 - biometric_gesture_system - INFO - [visual_feedback.py:64] -   ✓ 5 niveles de feedback configurados
2025-11-29 14:05:35,590 - biometric_gesture_system - INFO - [visual_feedback.py:65] -   ✓ Colores BGR definidos
2025-11-29 14:05:35,590 - biometric_gesture_system - INFO - [visual_feedback.py:66] -   ✓ Sistema de priorización activo
2025-11-29 14:05:35,590 - biometric_gesture_system - INFO - [visual_feedback.py:67] - ======================================================================
2025-11-29 14:06:03,089 - biometric_gesture_system - WARNING - [config_manager.py:349] - Clave de configuración no encontrada: roi_normalization.enabled, usando default: True
2025-11-29 14:06:03,090 - biometric_gesture_system - WARNING - [config_manager.py:349] - Clave de configuración no encontrada: roi_normalization.enabled, usando default: True
2025-11-29 14:06:03,090 - biometric_gesture_system - WARNING - [config_manager.py:349] - Clave de configuración no encontrada: roi_normalization.use_single_area, usando default: True
2025-11-29 14:06:03,090 - biometric_gesture_system - WARNING - [config_manager.py:349] - Clave de configuración no encontrada: biometric.dynamic_features, usando default: {'min_transition_frames': 8, 'max_transition_frames': 40, 'gesture_stability_threshold': 5, 'velocity_smoothing_window': 3, 'min_movement_threshold': 0.005, 'transition_detection_sensitivity': 0.85, 'temporal_downsampling': 1, 'normalize_temporal_features': True, 'use_3d_trajectories': True, 'velocity_threshold_percentile': 75, 'acceleration_smoothing': True, 'jerk_threshold': 0.1, 'minimum_sequence_duration_ms': 200}
2025-11-29 14:06:03,091 - biometric_gesture_system - WARNING - [config_manager.py:349] - Clave de configuración no encontrada: biometric.sequence_management, usando default: {'sequence_length': 3, 'max_sequence_duration': 60.0, 'max_gesture_duration': 15.0, 'min_gesture_confidence': 0.7, 'min_stable_frames': 3, 'gesture_timeout': 10.0, 'sequence_timeout': 45.0, 'max_failed_attempts': 3, 'cooldown_period': 5.0, 'auto_save_sequences': True, 'validation_mode': 'moderate', 'allow_gesture_skipping': False, 'require_exact_order': True, 'enable_adaptive_timeouts': True}
2025-11-29 14:06:03,091 - biometric_gesture_system - WARNING - [config_manager.py:349] - Clave de configuración no encontrada: biometric.enrollment.samples_per_gesture, usando default: 8
2025-11-29 14:06:03,091 - biometric_gesture_system - WARNING - [config_manager.py:349] - Clave de configuración no encontrada: biometric.enrollment.min_confidence, usando default: 0.65
2025-11-29 14:06:03,091 - biometric_gesture_system - WARNING - [config_manager.py:349] - Clave de configuración no encontrada: biometric.enrollment.min_stability_frames, usando default: 8
2025-11-29 14:06:03,092 - biometric_gesture_system - WARNING - [config_manager.py:349] - Clave de configuración no encontrada: biometric.enrollment.require_all_gestures, usando default: True
2025-11-29 14:06:03,092 - biometric_gesture_system - WARNING - [config_manager.py:349] - Clave de configuración no encontrada: biometric.enrollment.sample_timeout, usando default: 120.0
2025-11-29 14:06:03,092 - biometric_gesture_system - WARNING - [config_manager.py:349] - Clave de configuración no encontrada: biometric.enrollment.session_timeout, usando default: 3600.0
2025-11-29 14:06:03,092 - biometric_gesture_system - WARNING - [config_manager.py:349] - Clave de configuración no encontrada: biometric.enrollment.capture_interval, usando default: 0.8
2025-11-29 14:06:03,092 - biometric_gesture_system - WARNING - [config_manager.py:349] - Clave de configuración no encontrada: biometric.enrollment.enable_quality_check, usando default: True
2025-11-29 14:06:03,092 - biometric_gesture_system - WARNING - [config_manager.py:349] - Clave de configuración no encontrada: biometric.enrollment.enable_duplicate_check, usando default: True
2025-11-29 14:06:03,092 - biometric_gesture_system - WARNING - [config_manager.py:349] - Clave de configuración no encontrada: biometric.enrollment.duplicate_threshold, usando default: 0.92
2025-11-29 14:06:03,092 - biometric_gesture_system - WARNING - [config_manager.py:349] - Clave de configuración no encontrada: biometric.enrollment.template_fusion_strategy, usando default: average
2025-11-29 14:06:03,094 - biometric_gesture_system - WARNING - [config_manager.py:349] - Clave de configuración no encontrada: biometric.enrollment.enable_template_optimization, usando default: True
2025-11-29 14:06:03,094 - biometric_gesture_system - WARNING - [config_manager.py:349] - Clave de configuración no encontrada: biometric.enrollment.embedding_dimension_check, usando default: True
2025-11-29 14:06:03,094 - biometric_gesture_system - WARNING - [config_manager.py:349] - Clave de configuración no encontrada: biometric.enrollment.show_preview, usando default: True
2025-11-29 14:06:03,094 - biometric_gesture_system - WARNING - [config_manager.py:349] - Clave de configuración no encontrada: biometric.enrollment.show_quality_feedback, usando default: False
2025-11-29 14:06:03,095 - biometric_gesture_system - WARNING - [config_manager.py:349] - Clave de configuración no encontrada: biometric.enrollment.save_enrollment_video, usando default: False
2025-11-29 14:06:03,095 - biometric_gesture_system - WARNING - [config_manager.py:349] - Clave de configuración no encontrada: biometric.siamese_anatomical, usando default: {'hidden_layers': [128, 64], 'activation': 'relu', 'dropout_rate': 0.2, 'batch_normalization': True, 'l2_regularization': 0.001, 'learning_rate': 0.001, 'batch_size': 32, 'epochs': 100, 'patience': 15, 'validation_split': 0.2, 'min_users_for_training': 2, 'min_samples_per_user': 15, 'max_samples_per_user': 50, 'min_sessions_per_user': 1, 'loss_function': 'contrastive', 'distance_metric': 'euclidean', 'margin': 1.5, 'alpha': 0.2, 'use_stratified_split': True, 'cross_validation_folds': 5, 'threshold_optimization': 'eer', 'quality_threshold': 80.0, 'use_real_augmentation': True, 'temporal_jitter': 0.02, 'noise_from_real_variance': True, 'require_independent_test': True, 'min_test_users': 1, 'performance_monitoring': True}
2025-11-29 14:06:06,746 - biometric_gesture_system - WARNING - [config_manager.py:349] - Clave de configuración no encontrada: biometric.feature_preprocessing, usando default: {'anatomical_normalization': 'robust', 'dynamic_normalization': 'standard', 'normalize_per_user': False, 'balancing_method': 'balanced_subsample', 'target_balance_ratio': 1.0, 'augmentation_strategy': 'moderate', 'augmentation_factor': 1.5, 'cv_folds': 5, 'cv_strategy': 'stratified_user', 'test_size': 0.2, 'validation_size': 0.2, 'outlier_threshold': 3.0, 'min_samples_per_user': 5, 'feature_selection': False, 'variance_threshold': 0.01, 'cache_transformations': True, 'parallel_processing': False, 'random_state': 42, 'stratify_by_user': True}
2025-11-29 14:06:06,749 - biometric_gesture_system - WARNING - [config_manager.py:349] - Clave de configuración no encontrada: biometric.auth.sequence_timeout, usando default: 25.0
2025-11-29 14:06:06,750 - biometric_gesture_system - WARNING - [config_manager.py:349] - Clave de configuración no encontrada: biometric.auth.total_timeout, usando default: 45.0
2025-11-29 14:06:06,750 - biometric_gesture_system - WARNING - [config_manager.py:349] - Clave de configuración no encontrada: biometric.auth.frame_timeout, usando default: 3.0
2025-11-29 14:06:06,750 - biometric_gesture_system - WARNING - [config_manager.py:349] - Clave de configuración no encontrada: biometric.auth.threshold_low, usando default: 0.65
2025-11-29 14:06:06,750 - biometric_gesture_system - WARNING - [config_manager.py:349] - Clave de configuración no encontrada: biometric.auth.threshold_standard, usando default: 0.75
2025-11-29 14:06:06,750 - biometric_gesture_system - WARNING - [config_manager.py:349] - Clave de configuración no encontrada: biometric.auth.threshold_high, usando default: 0.85
2025-11-29 14:06:06,750 - biometric_gesture_system - WARNING - [config_manager.py:349] - Clave de configuración no encontrada: biometric.auth.threshold_maximum, usando default: 0.92
2025-11-29 14:06:06,750 - biometric_gesture_system - WARNING - [config_manager.py:349] - Clave de configuración no encontrada: biometric.auth.require_sequence_completion, usando default: True
2025-11-29 14:06:06,750 - biometric_gesture_system - WARNING - [config_manager.py:349] - Clave de configuración no encontrada: biometric.auth.min_gestures_for_auth, usando default: 2
2025-11-29 14:06:06,751 - biometric_gesture_system - WARNING - [config_manager.py:349] - Clave de configuración no encontrada: biometric.auth.max_attempts_per_session, usando default: 3
2025-11-29 14:06:06,751 - biometric_gesture_system - WARNING - [config_manager.py:349] - Clave de configuración no encontrada: biometric.auth.max_identification_candidates, usando default: 5
2025-11-29 14:06:06,751 - biometric_gesture_system - WARNING - [config_manager.py:349] - Clave de configuración no encontrada: biometric.auth.identification_threshold_factor, usando default: 1.1
2025-11-29 14:06:06,751 - biometric_gesture_system - WARNING - [config_manager.py:349] - Clave de configuración no encontrada: biometric.auth.min_quality_score, usando default: 0.7
2025-11-29 14:06:06,751 - biometric_gesture_system - WARNING - [config_manager.py:349] - Clave de configuración no encontrada: biometric.auth.min_confidence, usando default: 0.65
2025-11-29 14:06:06,751 - biometric_gesture_system - WARNING - [config_manager.py:349] - Clave de configuración no encontrada: biometric.auth.min_stability_frames, usando default: 8
2025-11-29 14:06:06,752 - biometric_gesture_system - WARNING - [config_manager.py:349] - Clave de configuración no encontrada: biometric.auth.score_fusion_strategy, usando default: weighted_average
2025-11-29 14:06:06,752 - biometric_gesture_system - WARNING - [config_manager.py:349] - Clave de configuración no encontrada: biometric.auth.anatomical_weight, usando default: 0.6
2025-11-29 14:06:06,752 - biometric_gesture_system - WARNING - [config_manager.py:349] - Clave de configuración no encontrada: biometric.auth.dynamic_weight, usando default: 0.4
2025-11-29 14:06:06,752 - biometric_gesture_system - WARNING - [config_manager.py:349] - Clave de configuración no encontrada: biometric.auth.enable_audit_logging, usando default: True
2025-11-29 14:06:06,752 - biometric_gesture_system - WARNING - [config_manager.py:349] - Clave de configuración no encontrada: biometric.auth.enable_continuous_auth, usando default: False
2025-11-29 14:06:06,752 - biometric_gesture_system - WARNING - [config_manager.py:349] - Clave de configuración no encontrada: biometric.auth.max_failed_attempts, usando default: 5
2025-11-29 14:06:06,753 - biometric_gesture_system - WARNING - [config_manager.py:349] - Clave de configuración no encontrada: biometric.auth.lockout_duration, usando default: 300.0
2025-11-29 14:06:06,753 - biometric_gesture_system - WARNING - [config_manager.py:349] - Clave de configuración no encontrada: biometric.score_fusion, usando default: {'fusion_strategy': 'weighted_average', 'calibration_method': 'none', 'weight_optimization': 'grid_search', 'anatomical_weight': 0.6, 'dynamic_weight': 0.4, 'decision_threshold': 0.5, 'use_confidence_weighting': True, 'adaptive_threshold': False, 'cross_validation_folds': 5, 'optimization_metric': 'eer'}
2025-11-29 14:06:06,753 - biometric_gesture_system - INFO - [authentication_system.py:452] - RealAuthenticationPipeline inicializado con componentes
2025-11-29 14:06:06,753 - biometric_gesture_system - INFO - [authentication_system.py:1214] - RealSessionManager inicializado para gestión de sesiones
2025-11-29 14:06:06,754 - biometric_gesture_system - INFO - [authentication_system.py:274] - RealSecurityAuditor inicializado para auditoría
2025-11-29 14:06:07,067 - biometric_gesture_system - INFO - [authentication_system.py:1443] - Servicio de feedback inicializado
2025-11-29 14:06:07,068 - biometric_gesture_system - INFO - [authentication_system.py:1466] - RealAuthenticationSystem inicializado
2025-11-29 14:06:07,068 - biometric_gesture_system - INFO - [authentication_system.py:1467] -   - Configuración: umbrales={'low': 0.65, 'standard': 0.75, 'high': 0.85, 'maximum': 0.92}
2025-11-29 14:07:08,463 - biometric_gesture_system - INFO - [authentication_system.py:3146] - Usuarios disponibles: 15
2025-11-29 14:07:30,785 - biometric_gesture_system - INFO - [authentication_system.py:1501] - Inicializando sistema de autenticación...
2025-11-29 14:07:30,787 - biometric_gesture_system - INFO - [authentication_system.py:1504] - Obteniendo referencias a redes entrenadas...
2025-11-29 14:07:30,788 - biometric_gesture_system - INFO - [authentication_system.py:1509] - === DIAGNÓSTICO DE ESTADO DE REDES ===
2025-11-29 14:07:30,789 - biometric_gesture_system - INFO - [authentication_system.py:1517] - Archivos de modelo en disco:
2025-11-29 14:07:30,789 - biometric_gesture_system - INFO - [authentication_system.py:1518] -   - Anatómico: True - biometric_data\models\anatomical_model.h5
2025-11-29 14:07:30,789 - biometric_gesture_system - INFO - [authentication_system.py:1519] -   - Dinámico: True - biometric_data\models\dynamic_model.h5
2025-11-29 14:07:30,789 - biometric_gesture_system - INFO - [authentication_system.py:1522] - Estado de instancias globales:
2025-11-29 14:07:30,789 - biometric_gesture_system - INFO - [authentication_system.py:1523] -   - Anatómica is_trained: True
2025-11-29 14:07:30,792 - biometric_gesture_system - INFO - [authentication_system.py:1524] -   - Dinámica is_trained: True
2025-11-29 14:07:30,792 - biometric_gesture_system - INFO - [authentication_system.py:1527] - Modelos compilados:
2025-11-29 14:07:30,792 - biometric_gesture_system - INFO - [authentication_system.py:1528] -   - Anatómica siamese_model: True
2025-11-29 14:07:30,792 - biometric_gesture_system - INFO - [authentication_system.py:1529] -   - Dinámica siamese_model: True
2025-11-29 14:07:30,794 - biometric_gesture_system - INFO - [authentication_system.py:1531] - === FIN DIAGNÓSTICO ===
2025-11-29 14:07:30,794 - biometric_gesture_system - INFO - [authentication_system.py:1533] - Referencias a redes obtenidas:
2025-11-29 14:07:30,794 - biometric_gesture_system - INFO - [authentication_system.py:1534] -   - Red anatómica disponible: True
2025-11-29 14:07:30,794 - biometric_gesture_system - INFO - [authentication_system.py:1535] -   - Red anatómica entrenada: True
2025-11-29 14:07:30,794 - biometric_gesture_system - INFO - [authentication_system.py:1536] -   - Red dinámica disponible: True
2025-11-29 14:07:30,794 - biometric_gesture_system - INFO - [authentication_system.py:1537] -   - Red dinámica entrenada: True
2025-11-29 14:07:30,794 - biometric_gesture_system - INFO - [authentication_system.py:457] - Inicializando pipeline de autenticación...
2025-11-29 14:07:30,794 - biometric_gesture_system - INFO - [authentication_system.py:460] - Obteniendo referencias actuales a redes entrenadas...
2025-11-29 14:07:30,794 - biometric_gesture_system - INFO - [authentication_system.py:465] - Verificando estado de entrenamiento...
2025-11-29 14:07:30,794 - biometric_gesture_system - INFO - [authentication_system.py:466] -   - Red anatómica entrenada: True
2025-11-29 14:07:30,794 - biometric_gesture_system - INFO - [authentication_system.py:467] -   - Red dinámica entrenada: True
2025-11-29 14:07:40,390 - biometric_gesture_system - INFO - [authentication_system.py:507] - Pipeline de autenticación inicializado exitosamente
2025-11-29 14:07:40,390 - biometric_gesture_system - INFO - [authentication_system.py:508] -   - Red anatómica entrenada: True
2025-11-29 14:07:40,390 - biometric_gesture_system - INFO - [authentication_system.py:509] -   - Red dinámica entrenada: True
2025-11-29 14:07:40,390 - biometric_gesture_system - INFO - [authentication_system.py:510] -   - Sistema de fusión listo: True
2025-11-29 14:07:40,390 - biometric_gesture_system - INFO - [authentication_system.py:1583] - Sistema de autenticación inicializado exitosamente
2025-11-29 14:07:40,390 - biometric_gesture_system - INFO - [authentication_system.py:1584] -   - Usuarios disponibles: 15
2025-11-29 14:07:40,390 - biometric_gesture_system - INFO - [authentication_system.py:1585] -   - Templates totales: 575
2025-11-29 14:07:40,390 - biometric_gesture_system - INFO - [authentication_system.py:1587] -   - Pipeline listo: True
2025-11-29 14:07:40,390 - biometric_gesture_system - INFO - [authentication_system.py:1588] -   - Redes entrenadas: anatómica=True, dinámica=True
2025-11-29 14:07:40,390 - biometric_gesture_system - INFO - [authentication_system.py:1619] - Iniciando verificación para usuario: user_bbbbbbbb_1763942880182_4089feca
2025-11-29 14:07:40,390 - biometric_gesture_system - INFO - [authentication_system.py:1620] -   - Nivel de seguridad: standard
2025-11-29 14:07:40,390 - biometric_gesture_system - INFO - [authentication_system.py:1621] -   - Secuencia requerida: None
2025-11-29 14:07:40,390 - biometric_gesture_system - INFO - [authentication_system.py:1239] - Creando sesión: modo=verification, usuario=user_bbbbbbbb_1763942880182_4089feca
2025-11-29 14:07:40,390 - biometric_gesture_system - INFO - [authentication_system.py:1292] - Sesión creada exitosamente: b72c3845-8420-47ab-a8e8-6e24796000d5
2025-11-29 14:07:40,390 - biometric_gesture_system - INFO - [authentication_system.py:1293] -   - Modo: verification
2025-11-29 14:07:40,395 - biometric_gesture_system - INFO - [authentication_system.py:1294] -   - Usuario: user_bbbbbbbb_1763942880182_4089feca
2025-11-29 14:07:40,395 - biometric_gesture_system - INFO - [authentication_system.py:1295] -   - Nivel seguridad: standard
2025-11-29 14:07:40,395 - biometric_gesture_system - INFO - [authentication_system.py:1296] -   - Secuencia requerida: ['Open_Palm', 'Closed_Fist', 'Victory']
2025-11-29 14:07:40,395 - biometric_gesture_system - INFO - [authentication_system.py:1652] - Verificación iniciada: sesión b72c3845-8420-47ab-a8e8-6e24796000d5
2025-11-29 14:07:40,395 - biometric_gesture_system - INFO - [authentication_system.py:1653] -   - Usuario: user_bbbbbbbb_1763942880182_4089feca
2025-11-29 14:07:40,395 - biometric_gesture_system - INFO - [authentication_system.py:1654] -   - Templates disponibles: 49
2025-11-29 14:07:40,616 - biometric_gesture_system - INFO - [authentication_system.py:532] - Procesando frame para sesión b72c3845-8420-47ab-a8e8-6e24796000d5
2025-11-29 14:07:40,619 - biometric_gesture_system - INFO - [authentication_system.py:543] - AUTH: Frame #1 capturado - Shape: (720, 1280, 3)
2025-11-29 14:07:40,619 - biometric_gesture_system - INFO - [authentication_system.py:548] - AUTH: Procesando frame original para detectar mano...
2025-11-29 14:07:40,661 - biometric_gesture_system - INFO - [authentication_system.py:552] - AUTH: No se detectó mano válida en frame original
2025-11-29 14:07:51,353 - biometric_gesture_system - INFO - [authentication_system.py:1334] - Sesión cerrada: b72c3845-8420-47ab-a8e8-6e24796000d5 - Estado: cancelled
2025-11-29 14:07:51,353 - biometric_gesture_system - INFO - [authentication_system.py:1335] -   - Duración: 11.0s
2025-11-29 14:07:51,353 - biometric_gesture_system - INFO - [authentication_system.py:1336] -   - Frames procesados: 1
2025-11-29 14:07:51,353 - biometric_gesture_system - INFO - [authentication_system.py:1337] -   - Gestos capturados: 0
2025-11-29 14:07:51,353 - biometric_gesture_system - INFO - [authentication_system.py:2914] - Sesión de autenticación b72c3845-8420-47ab-a8e8-6e24796000d5 cancelada
2025-11-29 14:08:00,483 - biometric_gesture_system - INFO - [system_manager.py:726] - 📊 Total usuarios en sistema: 15
2025-11-29 14:08:00,483 - biometric_gesture_system - INFO - [system_manager.py:728] -    - aaaaaaaaaaaaa (ID: user_aaaaaaaa_1763049970151_c1c0811b)
2025-11-29 14:08:00,483 - biometric_gesture_system - INFO - [system_manager.py:728] -    - AAAAAAAAAAAAAA (ID: user_aaaaaaaa_1763828996188_c2770fd6)
2025-11-29 14:08:00,483 - biometric_gesture_system - INFO - [system_manager.py:728] -    - aaaaaaaaaaaaaaaaaaaaa (ID: user_aaaaaaaa_1763866366988_e2ec2fe0)
2025-11-29 14:08:00,484 - biometric_gesture_system - INFO - [system_manager.py:728] -    - aaaaaaaaaaaaaaaaaaaaaaaaaaaaaaaaaa (ID: user_aaaaaaaa_1763942763704_0278d643)
2025-11-29 14:08:00,484 - biometric_gesture_system - INFO - [system_manager.py:728] -    - aaaaaaaaaaaaa (ID: user_aaaaaaaa_1764253876316_d81cc2f0)
2025-11-29 14:08:00,484 - biometric_gesture_system - INFO - [system_manager.py:728] -    - aaaasscmcmmc (ID: user_aaaasscm_1763829337948_93348567)
2025-11-29 14:08:00,484 - biometric_gesture_system - INFO - [system_manager.py:728] -    - Ale Salazar (ID: user_alesalaz_1764434138235_f4fb1d0c)
2025-11-29 14:08:00,484 - biometric_gesture_system - INFO - [system_manager.py:728] -    - Alexa Morales (ID: user_alexamor_1764440434693_fb5a7988)
2025-11-29 14:08:00,484 - biometric_gesture_system - INFO - [system_manager.py:728] -    - Alexita Salazar (ID: user_alexitas_1764441643857_b9e264d5)
2025-11-29 14:08:00,484 - biometric_gesture_system - INFO - [system_manager.py:728] -    - Ali Salazar (ID: user_alisalaz_1764432031300_f05d1ff5)
2025-11-29 14:08:00,485 - biometric_gesture_system - INFO - [system_manager.py:728] -    - bbbbbbbbbbbbbbbbbbbbbbbbbbbb (ID: user_bbbbbbbb_1763942880182_4089feca)
2025-11-29 14:08:00,485 - biometric_gesture_system - INFO - [system_manager.py:728] -    - Gabriela Salazar (ID: user_gabriela_1762882140832_800f8527)
2025-11-29 14:08:00,485 - biometric_gesture_system - INFO - [system_manager.py:728] -    - Gabriela S (ID: user_gabriela_1763825911910_f74cc275)
2025-11-29 14:08:00,485 - biometric_gesture_system - INFO - [system_manager.py:728] -    - gggggggggggggggg (ID: user_gggggggg_1763941192782_b44b83dc)
2025-11-29 14:08:00,485 - biometric_gesture_system - INFO - [system_manager.py:728] -    - sssssssssss (ID: user_ssssssss_1763826642078_1b98dfbd)
2025-11-29 14:08:00,485 - biometric_gesture_system - WARNING - [system_manager.py:735] - ❌ No existe archivo de tracking (last_training.json)
2025-11-29 14:08:00,486 - biometric_gesture_system - WARNING - [system_manager.py:736] -    No se puede determinar qué usuarios están entrenados
2025-11-29 14:08:00,486 - biometric_gesture_system - WARNING - [system_manager.py:737] -    Retornando lista vacía - entrena las redes primero
2025-11-29 14:10:40,665 - biometric_gesture_system - INFO - [authentication_system.py:3146] - Usuarios disponibles: 15
2025-11-29 14:10:53,957 - biometric_gesture_system - INFO - [authentication_system.py:1619] - Iniciando verificación para usuario: user_gabriela_1764443360774_d558a54c
2025-11-29 14:10:53,957 - biometric_gesture_system - INFO - [authentication_system.py:1620] -   - Nivel de seguridad: standard
2025-11-29 14:10:53,959 - biometric_gesture_system - INFO - [authentication_system.py:1621] -   - Secuencia requerida: None
2025-11-29 14:10:53,959 - biometric_gesture_system - INFO - [authentication_system.py:1239] - Creando sesión: modo=verification, usuario=user_gabriela_1764443360774_d558a54c
2025-11-29 14:10:53,959 - biometric_gesture_system - INFO - [authentication_system.py:1292] - Sesión creada exitosamente: 9790cad4-4078-4f97-a010-716f76875392
2025-11-29 14:10:53,959 - biometric_gesture_system - INFO - [authentication_system.py:1293] -   - Modo: verification
2025-11-29 14:10:53,959 - biometric_gesture_system - INFO - [authentication_system.py:1294] -   - Usuario: user_gabriela_1764443360774_d558a54c
2025-11-29 14:10:53,959 - biometric_gesture_system - INFO - [authentication_system.py:1295] -   - Nivel seguridad: standard
2025-11-29 14:10:53,959 - biometric_gesture_system - INFO - [authentication_system.py:1296] -   - Secuencia requerida: ['Open_Palm', 'Closed_Fist', 'Victory']
2025-11-29 14:10:53,959 - biometric_gesture_system - INFO - [authentication_system.py:1652] - Verificación iniciada: sesión 9790cad4-4078-4f97-a010-716f76875392
2025-11-29 14:10:53,959 - biometric_gesture_system - INFO - [authentication_system.py:1653] -   - Usuario: user_gabriela_1764443360774_d558a54c
2025-11-29 14:10:53,959 - biometric_gesture_system - INFO - [authentication_system.py:1654] -   - Templates disponibles: 40
2025-11-29 14:10:54,175 - biometric_gesture_system - INFO - [authentication_system.py:532] - Procesando frame para sesión 9790cad4-4078-4f97-a010-716f76875392
2025-11-29 14:11:16,777 - biometric_gesture_system - INFO - [authentication_system.py:532] - Procesando frame para sesión 9790cad4-4078-4f97-a010-716f76875392
