2025-11-13 08:09:18,745 - biometric_gesture_system - INFO - [config_manager.py:504] - Validación de configuración: ✓ EXITOSA
2025-11-13 08:09:18,745 - biometric_gesture_system - INFO - [config_manager.py:317] - ================================================================================
2025-11-13 08:09:18,745 - biometric_gesture_system - INFO - [config_manager.py:318] - SISTEMA BIOMÉTRICO DE GESTOS DE MANOS - CONFIG MANAGER INICIALIZADO
2025-11-13 08:09:18,745 - biometric_gesture_system - INFO - [config_manager.py:319] - ================================================================================
2025-11-13 08:09:18,745 - biometric_gesture_system - INFO - [config_manager.py:320] - Configuración cargada desde: biometric_config.json
2025-11-13 08:09:18,745 - biometric_gesture_system - INFO - [config_manager.py:321] - Muestras por gesto: 7
2025-11-13 08:09:18,745 - biometric_gesture_system - INFO - [config_manager.py:322] - Gestos por usuario: 3
2025-11-13 08:09:18,745 - biometric_gesture_system - INFO - [config_manager.py:323] - Umbral confianza mano: 0.9
2025-11-13 08:09:18,745 - biometric_gesture_system - INFO - [config_manager.py:324] - Umbral confianza gesto: 0.6
2025-11-13 08:09:18,748 - biometric_gesture_system - INFO - [config_manager.py:325] - Resolución cámara: 1280x720
2025-11-13 08:09:18,748 - biometric_gesture_system - INFO - [config_manager.py:326] - Directorios creados: 11 rutas configuradas
2025-11-13 08:09:18,748 - biometric_gesture_system - INFO - [config_manager.py:327] - ================================================================================
2025-11-13 08:09:19,015 - biometric_gesture_system - INFO - [config_manager.py:630] - ======================================================================
2025-11-13 08:09:19,015 - biometric_gesture_system - INFO - [config_manager.py:630] - ROI NORMALIZATION SYSTEM INICIALIZADO
2025-11-13 08:09:19,019 - biometric_gesture_system - INFO - [config_manager.py:630] -   ✓ Resolución mínima: 150px
2025-11-13 08:09:19,019 - biometric_gesture_system - INFO - [config_manager.py:630] -   ✓ Resolución máxima: 600px
2025-11-13 08:09:19,019 - biometric_gesture_system - INFO - [config_manager.py:630] -   ✓ Tamaño normalizado: (224, 224)
2025-11-13 08:09:19,019 - biometric_gesture_system - INFO - [config_manager.py:630] -   ✓ Padding: 15%
2025-11-13 08:09:19,019 - biometric_gesture_system - INFO - [config_manager.py:630] -   ✓ Sharpening: ACTIVADO
2025-11-13 08:09:19,019 - biometric_gesture_system - INFO - [config_manager.py:630] - ======================================================================
2025-11-13 08:09:19,019 - biometric_gesture_system - INFO - [visual_feedback.py:62] - ======================================================================
2025-11-13 08:09:19,021 - biometric_gesture_system - INFO - [visual_feedback.py:63] - VISUAL FEEDBACK MANAGER INICIALIZADO
2025-11-13 08:09:19,021 - biometric_gesture_system - INFO - [visual_feedback.py:64] -   ✓ 5 niveles de feedback configurados
2025-11-13 08:09:19,021 - biometric_gesture_system - INFO - [visual_feedback.py:65] -   ✓ Colores BGR definidos
2025-11-13 08:09:19,021 - biometric_gesture_system - INFO - [visual_feedback.py:66] -   ✓ Sistema de priorización activo
2025-11-13 08:09:19,021 - biometric_gesture_system - INFO - [visual_feedback.py:67] - ======================================================================
2025-11-13 08:09:31,175 - biometric_gesture_system - WARNING - [config_manager.py:349] - Clave de configuración no encontrada: roi_normalization.enabled, usando default: True
2025-11-13 08:09:31,175 - biometric_gesture_system - WARNING - [config_manager.py:349] - Clave de configuración no encontrada: roi_normalization.enabled, usando default: True
2025-11-13 08:09:31,175 - biometric_gesture_system - WARNING - [config_manager.py:349] - Clave de configuración no encontrada: roi_normalization.use_single_area, usando default: True
2025-11-13 08:09:31,176 - biometric_gesture_system - WARNING - [config_manager.py:349] - Clave de configuración no encontrada: biometric.dynamic_features, usando default: {'min_transition_frames': 8, 'max_transition_frames': 40, 'gesture_stability_threshold': 5, 'velocity_smoothing_window': 3, 'min_movement_threshold': 0.005, 'transition_detection_sensitivity': 0.85, 'temporal_downsampling': 1, 'normalize_temporal_features': True, 'use_3d_trajectories': True, 'velocity_threshold_percentile': 75, 'acceleration_smoothing': True, 'jerk_threshold': 0.1, 'minimum_sequence_duration_ms': 200}
2025-11-13 08:09:31,177 - biometric_gesture_system - WARNING - [config_manager.py:349] - Clave de configuración no encontrada: biometric.sequence_management, usando default: {'sequence_length': 3, 'max_sequence_duration': 60.0, 'max_gesture_duration': 15.0, 'min_gesture_confidence': 0.7, 'min_stable_frames': 3, 'gesture_timeout': 10.0, 'sequence_timeout': 45.0, 'max_failed_attempts': 3, 'cooldown_period': 5.0, 'auto_save_sequences': True, 'validation_mode': 'moderate', 'allow_gesture_skipping': False, 'require_exact_order': True, 'enable_adaptive_timeouts': True}
2025-11-13 08:09:31,178 - biometric_gesture_system - WARNING - [config_manager.py:349] - Clave de configuración no encontrada: biometric.enrollment.samples_per_gesture, usando default: 8
2025-11-13 08:09:31,178 - biometric_gesture_system - WARNING - [config_manager.py:349] - Clave de configuración no encontrada: biometric.enrollment.min_confidence, usando default: 0.65
2025-11-13 08:09:31,178 - biometric_gesture_system - WARNING - [config_manager.py:349] - Clave de configuración no encontrada: biometric.enrollment.min_stability_frames, usando default: 8
2025-11-13 08:09:31,178 - biometric_gesture_system - WARNING - [config_manager.py:349] - Clave de configuración no encontrada: biometric.enrollment.require_all_gestures, usando default: True
2025-11-13 08:09:31,178 - biometric_gesture_system - WARNING - [config_manager.py:349] - Clave de configuración no encontrada: biometric.enrollment.sample_timeout, usando default: 120.0
2025-11-13 08:09:31,178 - biometric_gesture_system - WARNING - [config_manager.py:349] - Clave de configuración no encontrada: biometric.enrollment.session_timeout, usando default: 3600.0
2025-11-13 08:09:31,178 - biometric_gesture_system - WARNING - [config_manager.py:349] - Clave de configuración no encontrada: biometric.enrollment.capture_interval, usando default: 0.8
2025-11-13 08:09:31,178 - biometric_gesture_system - WARNING - [config_manager.py:349] - Clave de configuración no encontrada: biometric.enrollment.enable_quality_check, usando default: True
2025-11-13 08:09:31,180 - biometric_gesture_system - WARNING - [config_manager.py:349] - Clave de configuración no encontrada: biometric.enrollment.enable_duplicate_check, usando default: True
2025-11-13 08:09:31,180 - biometric_gesture_system - WARNING - [config_manager.py:349] - Clave de configuración no encontrada: biometric.enrollment.duplicate_threshold, usando default: 0.92
2025-11-13 08:09:31,180 - biometric_gesture_system - WARNING - [config_manager.py:349] - Clave de configuración no encontrada: biometric.enrollment.template_fusion_strategy, usando default: average
2025-11-13 08:09:31,180 - biometric_gesture_system - WARNING - [config_manager.py:349] - Clave de configuración no encontrada: biometric.enrollment.enable_template_optimization, usando default: True
2025-11-13 08:09:31,180 - biometric_gesture_system - WARNING - [config_manager.py:349] - Clave de configuración no encontrada: biometric.enrollment.embedding_dimension_check, usando default: True
2025-11-13 08:09:31,180 - biometric_gesture_system - WARNING - [config_manager.py:349] - Clave de configuración no encontrada: biometric.enrollment.show_preview, usando default: True
2025-11-13 08:09:31,180 - biometric_gesture_system - WARNING - [config_manager.py:349] - Clave de configuración no encontrada: biometric.enrollment.show_quality_feedback, usando default: False
2025-11-13 08:09:31,180 - biometric_gesture_system - WARNING - [config_manager.py:349] - Clave de configuración no encontrada: biometric.enrollment.save_enrollment_video, usando default: False
2025-11-13 08:09:31,181 - biometric_gesture_system - WARNING - [config_manager.py:349] - Clave de configuración no encontrada: biometric.siamese_anatomical, usando default: {'hidden_layers': [128, 64], 'activation': 'relu', 'dropout_rate': 0.2, 'batch_normalization': True, 'l2_regularization': 0.001, 'learning_rate': 0.001, 'batch_size': 32, 'epochs': 100, 'patience': 15, 'validation_split': 0.2, 'min_users_for_training': 2, 'min_samples_per_user': 15, 'max_samples_per_user': 50, 'min_sessions_per_user': 1, 'loss_function': 'contrastive', 'distance_metric': 'euclidean', 'margin': 1.5, 'alpha': 0.2, 'use_stratified_split': True, 'cross_validation_folds': 5, 'threshold_optimization': 'eer', 'quality_threshold': 80.0, 'use_real_augmentation': True, 'temporal_jitter': 0.02, 'noise_from_real_variance': True, 'require_independent_test': True, 'min_test_users': 1, 'performance_monitoring': True}
2025-11-13 08:09:36,020 - biometric_gesture_system - WARNING - [config_manager.py:349] - Clave de configuración no encontrada: biometric.feature_preprocessing, usando default: {'anatomical_normalization': 'robust', 'dynamic_normalization': 'standard', 'normalize_per_user': False, 'balancing_method': 'balanced_subsample', 'target_balance_ratio': 1.0, 'augmentation_strategy': 'moderate', 'augmentation_factor': 1.5, 'cv_folds': 5, 'cv_strategy': 'stratified_user', 'test_size': 0.2, 'validation_size': 0.2, 'outlier_threshold': 3.0, 'min_samples_per_user': 5, 'feature_selection': False, 'variance_threshold': 0.01, 'cache_transformations': True, 'parallel_processing': False, 'random_state': 42, 'stratify_by_user': True}
2025-11-13 08:09:36,023 - biometric_gesture_system - WARNING - [config_manager.py:349] - Clave de configuración no encontrada: biometric.auth.sequence_timeout, usando default: 25.0
2025-11-13 08:09:36,023 - biometric_gesture_system - WARNING - [config_manager.py:349] - Clave de configuración no encontrada: biometric.auth.total_timeout, usando default: 45.0
2025-11-13 08:09:36,023 - biometric_gesture_system - WARNING - [config_manager.py:349] - Clave de configuración no encontrada: biometric.auth.frame_timeout, usando default: 3.0
2025-11-13 08:09:36,024 - biometric_gesture_system - WARNING - [config_manager.py:349] - Clave de configuración no encontrada: biometric.auth.threshold_low, usando default: 0.65
2025-11-13 08:09:36,024 - biometric_gesture_system - WARNING - [config_manager.py:349] - Clave de configuración no encontrada: biometric.auth.threshold_standard, usando default: 0.75
2025-11-13 08:09:36,024 - biometric_gesture_system - WARNING - [config_manager.py:349] - Clave de configuración no encontrada: biometric.auth.threshold_high, usando default: 0.85
2025-11-13 08:09:36,025 - biometric_gesture_system - WARNING - [config_manager.py:349] - Clave de configuración no encontrada: biometric.auth.threshold_maximum, usando default: 0.92
2025-11-13 08:09:36,025 - biometric_gesture_system - WARNING - [config_manager.py:349] - Clave de configuración no encontrada: biometric.auth.require_sequence_completion, usando default: True
2025-11-13 08:09:36,025 - biometric_gesture_system - WARNING - [config_manager.py:349] - Clave de configuración no encontrada: biometric.auth.min_gestures_for_auth, usando default: 2
2025-11-13 08:09:36,025 - biometric_gesture_system - WARNING - [config_manager.py:349] - Clave de configuración no encontrada: biometric.auth.max_attempts_per_session, usando default: 3
2025-11-13 08:09:36,025 - biometric_gesture_system - WARNING - [config_manager.py:349] - Clave de configuración no encontrada: biometric.auth.max_identification_candidates, usando default: 5
2025-11-13 08:09:36,025 - biometric_gesture_system - WARNING - [config_manager.py:349] - Clave de configuración no encontrada: biometric.auth.identification_threshold_factor, usando default: 1.1
2025-11-13 08:09:36,026 - biometric_gesture_system - WARNING - [config_manager.py:349] - Clave de configuración no encontrada: biometric.auth.min_quality_score, usando default: 0.7
2025-11-13 08:09:36,026 - biometric_gesture_system - WARNING - [config_manager.py:349] - Clave de configuración no encontrada: biometric.auth.min_confidence, usando default: 0.65
2025-11-13 08:09:36,026 - biometric_gesture_system - WARNING - [config_manager.py:349] - Clave de configuración no encontrada: biometric.auth.min_stability_frames, usando default: 8
2025-11-13 08:09:36,026 - biometric_gesture_system - WARNING - [config_manager.py:349] - Clave de configuración no encontrada: biometric.auth.score_fusion_strategy, usando default: weighted_average
2025-11-13 08:09:36,027 - biometric_gesture_system - WARNING - [config_manager.py:349] - Clave de configuración no encontrada: biometric.auth.anatomical_weight, usando default: 0.6
2025-11-13 08:09:36,027 - biometric_gesture_system - WARNING - [config_manager.py:349] - Clave de configuración no encontrada: biometric.auth.dynamic_weight, usando default: 0.4
2025-11-13 08:09:36,028 - biometric_gesture_system - WARNING - [config_manager.py:349] - Clave de configuración no encontrada: biometric.auth.enable_audit_logging, usando default: True
2025-11-13 08:09:36,028 - biometric_gesture_system - WARNING - [config_manager.py:349] - Clave de configuración no encontrada: biometric.auth.enable_continuous_auth, usando default: False
2025-11-13 08:09:36,028 - biometric_gesture_system - WARNING - [config_manager.py:349] - Clave de configuración no encontrada: biometric.auth.max_failed_attempts, usando default: 5
2025-11-13 08:09:36,028 - biometric_gesture_system - WARNING - [config_manager.py:349] - Clave de configuración no encontrada: biometric.auth.lockout_duration, usando default: 300.0
2025-11-13 08:09:36,028 - biometric_gesture_system - WARNING - [config_manager.py:349] - Clave de configuración no encontrada: biometric.score_fusion, usando default: {'fusion_strategy': 'weighted_average', 'calibration_method': 'none', 'weight_optimization': 'grid_search', 'anatomical_weight': 0.6, 'dynamic_weight': 0.4, 'decision_threshold': 0.5, 'use_confidence_weighting': True, 'adaptive_threshold': False, 'cross_validation_folds': 5, 'optimization_metric': 'eer'}
2025-11-13 08:09:36,029 - biometric_gesture_system - INFO - [authentication_system.py:444] - RealAuthenticationPipeline inicializado con componentes
2025-11-13 08:09:36,029 - biometric_gesture_system - INFO - [authentication_system.py:1206] - RealSessionManager inicializado para gestión de sesiones
2025-11-13 08:09:36,029 - biometric_gesture_system - INFO - [authentication_system.py:266] - RealSecurityAuditor inicializado para auditoría
2025-11-13 08:09:36,030 - biometric_gesture_system - INFO - [authentication_system.py:1413] - RealAuthenticationSystem inicializado
2025-11-13 08:09:36,030 - biometric_gesture_system - INFO - [authentication_system.py:1414] -   - Configuración: umbrales={'low': 0.65, 'standard': 0.75, 'high': 0.85, 'maximum': 0.92}
2025-11-13 08:10:22,551 - biometric_gesture_system - INFO - [system_manager.py:726] - Total usuarios en sistema: 1
2025-11-13 08:10:22,551 - biometric_gesture_system - INFO - [system_manager.py:728] -    - Gabriela Salazar (ID: user_gabriela_1762882140832_800f8527)
2025-11-13 08:10:22,551 - biometric_gesture_system - WARNING - [system_manager.py:735] - ❌ No existe archivo de tracking (last_training.json)
2025-11-13 08:10:22,551 - biometric_gesture_system - WARNING - [system_manager.py:736] -    No se puede determinar qué usuarios están entrenados
2025-11-13 08:10:22,551 - biometric_gesture_system - WARNING - [system_manager.py:737] -    Retornando lista vacía - entrena las redes primero
2025-11-13 08:10:27,245 - biometric_gesture_system - INFO - [system_manager.py:726] - Total usuarios en sistema: 1
2025-11-13 08:10:27,245 - biometric_gesture_system - INFO - [system_manager.py:728] -    - Gabriela Salazar (ID: user_gabriela_1762882140832_800f8527)
2025-11-13 08:10:27,245 - biometric_gesture_system - WARNING - [system_manager.py:735] - ❌ No existe archivo de tracking (last_training.json)
2025-11-13 08:10:27,245 - biometric_gesture_system - WARNING - [system_manager.py:736] -    No se puede determinar qué usuarios están entrenados
2025-11-13 08:10:27,245 - biometric_gesture_system - WARNING - [system_manager.py:737] -    Retornando lista vacía - entrena las redes primero
2025-11-13 08:10:32,238 - biometric_gesture_system - INFO - [system_manager.py:726] - Total usuarios en sistema: 1
2025-11-13 08:10:32,238 - biometric_gesture_system - INFO - [system_manager.py:728] -    - Gabriela Salazar (ID: user_gabriela_1762882140832_800f8527)
2025-11-13 08:10:32,238 - biometric_gesture_system - WARNING - [system_manager.py:735] - ❌ No existe archivo de tracking (last_training.json)
2025-11-13 08:10:32,238 - biometric_gesture_system - WARNING - [system_manager.py:736] -    No se puede determinar qué usuarios están entrenados
2025-11-13 08:10:32,238 - biometric_gesture_system - WARNING - [system_manager.py:737] -    Retornando lista vacía - entrena las redes primero
2025-11-13 08:10:38,101 - biometric_gesture_system - INFO - [system_manager.py:726] - Total usuarios en sistema: 1
2025-11-13 08:10:38,101 - biometric_gesture_system - INFO - [system_manager.py:728] -    - Gabriela Salazar (ID: user_gabriela_1762882140832_800f8527)
2025-11-13 08:10:38,101 - biometric_gesture_system - WARNING - [system_manager.py:735] - ❌ No existe archivo de tracking (last_training.json)
2025-11-13 08:10:38,101 - biometric_gesture_system - WARNING - [system_manager.py:736] -    No se puede determinar qué usuarios están entrenados
2025-11-13 08:10:38,102 - biometric_gesture_system - WARNING - [system_manager.py:737] -    Retornando lista vacía - entrena las redes primero
2025-11-13 08:10:43,090 - biometric_gesture_system - INFO - [system_manager.py:726] - Total usuarios en sistema: 1
2025-11-13 08:10:43,090 - biometric_gesture_system - INFO - [system_manager.py:728] -    - Gabriela Salazar (ID: user_gabriela_1762882140832_800f8527)
2025-11-13 08:10:43,091 - biometric_gesture_system - WARNING - [system_manager.py:735] - ❌ No existe archivo de tracking (last_training.json)
2025-11-13 08:10:43,091 - biometric_gesture_system - WARNING - [system_manager.py:736] -    No se puede determinar qué usuarios están entrenados
2025-11-13 08:10:43,091 - biometric_gesture_system - WARNING - [system_manager.py:737] -    Retornando lista vacía - entrena las redes primero
2025-11-13 08:10:48,099 - biometric_gesture_system - INFO - [system_manager.py:726] - Total usuarios en sistema: 1
2025-11-13 08:10:48,099 - biometric_gesture_system - INFO - [system_manager.py:728] -    - Gabriela Salazar (ID: user_gabriela_1762882140832_800f8527)
2025-11-13 08:10:48,100 - biometric_gesture_system - WARNING - [system_manager.py:735] - ❌ No existe archivo de tracking (last_training.json)
2025-11-13 08:10:48,101 - biometric_gesture_system - WARNING - [system_manager.py:736] -    No se puede determinar qué usuarios están entrenados
2025-11-13 08:10:48,101 - biometric_gesture_system - WARNING - [system_manager.py:737] -    Retornando lista vacía - entrena las redes primero
2025-11-13 08:10:53,089 - biometric_gesture_system - INFO - [system_manager.py:726] - Total usuarios en sistema: 1
2025-11-13 08:10:53,089 - biometric_gesture_system - INFO - [system_manager.py:728] -    - Gabriela Salazar (ID: user_gabriela_1762882140832_800f8527)
2025-11-13 08:10:53,089 - biometric_gesture_system - WARNING - [system_manager.py:735] - ❌ No existe archivo de tracking (last_training.json)
2025-11-13 08:10:53,090 - biometric_gesture_system - WARNING - [system_manager.py:736] -    No se puede determinar qué usuarios están entrenados
2025-11-13 08:10:53,090 - biometric_gesture_system - WARNING - [system_manager.py:737] -    Retornando lista vacía - entrena las redes primero
2025-11-13 08:10:58,424 - biometric_gesture_system - INFO - [system_manager.py:726] - Total usuarios en sistema: 1
2025-11-13 08:10:58,425 - biometric_gesture_system - INFO - [system_manager.py:728] -    - Gabriela Salazar (ID: user_gabriela_1762882140832_800f8527)
2025-11-13 08:10:58,426 - biometric_gesture_system - WARNING - [system_manager.py:735] - ❌ No existe archivo de tracking (last_training.json)
2025-11-13 08:10:58,426 - biometric_gesture_system - WARNING - [system_manager.py:736] -    No se puede determinar qué usuarios están entrenados
2025-11-13 08:10:58,427 - biometric_gesture_system - WARNING - [system_manager.py:737] -    Retornando lista vacía - entrena las redes primero
2025-11-13 08:11:03,097 - biometric_gesture_system - INFO - [system_manager.py:726] - Total usuarios en sistema: 1
2025-11-13 08:11:03,097 - biometric_gesture_system - INFO - [system_manager.py:728] -    - Gabriela Salazar (ID: user_gabriela_1762882140832_800f8527)
2025-11-13 08:11:03,098 - biometric_gesture_system - WARNING - [system_manager.py:735] - ❌ No existe archivo de tracking (last_training.json)
2025-11-13 08:11:03,098 - biometric_gesture_system - WARNING - [system_manager.py:736] -    No se puede determinar qué usuarios están entrenados
2025-11-13 08:11:03,098 - biometric_gesture_system - WARNING - [system_manager.py:737] -    Retornando lista vacía - entrena las redes primero
2025-11-13 08:11:08,401 - biometric_gesture_system - INFO - [system_manager.py:726] - Total usuarios en sistema: 1
2025-11-13 08:11:08,402 - biometric_gesture_system - INFO - [system_manager.py:728] -    - Gabriela Salazar (ID: user_gabriela_1762882140832_800f8527)
2025-11-13 08:11:08,402 - biometric_gesture_system - WARNING - [system_manager.py:735] - ❌ No existe archivo de tracking (last_training.json)
2025-11-13 08:11:08,402 - biometric_gesture_system - WARNING - [system_manager.py:736] -    No se puede determinar qué usuarios están entrenados
2025-11-13 08:11:08,402 - biometric_gesture_system - WARNING - [system_manager.py:737] -    Retornando lista vacía - entrena las redes primero
2025-11-13 08:11:14,875 - biometric_gesture_system - INFO - [system_manager.py:726] - Total usuarios en sistema: 1
2025-11-13 08:11:14,875 - biometric_gesture_system - INFO - [system_manager.py:728] -    - Gabriela Salazar (ID: user_gabriela_1762882140832_800f8527)
2025-11-13 08:11:14,875 - biometric_gesture_system - WARNING - [system_manager.py:735] - ❌ No existe archivo de tracking (last_training.json)
2025-11-13 08:11:14,876 - biometric_gesture_system - WARNING - [system_manager.py:736] -    No se puede determinar qué usuarios están entrenados
2025-11-13 08:11:14,876 - biometric_gesture_system - WARNING - [system_manager.py:737] -    Retornando lista vacía - entrena las redes primero
2025-11-13 08:11:18,088 - biometric_gesture_system - INFO - [system_manager.py:726] - Total usuarios en sistema: 1
2025-11-13 08:11:18,088 - biometric_gesture_system - INFO - [system_manager.py:728] -    - Gabriela Salazar (ID: user_gabriela_1762882140832_800f8527)
2025-11-13 08:11:18,088 - biometric_gesture_system - WARNING - [system_manager.py:735] - ❌ No existe archivo de tracking (last_training.json)
2025-11-13 08:11:18,088 - biometric_gesture_system - WARNING - [system_manager.py:736] -    No se puede determinar qué usuarios están entrenados
2025-11-13 08:11:18,092 - biometric_gesture_system - WARNING - [system_manager.py:737] -    Retornando lista vacía - entrena las redes primero
2025-11-13 08:11:24,866 - biometric_gesture_system - INFO - [system_manager.py:726] - Total usuarios en sistema: 1
2025-11-13 08:11:24,866 - biometric_gesture_system - INFO - [system_manager.py:728] -    - Gabriela Salazar (ID: user_gabriela_1762882140832_800f8527)
2025-11-13 08:11:24,867 - biometric_gesture_system - WARNING - [system_manager.py:735] - ❌ No existe archivo de tracking (last_training.json)
2025-11-13 08:11:24,867 - biometric_gesture_system - WARNING - [system_manager.py:736] -    No se puede determinar qué usuarios están entrenados
2025-11-13 08:11:24,867 - biometric_gesture_system - WARNING - [system_manager.py:737] -    Retornando lista vacía - entrena las redes primero
2025-11-13 08:11:28,090 - biometric_gesture_system - INFO - [system_manager.py:726] - Total usuarios en sistema: 1
2025-11-13 08:11:28,090 - biometric_gesture_system - INFO - [system_manager.py:728] -    - Gabriela Salazar (ID: user_gabriela_1762882140832_800f8527)
2025-11-13 08:11:28,090 - biometric_gesture_system - WARNING - [system_manager.py:735] - ❌ No existe archivo de tracking (last_training.json)
2025-11-13 08:11:28,090 - biometric_gesture_system - WARNING - [system_manager.py:736] -    No se puede determinar qué usuarios están entrenados
2025-11-13 08:11:28,090 - biometric_gesture_system - WARNING - [system_manager.py:737] -    Retornando lista vacía - entrena las redes primero
2025-11-13 08:11:34,861 - biometric_gesture_system - INFO - [system_manager.py:726] - Total usuarios en sistema: 1
2025-11-13 08:11:34,862 - biometric_gesture_system - INFO - [system_manager.py:728] -    - Gabriela Salazar (ID: user_gabriela_1762882140832_800f8527)
2025-11-13 08:11:34,862 - biometric_gesture_system - WARNING - [system_manager.py:735] - ❌ No existe archivo de tracking (last_training.json)
2025-11-13 08:11:34,862 - biometric_gesture_system - WARNING - [system_manager.py:736] -    No se puede determinar qué usuarios están entrenados
2025-11-13 08:11:34,862 - biometric_gesture_system - WARNING - [system_manager.py:737] -    Retornando lista vacía - entrena las redes primero
2025-11-13 08:12:20,412 - biometric_gesture_system - INFO - [system_manager.py:726] - Total usuarios en sistema: 1
2025-11-13 08:12:20,413 - biometric_gesture_system - INFO - [system_manager.py:728] -    - Gabriela Salazar (ID: user_gabriela_1762882140832_800f8527)
2025-11-13 08:12:20,413 - biometric_gesture_system - WARNING - [system_manager.py:735] - ❌ No existe archivo de tracking (last_training.json)
2025-11-13 08:12:20,413 - biometric_gesture_system - WARNING - [system_manager.py:736] -    No se puede determinar qué usuarios están entrenados
2025-11-13 08:12:20,413 - biometric_gesture_system - WARNING - [system_manager.py:737] -    Retornando lista vacía - entrena las redes primero
2025-11-13 08:13:20,401 - biometric_gesture_system - INFO - [system_manager.py:726] - Total usuarios en sistema: 1
2025-11-13 08:13:20,401 - biometric_gesture_system - INFO - [system_manager.py:728] -    - Gabriela Salazar (ID: user_gabriela_1762882140832_800f8527)
2025-11-13 08:13:20,401 - biometric_gesture_system - WARNING - [system_manager.py:735] - ❌ No existe archivo de tracking (last_training.json)
2025-11-13 08:13:20,401 - biometric_gesture_system - WARNING - [system_manager.py:736] -    No se puede determinar qué usuarios están entrenados
2025-11-13 08:13:20,401 - biometric_gesture_system - WARNING - [system_manager.py:737] -    Retornando lista vacía - entrena las redes primero
2025-11-13 08:14:20,401 - biometric_gesture_system - INFO - [system_manager.py:726] - Total usuarios en sistema: 1
2025-11-13 08:14:20,401 - biometric_gesture_system - INFO - [system_manager.py:728] -    - Gabriela Salazar (ID: user_gabriela_1762882140832_800f8527)
2025-11-13 08:14:20,401 - biometric_gesture_system - WARNING - [system_manager.py:735] - ❌ No existe archivo de tracking (last_training.json)
2025-11-13 08:14:20,401 - biometric_gesture_system - WARNING - [system_manager.py:736] -    No se puede determinar qué usuarios están entrenados
2025-11-13 08:14:20,401 - biometric_gesture_system - WARNING - [system_manager.py:737] -    Retornando lista vacía - entrena las redes primero
2025-11-13 08:15:20,400 - biometric_gesture_system - INFO - [system_manager.py:726] - Total usuarios en sistema: 1
2025-11-13 08:15:20,400 - biometric_gesture_system - INFO - [system_manager.py:728] -    - Gabriela Salazar (ID: user_gabriela_1762882140832_800f8527)
2025-11-13 08:15:20,400 - biometric_gesture_system - WARNING - [system_manager.py:735] - ❌ No existe archivo de tracking (last_training.json)
2025-11-13 08:15:20,400 - biometric_gesture_system - WARNING - [system_manager.py:736] -    No se puede determinar qué usuarios están entrenados
2025-11-13 08:15:20,400 - biometric_gesture_system - WARNING - [system_manager.py:737] -    Retornando lista vacía - entrena las redes primero
2025-11-13 08:16:20,405 - biometric_gesture_system - INFO - [system_manager.py:726] - Total usuarios en sistema: 1
2025-11-13 08:16:20,407 - biometric_gesture_system - INFO - [system_manager.py:728] -    - Gabriela Salazar (ID: user_gabriela_1762882140832_800f8527)
2025-11-13 08:16:20,407 - biometric_gesture_system - WARNING - [system_manager.py:735] - ❌ No existe archivo de tracking (last_training.json)
2025-11-13 08:16:20,407 - biometric_gesture_system - WARNING - [system_manager.py:736] -    No se puede determinar qué usuarios están entrenados
2025-11-13 08:16:20,407 - biometric_gesture_system - WARNING - [system_manager.py:737] -    Retornando lista vacía - entrena las redes primero
2025-11-13 08:17:20,402 - biometric_gesture_system - INFO - [system_manager.py:726] - Total usuarios en sistema: 1
2025-11-13 08:17:20,402 - biometric_gesture_system - INFO - [system_manager.py:728] -    - Gabriela Salazar (ID: user_gabriela_1762882140832_800f8527)
2025-11-13 08:17:20,402 - biometric_gesture_system - WARNING - [system_manager.py:735] - ❌ No existe archivo de tracking (last_training.json)
2025-11-13 08:17:20,402 - biometric_gesture_system - WARNING - [system_manager.py:736] -    No se puede determinar qué usuarios están entrenados
2025-11-13 08:17:20,406 - biometric_gesture_system - WARNING - [system_manager.py:737] -    Retornando lista vacía - entrena las redes primero
2025-11-13 08:18:21,401 - biometric_gesture_system - INFO - [system_manager.py:726] - Total usuarios en sistema: 1
2025-11-13 08:18:21,401 - biometric_gesture_system - INFO - [system_manager.py:728] -    - Gabriela Salazar (ID: user_gabriela_1762882140832_800f8527)
2025-11-13 08:18:21,401 - biometric_gesture_system - WARNING - [system_manager.py:735] - ❌ No existe archivo de tracking (last_training.json)
2025-11-13 08:18:21,402 - biometric_gesture_system - WARNING - [system_manager.py:736] -    No se puede determinar qué usuarios están entrenados
2025-11-13 08:18:21,402 - biometric_gesture_system - WARNING - [system_manager.py:737] -    Retornando lista vacía - entrena las redes primero
2025-11-13 08:19:20,407 - biometric_gesture_system - INFO - [system_manager.py:726] - Total usuarios en sistema: 1
2025-11-13 08:19:20,407 - biometric_gesture_system - INFO - [system_manager.py:728] -    - Gabriela Salazar (ID: user_gabriela_1762882140832_800f8527)
2025-11-13 08:19:20,408 - biometric_gesture_system - WARNING - [system_manager.py:735] - ❌ No existe archivo de tracking (last_training.json)
2025-11-13 08:19:20,408 - biometric_gesture_system - WARNING - [system_manager.py:736] -    No se puede determinar qué usuarios están entrenados
2025-11-13 08:19:20,408 - biometric_gesture_system - WARNING - [system_manager.py:737] -    Retornando lista vacía - entrena las redes primero
2025-11-13 08:20:20,408 - biometric_gesture_system - INFO - [system_manager.py:726] - Total usuarios en sistema: 1
2025-11-13 08:20:20,408 - biometric_gesture_system - INFO - [system_manager.py:728] -    - Gabriela Salazar (ID: user_gabriela_1762882140832_800f8527)
2025-11-13 08:20:20,408 - biometric_gesture_system - WARNING - [system_manager.py:735] - ❌ No existe archivo de tracking (last_training.json)
2025-11-13 08:20:20,408 - biometric_gesture_system - WARNING - [system_manager.py:736] -    No se puede determinar qué usuarios están entrenados
2025-11-13 08:20:20,408 - biometric_gesture_system - WARNING - [system_manager.py:737] -    Retornando lista vacía - entrena las redes primero
2025-11-13 08:21:20,451 - biometric_gesture_system - INFO - [system_manager.py:726] - Total usuarios en sistema: 1
2025-11-13 08:21:20,451 - biometric_gesture_system - INFO - [system_manager.py:728] -    - Gabriela Salazar (ID: user_gabriela_1762882140832_800f8527)
2025-11-13 08:21:20,452 - biometric_gesture_system - WARNING - [system_manager.py:735] - ❌ No existe archivo de tracking (last_training.json)
2025-11-13 08:21:20,452 - biometric_gesture_system - WARNING - [system_manager.py:736] -    No se puede determinar qué usuarios están entrenados
2025-11-13 08:21:20,452 - biometric_gesture_system - WARNING - [system_manager.py:737] -    Retornando lista vacía - entrena las redes primero
2025-11-13 08:22:20,394 - biometric_gesture_system - INFO - [system_manager.py:726] - Total usuarios en sistema: 1
2025-11-13 08:22:20,395 - biometric_gesture_system - INFO - [system_manager.py:728] -    - Gabriela Salazar (ID: user_gabriela_1762882140832_800f8527)
2025-11-13 08:22:20,395 - biometric_gesture_system - WARNING - [system_manager.py:735] - ❌ No existe archivo de tracking (last_training.json)
2025-11-13 08:22:20,395 - biometric_gesture_system - WARNING - [system_manager.py:736] -    No se puede determinar qué usuarios están entrenados
2025-11-13 08:22:20,395 - biometric_gesture_system - WARNING - [system_manager.py:737] -    Retornando lista vacía - entrena las redes primero
2025-11-13 08:23:20,412 - biometric_gesture_system - INFO - [system_manager.py:726] - Total usuarios en sistema: 1
2025-11-13 08:23:20,413 - biometric_gesture_system - INFO - [system_manager.py:728] -    - Gabriela Salazar (ID: user_gabriela_1762882140832_800f8527)
2025-11-13 08:23:20,413 - biometric_gesture_system - WARNING - [system_manager.py:735] - ❌ No existe archivo de tracking (last_training.json)
2025-11-13 08:23:20,413 - biometric_gesture_system - WARNING - [system_manager.py:736] -    No se puede determinar qué usuarios están entrenados
2025-11-13 08:23:20,413 - biometric_gesture_system - WARNING - [system_manager.py:737] -    Retornando lista vacía - entrena las redes primero
2025-11-13 08:24:20,413 - biometric_gesture_system - INFO - [system_manager.py:726] - Total usuarios en sistema: 1
2025-11-13 08:24:20,413 - biometric_gesture_system - INFO - [system_manager.py:728] -    - Gabriela Salazar (ID: user_gabriela_1762882140832_800f8527)
2025-11-13 08:24:20,415 - biometric_gesture_system - WARNING - [system_manager.py:735] - ❌ No existe archivo de tracking (last_training.json)
2025-11-13 08:24:20,415 - biometric_gesture_system - WARNING - [system_manager.py:736] -    No se puede determinar qué usuarios están entrenados
2025-11-13 08:24:20,415 - biometric_gesture_system - WARNING - [system_manager.py:737] -    Retornando lista vacía - entrena las redes primero
2025-11-13 08:25:20,103 - biometric_gesture_system - INFO - [system_manager.py:726] - Total usuarios en sistema: 1
2025-11-13 08:25:20,103 - biometric_gesture_system - INFO - [system_manager.py:728] -    - Gabriela Salazar (ID: user_gabriela_1762882140832_800f8527)
2025-11-13 08:25:20,104 - biometric_gesture_system - WARNING - [system_manager.py:735] - ❌ No existe archivo de tracking (last_training.json)
2025-11-13 08:25:20,104 - biometric_gesture_system - WARNING - [system_manager.py:736] -    No se puede determinar qué usuarios están entrenados
2025-11-13 08:25:20,104 - biometric_gesture_system - WARNING - [system_manager.py:737] -    Retornando lista vacía - entrena las redes primero
2025-11-13 08:26:20,401 - biometric_gesture_system - INFO - [system_manager.py:726] - Total usuarios en sistema: 1
2025-11-13 08:26:20,401 - biometric_gesture_system - INFO - [system_manager.py:728] -    - Gabriela Salazar (ID: user_gabriela_1762882140832_800f8527)
2025-11-13 08:26:20,401 - biometric_gesture_system - WARNING - [system_manager.py:735] - ❌ No existe archivo de tracking (last_training.json)
2025-11-13 08:26:20,402 - biometric_gesture_system - WARNING - [system_manager.py:736] -    No se puede determinar qué usuarios están entrenados
2025-11-13 08:26:20,402 - biometric_gesture_system - WARNING - [system_manager.py:737] -    Retornando lista vacía - entrena las redes primero
2025-11-13 08:27:20,100 - biometric_gesture_system - INFO - [system_manager.py:726] - Total usuarios en sistema: 1
2025-11-13 08:27:20,102 - biometric_gesture_system - INFO - [system_manager.py:728] -    - Gabriela Salazar (ID: user_gabriela_1762882140832_800f8527)
2025-11-13 08:27:20,102 - biometric_gesture_system - WARNING - [system_manager.py:735] - ❌ No existe archivo de tracking (last_training.json)
2025-11-13 08:27:20,102 - biometric_gesture_system - WARNING - [system_manager.py:736] -    No se puede determinar qué usuarios están entrenados
2025-11-13 08:27:20,102 - biometric_gesture_system - WARNING - [system_manager.py:737] -    Retornando lista vacía - entrena las redes primero
2025-11-13 08:28:20,103 - biometric_gesture_system - INFO - [system_manager.py:726] - Total usuarios en sistema: 1
2025-11-13 08:28:20,103 - biometric_gesture_system - INFO - [system_manager.py:728] -    - Gabriela Salazar (ID: user_gabriela_1762882140832_800f8527)
2025-11-13 08:28:20,104 - biometric_gesture_system - WARNING - [system_manager.py:735] - ❌ No existe archivo de tracking (last_training.json)
2025-11-13 08:28:20,104 - biometric_gesture_system - WARNING - [system_manager.py:736] -    No se puede determinar qué usuarios están entrenados
2025-11-13 08:28:20,105 - biometric_gesture_system - WARNING - [system_manager.py:737] -    Retornando lista vacía - entrena las redes primero
2025-11-13 08:29:20,108 - biometric_gesture_system - INFO - [system_manager.py:726] - Total usuarios en sistema: 1
2025-11-13 08:29:20,109 - biometric_gesture_system - INFO - [system_manager.py:728] -    - Gabriela Salazar (ID: user_gabriela_1762882140832_800f8527)
2025-11-13 08:29:20,109 - biometric_gesture_system - WARNING - [system_manager.py:735] - ❌ No existe archivo de tracking (last_training.json)
2025-11-13 08:29:20,109 - biometric_gesture_system - WARNING - [system_manager.py:736] -    No se puede determinar qué usuarios están entrenados
2025-11-13 08:29:20,111 - biometric_gesture_system - WARNING - [system_manager.py:737] -    Retornando lista vacía - entrena las redes primero
2025-11-13 08:30:20,403 - biometric_gesture_system - INFO - [system_manager.py:726] - Total usuarios en sistema: 1
2025-11-13 08:30:20,403 - biometric_gesture_system - INFO - [system_manager.py:728] -    - Gabriela Salazar (ID: user_gabriela_1762882140832_800f8527)
2025-11-13 08:30:20,405 - biometric_gesture_system - WARNING - [system_manager.py:735] - ❌ No existe archivo de tracking (last_training.json)
2025-11-13 08:30:20,405 - biometric_gesture_system - WARNING - [system_manager.py:736] -    No se puede determinar qué usuarios están entrenados
2025-11-13 08:30:20,405 - biometric_gesture_system - WARNING - [system_manager.py:737] -    Retornando lista vacía - entrena las redes primero
2025-11-13 08:31:20,405 - biometric_gesture_system - INFO - [system_manager.py:726] - Total usuarios en sistema: 1
2025-11-13 08:31:20,406 - biometric_gesture_system - INFO - [system_manager.py:728] -    - Gabriela Salazar (ID: user_gabriela_1762882140832_800f8527)
2025-11-13 08:31:20,406 - biometric_gesture_system - WARNING - [system_manager.py:735] - ❌ No existe archivo de tracking (last_training.json)
2025-11-13 08:31:20,406 - biometric_gesture_system - WARNING - [system_manager.py:736] -    No se puede determinar qué usuarios están entrenados
2025-11-13 08:31:20,406 - biometric_gesture_system - WARNING - [system_manager.py:737] -    Retornando lista vacía - entrena las redes primero
2025-11-13 08:32:20,411 - biometric_gesture_system - INFO - [system_manager.py:726] - Total usuarios en sistema: 1
2025-11-13 08:32:20,411 - biometric_gesture_system - INFO - [system_manager.py:728] -    - Gabriela Salazar (ID: user_gabriela_1762882140832_800f8527)
2025-11-13 08:32:20,411 - biometric_gesture_system - WARNING - [system_manager.py:735] - ❌ No existe archivo de tracking (last_training.json)
2025-11-13 08:32:20,411 - biometric_gesture_system - WARNING - [system_manager.py:736] -    No se puede determinar qué usuarios están entrenados
2025-11-13 08:32:20,411 - biometric_gesture_system - WARNING - [system_manager.py:737] -    Retornando lista vacía - entrena las redes primero
2025-11-13 08:33:20,398 - biometric_gesture_system - INFO - [system_manager.py:726] - Total usuarios en sistema: 1
2025-11-13 08:33:20,398 - biometric_gesture_system - INFO - [system_manager.py:728] -    - Gabriela Salazar (ID: user_gabriela_1762882140832_800f8527)
2025-11-13 08:33:20,398 - biometric_gesture_system - WARNING - [system_manager.py:735] - ❌ No existe archivo de tracking (last_training.json)
2025-11-13 08:33:20,398 - biometric_gesture_system - WARNING - [system_manager.py:736] -    No se puede determinar qué usuarios están entrenados
2025-11-13 08:33:20,398 - biometric_gesture_system - WARNING - [system_manager.py:737] -    Retornando lista vacía - entrena las redes primero
2025-11-13 08:34:20,400 - biometric_gesture_system - INFO - [system_manager.py:726] - Total usuarios en sistema: 1
2025-11-13 08:34:20,400 - biometric_gesture_system - INFO - [system_manager.py:728] -    - Gabriela Salazar (ID: user_gabriela_1762882140832_800f8527)
2025-11-13 08:34:20,400 - biometric_gesture_system - WARNING - [system_manager.py:735] - ❌ No existe archivo de tracking (last_training.json)
2025-11-13 08:34:20,400 - biometric_gesture_system - WARNING - [system_manager.py:736] -    No se puede determinar qué usuarios están entrenados
2025-11-13 08:34:20,401 - biometric_gesture_system - WARNING - [system_manager.py:737] -    Retornando lista vacía - entrena las redes primero
2025-11-13 08:35:20,395 - biometric_gesture_system - INFO - [system_manager.py:726] - Total usuarios en sistema: 1
2025-11-13 08:35:20,396 - biometric_gesture_system - INFO - [system_manager.py:728] -    - Gabriela Salazar (ID: user_gabriela_1762882140832_800f8527)
2025-11-13 08:35:20,396 - biometric_gesture_system - WARNING - [system_manager.py:735] - ❌ No existe archivo de tracking (last_training.json)
2025-11-13 08:35:20,396 - biometric_gesture_system - WARNING - [system_manager.py:736] -    No se puede determinar qué usuarios están entrenados
2025-11-13 08:35:20,396 - biometric_gesture_system - WARNING - [system_manager.py:737] -    Retornando lista vacía - entrena las redes primero
2025-11-13 08:36:20,104 - biometric_gesture_system - INFO - [system_manager.py:726] - Total usuarios en sistema: 1
2025-11-13 08:36:20,104 - biometric_gesture_system - INFO - [system_manager.py:728] -    - Gabriela Salazar (ID: user_gabriela_1762882140832_800f8527)
2025-11-13 08:36:20,104 - biometric_gesture_system - WARNING - [system_manager.py:735] - ❌ No existe archivo de tracking (last_training.json)
2025-11-13 08:36:20,105 - biometric_gesture_system - WARNING - [system_manager.py:736] -    No se puede determinar qué usuarios están entrenados
2025-11-13 08:36:20,105 - biometric_gesture_system - WARNING - [system_manager.py:737] -    Retornando lista vacía - entrena las redes primero
2025-11-13 08:37:20,096 - biometric_gesture_system - INFO - [system_manager.py:726] - Total usuarios en sistema: 1
2025-11-13 08:37:20,096 - biometric_gesture_system - INFO - [system_manager.py:728] -    - Gabriela Salazar (ID: user_gabriela_1762882140832_800f8527)
2025-11-13 08:37:20,096 - biometric_gesture_system - WARNING - [system_manager.py:735] - ❌ No existe archivo de tracking (last_training.json)
2025-11-13 08:37:20,096 - biometric_gesture_system - WARNING - [system_manager.py:736] -    No se puede determinar qué usuarios están entrenados
2025-11-13 08:37:20,096 - biometric_gesture_system - WARNING - [system_manager.py:737] -    Retornando lista vacía - entrena las redes primero
2025-11-13 08:38:20,101 - biometric_gesture_system - INFO - [system_manager.py:726] - Total usuarios en sistema: 1
2025-11-13 08:38:20,101 - biometric_gesture_system - INFO - [system_manager.py:728] -    - Gabriela Salazar (ID: user_gabriela_1762882140832_800f8527)
2025-11-13 08:38:20,102 - biometric_gesture_system - WARNING - [system_manager.py:735] - ❌ No existe archivo de tracking (last_training.json)
2025-11-13 08:38:20,102 - biometric_gesture_system - WARNING - [system_manager.py:736] -    No se puede determinar qué usuarios están entrenados
2025-11-13 08:38:20,102 - biometric_gesture_system - WARNING - [system_manager.py:737] -    Retornando lista vacía - entrena las redes primero
2025-11-13 08:39:20,100 - biometric_gesture_system - INFO - [system_manager.py:726] - Total usuarios en sistema: 1
2025-11-13 08:39:20,100 - biometric_gesture_system - INFO - [system_manager.py:728] -    - Gabriela Salazar (ID: user_gabriela_1762882140832_800f8527)
2025-11-13 08:39:20,101 - biometric_gesture_system - WARNING - [system_manager.py:735] - ❌ No existe archivo de tracking (last_training.json)
2025-11-13 08:39:20,101 - biometric_gesture_system - WARNING - [system_manager.py:736] -    No se puede determinar qué usuarios están entrenados
2025-11-13 08:39:20,101 - biometric_gesture_system - WARNING - [system_manager.py:737] -    Retornando lista vacía - entrena las redes primero
2025-11-13 08:40:20,400 - biometric_gesture_system - INFO - [system_manager.py:726] - Total usuarios en sistema: 1
2025-11-13 08:40:20,400 - biometric_gesture_system - INFO - [system_manager.py:728] -    - Gabriela Salazar (ID: user_gabriela_1762882140832_800f8527)
2025-11-13 08:40:20,400 - biometric_gesture_system - WARNING - [system_manager.py:735] - ❌ No existe archivo de tracking (last_training.json)
2025-11-13 08:40:20,401 - biometric_gesture_system - WARNING - [system_manager.py:736] -    No se puede determinar qué usuarios están entrenados
2025-11-13 08:40:20,401 - biometric_gesture_system - WARNING - [system_manager.py:737] -    Retornando lista vacía - entrena las redes primero
2025-11-13 08:41:20,404 - biometric_gesture_system - INFO - [system_manager.py:726] - Total usuarios en sistema: 1
2025-11-13 08:41:20,405 - biometric_gesture_system - INFO - [system_manager.py:728] -    - Gabriela Salazar (ID: user_gabriela_1762882140832_800f8527)
2025-11-13 08:41:20,405 - biometric_gesture_system - WARNING - [system_manager.py:735] - ❌ No existe archivo de tracking (last_training.json)
2025-11-13 08:41:20,405 - biometric_gesture_system - WARNING - [system_manager.py:736] -    No se puede determinar qué usuarios están entrenados
2025-11-13 08:41:20,405 - biometric_gesture_system - WARNING - [system_manager.py:737] -    Retornando lista vacía - entrena las redes primero
2025-11-13 08:42:20,105 - biometric_gesture_system - INFO - [system_manager.py:726] - Total usuarios en sistema: 1
2025-11-13 08:42:20,105 - biometric_gesture_system - INFO - [system_manager.py:728] -    - Gabriela Salazar (ID: user_gabriela_1762882140832_800f8527)
2025-11-13 08:42:20,105 - biometric_gesture_system - WARNING - [system_manager.py:735] - ❌ No existe archivo de tracking (last_training.json)
2025-11-13 08:42:20,105 - biometric_gesture_system - WARNING - [system_manager.py:736] -    No se puede determinar qué usuarios están entrenados
2025-11-13 08:42:20,105 - biometric_gesture_system - WARNING - [system_manager.py:737] -    Retornando lista vacía - entrena las redes primero
2025-11-13 08:43:20,403 - biometric_gesture_system - INFO - [system_manager.py:726] - Total usuarios en sistema: 1
2025-11-13 08:43:20,407 - biometric_gesture_system - INFO - [system_manager.py:728] -    - Gabriela Salazar (ID: user_gabriela_1762882140832_800f8527)
2025-11-13 08:43:20,407 - biometric_gesture_system - WARNING - [system_manager.py:735] - ❌ No existe archivo de tracking (last_training.json)
2025-11-13 08:43:20,407 - biometric_gesture_system - WARNING - [system_manager.py:736] -    No se puede determinar qué usuarios están entrenados
2025-11-13 08:43:20,407 - biometric_gesture_system - WARNING - [system_manager.py:737] -    Retornando lista vacía - entrena las redes primero
2025-11-13 08:44:20,401 - biometric_gesture_system - INFO - [system_manager.py:726] - Total usuarios en sistema: 1
2025-11-13 08:44:20,402 - biometric_gesture_system - INFO - [system_manager.py:728] -    - Gabriela Salazar (ID: user_gabriela_1762882140832_800f8527)
2025-11-13 08:44:20,402 - biometric_gesture_system - WARNING - [system_manager.py:735] - ❌ No existe archivo de tracking (last_training.json)
2025-11-13 08:44:20,402 - biometric_gesture_system - WARNING - [system_manager.py:736] -    No se puede determinar qué usuarios están entrenados
2025-11-13 08:44:20,402 - biometric_gesture_system - WARNING - [system_manager.py:737] -    Retornando lista vacía - entrena las redes primero
2025-11-13 08:45:20,409 - biometric_gesture_system - INFO - [system_manager.py:726] - Total usuarios en sistema: 1
2025-11-13 08:45:20,409 - biometric_gesture_system - INFO - [system_manager.py:728] -    - Gabriela Salazar (ID: user_gabriela_1762882140832_800f8527)
2025-11-13 08:45:20,409 - biometric_gesture_system - WARNING - [system_manager.py:735] - ❌ No existe archivo de tracking (last_training.json)
2025-11-13 08:45:20,409 - biometric_gesture_system - WARNING - [system_manager.py:736] -    No se puede determinar qué usuarios están entrenados
2025-11-13 08:45:20,409 - biometric_gesture_system - WARNING - [system_manager.py:737] -    Retornando lista vacía - entrena las redes primero
2025-11-13 08:46:20,400 - biometric_gesture_system - INFO - [system_manager.py:726] - Total usuarios en sistema: 1
2025-11-13 08:46:20,400 - biometric_gesture_system - INFO - [system_manager.py:728] -    - Gabriela Salazar (ID: user_gabriela_1762882140832_800f8527)
2025-11-13 08:46:20,400 - biometric_gesture_system - WARNING - [system_manager.py:735] - ❌ No existe archivo de tracking (last_training.json)
2025-11-13 08:46:20,400 - biometric_gesture_system - WARNING - [system_manager.py:736] -    No se puede determinar qué usuarios están entrenados
2025-11-13 08:46:20,400 - biometric_gesture_system - WARNING - [system_manager.py:737] -    Retornando lista vacía - entrena las redes primero
2025-11-13 08:47:20,415 - biometric_gesture_system - INFO - [system_manager.py:726] - Total usuarios en sistema: 1
2025-11-13 08:47:20,415 - biometric_gesture_system - INFO - [system_manager.py:728] -    - Gabriela Salazar (ID: user_gabriela_1762882140832_800f8527)
2025-11-13 08:47:20,415 - biometric_gesture_system - WARNING - [system_manager.py:735] - ❌ No existe archivo de tracking (last_training.json)
2025-11-13 08:47:20,415 - biometric_gesture_system - WARNING - [system_manager.py:736] -    No se puede determinar qué usuarios están entrenados
2025-11-13 08:47:20,415 - biometric_gesture_system - WARNING - [system_manager.py:737] -    Retornando lista vacía - entrena las redes primero
2025-11-13 08:48:20,420 - biometric_gesture_system - INFO - [system_manager.py:726] - Total usuarios en sistema: 1
2025-11-13 08:48:20,420 - biometric_gesture_system - INFO - [system_manager.py:728] -    - Gabriela Salazar (ID: user_gabriela_1762882140832_800f8527)
2025-11-13 08:48:20,420 - biometric_gesture_system - WARNING - [system_manager.py:735] - ❌ No existe archivo de tracking (last_training.json)
2025-11-13 08:48:20,420 - biometric_gesture_system - WARNING - [system_manager.py:736] -    No se puede determinar qué usuarios están entrenados
2025-11-13 08:48:20,420 - biometric_gesture_system - WARNING - [system_manager.py:737] -    Retornando lista vacía - entrena las redes primero
2025-11-13 08:49:20,417 - biometric_gesture_system - INFO - [system_manager.py:726] - Total usuarios en sistema: 1
2025-11-13 08:49:20,417 - biometric_gesture_system - INFO - [system_manager.py:728] -    - Gabriela Salazar (ID: user_gabriela_1762882140832_800f8527)
2025-11-13 08:49:20,417 - biometric_gesture_system - WARNING - [system_manager.py:735] - ❌ No existe archivo de tracking (last_training.json)
2025-11-13 08:49:20,418 - biometric_gesture_system - WARNING - [system_manager.py:736] -    No se puede determinar qué usuarios están entrenados
2025-11-13 08:49:20,418 - biometric_gesture_system - WARNING - [system_manager.py:737] -    Retornando lista vacía - entrena las redes primero
2025-11-13 08:50:20,407 - biometric_gesture_system - INFO - [system_manager.py:726] - Total usuarios en sistema: 1
2025-11-13 08:50:20,407 - biometric_gesture_system - INFO - [system_manager.py:728] -    - Gabriela Salazar (ID: user_gabriela_1762882140832_800f8527)
2025-11-13 08:50:20,407 - biometric_gesture_system - WARNING - [system_manager.py:735] - ❌ No existe archivo de tracking (last_training.json)
2025-11-13 08:50:20,407 - biometric_gesture_system - WARNING - [system_manager.py:736] -    No se puede determinar qué usuarios están entrenados
2025-11-13 08:50:20,407 - biometric_gesture_system - WARNING - [system_manager.py:737] -    Retornando lista vacía - entrena las redes primero
2025-11-13 08:51:20,412 - biometric_gesture_system - INFO - [system_manager.py:726] - Total usuarios en sistema: 1
2025-11-13 08:51:20,412 - biometric_gesture_system - INFO - [system_manager.py:728] -    - Gabriela Salazar (ID: user_gabriela_1762882140832_800f8527)
2025-11-13 08:51:20,412 - biometric_gesture_system - WARNING - [system_manager.py:735] - ❌ No existe archivo de tracking (last_training.json)
2025-11-13 08:51:20,412 - biometric_gesture_system - WARNING - [system_manager.py:736] -    No se puede determinar qué usuarios están entrenados
2025-11-13 08:51:20,412 - biometric_gesture_system - WARNING - [system_manager.py:737] -    Retornando lista vacía - entrena las redes primero
2025-11-13 08:52:20,404 - biometric_gesture_system - INFO - [system_manager.py:726] - Total usuarios en sistema: 1
2025-11-13 08:52:20,404 - biometric_gesture_system - INFO - [system_manager.py:728] -    - Gabriela Salazar (ID: user_gabriela_1762882140832_800f8527)
2025-11-13 08:52:20,404 - biometric_gesture_system - WARNING - [system_manager.py:735] - ❌ No existe archivo de tracking (last_training.json)
2025-11-13 08:52:20,404 - biometric_gesture_system - WARNING - [system_manager.py:736] -    No se puede determinar qué usuarios están entrenados
2025-11-13 08:52:20,404 - biometric_gesture_system - WARNING - [system_manager.py:737] -    Retornando lista vacía - entrena las redes primero
2025-11-13 08:53:20,100 - biometric_gesture_system - INFO - [system_manager.py:726] - Total usuarios en sistema: 1
2025-11-13 08:53:20,101 - biometric_gesture_system - INFO - [system_manager.py:728] -    - Gabriela Salazar (ID: user_gabriela_1762882140832_800f8527)
2025-11-13 08:53:20,101 - biometric_gesture_system - WARNING - [system_manager.py:735] - ❌ No existe archivo de tracking (last_training.json)
2025-11-13 08:53:20,101 - biometric_gesture_system - WARNING - [system_manager.py:736] -    No se puede determinar qué usuarios están entrenados
2025-11-13 08:53:20,101 - biometric_gesture_system - WARNING - [system_manager.py:737] -    Retornando lista vacía - entrena las redes primero
2025-11-13 08:54:20,094 - biometric_gesture_system - INFO - [system_manager.py:726] - Total usuarios en sistema: 1
2025-11-13 08:54:20,098 - biometric_gesture_system - INFO - [system_manager.py:728] -    - Gabriela Salazar (ID: user_gabriela_1762882140832_800f8527)
2025-11-13 08:54:20,098 - biometric_gesture_system - WARNING - [system_manager.py:735] - ❌ No existe archivo de tracking (last_training.json)
2025-11-13 08:54:20,098 - biometric_gesture_system - WARNING - [system_manager.py:736] -    No se puede determinar qué usuarios están entrenados
2025-11-13 08:54:20,098 - biometric_gesture_system - WARNING - [system_manager.py:737] -    Retornando lista vacía - entrena las redes primero
2025-11-13 08:55:20,472 - biometric_gesture_system - INFO - [system_manager.py:726] - Total usuarios en sistema: 1
2025-11-13 08:55:20,474 - biometric_gesture_system - INFO - [system_manager.py:728] -    - Gabriela Salazar (ID: user_gabriela_1762882140832_800f8527)
2025-11-13 08:55:20,474 - biometric_gesture_system - WARNING - [system_manager.py:735] - ❌ No existe archivo de tracking (last_training.json)
2025-11-13 08:55:20,474 - biometric_gesture_system - WARNING - [system_manager.py:736] -    No se puede determinar qué usuarios están entrenados
2025-11-13 08:55:20,474 - biometric_gesture_system - WARNING - [system_manager.py:737] -    Retornando lista vacía - entrena las redes primero
2025-11-13 08:56:20,973 - biometric_gesture_system - INFO - [system_manager.py:726] - Total usuarios en sistema: 1
2025-11-13 08:56:20,973 - biometric_gesture_system - INFO - [system_manager.py:728] -    - Gabriela Salazar (ID: user_gabriela_1762882140832_800f8527)
2025-11-13 08:56:20,973 - biometric_gesture_system - WARNING - [system_manager.py:735] - ❌ No existe archivo de tracking (last_training.json)
2025-11-13 08:56:20,973 - biometric_gesture_system - WARNING - [system_manager.py:736] -    No se puede determinar qué usuarios están entrenados
2025-11-13 08:56:20,973 - biometric_gesture_system - WARNING - [system_manager.py:737] -    Retornando lista vacía - entrena las redes primero
2025-11-13 08:57:22,375 - biometric_gesture_system - INFO - [system_manager.py:726] - Total usuarios en sistema: 1
2025-11-13 08:57:22,375 - biometric_gesture_system - INFO - [system_manager.py:728] -    - Gabriela Salazar (ID: user_gabriela_1762882140832_800f8527)
2025-11-13 08:57:22,375 - biometric_gesture_system - WARNING - [system_manager.py:735] - ❌ No existe archivo de tracking (last_training.json)
2025-11-13 08:57:22,375 - biometric_gesture_system - WARNING - [system_manager.py:736] -    No se puede determinar qué usuarios están entrenados
2025-11-13 08:57:22,375 - biometric_gesture_system - WARNING - [system_manager.py:737] -    Retornando lista vacía - entrena las redes primero
2025-11-13 09:16:35,375 - biometric_gesture_system - INFO - [system_manager.py:726] - Total usuarios en sistema: 1
2025-11-13 09:16:35,375 - biometric_gesture_system - INFO - [system_manager.py:728] -    - Gabriela Salazar (ID: user_gabriela_1762882140832_800f8527)
2025-11-13 09:16:35,376 - biometric_gesture_system - WARNING - [system_manager.py:735] - ❌ No existe archivo de tracking (last_training.json)
2025-11-13 09:16:35,376 - biometric_gesture_system - WARNING - [system_manager.py:736] -    No se puede determinar qué usuarios están entrenados
2025-11-13 09:16:35,377 - biometric_gesture_system - WARNING - [system_manager.py:737] -    Retornando lista vacía - entrena las redes primero
2025-11-13 09:16:42,425 - biometric_gesture_system - INFO - [system_manager.py:726] - Total usuarios en sistema: 1
2025-11-13 09:16:42,425 - biometric_gesture_system - INFO - [system_manager.py:728] -    - Gabriela Salazar (ID: user_gabriela_1762882140832_800f8527)
2025-11-13 09:16:42,426 - biometric_gesture_system - WARNING - [system_manager.py:735] - ❌ No existe archivo de tracking (last_training.json)
2025-11-13 09:16:42,426 - biometric_gesture_system - WARNING - [system_manager.py:736] -    No se puede determinar qué usuarios están entrenados
2025-11-13 09:16:42,427 - biometric_gesture_system - WARNING - [system_manager.py:737] -    Retornando lista vacía - entrena las redes primero
2025-11-13 09:16:45,090 - biometric_gesture_system - INFO - [system_manager.py:726] - Total usuarios en sistema: 1
2025-11-13 09:16:45,091 - biometric_gesture_system - INFO - [system_manager.py:728] -    - Gabriela Salazar (ID: user_gabriela_1762882140832_800f8527)
2025-11-13 09:16:45,091 - biometric_gesture_system - WARNING - [system_manager.py:735] - ❌ No existe archivo de tracking (last_training.json)
2025-11-13 09:16:45,092 - biometric_gesture_system - WARNING - [system_manager.py:736] -    No se puede determinar qué usuarios están entrenados
2025-11-13 09:16:45,092 - biometric_gesture_system - WARNING - [system_manager.py:737] -    Retornando lista vacía - entrena las redes primero
2025-11-13 09:16:50,428 - biometric_gesture_system - INFO - [system_manager.py:726] - Total usuarios en sistema: 1
2025-11-13 09:16:50,428 - biometric_gesture_system - INFO - [system_manager.py:728] -    - Gabriela Salazar (ID: user_gabriela_1762882140832_800f8527)
2025-11-13 09:16:50,429 - biometric_gesture_system - WARNING - [system_manager.py:735] - ❌ No existe archivo de tracking (last_training.json)
2025-11-13 09:16:50,430 - biometric_gesture_system - WARNING - [system_manager.py:736] -    No se puede determinar qué usuarios están entrenados
2025-11-13 09:16:50,430 - biometric_gesture_system - WARNING - [system_manager.py:737] -    Retornando lista vacía - entrena las redes primero
2025-11-13 09:16:58,438 - biometric_gesture_system - INFO - [system_manager.py:726] - Total usuarios en sistema: 1
2025-11-13 09:16:58,438 - biometric_gesture_system - INFO - [system_manager.py:728] -    - Gabriela Salazar (ID: user_gabriela_1762882140832_800f8527)
2025-11-13 09:16:58,439 - biometric_gesture_system - WARNING - [system_manager.py:735] - ❌ No existe archivo de tracking (last_training.json)
2025-11-13 09:16:58,439 - biometric_gesture_system - WARNING - [system_manager.py:736] -    No se puede determinar qué usuarios están entrenados
2025-11-13 09:16:58,440 - biometric_gesture_system - WARNING - [system_manager.py:737] -    Retornando lista vacía - entrena las redes primero
2025-11-13 09:17:00,111 - biometric_gesture_system - INFO - [system_manager.py:726] - Total usuarios en sistema: 1
2025-11-13 09:17:00,111 - biometric_gesture_system - INFO - [system_manager.py:728] -    - Gabriela Salazar (ID: user_gabriela_1762882140832_800f8527)
2025-11-13 09:17:00,111 - biometric_gesture_system - WARNING - [system_manager.py:735] - ❌ No existe archivo de tracking (last_training.json)
2025-11-13 09:17:00,112 - biometric_gesture_system - WARNING - [system_manager.py:736] -    No se puede determinar qué usuarios están entrenados
2025-11-13 09:17:00,112 - biometric_gesture_system - WARNING - [system_manager.py:737] -    Retornando lista vacía - entrena las redes primero
2025-11-13 09:17:05,409 - biometric_gesture_system - INFO - [system_manager.py:726] - Total usuarios en sistema: 1
2025-11-13 09:17:05,410 - biometric_gesture_system - INFO - [system_manager.py:728] -    - Gabriela Salazar (ID: user_gabriela_1762882140832_800f8527)
2025-11-13 09:17:05,411 - biometric_gesture_system - WARNING - [system_manager.py:735] - ❌ No existe archivo de tracking (last_training.json)
2025-11-13 09:17:05,411 - biometric_gesture_system - WARNING - [system_manager.py:736] -    No se puede determinar qué usuarios están entrenados
2025-11-13 09:17:05,412 - biometric_gesture_system - WARNING - [system_manager.py:737] -    Retornando lista vacía - entrena las redes primero
2025-11-13 09:17:11,402 - biometric_gesture_system - INFO - [system_manager.py:726] - Total usuarios en sistema: 1
2025-11-13 09:17:11,404 - biometric_gesture_system - INFO - [system_manager.py:728] -    - Gabriela Salazar (ID: user_gabriela_1762882140832_800f8527)
2025-11-13 09:17:11,405 - biometric_gesture_system - WARNING - [system_manager.py:735] - ❌ No existe archivo de tracking (last_training.json)
2025-11-13 09:17:11,405 - biometric_gesture_system - WARNING - [system_manager.py:736] -    No se puede determinar qué usuarios están entrenados
2025-11-13 09:17:11,406 - biometric_gesture_system - WARNING - [system_manager.py:737] -    Retornando lista vacía - entrena las redes primero
2025-11-13 09:17:15,109 - biometric_gesture_system - INFO - [system_manager.py:726] - Total usuarios en sistema: 1
2025-11-13 09:17:15,109 - biometric_gesture_system - INFO - [system_manager.py:728] -    - Gabriela Salazar (ID: user_gabriela_1762882140832_800f8527)
2025-11-13 09:17:15,110 - biometric_gesture_system - WARNING - [system_manager.py:735] - ❌ No existe archivo de tracking (last_training.json)
2025-11-13 09:17:15,111 - biometric_gesture_system - WARNING - [system_manager.py:736] -    No se puede determinar qué usuarios están entrenados
2025-11-13 09:17:15,111 - biometric_gesture_system - WARNING - [system_manager.py:737] -    Retornando lista vacía - entrena las redes primero
2025-11-13 09:17:25,418 - biometric_gesture_system - INFO - [system_manager.py:726] - Total usuarios en sistema: 1
2025-11-13 09:17:25,419 - biometric_gesture_system - INFO - [system_manager.py:728] -    - Gabriela Salazar (ID: user_gabriela_1762882140832_800f8527)
2025-11-13 09:17:25,419 - biometric_gesture_system - WARNING - [system_manager.py:735] - ❌ No existe archivo de tracking (last_training.json)
2025-11-13 09:17:25,420 - biometric_gesture_system - WARNING - [system_manager.py:736] -    No se puede determinar qué usuarios están entrenados
2025-11-13 09:17:25,420 - biometric_gesture_system - WARNING - [system_manager.py:737] -    Retornando lista vacía - entrena las redes primero
2025-11-13 09:17:30,916 - biometric_gesture_system - INFO - [system_manager.py:726] - Total usuarios en sistema: 1
2025-11-13 09:17:30,916 - biometric_gesture_system - INFO - [system_manager.py:728] -    - Gabriela Salazar (ID: user_gabriela_1762882140832_800f8527)
2025-11-13 09:17:30,916 - biometric_gesture_system - WARNING - [system_manager.py:735] - ❌ No existe archivo de tracking (last_training.json)
2025-11-13 09:17:30,918 - biometric_gesture_system - WARNING - [system_manager.py:736] -    No se puede determinar qué usuarios están entrenados
2025-11-13 09:17:30,918 - biometric_gesture_system - WARNING - [system_manager.py:737] -    Retornando lista vacía - entrena las redes primero
