2025-12-02 11:27:13,396 - biometric_gesture_system - INFO - [config_manager.py:504] - Validación de configuración: ✓ EXITOSA
2025-12-02 11:27:13,397 - biometric_gesture_system - INFO - [config_manager.py:317] - ================================================================================
2025-12-02 11:27:13,397 - biometric_gesture_system - INFO - [config_manager.py:318] - SISTEMA BIOMÉTRICO DE GESTOS DE MANOS - CONFIG MANAGER INICIALIZADO
2025-12-02 11:27:13,397 - biometric_gesture_system - INFO - [config_manager.py:319] - ================================================================================
2025-12-02 11:27:13,398 - biometric_gesture_system - INFO - [config_manager.py:320] - Configuración cargada desde: biometric_config.json
2025-12-02 11:27:13,398 - biometric_gesture_system - INFO - [config_manager.py:321] - Muestras por gesto: 7
2025-12-02 11:27:13,398 - biometric_gesture_system - INFO - [config_manager.py:322] - Gestos por usuario: 3
2025-12-02 11:27:13,400 - biometric_gesture_system - INFO - [config_manager.py:323] - Umbral confianza mano: 0.9
2025-12-02 11:27:13,400 - biometric_gesture_system - INFO - [config_manager.py:324] - Umbral confianza gesto: 0.6
2025-12-02 11:27:13,400 - biometric_gesture_system - INFO - [config_manager.py:325] - Resolución cámara: 1280x720
2025-12-02 11:27:13,400 - biometric_gesture_system - INFO - [config_manager.py:326] - Directorios creados: 11 rutas configuradas
2025-12-02 11:27:13,400 - biometric_gesture_system - INFO - [config_manager.py:327] - ================================================================================
2025-12-02 11:27:13,944 - biometric_gesture_system - INFO - [config_manager.py:630] - ======================================================================
2025-12-02 11:27:13,945 - biometric_gesture_system - INFO - [config_manager.py:630] - ROI NORMALIZATION SYSTEM INICIALIZADO
2025-12-02 11:27:13,945 - biometric_gesture_system - INFO - [config_manager.py:630] -   ✓ Resolución mínima: 150px
2025-12-02 11:27:13,945 - biometric_gesture_system - INFO - [config_manager.py:630] -   ✓ Resolución máxima: 600px
2025-12-02 11:27:13,945 - biometric_gesture_system - INFO - [config_manager.py:630] -   ✓ Tamaño normalizado: (224, 224)
2025-12-02 11:27:13,946 - biometric_gesture_system - INFO - [config_manager.py:630] -   ✓ Padding: 15%
2025-12-02 11:27:13,946 - biometric_gesture_system - INFO - [config_manager.py:630] -   ✓ Sharpening: ACTIVADO
2025-12-02 11:27:13,946 - biometric_gesture_system - INFO - [config_manager.py:630] - ======================================================================
2025-12-02 11:27:13,946 - biometric_gesture_system - INFO - [visual_feedback.py:62] - ======================================================================
2025-12-02 11:27:13,948 - biometric_gesture_system - INFO - [visual_feedback.py:63] - VISUAL FEEDBACK MANAGER INICIALIZADO
2025-12-02 11:27:13,948 - biometric_gesture_system - INFO - [visual_feedback.py:64] -   ✓ 5 niveles de feedback configurados
2025-12-02 11:27:13,948 - biometric_gesture_system - INFO - [visual_feedback.py:65] -   ✓ Colores BGR definidos
2025-12-02 11:27:13,948 - biometric_gesture_system - INFO - [visual_feedback.py:66] -   ✓ Sistema de priorización activo
2025-12-02 11:27:13,948 - biometric_gesture_system - INFO - [visual_feedback.py:67] - ======================================================================
2025-12-02 11:27:14,418 - biometric_gesture_system - ERROR - [system_manager.py:362] - ❌ Error en componentes básicos: 'BiometricDatabase' object has no attribute '_load_database'
Traceback (most recent call last):
  File "C:\Users\USER\Documents\biometric-gesture-system\backend\app\core\system_manager.py", line 312, in _initialize_real_basic_components
    self.database = get_biometric_database()
                    ^^^^^^^^^^^^^^^^^^^^^^^^
  File "C:\Users\USER\Documents\biometric-gesture-system\backend\app\core\biometric_database.py", line 4320, in get_biometric_database
    _biometric_db_instance = BiometricDatabase(db_path)
                             ^^^^^^^^^^^^^^^^^^^^^^^^^^
  File "C:\Users\USER\Documents\biometric-gesture-system\backend\app\core\biometric_database.py", line 646, in __init__
    self._load_database()
    ^^^^^^^^^^^^^^^^^^^
AttributeError: 'BiometricDatabase' object has no attribute '_load_database'
2025-12-02 11:27:14,418 - biometric_gesture_system - ERROR - [system_manager.py:223] - ❌ Error inicializando sistema biométrico
2025-12-02 11:27:14,418 - biometric_gesture_system - ERROR - [system_manager.py:224] - Detalle del error: Error en Nivel 1 (Componentes Básicos)
