2025-10-23 20:57:20,294 - biometric_gesture_system - INFO - [config_manager.py:504] - Validación de configuración: ✓ EXITOSA
2025-10-23 20:57:20,294 - biometric_gesture_system - INFO - [config_manager.py:317] - ================================================================================
2025-10-23 20:57:20,294 - biometric_gesture_system - INFO - [config_manager.py:318] - SISTEMA BIOMÉTRICO DE GESTOS DE MANOS - CONFIG MANAGER INICIALIZADO
2025-10-23 20:57:20,294 - biometric_gesture_system - INFO - [config_manager.py:319] - ================================================================================
2025-10-23 20:57:20,297 - biometric_gesture_system - INFO - [config_manager.py:320] - Configuración cargada desde: biometric_config.json
2025-10-23 20:57:20,297 - biometric_gesture_system - INFO - [config_manager.py:321] - Muestras por gesto: 7
2025-10-23 20:57:20,297 - biometric_gesture_system - INFO - [config_manager.py:322] - Gestos por usuario: 3
2025-10-23 20:57:20,297 - biometric_gesture_system - INFO - [config_manager.py:323] - Umbral confianza mano: 0.9
2025-10-23 20:57:20,297 - biometric_gesture_system - INFO - [config_manager.py:324] - Umbral confianza gesto: 0.6
2025-10-23 20:57:20,297 - biometric_gesture_system - INFO - [config_manager.py:325] - Resolución cámara: 1280x720
2025-10-23 20:57:20,298 - biometric_gesture_system - INFO - [config_manager.py:326] - Directorios creados: 11 rutas configuradas
2025-10-23 20:57:20,298 - biometric_gesture_system - INFO - [config_manager.py:327] - ================================================================================
2025-10-23 20:57:20,524 - biometric_gesture_system - INFO - [config_manager.py:630] - ======================================================================
2025-10-23 20:57:20,525 - biometric_gesture_system - INFO - [config_manager.py:630] - ROI NORMALIZATION SYSTEM INICIALIZADO
2025-10-23 20:57:20,525 - biometric_gesture_system - INFO - [config_manager.py:630] -   ✓ Resolución mínima: 150px
2025-10-23 20:57:20,525 - biometric_gesture_system - INFO - [config_manager.py:630] -   ✓ Resolución máxima: 600px
2025-10-23 20:57:20,525 - biometric_gesture_system - INFO - [config_manager.py:630] -   ✓ Tamaño normalizado: (224, 224)
2025-10-23 20:57:20,525 - biometric_gesture_system - INFO - [config_manager.py:630] -   ✓ Padding: 15%
2025-10-23 20:57:20,526 - biometric_gesture_system - INFO - [config_manager.py:630] -   ✓ Sharpening: ACTIVADO
2025-10-23 20:57:20,526 - biometric_gesture_system - INFO - [config_manager.py:630] - ======================================================================
2025-10-23 20:57:20,526 - biometric_gesture_system - INFO - [visual_feedback.py:62] - ======================================================================
2025-10-23 20:57:20,526 - biometric_gesture_system - INFO - [visual_feedback.py:63] - VISUAL FEEDBACK MANAGER INICIALIZADO
2025-10-23 20:57:20,526 - biometric_gesture_system - INFO - [visual_feedback.py:64] -   ✓ 5 niveles de feedback configurados
2025-10-23 20:57:20,528 - biometric_gesture_system - INFO - [visual_feedback.py:65] -   ✓ Colores BGR definidos
2025-10-23 20:57:20,528 - biometric_gesture_system - INFO - [visual_feedback.py:66] -   ✓ Sistema de priorización activo
2025-10-23 20:57:20,528 - biometric_gesture_system - INFO - [visual_feedback.py:67] - ======================================================================
2025-10-23 20:57:20,528 - biometric_gesture_system - INFO - [system_manager.py:135] - ================================================================================
2025-10-23 20:57:20,528 - biometric_gesture_system - INFO - [system_manager.py:136] - BiometricSystemManager v2.0.0 Real Edition Iniciado
2025-10-23 20:57:20,529 - biometric_gesture_system - INFO - [system_manager.py:137] - Arquitectura: 15 Módulos + Main | 4 Capas Funcionales
2025-10-23 20:57:20,529 - biometric_gesture_system - INFO - [system_manager.py:138] - Características: Redes siamesas, fusión multimodal, templates biométricos
2025-10-23 20:57:20,529 - biometric_gesture_system - INFO - [system_manager.py:139] - ================================================================================
2025-10-23 20:57:20,529 - biometric_gesture_system - INFO - [system_manager.py:191] - 
================================================================================
2025-10-23 20:57:20,530 - biometric_gesture_system - INFO - [system_manager.py:192] - INICIANDO INICIALIZACIÓN PROGRESIVA DEL SISTEMA
2025-10-23 20:57:20,530 - biometric_gesture_system - INFO - [system_manager.py:193] - ================================================================================
2025-10-23 20:57:20,530 - biometric_gesture_system - INFO - [system_manager.py:153] - VERIFICANDO MÓDULOS DEL SISTEMA...
2025-10-23 20:57:20,530 - biometric_gesture_system - INFO - [system_manager.py:154] - ================================================================================
2025-10-23 20:57:20,531 - biometric_gesture_system - INFO - [system_manager.py:163] - ✅ ConfigManager
2025-10-23 20:57:20,531 - biometric_gesture_system - INFO - [system_manager.py:163] - ✅ CameraManager
2025-10-23 20:57:20,531 - biometric_gesture_system - INFO - [system_manager.py:163] - ✅ MediaPipeProcessor
2025-10-23 20:57:20,531 - biometric_gesture_system - INFO - [system_manager.py:163] - ✅ QualityValidator
2025-10-23 20:57:20,532 - biometric_gesture_system - INFO - [system_manager.py:163] - ✅ ReferenceAreaManager
2025-10-23 20:57:20,532 - biometric_gesture_system - INFO - [system_manager.py:163] - ✅ AnatomicalFeaturesExtractor
2025-10-23 20:57:20,532 - biometric_gesture_system - INFO - [system_manager.py:163] - ✅ RealDynamicFeaturesExtractor
2025-10-23 20:57:20,532 - biometric_gesture_system - INFO - [system_manager.py:163] - ✅ SequenceManager
2025-10-23 20:57:20,532 - biometric_gesture_system - INFO - [system_manager.py:163] - ✅ RealSiameseAnatomicalNetwork
2025-10-23 20:57:20,532 - biometric_gesture_system - INFO - [system_manager.py:163] - ✅ RealSiameseDynamicNetwork
2025-10-23 20:57:20,533 - biometric_gesture_system - INFO - [system_manager.py:163] - ✅ RealFeaturePreprocessor
2025-10-23 20:57:20,533 - biometric_gesture_system - INFO - [system_manager.py:163] - ✅ RealScoreFusionSystem
2025-10-23 20:57:20,533 - biometric_gesture_system - INFO - [system_manager.py:163] - ✅ BiometricDatabase
2025-10-23 20:57:20,533 - biometric_gesture_system - INFO - [system_manager.py:163] - ✅ RealEnrollmentSystem
2025-10-23 20:57:20,533 - biometric_gesture_system - INFO - [system_manager.py:163] - ✅ RealAuthenticationSystem
2025-10-23 20:57:20,533 - biometric_gesture_system - INFO - [system_manager.py:173] - 
✅ TODOS LOS 15 MÓDULOS DISPONIBLES
2025-10-23 20:57:20,533 - biometric_gesture_system - INFO - [system_manager.py:179] - ================================================================================
2025-10-23 20:57:20,533 - biometric_gesture_system - INFO - [system_manager.py:205] - 
NIVEL 1: Inicializando Componentes Básicos
2025-10-23 20:57:20,533 - biometric_gesture_system - INFO - [system_manager.py:206] - --------------------------------------------------------------------------------
2025-10-23 20:57:20,533 - biometric_gesture_system - INFO - [system_manager.py:283] - Inicializando Base de Datos...
2025-10-23 20:57:21,306 - biometric_gesture_system - INFO - [system_manager.py:293] - ✅ Base de datos lista: 1 usuarios registrados
2025-10-23 20:57:21,332 - biometric_gesture_system - INFO - [system_manager.py:213] - ✅ NIVEL 1 COMPLETADO: Componentes básicos listos

2025-10-23 20:57:21,332 - biometric_gesture_system - INFO - [system_manager.py:218] - NIVEL 2: Inicializando Extractores de Características
2025-10-23 20:57:21,332 - biometric_gesture_system - INFO - [system_manager.py:219] - --------------------------------------------------------------------------------
