2025-11-23 19:51:06,132 - biometric_gesture_system - INFO - [config_manager.py:504] - Validación de configuración: ✓ EXITOSA
2025-11-23 19:51:06,134 - biometric_gesture_system - INFO - [config_manager.py:317] - ================================================================================
2025-11-23 19:51:06,134 - biometric_gesture_system - INFO - [config_manager.py:318] - SISTEMA BIOMÉTRICO DE GESTOS DE MANOS - CONFIG MANAGER INICIALIZADO
2025-11-23 19:51:06,134 - biometric_gesture_system - INFO - [config_manager.py:319] - ================================================================================
2025-11-23 19:51:06,134 - biometric_gesture_system - INFO - [config_manager.py:320] - Configuración cargada desde: biometric_config.json
2025-11-23 19:51:06,134 - biometric_gesture_system - INFO - [config_manager.py:321] - Muestras por gesto: 7
2025-11-23 19:51:06,134 - biometric_gesture_system - INFO - [config_manager.py:322] - Gestos por usuario: 3
2025-11-23 19:51:06,134 - biometric_gesture_system - INFO - [config_manager.py:323] - Umbral confianza mano: 0.9
2025-11-23 19:51:06,134 - biometric_gesture_system - INFO - [config_manager.py:324] - Umbral confianza gesto: 0.6
2025-11-23 19:51:06,134 - biometric_gesture_system - INFO - [config_manager.py:325] - Resolución cámara: 1280x720
2025-11-23 19:51:06,134 - biometric_gesture_system - INFO - [config_manager.py:326] - Directorios creados: 11 rutas configuradas
2025-11-23 19:51:06,134 - biometric_gesture_system - INFO - [config_manager.py:327] - ================================================================================
2025-11-23 19:51:06,647 - biometric_gesture_system - INFO - [config_manager.py:630] - ======================================================================
2025-11-23 19:51:06,647 - biometric_gesture_system - INFO - [config_manager.py:630] - ROI NORMALIZATION SYSTEM INICIALIZADO
2025-11-23 19:51:06,647 - biometric_gesture_system - INFO - [config_manager.py:630] -   ✓ Resolución mínima: 150px
2025-11-23 19:51:06,647 - biometric_gesture_system - INFO - [config_manager.py:630] -   ✓ Resolución máxima: 600px
2025-11-23 19:51:06,647 - biometric_gesture_system - INFO - [config_manager.py:630] -   ✓ Tamaño normalizado: (224, 224)
2025-11-23 19:51:06,647 - biometric_gesture_system - INFO - [config_manager.py:630] -   ✓ Padding: 15%
2025-11-23 19:51:06,647 - biometric_gesture_system - INFO - [config_manager.py:630] -   ✓ Sharpening: ACTIVADO
2025-11-23 19:51:06,647 - biometric_gesture_system - INFO - [config_manager.py:630] - ======================================================================
2025-11-23 19:51:06,647 - biometric_gesture_system - INFO - [visual_feedback.py:62] - ======================================================================
2025-11-23 19:51:06,647 - biometric_gesture_system - INFO - [visual_feedback.py:63] - VISUAL FEEDBACK MANAGER INICIALIZADO
2025-11-23 19:51:06,647 - biometric_gesture_system - INFO - [visual_feedback.py:64] -   ✓ 5 niveles de feedback configurados
2025-11-23 19:51:06,647 - biometric_gesture_system - INFO - [visual_feedback.py:65] -   ✓ Colores BGR definidos
2025-11-23 19:51:06,647 - biometric_gesture_system - INFO - [visual_feedback.py:66] -   ✓ Sistema de priorización activo
2025-11-23 19:51:06,647 - biometric_gesture_system - INFO - [visual_feedback.py:67] - ======================================================================
2025-11-23 19:51:23,244 - biometric_gesture_system - WARNING - [config_manager.py:349] - Clave de configuración no encontrada: roi_normalization.enabled, usando default: True
2025-11-23 19:51:23,244 - biometric_gesture_system - WARNING - [config_manager.py:349] - Clave de configuración no encontrada: roi_normalization.enabled, usando default: True
2025-11-23 19:51:23,244 - biometric_gesture_system - WARNING - [config_manager.py:349] - Clave de configuración no encontrada: roi_normalization.use_single_area, usando default: True
2025-11-23 19:51:23,244 - biometric_gesture_system - WARNING - [config_manager.py:349] - Clave de configuración no encontrada: biometric.dynamic_features, usando default: {'min_transition_frames': 8, 'max_transition_frames': 40, 'gesture_stability_threshold': 5, 'velocity_smoothing_window': 3, 'min_movement_threshold': 0.005, 'transition_detection_sensitivity': 0.85, 'temporal_downsampling': 1, 'normalize_temporal_features': True, 'use_3d_trajectories': True, 'velocity_threshold_percentile': 75, 'acceleration_smoothing': True, 'jerk_threshold': 0.1, 'minimum_sequence_duration_ms': 200}
2025-11-23 19:51:23,244 - biometric_gesture_system - WARNING - [config_manager.py:349] - Clave de configuración no encontrada: biometric.sequence_management, usando default: {'sequence_length': 3, 'max_sequence_duration': 60.0, 'max_gesture_duration': 15.0, 'min_gesture_confidence': 0.7, 'min_stable_frames': 3, 'gesture_timeout': 10.0, 'sequence_timeout': 45.0, 'max_failed_attempts': 3, 'cooldown_period': 5.0, 'auto_save_sequences': True, 'validation_mode': 'moderate', 'allow_gesture_skipping': False, 'require_exact_order': True, 'enable_adaptive_timeouts': True}
2025-11-23 19:51:23,244 - biometric_gesture_system - WARNING - [config_manager.py:349] - Clave de configuración no encontrada: biometric.enrollment.samples_per_gesture, usando default: 8
2025-11-23 19:51:23,244 - biometric_gesture_system - WARNING - [config_manager.py:349] - Clave de configuración no encontrada: biometric.enrollment.min_confidence, usando default: 0.65
2025-11-23 19:51:23,244 - biometric_gesture_system - WARNING - [config_manager.py:349] - Clave de configuración no encontrada: biometric.enrollment.min_stability_frames, usando default: 8
2025-11-23 19:51:23,244 - biometric_gesture_system - WARNING - [config_manager.py:349] - Clave de configuración no encontrada: biometric.enrollment.require_all_gestures, usando default: True
2025-11-23 19:51:23,248 - biometric_gesture_system - WARNING - [config_manager.py:349] - Clave de configuración no encontrada: biometric.enrollment.sample_timeout, usando default: 120.0
2025-11-23 19:51:23,248 - biometric_gesture_system - WARNING - [config_manager.py:349] - Clave de configuración no encontrada: biometric.enrollment.session_timeout, usando default: 3600.0
2025-11-23 19:51:23,248 - biometric_gesture_system - WARNING - [config_manager.py:349] - Clave de configuración no encontrada: biometric.enrollment.capture_interval, usando default: 0.8
2025-11-23 19:51:23,248 - biometric_gesture_system - WARNING - [config_manager.py:349] - Clave de configuración no encontrada: biometric.enrollment.enable_quality_check, usando default: True
2025-11-23 19:51:23,248 - biometric_gesture_system - WARNING - [config_manager.py:349] - Clave de configuración no encontrada: biometric.enrollment.enable_duplicate_check, usando default: True
2025-11-23 19:51:23,248 - biometric_gesture_system - WARNING - [config_manager.py:349] - Clave de configuración no encontrada: biometric.enrollment.duplicate_threshold, usando default: 0.92
2025-11-23 19:51:23,248 - biometric_gesture_system - WARNING - [config_manager.py:349] - Clave de configuración no encontrada: biometric.enrollment.template_fusion_strategy, usando default: average
2025-11-23 19:51:23,248 - biometric_gesture_system - WARNING - [config_manager.py:349] - Clave de configuración no encontrada: biometric.enrollment.enable_template_optimization, usando default: True
2025-11-23 19:51:23,248 - biometric_gesture_system - WARNING - [config_manager.py:349] - Clave de configuración no encontrada: biometric.enrollment.embedding_dimension_check, usando default: True
2025-11-23 19:51:23,248 - biometric_gesture_system - WARNING - [config_manager.py:349] - Clave de configuración no encontrada: biometric.enrollment.show_preview, usando default: True
2025-11-23 19:51:23,248 - biometric_gesture_system - WARNING - [config_manager.py:349] - Clave de configuración no encontrada: biometric.enrollment.show_quality_feedback, usando default: False
2025-11-23 19:51:23,248 - biometric_gesture_system - WARNING - [config_manager.py:349] - Clave de configuración no encontrada: biometric.enrollment.save_enrollment_video, usando default: False
2025-11-23 19:51:23,250 - biometric_gesture_system - WARNING - [config_manager.py:349] - Clave de configuración no encontrada: biometric.siamese_anatomical, usando default: {'hidden_layers': [128, 64], 'activation': 'relu', 'dropout_rate': 0.2, 'batch_normalization': True, 'l2_regularization': 0.001, 'learning_rate': 0.001, 'batch_size': 32, 'epochs': 100, 'patience': 15, 'validation_split': 0.2, 'min_users_for_training': 2, 'min_samples_per_user': 15, 'max_samples_per_user': 50, 'min_sessions_per_user': 1, 'loss_function': 'contrastive', 'distance_metric': 'euclidean', 'margin': 1.5, 'alpha': 0.2, 'use_stratified_split': True, 'cross_validation_folds': 5, 'threshold_optimization': 'eer', 'quality_threshold': 80.0, 'use_real_augmentation': True, 'temporal_jitter': 0.02, 'noise_from_real_variance': True, 'require_independent_test': True, 'min_test_users': 1, 'performance_monitoring': True}
2025-11-23 19:51:26,321 - biometric_gesture_system - WARNING - [config_manager.py:349] - Clave de configuración no encontrada: biometric.feature_preprocessing, usando default: {'anatomical_normalization': 'robust', 'dynamic_normalization': 'standard', 'normalize_per_user': False, 'balancing_method': 'balanced_subsample', 'target_balance_ratio': 1.0, 'augmentation_strategy': 'moderate', 'augmentation_factor': 1.5, 'cv_folds': 5, 'cv_strategy': 'stratified_user', 'test_size': 0.2, 'validation_size': 0.2, 'outlier_threshold': 3.0, 'min_samples_per_user': 5, 'feature_selection': False, 'variance_threshold': 0.01, 'cache_transformations': True, 'parallel_processing': False, 'random_state': 42, 'stratify_by_user': True}
2025-11-23 19:51:26,321 - biometric_gesture_system - WARNING - [config_manager.py:349] - Clave de configuración no encontrada: biometric.auth.sequence_timeout, usando default: 25.0
2025-11-23 19:51:26,324 - biometric_gesture_system - WARNING - [config_manager.py:349] - Clave de configuración no encontrada: biometric.auth.total_timeout, usando default: 45.0
2025-11-23 19:51:26,324 - biometric_gesture_system - WARNING - [config_manager.py:349] - Clave de configuración no encontrada: biometric.auth.frame_timeout, usando default: 3.0
2025-11-23 19:51:26,324 - biometric_gesture_system - WARNING - [config_manager.py:349] - Clave de configuración no encontrada: biometric.auth.threshold_low, usando default: 0.65
2025-11-23 19:51:26,324 - biometric_gesture_system - WARNING - [config_manager.py:349] - Clave de configuración no encontrada: biometric.auth.threshold_standard, usando default: 0.75
2025-11-23 19:51:26,324 - biometric_gesture_system - WARNING - [config_manager.py:349] - Clave de configuración no encontrada: biometric.auth.threshold_high, usando default: 0.85
2025-11-23 19:51:26,325 - biometric_gesture_system - WARNING - [config_manager.py:349] - Clave de configuración no encontrada: biometric.auth.threshold_maximum, usando default: 0.92
2025-11-23 19:51:26,325 - biometric_gesture_system - WARNING - [config_manager.py:349] - Clave de configuración no encontrada: biometric.auth.require_sequence_completion, usando default: True
2025-11-23 19:51:26,325 - biometric_gesture_system - WARNING - [config_manager.py:349] - Clave de configuración no encontrada: biometric.auth.min_gestures_for_auth, usando default: 2
2025-11-23 19:51:26,325 - biometric_gesture_system - WARNING - [config_manager.py:349] - Clave de configuración no encontrada: biometric.auth.max_attempts_per_session, usando default: 3
2025-11-23 19:51:26,325 - biometric_gesture_system - WARNING - [config_manager.py:349] - Clave de configuración no encontrada: biometric.auth.max_identification_candidates, usando default: 5
2025-11-23 19:51:26,325 - biometric_gesture_system - WARNING - [config_manager.py:349] - Clave de configuración no encontrada: biometric.auth.identification_threshold_factor, usando default: 1.1
2025-11-23 19:51:26,325 - biometric_gesture_system - WARNING - [config_manager.py:349] - Clave de configuración no encontrada: biometric.auth.min_quality_score, usando default: 0.7
2025-11-23 19:51:26,325 - biometric_gesture_system - WARNING - [config_manager.py:349] - Clave de configuración no encontrada: biometric.auth.min_confidence, usando default: 0.65
2025-11-23 19:51:26,325 - biometric_gesture_system - WARNING - [config_manager.py:349] - Clave de configuración no encontrada: biometric.auth.min_stability_frames, usando default: 8
2025-11-23 19:51:26,325 - biometric_gesture_system - WARNING - [config_manager.py:349] - Clave de configuración no encontrada: biometric.auth.score_fusion_strategy, usando default: weighted_average
2025-11-23 19:51:26,327 - biometric_gesture_system - WARNING - [config_manager.py:349] - Clave de configuración no encontrada: biometric.auth.anatomical_weight, usando default: 0.6
2025-11-23 19:51:26,327 - biometric_gesture_system - WARNING - [config_manager.py:349] - Clave de configuración no encontrada: biometric.auth.dynamic_weight, usando default: 0.4
2025-11-23 19:51:26,327 - biometric_gesture_system - WARNING - [config_manager.py:349] - Clave de configuración no encontrada: biometric.auth.enable_audit_logging, usando default: True
2025-11-23 19:51:26,327 - biometric_gesture_system - WARNING - [config_manager.py:349] - Clave de configuración no encontrada: biometric.auth.enable_continuous_auth, usando default: False
2025-11-23 19:51:26,327 - biometric_gesture_system - WARNING - [config_manager.py:349] - Clave de configuración no encontrada: biometric.auth.max_failed_attempts, usando default: 5
2025-11-23 19:51:26,327 - biometric_gesture_system - WARNING - [config_manager.py:349] - Clave de configuración no encontrada: biometric.auth.lockout_duration, usando default: 300.0
2025-11-23 19:51:26,327 - biometric_gesture_system - WARNING - [config_manager.py:349] - Clave de configuración no encontrada: biometric.score_fusion, usando default: {'fusion_strategy': 'weighted_average', 'calibration_method': 'none', 'weight_optimization': 'grid_search', 'anatomical_weight': 0.6, 'dynamic_weight': 0.4, 'decision_threshold': 0.5, 'use_confidence_weighting': True, 'adaptive_threshold': False, 'cross_validation_folds': 5, 'optimization_metric': 'eer'}
2025-11-23 19:51:26,327 - biometric_gesture_system - INFO - [authentication_system.py:444] - RealAuthenticationPipeline inicializado con componentes
2025-11-23 19:51:26,327 - biometric_gesture_system - INFO - [authentication_system.py:1206] - RealSessionManager inicializado para gestión de sesiones
2025-11-23 19:51:26,327 - biometric_gesture_system - INFO - [authentication_system.py:266] - RealSecurityAuditor inicializado para auditoría
2025-11-23 19:51:26,327 - biometric_gesture_system - INFO - [authentication_system.py:1448] - RealAuthenticationSystem inicializado
2025-11-23 19:51:26,327 - biometric_gesture_system - INFO - [authentication_system.py:1449] -   - Configuración: umbrales={'low': 0.65, 'standard': 0.75, 'high': 0.85, 'maximum': 0.92}
2025-11-23 19:51:50,633 - biometric_gesture_system - INFO - [authentication_system.py:1483] - Inicializando sistema de autenticación...
2025-11-23 19:51:50,633 - biometric_gesture_system - INFO - [authentication_system.py:1486] - Obteniendo referencias a redes entrenadas...
2025-11-23 19:51:50,633 - biometric_gesture_system - INFO - [authentication_system.py:1491] - === DIAGNÓSTICO DE ESTADO DE REDES ===
2025-11-23 19:51:50,633 - biometric_gesture_system - INFO - [authentication_system.py:1499] - Archivos de modelo en disco:
2025-11-23 19:51:50,633 - biometric_gesture_system - INFO - [authentication_system.py:1500] -   - Anatómico: True - biometric_data\models\anatomical_model.h5
2025-11-23 19:51:50,633 - biometric_gesture_system - INFO - [authentication_system.py:1501] -   - Dinámico: True - biometric_data\models\dynamic_model.h5
2025-11-23 19:51:50,633 - biometric_gesture_system - INFO - [authentication_system.py:1504] - Estado de instancias globales:
2025-11-23 19:51:50,633 - biometric_gesture_system - INFO - [authentication_system.py:1505] -   - Anatómica is_trained: True
2025-11-23 19:51:50,633 - biometric_gesture_system - INFO - [authentication_system.py:1506] -   - Dinámica is_trained: True
2025-11-23 19:51:50,633 - biometric_gesture_system - INFO - [authentication_system.py:1509] - Modelos compilados:
2025-11-23 19:51:50,633 - biometric_gesture_system - INFO - [authentication_system.py:1510] -   - Anatómica siamese_model: True
2025-11-23 19:51:50,633 - biometric_gesture_system - INFO - [authentication_system.py:1511] -   - Dinámica siamese_model: True
2025-11-23 19:51:50,633 - biometric_gesture_system - INFO - [authentication_system.py:1513] - === FIN DIAGNÓSTICO ===
2025-11-23 19:51:50,633 - biometric_gesture_system - INFO - [authentication_system.py:1515] - Referencias a redes obtenidas:
2025-11-23 19:51:50,633 - biometric_gesture_system - INFO - [authentication_system.py:1516] -   - Red anatómica disponible: True
2025-11-23 19:51:50,633 - biometric_gesture_system - INFO - [authentication_system.py:1517] -   - Red anatómica entrenada: True
2025-11-23 19:51:50,633 - biometric_gesture_system - INFO - [authentication_system.py:1518] -   - Red dinámica disponible: True
2025-11-23 19:51:50,633 - biometric_gesture_system - INFO - [authentication_system.py:1519] -   - Red dinámica entrenada: True
2025-11-23 19:51:50,633 - biometric_gesture_system - INFO - [authentication_system.py:449] - Inicializando pipeline de autenticación...
2025-11-23 19:51:50,633 - biometric_gesture_system - INFO - [authentication_system.py:452] - Obteniendo referencias actuales a redes entrenadas...
2025-11-23 19:51:50,633 - biometric_gesture_system - INFO - [authentication_system.py:457] - Verificando estado de entrenamiento...
2025-11-23 19:51:50,633 - biometric_gesture_system - INFO - [authentication_system.py:458] -   - Red anatómica entrenada: True
2025-11-23 19:51:50,633 - biometric_gesture_system - INFO - [authentication_system.py:459] -   - Red dinámica entrenada: True
2025-11-23 19:52:06,278 - biometric_gesture_system - INFO - [authentication_system.py:499] - Pipeline de autenticación inicializado exitosamente
2025-11-23 19:52:06,278 - biometric_gesture_system - INFO - [authentication_system.py:500] -   - Red anatómica entrenada: True
2025-11-23 19:52:06,278 - biometric_gesture_system - INFO - [authentication_system.py:501] -   - Red dinámica entrenada: True
2025-11-23 19:52:06,278 - biometric_gesture_system - INFO - [authentication_system.py:502] -   - Sistema de fusión listo: True
2025-11-23 19:52:06,278 - biometric_gesture_system - INFO - [authentication_system.py:1565] - Sistema de autenticación inicializado exitosamente
2025-11-23 19:52:06,278 - biometric_gesture_system - INFO - [authentication_system.py:1566] -   - Usuarios disponibles: 10
2025-11-23 19:52:06,283 - biometric_gesture_system - INFO - [authentication_system.py:1567] -   - Templates totales: 366
2025-11-23 19:52:06,283 - biometric_gesture_system - INFO - [authentication_system.py:1569] -   - Pipeline listo: True
2025-11-23 19:52:06,283 - biometric_gesture_system - INFO - [authentication_system.py:1570] -   - Redes entrenadas: anatómica=True, dinámica=True
2025-11-23 19:52:06,283 - biometric_gesture_system - INFO - [authentication_system.py:1656] - Iniciando identificación 1:N
2025-11-23 19:52:06,283 - biometric_gesture_system - INFO - [authentication_system.py:1657] -   - Nivel de seguridad: standard
2025-11-23 19:52:06,283 - biometric_gesture_system - INFO - [authentication_system.py:1229] - Creando sesión: modo=identification, usuario=None
2025-11-23 19:52:06,284 - biometric_gesture_system - INFO - [authentication_system.py:1280] - Sesión creada exitosamente: fdfab883-1c8d-4500-82c9-25dd6ba782e1
2025-11-23 19:52:06,284 - biometric_gesture_system - INFO - [authentication_system.py:1281] -   - Modo: identification
2025-11-23 19:52:06,285 - biometric_gesture_system - INFO - [authentication_system.py:1282] -   - Usuario: None
2025-11-23 19:52:06,285 - biometric_gesture_system - INFO - [authentication_system.py:1283] -   - Nivel seguridad: standard
2025-11-23 19:52:06,285 - biometric_gesture_system - INFO - [authentication_system.py:1284] -   - Secuencia requerida: None
2025-11-23 19:52:06,285 - biometric_gesture_system - INFO - [authentication_system.py:1680] - Identificación iniciada: sesión fdfab883-1c8d-4500-82c9-25dd6ba782e1
2025-11-23 19:52:06,285 - biometric_gesture_system - INFO - [authentication_system.py:1681] -   - Usuarios en base de datos: 10
2025-11-23 19:52:06,285 - biometric_gesture_system - INFO - [authentication_system.py:1682] -   - Candidatos máximos: 5
2025-11-23 19:52:21,233 - biometric_gesture_system - INFO - [authentication_system.py:1322] - Sesión cerrada: fdfab883-1c8d-4500-82c9-25dd6ba782e1 - Estado: cancelled
2025-11-23 19:52:21,233 - biometric_gesture_system - INFO - [authentication_system.py:1323] -   - Duración: 14.9s
2025-11-23 19:52:21,234 - biometric_gesture_system - INFO - [authentication_system.py:1324] -   - Frames procesados: 0
2025-11-23 19:52:21,234 - biometric_gesture_system - INFO - [authentication_system.py:1325] -   - Gestos capturados: 0
2025-11-23 19:52:21,234 - biometric_gesture_system - INFO - [authentication_system.py:2782] - Sesión de autenticación fdfab883-1c8d-4500-82c9-25dd6ba782e1 cancelada
2025-11-23 19:52:24,040 - biometric_gesture_system - INFO - [authentication_system.py:3014] - Usuarios disponibles: 10
2025-11-23 19:52:27,748 - biometric_gesture_system - INFO - [authentication_system.py:1599] - Iniciando verificación para usuario: user_bbbbbbbb_1763942880182_4089feca
2025-11-23 19:52:27,748 - biometric_gesture_system - INFO - [authentication_system.py:1600] -   - Nivel de seguridad: standard
2025-11-23 19:52:27,749 - biometric_gesture_system - INFO - [authentication_system.py:1601] -   - Secuencia requerida: None
2025-11-23 19:52:27,749 - biometric_gesture_system - INFO - [authentication_system.py:1229] - Creando sesión: modo=verification, usuario=user_bbbbbbbb_1763942880182_4089feca
2025-11-23 19:52:27,749 - biometric_gesture_system - INFO - [authentication_system.py:1280] - Sesión creada exitosamente: 82dc77c7-e58e-40cf-b53a-a4a795f936df
2025-11-23 19:52:27,749 - biometric_gesture_system - INFO - [authentication_system.py:1281] -   - Modo: verification
2025-11-23 19:52:27,750 - biometric_gesture_system - INFO - [authentication_system.py:1282] -   - Usuario: user_bbbbbbbb_1763942880182_4089feca
2025-11-23 19:52:27,750 - biometric_gesture_system - INFO - [authentication_system.py:1283] -   - Nivel seguridad: standard
2025-11-23 19:52:27,750 - biometric_gesture_system - INFO - [authentication_system.py:1284] -   - Secuencia requerida: ['Open_Palm', 'Closed_Fist', 'Victory']
2025-11-23 19:52:27,750 - biometric_gesture_system - INFO - [authentication_system.py:1630] - Verificación iniciada: sesión 82dc77c7-e58e-40cf-b53a-a4a795f936df
2025-11-23 19:52:27,750 - biometric_gesture_system - INFO - [authentication_system.py:1631] -   - Usuario: user_bbbbbbbb_1763942880182_4089feca
2025-11-23 19:52:27,751 - biometric_gesture_system - INFO - [authentication_system.py:1632] -   - Templates disponibles: 49
2025-11-23 19:53:04,992 - biometric_gesture_system - INFO - [authentication_system.py:1322] - Sesión cerrada: 82dc77c7-e58e-40cf-b53a-a4a795f936df - Estado: cancelled
2025-11-23 19:53:04,992 - biometric_gesture_system - INFO - [authentication_system.py:1323] -   - Duración: 37.2s
2025-11-23 19:53:04,992 - biometric_gesture_system - INFO - [authentication_system.py:1324] -   - Frames procesados: 0
2025-11-23 19:53:04,992 - biometric_gesture_system - INFO - [authentication_system.py:1325] -   - Gestos capturados: 0
2025-11-23 19:53:04,992 - biometric_gesture_system - INFO - [authentication_system.py:2782] - Sesión de autenticación 82dc77c7-e58e-40cf-b53a-a4a795f936df cancelada
2025-11-23 19:53:09,625 - biometric_gesture_system - INFO - [authentication_system.py:1656] - Iniciando identificación 1:N
2025-11-23 19:53:09,625 - biometric_gesture_system - INFO - [authentication_system.py:1657] -   - Nivel de seguridad: standard
2025-11-23 19:53:09,625 - biometric_gesture_system - INFO - [authentication_system.py:1229] - Creando sesión: modo=identification, usuario=None
2025-11-23 19:53:09,625 - biometric_gesture_system - INFO - [authentication_system.py:1280] - Sesión creada exitosamente: 5d1b3c34-a195-46b6-9485-c2559a08920c
2025-11-23 19:53:09,627 - biometric_gesture_system - INFO - [authentication_system.py:1281] -   - Modo: identification
2025-11-23 19:53:09,627 - biometric_gesture_system - INFO - [authentication_system.py:1282] -   - Usuario: None
2025-11-23 19:53:09,627 - biometric_gesture_system - INFO - [authentication_system.py:1283] -   - Nivel seguridad: standard
2025-11-23 19:53:09,627 - biometric_gesture_system - INFO - [authentication_system.py:1284] -   - Secuencia requerida: None
2025-11-23 19:53:09,627 - biometric_gesture_system - INFO - [authentication_system.py:1680] - Identificación iniciada: sesión 5d1b3c34-a195-46b6-9485-c2559a08920c
2025-11-23 19:53:09,627 - biometric_gesture_system - INFO - [authentication_system.py:1681] -   - Usuarios en base de datos: 10
2025-11-23 19:53:09,627 - biometric_gesture_system - INFO - [authentication_system.py:1682] -   - Candidatos máximos: 5
2025-11-23 19:53:13,049 - biometric_gesture_system - INFO - [authentication_system.py:1322] - Sesión cerrada: 5d1b3c34-a195-46b6-9485-c2559a08920c - Estado: cancelled
2025-11-23 19:53:13,049 - biometric_gesture_system - INFO - [authentication_system.py:1323] -   - Duración: 3.4s
2025-11-23 19:53:13,049 - biometric_gesture_system - INFO - [authentication_system.py:1324] -   - Frames procesados: 0
2025-11-23 19:53:13,049 - biometric_gesture_system - INFO - [authentication_system.py:1325] -   - Gestos capturados: 0
2025-11-23 19:53:13,050 - biometric_gesture_system - INFO - [authentication_system.py:2782] - Sesión de autenticación 5d1b3c34-a195-46b6-9485-c2559a08920c cancelada
2025-11-23 19:53:15,162 - biometric_gesture_system - INFO - [authentication_system.py:3014] - Usuarios disponibles: 10
2025-11-23 19:53:18,779 - biometric_gesture_system - INFO - [authentication_system.py:1599] - Iniciando verificación para usuario: user_bbbbbbbb_1763942880182_4089feca
2025-11-23 19:53:18,779 - biometric_gesture_system - INFO - [authentication_system.py:1600] -   - Nivel de seguridad: standard
2025-11-23 19:53:18,779 - biometric_gesture_system - INFO - [authentication_system.py:1601] -   - Secuencia requerida: None
2025-11-23 19:53:18,779 - biometric_gesture_system - INFO - [authentication_system.py:1229] - Creando sesión: modo=verification, usuario=user_bbbbbbbb_1763942880182_4089feca
2025-11-23 19:53:18,780 - biometric_gesture_system - INFO - [authentication_system.py:1280] - Sesión creada exitosamente: 92fa0059-af77-4a1f-92e2-1a4e3869af7c
2025-11-23 19:53:18,780 - biometric_gesture_system - INFO - [authentication_system.py:1281] -   - Modo: verification
2025-11-23 19:53:18,780 - biometric_gesture_system - INFO - [authentication_system.py:1282] -   - Usuario: user_bbbbbbbb_1763942880182_4089feca
2025-11-23 19:53:18,780 - biometric_gesture_system - INFO - [authentication_system.py:1283] -   - Nivel seguridad: standard
2025-11-23 19:53:18,780 - biometric_gesture_system - INFO - [authentication_system.py:1284] -   - Secuencia requerida: ['Open_Palm', 'Closed_Fist', 'Victory']
2025-11-23 19:53:18,780 - biometric_gesture_system - INFO - [authentication_system.py:1630] - Verificación iniciada: sesión 92fa0059-af77-4a1f-92e2-1a4e3869af7c
2025-11-23 19:53:18,780 - biometric_gesture_system - INFO - [authentication_system.py:1631] -   - Usuario: user_bbbbbbbb_1763942880182_4089feca
2025-11-23 19:53:18,781 - biometric_gesture_system - INFO - [authentication_system.py:1632] -   - Templates disponibles: 49
2025-11-23 19:56:54,782 - biometric_gesture_system - INFO - [authentication_system.py:1322] - Sesión cerrada: 92fa0059-af77-4a1f-92e2-1a4e3869af7c - Estado: cancelled
2025-11-23 19:56:54,783 - biometric_gesture_system - INFO - [authentication_system.py:1323] -   - Duración: 216.0s
2025-11-23 19:56:54,783 - biometric_gesture_system - INFO - [authentication_system.py:1324] -   - Frames procesados: 0
2025-11-23 19:56:54,783 - biometric_gesture_system - INFO - [authentication_system.py:1325] -   - Gestos capturados: 0
2025-11-23 19:56:54,783 - biometric_gesture_system - INFO - [authentication_system.py:2782] - Sesión de autenticación 92fa0059-af77-4a1f-92e2-1a4e3869af7c cancelada
2025-11-23 19:56:54,785 - biometric_gesture_system - INFO - [authentication_system.py:3014] - Usuarios disponibles: 10
2025-11-23 19:57:07,478 - biometric_gesture_system - INFO - [authentication_system.py:3014] - Usuarios disponibles: 10
2025-11-23 19:57:12,796 - biometric_gesture_system - INFO - [authentication_system.py:3014] - Usuarios disponibles: 10
2025-11-23 19:57:25,480 - biometric_gesture_system - INFO - [authentication_system.py:3014] - Usuarios disponibles: 10
2025-11-23 19:57:46,807 - biometric_gesture_system - INFO - [authentication_system.py:3014] - Usuarios disponibles: 10
