2025-11-11 14:04:39,933 - biometric_gesture_system - INFO - [config_manager.py:504] - Validación de configuración: ✓ EXITOSA
2025-11-11 14:04:39,933 - biometric_gesture_system - INFO - [config_manager.py:317] - ================================================================================
2025-11-11 14:04:39,934 - biometric_gesture_system - INFO - [config_manager.py:318] - SISTEMA BIOMÉTRICO DE GESTOS DE MANOS - CONFIG MANAGER INICIALIZADO
2025-11-11 14:04:39,934 - biometric_gesture_system - INFO - [config_manager.py:319] - ================================================================================
2025-11-11 14:04:39,936 - biometric_gesture_system - INFO - [config_manager.py:320] - Configuración cargada desde: biometric_config.json
2025-11-11 14:04:39,936 - biometric_gesture_system - INFO - [config_manager.py:321] - Muestras por gesto: 7
2025-11-11 14:04:39,936 - biometric_gesture_system - INFO - [config_manager.py:322] - Gestos por usuario: 3
2025-11-11 14:04:39,936 - biometric_gesture_system - INFO - [config_manager.py:323] - Umbral confianza mano: 0.9
2025-11-11 14:04:39,936 - biometric_gesture_system - INFO - [config_manager.py:324] - Umbral confianza gesto: 0.6
2025-11-11 14:04:39,936 - biometric_gesture_system - INFO - [config_manager.py:325] - Resolución cámara: 1280x720
2025-11-11 14:04:39,936 - biometric_gesture_system - INFO - [config_manager.py:326] - Directorios creados: 11 rutas configuradas
2025-11-11 14:04:39,937 - biometric_gesture_system - INFO - [config_manager.py:327] - ================================================================================
2025-11-11 14:04:40,268 - biometric_gesture_system - INFO - [config_manager.py:630] - ======================================================================
2025-11-11 14:04:40,268 - biometric_gesture_system - INFO - [config_manager.py:630] - ROI NORMALIZATION SYSTEM INICIALIZADO
2025-11-11 14:04:40,269 - biometric_gesture_system - INFO - [config_manager.py:630] -   ✓ Resolución mínima: 150px
2025-11-11 14:04:40,269 - biometric_gesture_system - INFO - [config_manager.py:630] -   ✓ Resolución máxima: 600px
2025-11-11 14:04:40,269 - biometric_gesture_system - INFO - [config_manager.py:630] -   ✓ Tamaño normalizado: (224, 224)
2025-11-11 14:04:40,269 - biometric_gesture_system - INFO - [config_manager.py:630] -   ✓ Padding: 15%
2025-11-11 14:04:40,270 - biometric_gesture_system - INFO - [config_manager.py:630] -   ✓ Sharpening: ACTIVADO
2025-11-11 14:04:40,270 - biometric_gesture_system - INFO - [config_manager.py:630] - ======================================================================
2025-11-11 14:04:40,270 - biometric_gesture_system - INFO - [visual_feedback.py:62] - ======================================================================
2025-11-11 14:04:40,270 - biometric_gesture_system - INFO - [visual_feedback.py:63] - VISUAL FEEDBACK MANAGER INICIALIZADO
2025-11-11 14:04:40,270 - biometric_gesture_system - INFO - [visual_feedback.py:64] -   ✓ 5 niveles de feedback configurados
2025-11-11 14:04:40,270 - biometric_gesture_system - INFO - [visual_feedback.py:65] -   ✓ Colores BGR definidos
2025-11-11 14:04:40,270 - biometric_gesture_system - INFO - [visual_feedback.py:66] -   ✓ Sistema de priorización activo
2025-11-11 14:04:40,270 - biometric_gesture_system - INFO - [visual_feedback.py:67] - ======================================================================
2025-11-11 14:04:54,217 - biometric_gesture_system - WARNING - [config_manager.py:349] - Clave de configuración no encontrada: roi_normalization.enabled, usando default: True
2025-11-11 14:04:54,217 - biometric_gesture_system - WARNING - [config_manager.py:349] - Clave de configuración no encontrada: roi_normalization.enabled, usando default: True
2025-11-11 14:04:54,217 - biometric_gesture_system - WARNING - [config_manager.py:349] - Clave de configuración no encontrada: roi_normalization.use_single_area, usando default: True
2025-11-11 14:04:54,219 - biometric_gesture_system - WARNING - [config_manager.py:349] - Clave de configuración no encontrada: biometric.dynamic_features, usando default: {'min_transition_frames': 8, 'max_transition_frames': 40, 'gesture_stability_threshold': 5, 'velocity_smoothing_window': 3, 'min_movement_threshold': 0.005, 'transition_detection_sensitivity': 0.85, 'temporal_downsampling': 1, 'normalize_temporal_features': True, 'use_3d_trajectories': True, 'velocity_threshold_percentile': 75, 'acceleration_smoothing': True, 'jerk_threshold': 0.1, 'minimum_sequence_duration_ms': 200}
2025-11-11 14:04:54,219 - biometric_gesture_system - WARNING - [config_manager.py:349] - Clave de configuración no encontrada: biometric.sequence_management, usando default: {'sequence_length': 3, 'max_sequence_duration': 60.0, 'max_gesture_duration': 15.0, 'min_gesture_confidence': 0.7, 'min_stable_frames': 3, 'gesture_timeout': 10.0, 'sequence_timeout': 45.0, 'max_failed_attempts': 3, 'cooldown_period': 5.0, 'auto_save_sequences': True, 'validation_mode': 'moderate', 'allow_gesture_skipping': False, 'require_exact_order': True, 'enable_adaptive_timeouts': True}
2025-11-11 14:04:54,220 - biometric_gesture_system - WARNING - [config_manager.py:349] - Clave de configuración no encontrada: biometric.enrollment.samples_per_gesture, usando default: 8
2025-11-11 14:04:54,220 - biometric_gesture_system - WARNING - [config_manager.py:349] - Clave de configuración no encontrada: biometric.enrollment.min_confidence, usando default: 0.65
2025-11-11 14:04:54,220 - biometric_gesture_system - WARNING - [config_manager.py:349] - Clave de configuración no encontrada: biometric.enrollment.min_stability_frames, usando default: 8
2025-11-11 14:04:54,221 - biometric_gesture_system - WARNING - [config_manager.py:349] - Clave de configuración no encontrada: biometric.enrollment.require_all_gestures, usando default: True
2025-11-11 14:04:54,221 - biometric_gesture_system - WARNING - [config_manager.py:349] - Clave de configuración no encontrada: biometric.enrollment.sample_timeout, usando default: 120.0
2025-11-11 14:04:54,221 - biometric_gesture_system - WARNING - [config_manager.py:349] - Clave de configuración no encontrada: biometric.enrollment.session_timeout, usando default: 3600.0
2025-11-11 14:04:54,221 - biometric_gesture_system - WARNING - [config_manager.py:349] - Clave de configuración no encontrada: biometric.enrollment.capture_interval, usando default: 0.8
2025-11-11 14:04:54,222 - biometric_gesture_system - WARNING - [config_manager.py:349] - Clave de configuración no encontrada: biometric.enrollment.enable_quality_check, usando default: True
2025-11-11 14:04:54,222 - biometric_gesture_system - WARNING - [config_manager.py:349] - Clave de configuración no encontrada: biometric.enrollment.enable_duplicate_check, usando default: True
2025-11-11 14:04:54,222 - biometric_gesture_system - WARNING - [config_manager.py:349] - Clave de configuración no encontrada: biometric.enrollment.duplicate_threshold, usando default: 0.92
2025-11-11 14:04:54,222 - biometric_gesture_system - WARNING - [config_manager.py:349] - Clave de configuración no encontrada: biometric.enrollment.template_fusion_strategy, usando default: average
2025-11-11 14:04:54,223 - biometric_gesture_system - WARNING - [config_manager.py:349] - Clave de configuración no encontrada: biometric.enrollment.enable_template_optimization, usando default: True
2025-11-11 14:04:54,223 - biometric_gesture_system - WARNING - [config_manager.py:349] - Clave de configuración no encontrada: biometric.enrollment.embedding_dimension_check, usando default: True
2025-11-11 14:04:54,223 - biometric_gesture_system - WARNING - [config_manager.py:349] - Clave de configuración no encontrada: biometric.enrollment.show_preview, usando default: True
2025-11-11 14:04:54,223 - biometric_gesture_system - WARNING - [config_manager.py:349] - Clave de configuración no encontrada: biometric.enrollment.show_quality_feedback, usando default: False
2025-11-11 14:04:54,224 - biometric_gesture_system - WARNING - [config_manager.py:349] - Clave de configuración no encontrada: biometric.enrollment.save_enrollment_video, usando default: False
2025-11-11 14:04:54,224 - biometric_gesture_system - WARNING - [config_manager.py:349] - Clave de configuración no encontrada: biometric.siamese_anatomical, usando default: {'hidden_layers': [128, 64], 'activation': 'relu', 'dropout_rate': 0.2, 'batch_normalization': True, 'l2_regularization': 0.001, 'learning_rate': 0.001, 'batch_size': 32, 'epochs': 100, 'patience': 15, 'validation_split': 0.2, 'min_users_for_training': 2, 'min_samples_per_user': 15, 'max_samples_per_user': 50, 'min_sessions_per_user': 1, 'loss_function': 'contrastive', 'distance_metric': 'euclidean', 'margin': 1.5, 'alpha': 0.2, 'use_stratified_split': True, 'cross_validation_folds': 5, 'threshold_optimization': 'eer', 'quality_threshold': 80.0, 'use_real_augmentation': True, 'temporal_jitter': 0.02, 'noise_from_real_variance': True, 'require_independent_test': True, 'min_test_users': 1, 'performance_monitoring': True}
2025-11-11 14:04:56,981 - biometric_gesture_system - WARNING - [config_manager.py:349] - Clave de configuración no encontrada: biometric.feature_preprocessing, usando default: {'anatomical_normalization': 'robust', 'dynamic_normalization': 'standard', 'normalize_per_user': False, 'balancing_method': 'balanced_subsample', 'target_balance_ratio': 1.0, 'augmentation_strategy': 'moderate', 'augmentation_factor': 1.5, 'cv_folds': 5, 'cv_strategy': 'stratified_user', 'test_size': 0.2, 'validation_size': 0.2, 'outlier_threshold': 3.0, 'min_samples_per_user': 5, 'feature_selection': False, 'variance_threshold': 0.01, 'cache_transformations': True, 'parallel_processing': False, 'random_state': 42, 'stratify_by_user': True}
2025-11-11 14:04:56,984 - biometric_gesture_system - WARNING - [config_manager.py:349] - Clave de configuración no encontrada: biometric.auth.sequence_timeout, usando default: 25.0
2025-11-11 14:04:56,985 - biometric_gesture_system - WARNING - [config_manager.py:349] - Clave de configuración no encontrada: biometric.auth.total_timeout, usando default: 45.0
2025-11-11 14:04:56,985 - biometric_gesture_system - WARNING - [config_manager.py:349] - Clave de configuración no encontrada: biometric.auth.frame_timeout, usando default: 3.0
2025-11-11 14:04:56,985 - biometric_gesture_system - WARNING - [config_manager.py:349] - Clave de configuración no encontrada: biometric.auth.threshold_low, usando default: 0.65
2025-11-11 14:04:56,986 - biometric_gesture_system - WARNING - [config_manager.py:349] - Clave de configuración no encontrada: biometric.auth.threshold_standard, usando default: 0.75
2025-11-11 14:04:56,986 - biometric_gesture_system - WARNING - [config_manager.py:349] - Clave de configuración no encontrada: biometric.auth.threshold_high, usando default: 0.85
2025-11-11 14:04:56,986 - biometric_gesture_system - WARNING - [config_manager.py:349] - Clave de configuración no encontrada: biometric.auth.threshold_maximum, usando default: 0.92
2025-11-11 14:04:56,986 - biometric_gesture_system - WARNING - [config_manager.py:349] - Clave de configuración no encontrada: biometric.auth.require_sequence_completion, usando default: True
2025-11-11 14:04:56,986 - biometric_gesture_system - WARNING - [config_manager.py:349] - Clave de configuración no encontrada: biometric.auth.min_gestures_for_auth, usando default: 2
2025-11-11 14:04:56,987 - biometric_gesture_system - WARNING - [config_manager.py:349] - Clave de configuración no encontrada: biometric.auth.max_attempts_per_session, usando default: 3
2025-11-11 14:04:56,987 - biometric_gesture_system - WARNING - [config_manager.py:349] - Clave de configuración no encontrada: biometric.auth.max_identification_candidates, usando default: 5
2025-11-11 14:04:56,987 - biometric_gesture_system - WARNING - [config_manager.py:349] - Clave de configuración no encontrada: biometric.auth.identification_threshold_factor, usando default: 1.1
2025-11-11 14:04:56,987 - biometric_gesture_system - WARNING - [config_manager.py:349] - Clave de configuración no encontrada: biometric.auth.min_quality_score, usando default: 0.7
2025-11-11 14:04:56,987 - biometric_gesture_system - WARNING - [config_manager.py:349] - Clave de configuración no encontrada: biometric.auth.min_confidence, usando default: 0.65
2025-11-11 14:04:56,987 - biometric_gesture_system - WARNING - [config_manager.py:349] - Clave de configuración no encontrada: biometric.auth.min_stability_frames, usando default: 8
2025-11-11 14:04:56,989 - biometric_gesture_system - WARNING - [config_manager.py:349] - Clave de configuración no encontrada: biometric.auth.score_fusion_strategy, usando default: weighted_average
2025-11-11 14:04:56,989 - biometric_gesture_system - WARNING - [config_manager.py:349] - Clave de configuración no encontrada: biometric.auth.anatomical_weight, usando default: 0.6
2025-11-11 14:04:56,989 - biometric_gesture_system - WARNING - [config_manager.py:349] - Clave de configuración no encontrada: biometric.auth.dynamic_weight, usando default: 0.4
2025-11-11 14:04:56,989 - biometric_gesture_system - WARNING - [config_manager.py:349] - Clave de configuración no encontrada: biometric.auth.enable_audit_logging, usando default: True
2025-11-11 14:04:56,989 - biometric_gesture_system - WARNING - [config_manager.py:349] - Clave de configuración no encontrada: biometric.auth.enable_continuous_auth, usando default: False
2025-11-11 14:04:56,989 - biometric_gesture_system - WARNING - [config_manager.py:349] - Clave de configuración no encontrada: biometric.auth.max_failed_attempts, usando default: 5
2025-11-11 14:04:56,989 - biometric_gesture_system - WARNING - [config_manager.py:349] - Clave de configuración no encontrada: biometric.auth.lockout_duration, usando default: 300.0
2025-11-11 14:04:56,990 - biometric_gesture_system - WARNING - [config_manager.py:349] - Clave de configuración no encontrada: biometric.score_fusion, usando default: {'fusion_strategy': 'weighted_average', 'calibration_method': 'none', 'weight_optimization': 'grid_search', 'anatomical_weight': 0.6, 'dynamic_weight': 0.4, 'decision_threshold': 0.5, 'use_confidence_weighting': True, 'adaptive_threshold': False, 'cross_validation_folds': 5, 'optimization_metric': 'eer'}
2025-11-11 14:04:56,990 - biometric_gesture_system - INFO - [authentication_system.py:443] - RealAuthenticationPipeline inicializado con componentes
2025-11-11 14:04:56,990 - biometric_gesture_system - INFO - [authentication_system.py:1205] - RealSessionManager inicializado para gestión de sesiones
2025-11-11 14:04:56,990 - biometric_gesture_system - INFO - [authentication_system.py:265] - RealSecurityAuditor inicializado para auditoría
2025-11-11 14:04:56,990 - biometric_gesture_system - INFO - [authentication_system.py:1412] - RealAuthenticationSystem inicializado
2025-11-11 14:04:56,990 - biometric_gesture_system - INFO - [authentication_system.py:1413] -   - Configuración: umbrales={'low': 0.65, 'standard': 0.75, 'high': 0.85, 'maximum': 0.92}
2025-11-11 14:05:14,806 - biometric_gesture_system - INFO - [authentication_system.py:2946] - Usuarios disponibles: 2
2025-11-11 14:05:16,378 - biometric_gesture_system - INFO - [authentication_system.py:1447] - Inicializando sistema de autenticación...
2025-11-11 14:05:16,378 - biometric_gesture_system - INFO - [authentication_system.py:1450] - Obteniendo referencias a redes entrenadas...
2025-11-11 14:05:16,378 - biometric_gesture_system - INFO - [authentication_system.py:1455] - === DIAGNÓSTICO DE ESTADO DE REDES ===
2025-11-11 14:05:16,378 - biometric_gesture_system - INFO - [authentication_system.py:1463] - Archivos de modelo en disco:
2025-11-11 14:05:16,378 - biometric_gesture_system - INFO - [authentication_system.py:1464] -   - Anatómico: True - biometric_data\models\anatomical_model.h5
2025-11-11 14:05:16,380 - biometric_gesture_system - INFO - [authentication_system.py:1465] -   - Dinámico: True - biometric_data\models\dynamic_model.h5
2025-11-11 14:05:16,380 - biometric_gesture_system - INFO - [authentication_system.py:1468] - Estado de instancias globales:
2025-11-11 14:05:16,380 - biometric_gesture_system - INFO - [authentication_system.py:1469] -   - Anatómica is_trained: True
2025-11-11 14:05:16,380 - biometric_gesture_system - INFO - [authentication_system.py:1470] -   - Dinámica is_trained: True
2025-11-11 14:05:16,380 - biometric_gesture_system - INFO - [authentication_system.py:1473] - Modelos compilados:
2025-11-11 14:05:16,380 - biometric_gesture_system - INFO - [authentication_system.py:1474] -   - Anatómica siamese_model: True
2025-11-11 14:05:16,380 - biometric_gesture_system - INFO - [authentication_system.py:1475] -   - Dinámica siamese_model: True
2025-11-11 14:05:16,381 - biometric_gesture_system - INFO - [authentication_system.py:1477] - === FIN DIAGNÓSTICO ===
2025-11-11 14:05:16,381 - biometric_gesture_system - INFO - [authentication_system.py:1479] - Referencias a redes obtenidas:
2025-11-11 14:05:16,381 - biometric_gesture_system - INFO - [authentication_system.py:1480] -   - Red anatómica disponible: True
2025-11-11 14:05:16,381 - biometric_gesture_system - INFO - [authentication_system.py:1481] -   - Red anatómica entrenada: True
2025-11-11 14:05:16,381 - biometric_gesture_system - INFO - [authentication_system.py:1482] -   - Red dinámica disponible: True
2025-11-11 14:05:16,381 - biometric_gesture_system - INFO - [authentication_system.py:1483] -   - Red dinámica entrenada: True
2025-11-11 14:05:16,382 - biometric_gesture_system - INFO - [authentication_system.py:448] - Inicializando pipeline de autenticación...
2025-11-11 14:05:16,382 - biometric_gesture_system - INFO - [authentication_system.py:451] - Obteniendo referencias actuales a redes entrenadas...
2025-11-11 14:05:16,382 - biometric_gesture_system - INFO - [authentication_system.py:456] - Verificando estado de entrenamiento...
2025-11-11 14:05:16,382 - biometric_gesture_system - INFO - [authentication_system.py:457] -   - Red anatómica entrenada: True
2025-11-11 14:05:16,382 - biometric_gesture_system - INFO - [authentication_system.py:458] -   - Red dinámica entrenada: True
2025-11-11 14:05:26,997 - biometric_gesture_system - INFO - [authentication_system.py:498] - Pipeline de autenticación inicializado exitosamente
2025-11-11 14:05:26,997 - biometric_gesture_system - INFO - [authentication_system.py:499] -   - Red anatómica entrenada: True
2025-11-11 14:05:26,997 - biometric_gesture_system - INFO - [authentication_system.py:500] -   - Red dinámica entrenada: True
2025-11-11 14:05:26,998 - biometric_gesture_system - INFO - [authentication_system.py:501] -   - Sistema de fusión listo: True
2025-11-11 14:05:26,998 - biometric_gesture_system - INFO - [authentication_system.py:1529] - Sistema de autenticación inicializado exitosamente
2025-11-11 14:05:26,998 - biometric_gesture_system - INFO - [authentication_system.py:1530] -   - Usuarios disponibles: 2
2025-11-11 14:05:26,998 - biometric_gesture_system - INFO - [authentication_system.py:1531] -   - Templates totales: 89
2025-11-11 14:05:26,998 - biometric_gesture_system - INFO - [authentication_system.py:1533] -   - Pipeline listo: True
2025-11-11 14:05:26,999 - biometric_gesture_system - INFO - [authentication_system.py:1534] -   - Redes entrenadas: anatómica=True, dinámica=True
2025-11-11 14:05:26,999 - biometric_gesture_system - INFO - [authentication_system.py:1563] - Iniciando verificación para usuario: user_gabriela_1762882140832_800f8527
2025-11-11 14:05:26,999 - biometric_gesture_system - INFO - [authentication_system.py:1564] -   - Nivel de seguridad: standard
2025-11-11 14:05:26,999 - biometric_gesture_system - INFO - [authentication_system.py:1565] -   - Secuencia requerida: None
2025-11-11 14:05:26,999 - biometric_gesture_system - INFO - [authentication_system.py:1228] - Creando sesión: modo=verification, usuario=user_gabriela_1762882140832_800f8527
2025-11-11 14:05:26,999 - biometric_gesture_system - INFO - [authentication_system.py:1269] - Sesión creada exitosamente: b742f04e-e399-423c-aa51-9144e2d441f7
2025-11-11 14:05:27,000 - biometric_gesture_system - INFO - [authentication_system.py:1270] -   - Modo: verification
2025-11-11 14:05:27,000 - biometric_gesture_system - INFO - [authentication_system.py:1271] -   - Usuario: user_gabriela_1762882140832_800f8527
2025-11-11 14:05:27,000 - biometric_gesture_system - INFO - [authentication_system.py:1272] -   - Nivel seguridad: standard
2025-11-11 14:05:27,000 - biometric_gesture_system - INFO - [authentication_system.py:1273] -   - Secuencia requerida: ['Open_Palm', 'Closed_Fist', 'Victory']
2025-11-11 14:05:27,000 - biometric_gesture_system - INFO - [authentication_system.py:1594] - Verificación iniciada: sesión b742f04e-e399-423c-aa51-9144e2d441f7
2025-11-11 14:05:27,000 - biometric_gesture_system - INFO - [authentication_system.py:1595] -   - Usuario: user_gabriela_1762882140832_800f8527
2025-11-11 14:05:27,000 - biometric_gesture_system - INFO - [authentication_system.py:1596] -   - Templates disponibles: 40
2025-11-11 14:05:27,224 - biometric_gesture_system - INFO - [authentication_system.py:523] - Procesando frame para sesión b742f04e-e399-423c-aa51-9144e2d441f7
2025-11-11 14:05:27,237 - biometric_gesture_system - INFO - [authentication_system.py:534] - AUTH: Frame #1 capturado - Shape: (720, 1280, 3)
2025-11-11 14:05:27,238 - biometric_gesture_system - INFO - [authentication_system.py:539] - AUTH: Procesando frame original para detectar mano...
2025-11-11 14:05:27,283 - biometric_gesture_system - INFO - [authentication_system.py:543] - AUTH: No se detectó mano válida en frame original
2025-11-11 14:05:27,411 - biometric_gesture_system - INFO - [authentication_system.py:523] - Procesando frame para sesión b742f04e-e399-423c-aa51-9144e2d441f7
2025-11-11 14:05:27,423 - biometric_gesture_system - INFO - [authentication_system.py:534] - AUTH: Frame #2 capturado - Shape: (720, 1280, 3)
2025-11-11 14:05:27,423 - biometric_gesture_system - INFO - [authentication_system.py:539] - AUTH: Procesando frame original para detectar mano...
2025-11-11 14:05:27,457 - biometric_gesture_system - INFO - [authentication_system.py:543] - AUTH: No se detectó mano válida en frame original
2025-11-11 14:05:27,612 - biometric_gesture_system - INFO - [authentication_system.py:523] - Procesando frame para sesión b742f04e-e399-423c-aa51-9144e2d441f7
2025-11-11 14:05:27,625 - biometric_gesture_system - INFO - [authentication_system.py:534] - AUTH: Frame #3 capturado - Shape: (720, 1280, 3)
2025-11-11 14:05:27,625 - biometric_gesture_system - INFO - [authentication_system.py:539] - AUTH: Procesando frame original para detectar mano...
2025-11-11 14:05:27,665 - biometric_gesture_system - INFO - [authentication_system.py:543] - AUTH: No se detectó mano válida en frame original
2025-11-11 14:05:27,816 - biometric_gesture_system - INFO - [authentication_system.py:523] - Procesando frame para sesión b742f04e-e399-423c-aa51-9144e2d441f7
2025-11-11 14:05:27,827 - biometric_gesture_system - INFO - [authentication_system.py:534] - AUTH: Frame #4 capturado - Shape: (720, 1280, 3)
2025-11-11 14:05:27,827 - biometric_gesture_system - INFO - [authentication_system.py:539] - AUTH: Procesando frame original para detectar mano...
2025-11-11 14:05:27,866 - biometric_gesture_system - INFO - [authentication_system.py:543] - AUTH: No se detectó mano válida en frame original
2025-11-11 14:05:28,022 - biometric_gesture_system - INFO - [authentication_system.py:523] - Procesando frame para sesión b742f04e-e399-423c-aa51-9144e2d441f7
2025-11-11 14:05:28,032 - biometric_gesture_system - INFO - [authentication_system.py:534] - AUTH: Frame #5 capturado - Shape: (720, 1280, 3)
2025-11-11 14:05:28,032 - biometric_gesture_system - INFO - [authentication_system.py:539] - AUTH: Procesando frame original para detectar mano...
2025-11-11 14:05:28,064 - biometric_gesture_system - INFO - [authentication_system.py:543] - AUTH: No se detectó mano válida en frame original
2025-11-11 14:05:28,221 - biometric_gesture_system - INFO - [authentication_system.py:523] - Procesando frame para sesión b742f04e-e399-423c-aa51-9144e2d441f7
2025-11-11 14:05:28,236 - biometric_gesture_system - INFO - [authentication_system.py:534] - AUTH: Frame #6 capturado - Shape: (720, 1280, 3)
2025-11-11 14:05:28,236 - biometric_gesture_system - INFO - [authentication_system.py:539] - AUTH: Procesando frame original para detectar mano...
2025-11-11 14:05:28,268 - biometric_gesture_system - INFO - [authentication_system.py:543] - AUTH: No se detectó mano válida en frame original
2025-11-11 14:05:28,410 - biometric_gesture_system - INFO - [authentication_system.py:523] - Procesando frame para sesión b742f04e-e399-423c-aa51-9144e2d441f7
2025-11-11 14:05:28,424 - biometric_gesture_system - INFO - [authentication_system.py:534] - AUTH: Frame #7 capturado - Shape: (720, 1280, 3)
2025-11-11 14:05:28,424 - biometric_gesture_system - INFO - [authentication_system.py:539] - AUTH: Procesando frame original para detectar mano...
2025-11-11 14:05:28,468 - biometric_gesture_system - INFO - [authentication_system.py:543] - AUTH: No se detectó mano válida en frame original
2025-11-11 14:05:28,616 - biometric_gesture_system - INFO - [authentication_system.py:523] - Procesando frame para sesión b742f04e-e399-423c-aa51-9144e2d441f7
2025-11-11 14:05:28,628 - biometric_gesture_system - INFO - [authentication_system.py:534] - AUTH: Frame #8 capturado - Shape: (720, 1280, 3)
2025-11-11 14:05:28,628 - biometric_gesture_system - INFO - [authentication_system.py:539] - AUTH: Procesando frame original para detectar mano...
2025-11-11 14:05:28,671 - biometric_gesture_system - INFO - [authentication_system.py:543] - AUTH: No se detectó mano válida en frame original
2025-11-11 14:05:28,819 - biometric_gesture_system - INFO - [authentication_system.py:523] - Procesando frame para sesión b742f04e-e399-423c-aa51-9144e2d441f7
2025-11-11 14:05:28,830 - biometric_gesture_system - INFO - [authentication_system.py:534] - AUTH: Frame #9 capturado - Shape: (720, 1280, 3)
2025-11-11 14:05:28,831 - biometric_gesture_system - INFO - [authentication_system.py:539] - AUTH: Procesando frame original para detectar mano...
2025-11-11 14:05:28,875 - biometric_gesture_system - INFO - [authentication_system.py:543] - AUTH: No se detectó mano válida en frame original
2025-11-11 14:05:29,019 - biometric_gesture_system - INFO - [authentication_system.py:523] - Procesando frame para sesión b742f04e-e399-423c-aa51-9144e2d441f7
2025-11-11 14:05:29,032 - biometric_gesture_system - INFO - [authentication_system.py:534] - AUTH: Frame #10 capturado - Shape: (720, 1280, 3)
2025-11-11 14:05:29,032 - biometric_gesture_system - INFO - [authentication_system.py:539] - AUTH: Procesando frame original para detectar mano...
2025-11-11 14:05:29,076 - biometric_gesture_system - INFO - [authentication_system.py:543] - AUTH: No se detectó mano válida en frame original
2025-11-11 14:05:29,218 - biometric_gesture_system - INFO - [authentication_system.py:523] - Procesando frame para sesión b742f04e-e399-423c-aa51-9144e2d441f7
2025-11-11 14:05:29,232 - biometric_gesture_system - INFO - [authentication_system.py:534] - AUTH: Frame #11 capturado - Shape: (720, 1280, 3)
2025-11-11 14:05:29,233 - biometric_gesture_system - INFO - [authentication_system.py:539] - AUTH: Procesando frame original para detectar mano...
2025-11-11 14:05:29,275 - biometric_gesture_system - INFO - [authentication_system.py:543] - AUTH: No se detectó mano válida en frame original
2025-11-11 14:05:29,418 - biometric_gesture_system - INFO - [authentication_system.py:523] - Procesando frame para sesión b742f04e-e399-423c-aa51-9144e2d441f7
2025-11-11 14:05:29,436 - biometric_gesture_system - INFO - [authentication_system.py:534] - AUTH: Frame #12 capturado - Shape: (720, 1280, 3)
2025-11-11 14:05:29,437 - biometric_gesture_system - INFO - [authentication_system.py:539] - AUTH: Procesando frame original para detectar mano...
2025-11-11 14:05:29,478 - biometric_gesture_system - INFO - [authentication_system.py:543] - AUTH: No se detectó mano válida en frame original
2025-11-11 14:05:29,617 - biometric_gesture_system - INFO - [authentication_system.py:523] - Procesando frame para sesión b742f04e-e399-423c-aa51-9144e2d441f7
2025-11-11 14:05:29,623 - biometric_gesture_system - INFO - [authentication_system.py:534] - AUTH: Frame #13 capturado - Shape: (720, 1280, 3)
2025-11-11 14:05:29,623 - biometric_gesture_system - INFO - [authentication_system.py:539] - AUTH: Procesando frame original para detectar mano...
2025-11-11 14:05:29,666 - biometric_gesture_system - INFO - [authentication_system.py:543] - AUTH: No se detectó mano válida en frame original
2025-11-11 14:05:29,815 - biometric_gesture_system - INFO - [authentication_system.py:523] - Procesando frame para sesión b742f04e-e399-423c-aa51-9144e2d441f7
2025-11-11 14:05:29,827 - biometric_gesture_system - INFO - [authentication_system.py:534] - AUTH: Frame #14 capturado - Shape: (720, 1280, 3)
2025-11-11 14:05:29,827 - biometric_gesture_system - INFO - [authentication_system.py:539] - AUTH: Procesando frame original para detectar mano...
2025-11-11 14:05:29,869 - biometric_gesture_system - INFO - [authentication_system.py:543] - AUTH: No se detectó mano válida en frame original
2025-11-11 14:05:30,017 - biometric_gesture_system - INFO - [authentication_system.py:523] - Procesando frame para sesión b742f04e-e399-423c-aa51-9144e2d441f7
2025-11-11 14:05:30,031 - biometric_gesture_system - INFO - [authentication_system.py:534] - AUTH: Frame #15 capturado - Shape: (720, 1280, 3)
2025-11-11 14:05:30,031 - biometric_gesture_system - INFO - [authentication_system.py:539] - AUTH: Procesando frame original para detectar mano...
2025-11-11 14:05:30,071 - biometric_gesture_system - INFO - [authentication_system.py:543] - AUTH: No se detectó mano válida en frame original
2025-11-11 14:05:30,215 - biometric_gesture_system - INFO - [authentication_system.py:523] - Procesando frame para sesión b742f04e-e399-423c-aa51-9144e2d441f7
2025-11-11 14:05:30,231 - biometric_gesture_system - INFO - [authentication_system.py:534] - AUTH: Frame #16 capturado - Shape: (720, 1280, 3)
2025-11-11 14:05:30,231 - biometric_gesture_system - INFO - [authentication_system.py:539] - AUTH: Procesando frame original para detectar mano...
2025-11-11 14:05:30,282 - biometric_gesture_system - INFO - [authentication_system.py:543] - AUTH: No se detectó mano válida en frame original
2025-11-11 14:05:30,440 - biometric_gesture_system - INFO - [authentication_system.py:523] - Procesando frame para sesión b742f04e-e399-423c-aa51-9144e2d441f7
2025-11-11 14:05:30,463 - biometric_gesture_system - INFO - [authentication_system.py:534] - AUTH: Frame #17 capturado - Shape: (720, 1280, 3)
2025-11-11 14:05:30,463 - biometric_gesture_system - INFO - [authentication_system.py:539] - AUTH: Procesando frame original para detectar mano...
2025-11-11 14:05:30,602 - biometric_gesture_system - INFO - [authentication_system.py:546] - AUTH: ✅ Mano detectada en frame original
2025-11-11 14:05:30,603 - biometric_gesture_system - INFO - [authentication_system.py:547] - AUTH: Confianza inicial: 0.960
2025-11-11 14:05:30,603 - biometric_gesture_system - INFO - [authentication_system.py:617] - AUTH: ✅ Usando landmarks del frame ORIGINAL
2025-11-11 14:05:30,605 - biometric_gesture_system - INFO - [authentication_system.py:654] - AUTH: Calidad insuficiente: 80.878
2025-11-11 14:05:30,816 - biometric_gesture_system - INFO - [authentication_system.py:523] - Procesando frame para sesión b742f04e-e399-423c-aa51-9144e2d441f7
2025-11-11 14:05:30,821 - biometric_gesture_system - INFO - [authentication_system.py:534] - AUTH: Frame #18 capturado - Shape: (720, 1280, 3)
2025-11-11 14:05:30,822 - biometric_gesture_system - INFO - [authentication_system.py:539] - AUTH: Procesando frame original para detectar mano...
2025-11-11 14:05:30,890 - biometric_gesture_system - INFO - [authentication_system.py:546] - AUTH: ✅ Mano detectada en frame original
2025-11-11 14:05:30,891 - biometric_gesture_system - INFO - [authentication_system.py:547] - AUTH: Confianza inicial: 0.905
2025-11-11 14:05:30,891 - biometric_gesture_system - INFO - [authentication_system.py:617] - AUTH: ✅ Usando landmarks del frame ORIGINAL
2025-11-11 14:05:30,892 - biometric_gesture_system - INFO - [authentication_system.py:654] - AUTH: Calidad insuficiente: 82.512
2025-11-11 14:05:31,013 - biometric_gesture_system - INFO - [authentication_system.py:523] - Procesando frame para sesión b742f04e-e399-423c-aa51-9144e2d441f7
2025-11-11 14:05:31,024 - biometric_gesture_system - INFO - [authentication_system.py:534] - AUTH: Frame #19 capturado - Shape: (720, 1280, 3)
2025-11-11 14:05:31,026 - biometric_gesture_system - INFO - [authentication_system.py:539] - AUTH: Procesando frame original para detectar mano...
2025-11-11 14:05:31,084 - biometric_gesture_system - INFO - [authentication_system.py:546] - AUTH: ✅ Mano detectada en frame original
2025-11-11 14:05:31,085 - biometric_gesture_system - INFO - [authentication_system.py:547] - AUTH: Confianza inicial: 0.917
2025-11-11 14:05:31,085 - biometric_gesture_system - INFO - [authentication_system.py:617] - AUTH: ✅ Usando landmarks del frame ORIGINAL
2025-11-11 14:05:31,086 - biometric_gesture_system - INFO - [authentication_system.py:654] - AUTH: Calidad insuficiente: 82.593
2025-11-11 14:05:31,213 - biometric_gesture_system - INFO - [authentication_system.py:523] - Procesando frame para sesión b742f04e-e399-423c-aa51-9144e2d441f7
2025-11-11 14:05:31,226 - biometric_gesture_system - INFO - [authentication_system.py:534] - AUTH: Frame #20 capturado - Shape: (720, 1280, 3)
2025-11-11 14:05:31,228 - biometric_gesture_system - INFO - [authentication_system.py:539] - AUTH: Procesando frame original para detectar mano...
2025-11-11 14:05:31,279 - biometric_gesture_system - INFO - [authentication_system.py:546] - AUTH: ✅ Mano detectada en frame original
2025-11-11 14:05:31,280 - biometric_gesture_system - INFO - [authentication_system.py:547] - AUTH: Confianza inicial: 0.961
2025-11-11 14:05:31,280 - biometric_gesture_system - INFO - [authentication_system.py:617] - AUTH: ✅ Usando landmarks del frame ORIGINAL
2025-11-11 14:05:31,281 - biometric_gesture_system - INFO - [authentication_system.py:654] - AUTH: Calidad insuficiente: 83.736
2025-11-11 14:05:31,412 - biometric_gesture_system - INFO - [authentication_system.py:523] - Procesando frame para sesión b742f04e-e399-423c-aa51-9144e2d441f7
2025-11-11 14:05:31,430 - biometric_gesture_system - INFO - [authentication_system.py:534] - AUTH: Frame #21 capturado - Shape: (720, 1280, 3)
2025-11-11 14:05:31,431 - biometric_gesture_system - INFO - [authentication_system.py:539] - AUTH: Procesando frame original para detectar mano...
2025-11-11 14:05:31,481 - biometric_gesture_system - INFO - [authentication_system.py:546] - AUTH: ✅ Mano detectada en frame original
2025-11-11 14:05:31,481 - biometric_gesture_system - INFO - [authentication_system.py:547] - AUTH: Confianza inicial: 0.957
2025-11-11 14:05:31,481 - biometric_gesture_system - INFO - [authentication_system.py:617] - AUTH: ✅ Usando landmarks del frame ORIGINAL
2025-11-11 14:05:31,482 - biometric_gesture_system - INFO - [authentication_system.py:654] - AUTH: Calidad insuficiente: 83.680
2025-11-11 14:05:31,613 - biometric_gesture_system - INFO - [authentication_system.py:523] - Procesando frame para sesión b742f04e-e399-423c-aa51-9144e2d441f7
2025-11-11 14:05:31,617 - biometric_gesture_system - INFO - [authentication_system.py:534] - AUTH: Frame #22 capturado - Shape: (720, 1280, 3)
2025-11-11 14:05:31,618 - biometric_gesture_system - INFO - [authentication_system.py:539] - AUTH: Procesando frame original para detectar mano...
2025-11-11 14:05:31,671 - biometric_gesture_system - INFO - [authentication_system.py:546] - AUTH: ✅ Mano detectada en frame original
2025-11-11 14:05:31,671 - biometric_gesture_system - INFO - [authentication_system.py:547] - AUTH: Confianza inicial: 0.932
2025-11-11 14:05:31,671 - biometric_gesture_system - INFO - [authentication_system.py:617] - AUTH: ✅ Usando landmarks del frame ORIGINAL
2025-11-11 14:05:31,672 - biometric_gesture_system - INFO - [authentication_system.py:654] - AUTH: Calidad insuficiente: 83.627
2025-11-11 14:05:31,811 - biometric_gesture_system - INFO - [authentication_system.py:523] - Procesando frame para sesión b742f04e-e399-423c-aa51-9144e2d441f7
2025-11-11 14:05:31,820 - biometric_gesture_system - INFO - [authentication_system.py:534] - AUTH: Frame #23 capturado - Shape: (720, 1280, 3)
2025-11-11 14:05:31,820 - biometric_gesture_system - INFO - [authentication_system.py:539] - AUTH: Procesando frame original para detectar mano...
2025-11-11 14:05:31,872 - biometric_gesture_system - INFO - [authentication_system.py:546] - AUTH: ✅ Mano detectada en frame original
2025-11-11 14:05:31,873 - biometric_gesture_system - INFO - [authentication_system.py:547] - AUTH: Confianza inicial: 0.957
2025-11-11 14:05:31,874 - biometric_gesture_system - INFO - [authentication_system.py:617] - AUTH: ✅ Usando landmarks del frame ORIGINAL
2025-11-11 14:05:31,875 - biometric_gesture_system - INFO - [authentication_system.py:654] - AUTH: Calidad insuficiente: 84.747
2025-11-11 14:05:32,012 - biometric_gesture_system - INFO - [authentication_system.py:523] - Procesando frame para sesión b742f04e-e399-423c-aa51-9144e2d441f7
2025-11-11 14:05:32,021 - biometric_gesture_system - INFO - [authentication_system.py:534] - AUTH: Frame #24 capturado - Shape: (720, 1280, 3)
2025-11-11 14:05:32,022 - biometric_gesture_system - INFO - [authentication_system.py:539] - AUTH: Procesando frame original para detectar mano...
2025-11-11 14:05:32,074 - biometric_gesture_system - INFO - [authentication_system.py:546] - AUTH: ✅ Mano detectada en frame original
2025-11-11 14:05:32,074 - biometric_gesture_system - INFO - [authentication_system.py:547] - AUTH: Confianza inicial: 0.970
2025-11-11 14:05:32,074 - biometric_gesture_system - INFO - [authentication_system.py:617] - AUTH: ✅ Usando landmarks del frame ORIGINAL
2025-11-11 14:05:32,075 - biometric_gesture_system - INFO - [authentication_system.py:654] - AUTH: Calidad insuficiente: 84.996
2025-11-11 14:05:32,211 - biometric_gesture_system - INFO - [authentication_system.py:523] - Procesando frame para sesión b742f04e-e399-423c-aa51-9144e2d441f7
2025-11-11 14:05:32,224 - biometric_gesture_system - INFO - [authentication_system.py:534] - AUTH: Frame #25 capturado - Shape: (720, 1280, 3)
2025-11-11 14:05:32,224 - biometric_gesture_system - INFO - [authentication_system.py:539] - AUTH: Procesando frame original para detectar mano...
2025-11-11 14:05:32,274 - biometric_gesture_system - INFO - [authentication_system.py:546] - AUTH: ✅ Mano detectada en frame original
2025-11-11 14:05:32,275 - biometric_gesture_system - INFO - [authentication_system.py:547] - AUTH: Confianza inicial: 0.968
2025-11-11 14:05:32,275 - biometric_gesture_system - INFO - [authentication_system.py:617] - AUTH: ✅ Usando landmarks del frame ORIGINAL
2025-11-11 14:05:32,275 - biometric_gesture_system - INFO - [authentication_system.py:657] - AUTH: ✅ Frame válido - Quality: 95.0
2025-11-11 14:05:32,280 - biometric_gesture_system - INFO - [authentication_system.py:684] - AUTH: ✅ Características anatómicas extraídas
2025-11-11 14:05:32,280 - biometric_gesture_system - INFO - [authentication_system.py:696] - AUTH: Frame agregado a buffer temporal (1 frames)
2025-11-11 14:05:32,281 - biometric_gesture_system - INFO - [authentication_system.py:709] - AUTH: Acumulando frames para características dinámicas... (1/5)
2025-11-11 14:05:32,411 - biometric_gesture_system - INFO - [authentication_system.py:523] - Procesando frame para sesión b742f04e-e399-423c-aa51-9144e2d441f7
2025-11-11 14:05:32,428 - biometric_gesture_system - INFO - [authentication_system.py:534] - AUTH: Frame #26 capturado - Shape: (720, 1280, 3)
2025-11-11 14:05:32,428 - biometric_gesture_system - INFO - [authentication_system.py:539] - AUTH: Procesando frame original para detectar mano...
2025-11-11 14:05:32,478 - biometric_gesture_system - INFO - [authentication_system.py:546] - AUTH: ✅ Mano detectada en frame original
2025-11-11 14:05:32,479 - biometric_gesture_system - INFO - [authentication_system.py:547] - AUTH: Confianza inicial: 0.960
2025-11-11 14:05:32,479 - biometric_gesture_system - INFO - [authentication_system.py:617] - AUTH: ✅ Usando landmarks del frame ORIGINAL
2025-11-11 14:05:32,479 - biometric_gesture_system - INFO - [authentication_system.py:657] - AUTH: ✅ Frame válido - Quality: 94.1
2025-11-11 14:05:32,484 - biometric_gesture_system - INFO - [authentication_system.py:684] - AUTH: ✅ Características anatómicas extraídas
2025-11-11 14:05:32,484 - biometric_gesture_system - INFO - [authentication_system.py:696] - AUTH: Frame agregado a buffer temporal (2 frames)
2025-11-11 14:05:32,485 - biometric_gesture_system - INFO - [authentication_system.py:709] - AUTH: Acumulando frames para características dinámicas... (2/5)
2025-11-11 14:05:32,619 - biometric_gesture_system - INFO - [authentication_system.py:523] - Procesando frame para sesión b742f04e-e399-423c-aa51-9144e2d441f7
2025-11-11 14:05:32,630 - biometric_gesture_system - INFO - [authentication_system.py:534] - AUTH: Frame #27 capturado - Shape: (720, 1280, 3)
2025-11-11 14:05:32,630 - biometric_gesture_system - INFO - [authentication_system.py:539] - AUTH: Procesando frame original para detectar mano...
2025-11-11 14:05:32,697 - biometric_gesture_system - INFO - [authentication_system.py:546] - AUTH: ✅ Mano detectada en frame original
2025-11-11 14:05:32,697 - biometric_gesture_system - INFO - [authentication_system.py:547] - AUTH: Confianza inicial: 0.953
2025-11-11 14:05:32,697 - biometric_gesture_system - INFO - [authentication_system.py:617] - AUTH: ✅ Usando landmarks del frame ORIGINAL
2025-11-11 14:05:32,698 - biometric_gesture_system - INFO - [authentication_system.py:657] - AUTH: ✅ Frame válido - Quality: 93.9
2025-11-11 14:05:32,702 - biometric_gesture_system - INFO - [authentication_system.py:684] - AUTH: ✅ Características anatómicas extraídas
2025-11-11 14:05:32,703 - biometric_gesture_system - INFO - [authentication_system.py:696] - AUTH: Frame agregado a buffer temporal (3 frames)
2025-11-11 14:05:32,703 - biometric_gesture_system - INFO - [authentication_system.py:709] - AUTH: Acumulando frames para características dinámicas... (3/5)
2025-11-11 14:05:32,818 - biometric_gesture_system - INFO - [authentication_system.py:523] - Procesando frame para sesión b742f04e-e399-423c-aa51-9144e2d441f7
2025-11-11 14:05:32,832 - biometric_gesture_system - INFO - [authentication_system.py:534] - AUTH: Frame #28 capturado - Shape: (720, 1280, 3)
2025-11-11 14:05:32,832 - biometric_gesture_system - INFO - [authentication_system.py:539] - AUTH: Procesando frame original para detectar mano...
2025-11-11 14:05:32,887 - biometric_gesture_system - INFO - [authentication_system.py:546] - AUTH: ✅ Mano detectada en frame original
2025-11-11 14:05:32,888 - biometric_gesture_system - INFO - [authentication_system.py:547] - AUTH: Confianza inicial: 0.970
2025-11-11 14:05:32,888 - biometric_gesture_system - INFO - [authentication_system.py:617] - AUTH: ✅ Usando landmarks del frame ORIGINAL
2025-11-11 14:05:32,888 - biometric_gesture_system - INFO - [authentication_system.py:657] - AUTH: ✅ Frame válido - Quality: 93.8
2025-11-11 14:05:32,895 - biometric_gesture_system - INFO - [authentication_system.py:684] - AUTH: ✅ Características anatómicas extraídas
2025-11-11 14:05:32,895 - biometric_gesture_system - INFO - [authentication_system.py:696] - AUTH: Frame agregado a buffer temporal (4 frames)
2025-11-11 14:05:32,895 - biometric_gesture_system - INFO - [authentication_system.py:709] - AUTH: Acumulando frames para características dinámicas... (4/5)
2025-11-11 14:05:33,024 - biometric_gesture_system - INFO - [authentication_system.py:523] - Procesando frame para sesión b742f04e-e399-423c-aa51-9144e2d441f7
2025-11-11 14:05:33,034 - biometric_gesture_system - INFO - [authentication_system.py:534] - AUTH: Frame #29 capturado - Shape: (720, 1280, 3)
2025-11-11 14:05:33,035 - biometric_gesture_system - INFO - [authentication_system.py:539] - AUTH: Procesando frame original para detectar mano...
2025-11-11 14:05:33,090 - biometric_gesture_system - INFO - [authentication_system.py:546] - AUTH: ✅ Mano detectada en frame original
2025-11-11 14:05:33,090 - biometric_gesture_system - INFO - [authentication_system.py:547] - AUTH: Confianza inicial: 0.969
2025-11-11 14:05:33,091 - biometric_gesture_system - INFO - [authentication_system.py:617] - AUTH: ✅ Usando landmarks del frame ORIGINAL
2025-11-11 14:05:33,091 - biometric_gesture_system - INFO - [authentication_system.py:657] - AUTH: ✅ Frame válido - Quality: 94.0
2025-11-11 14:05:33,096 - biometric_gesture_system - INFO - [authentication_system.py:684] - AUTH: ✅ Características anatómicas extraídas
2025-11-11 14:05:33,097 - biometric_gesture_system - INFO - [authentication_system.py:696] - AUTH: Frame agregado a buffer temporal (5 frames)
2025-11-11 14:05:33,097 - biometric_gesture_system - INFO - [authentication_system.py:709] - AUTH: Acumulando frames para características dinámicas... (5/5)
2025-11-11 14:05:33,210 - biometric_gesture_system - INFO - [authentication_system.py:523] - Procesando frame para sesión b742f04e-e399-423c-aa51-9144e2d441f7
2025-11-11 14:05:33,223 - biometric_gesture_system - INFO - [authentication_system.py:534] - AUTH: Frame #30 capturado - Shape: (720, 1280, 3)
2025-11-11 14:05:33,223 - biometric_gesture_system - INFO - [authentication_system.py:539] - AUTH: Procesando frame original para detectar mano...
2025-11-11 14:05:33,273 - biometric_gesture_system - INFO - [authentication_system.py:546] - AUTH: ✅ Mano detectada en frame original
2025-11-11 14:05:33,274 - biometric_gesture_system - INFO - [authentication_system.py:547] - AUTH: Confianza inicial: 0.959
2025-11-11 14:05:33,274 - biometric_gesture_system - INFO - [authentication_system.py:617] - AUTH: ✅ Usando landmarks del frame ORIGINAL
2025-11-11 14:05:33,274 - biometric_gesture_system - INFO - [authentication_system.py:657] - AUTH: ✅ Frame válido - Quality: 93.5
2025-11-11 14:05:33,279 - biometric_gesture_system - INFO - [authentication_system.py:684] - AUTH: ✅ Características anatómicas extraídas
2025-11-11 14:05:33,279 - biometric_gesture_system - INFO - [authentication_system.py:696] - AUTH: Frame agregado a buffer temporal (6 frames)
2025-11-11 14:05:33,280 - biometric_gesture_system - INFO - [authentication_system.py:709] - AUTH: Acumulando frames para características dinámicas... (6/5)
2025-11-11 14:05:33,420 - biometric_gesture_system - INFO - [authentication_system.py:523] - Procesando frame para sesión b742f04e-e399-423c-aa51-9144e2d441f7
2025-11-11 14:05:33,428 - biometric_gesture_system - INFO - [authentication_system.py:534] - AUTH: Frame #31 capturado - Shape: (720, 1280, 3)
2025-11-11 14:05:33,429 - biometric_gesture_system - INFO - [authentication_system.py:539] - AUTH: Procesando frame original para detectar mano...
2025-11-11 14:05:33,494 - biometric_gesture_system - INFO - [authentication_system.py:546] - AUTH: ✅ Mano detectada en frame original
2025-11-11 14:05:33,494 - biometric_gesture_system - INFO - [authentication_system.py:547] - AUTH: Confianza inicial: 0.962
2025-11-11 14:05:33,495 - biometric_gesture_system - INFO - [authentication_system.py:617] - AUTH: ✅ Usando landmarks del frame ORIGINAL
2025-11-11 14:05:33,495 - biometric_gesture_system - INFO - [authentication_system.py:657] - AUTH: ✅ Frame válido - Quality: 93.6
2025-11-11 14:05:33,499 - biometric_gesture_system - INFO - [authentication_system.py:684] - AUTH: ✅ Características anatómicas extraídas
2025-11-11 14:05:33,499 - biometric_gesture_system - INFO - [authentication_system.py:696] - AUTH: Frame agregado a buffer temporal (7 frames)
2025-11-11 14:05:33,500 - biometric_gesture_system - INFO - [authentication_system.py:709] - AUTH: Acumulando frames para características dinámicas... (7/5)
2025-11-11 14:05:33,616 - biometric_gesture_system - INFO - [authentication_system.py:523] - Procesando frame para sesión b742f04e-e399-423c-aa51-9144e2d441f7
2025-11-11 14:05:33,630 - biometric_gesture_system - INFO - [authentication_system.py:534] - AUTH: Frame #32 capturado - Shape: (720, 1280, 3)
2025-11-11 14:05:33,630 - biometric_gesture_system - INFO - [authentication_system.py:539] - AUTH: Procesando frame original para detectar mano...
2025-11-11 14:05:33,688 - biometric_gesture_system - INFO - [authentication_system.py:546] - AUTH: ✅ Mano detectada en frame original
2025-11-11 14:05:33,688 - biometric_gesture_system - INFO - [authentication_system.py:547] - AUTH: Confianza inicial: 0.959
2025-11-11 14:05:33,688 - biometric_gesture_system - INFO - [authentication_system.py:617] - AUTH: ✅ Usando landmarks del frame ORIGINAL
2025-11-11 14:05:33,690 - biometric_gesture_system - INFO - [authentication_system.py:657] - AUTH: ✅ Frame válido - Quality: 93.7
2025-11-11 14:05:33,694 - biometric_gesture_system - INFO - [authentication_system.py:684] - AUTH: ✅ Características anatómicas extraídas
2025-11-11 14:05:33,694 - biometric_gesture_system - INFO - [authentication_system.py:696] - AUTH: Frame agregado a buffer temporal (8 frames)
2025-11-11 14:05:33,745 - biometric_gesture_system - INFO - [authentication_system.py:882] - ✅ Temporal sequence construida para autenticación: (8, 320)
2025-11-11 14:05:33,746 - biometric_gesture_system - INFO - [authentication_system.py:887] - Características dinámicas extraídas del buffer: dim=320
2025-11-11 14:05:33,746 - biometric_gesture_system - INFO - [authentication_system.py:706] - AUTH: ✅ Características dinámicas extraídas del buffer (8 frames)
2025-11-11 14:05:34,081 - biometric_gesture_system - INFO - [authentication_system.py:1028] - Embedding anatómico generado: dim=64, norm=1.000
2025-11-11 14:05:34,081 - biometric_gesture_system - INFO - [authentication_system.py:1041] - Generando embedding dinámico para autenticación
2025-11-11 14:05:34,081 - biometric_gesture_system - INFO - [authentication_system.py:1061] - Temporal sequence shape: (8, 320)
2025-11-11 14:05:35,793 - biometric_gesture_system - INFO - [authentication_system.py:1086] - Embedding dinámico generado: dim=128, norm=1.000
2025-11-11 14:05:35,793 - biometric_gesture_system - INFO - [authentication_system.py:722] - AUTH: ✅ Embeddings generados - Anatómico: True, Dinámico: True
2025-11-11 14:05:35,793 - biometric_gesture_system - INFO - [authentication_system.py:729] - AUTH: Embedding anatómico agregado - Total: 1
2025-11-11 14:05:35,794 - biometric_gesture_system - INFO - [authentication_system.py:733] - AUTH: Embedding dinámico agregado - Total: 1
2025-11-11 14:05:35,794 - biometric_gesture_system - INFO - [authentication_system.py:740] - AUTH: ✅ Captura válida #1 - Embeddings almacenados exitosamente
2025-11-11 14:05:35,794 - biometric_gesture_system - INFO - [authentication_system.py:749] - AUTH: ✅ Gesto 'Open_Palm' capturado (Verificación)
2025-11-11 14:05:35,794 - biometric_gesture_system - INFO - [authentication_system.py:750] - AUTH:    Progreso: 1/3
2025-11-11 14:05:35,796 - biometric_gesture_system - INFO - [authentication_system.py:787] - AUTH: Frame procesado exitosamente para sesión b742f04e-e399-423c-aa51-9144e2d441f7
2025-11-11 14:05:35,796 - biometric_gesture_system - INFO - [authentication_system.py:788] - AUTH:   - Gesto detectado: Open_Palm
2025-11-11 14:05:35,796 - biometric_gesture_system - INFO - [authentication_system.py:789] - AUTH:   - Calidad: 93.656
2025-11-11 14:05:35,797 - biometric_gesture_system - INFO - [authentication_system.py:790] - AUTH:   - Embeddings: anatómico=True, dinámico=True
2025-11-11 14:05:35,797 - biometric_gesture_system - INFO - [authentication_system.py:791] - AUTH:   - Progreso secuencia: 1/3
2025-11-11 14:05:36,017 - biometric_gesture_system - INFO - [authentication_system.py:523] - Procesando frame para sesión b742f04e-e399-423c-aa51-9144e2d441f7
2025-11-11 14:05:36,021 - biometric_gesture_system - INFO - [authentication_system.py:534] - AUTH: Frame #33 capturado - Shape: (720, 1280, 3)
2025-11-11 14:05:36,021 - biometric_gesture_system - INFO - [authentication_system.py:539] - AUTH: Procesando frame original para detectar mano...
2025-11-11 14:05:36,292 - biometric_gesture_system - INFO - [authentication_system.py:546] - AUTH: ✅ Mano detectada en frame original
2025-11-11 14:05:36,292 - biometric_gesture_system - INFO - [authentication_system.py:547] - AUTH: Confianza inicial: 0.946
2025-11-11 14:05:36,293 - biometric_gesture_system - INFO - [authentication_system.py:617] - AUTH: ✅ Usando landmarks del frame ORIGINAL
2025-11-11 14:05:36,293 - biometric_gesture_system - INFO - [authentication_system.py:654] - AUTH: Calidad insuficiente: 83.531
2025-11-11 14:05:36,413 - biometric_gesture_system - INFO - [authentication_system.py:523] - Procesando frame para sesión b742f04e-e399-423c-aa51-9144e2d441f7
2025-11-11 14:05:36,425 - biometric_gesture_system - INFO - [authentication_system.py:534] - AUTH: Frame #34 capturado - Shape: (720, 1280, 3)
2025-11-11 14:05:36,425 - biometric_gesture_system - INFO - [authentication_system.py:539] - AUTH: Procesando frame original para detectar mano...
2025-11-11 14:05:36,481 - biometric_gesture_system - INFO - [authentication_system.py:546] - AUTH: ✅ Mano detectada en frame original
2025-11-11 14:05:36,481 - biometric_gesture_system - INFO - [authentication_system.py:547] - AUTH: Confianza inicial: 0.965
2025-11-11 14:05:36,481 - biometric_gesture_system - INFO - [authentication_system.py:617] - AUTH: ✅ Usando landmarks del frame ORIGINAL
2025-11-11 14:05:36,482 - biometric_gesture_system - INFO - [authentication_system.py:654] - AUTH: Calidad insuficiente: 83.629
2025-11-11 14:05:36,617 - biometric_gesture_system - INFO - [authentication_system.py:523] - Procesando frame para sesión b742f04e-e399-423c-aa51-9144e2d441f7
2025-11-11 14:05:36,628 - biometric_gesture_system - INFO - [authentication_system.py:534] - AUTH: Frame #35 capturado - Shape: (720, 1280, 3)
2025-11-11 14:05:36,628 - biometric_gesture_system - INFO - [authentication_system.py:539] - AUTH: Procesando frame original para detectar mano...
2025-11-11 14:05:36,681 - biometric_gesture_system - INFO - [authentication_system.py:546] - AUTH: ✅ Mano detectada en frame original
2025-11-11 14:05:36,681 - biometric_gesture_system - INFO - [authentication_system.py:547] - AUTH: Confianza inicial: 0.968
2025-11-11 14:05:36,681 - biometric_gesture_system - INFO - [authentication_system.py:617] - AUTH: ✅ Usando landmarks del frame ORIGINAL
2025-11-11 14:05:36,682 - biometric_gesture_system - INFO - [authentication_system.py:654] - AUTH: Calidad insuficiente: 80.251
2025-11-11 14:05:36,814 - biometric_gesture_system - INFO - [authentication_system.py:523] - Procesando frame para sesión b742f04e-e399-423c-aa51-9144e2d441f7
2025-11-11 14:05:36,830 - biometric_gesture_system - INFO - [authentication_system.py:534] - AUTH: Frame #36 capturado - Shape: (720, 1280, 3)
2025-11-11 14:05:36,830 - biometric_gesture_system - INFO - [authentication_system.py:539] - AUTH: Procesando frame original para detectar mano...
2025-11-11 14:05:36,899 - biometric_gesture_system - INFO - [authentication_system.py:546] - AUTH: ✅ Mano detectada en frame original
2025-11-11 14:05:36,899 - biometric_gesture_system - INFO - [authentication_system.py:547] - AUTH: Confianza inicial: 0.986
2025-11-11 14:05:36,899 - biometric_gesture_system - INFO - [authentication_system.py:617] - AUTH: ✅ Usando landmarks del frame ORIGINAL
2025-11-11 14:05:36,900 - biometric_gesture_system - INFO - [authentication_system.py:654] - AUTH: Calidad insuficiente: 84.069
2025-11-11 14:05:37,017 - biometric_gesture_system - INFO - [authentication_system.py:523] - Procesando frame para sesión b742f04e-e399-423c-aa51-9144e2d441f7
2025-11-11 14:05:37,034 - biometric_gesture_system - INFO - [authentication_system.py:534] - AUTH: Frame #37 capturado - Shape: (720, 1280, 3)
2025-11-11 14:05:37,034 - biometric_gesture_system - INFO - [authentication_system.py:539] - AUTH: Procesando frame original para detectar mano...
2025-11-11 14:05:37,090 - biometric_gesture_system - INFO - [authentication_system.py:543] - AUTH: No se detectó mano válida en frame original
2025-11-11 14:05:37,213 - biometric_gesture_system - INFO - [authentication_system.py:523] - Procesando frame para sesión b742f04e-e399-423c-aa51-9144e2d441f7
2025-11-11 14:05:37,220 - biometric_gesture_system - INFO - [authentication_system.py:534] - AUTH: Frame #38 capturado - Shape: (720, 1280, 3)
2025-11-11 14:05:37,220 - biometric_gesture_system - INFO - [authentication_system.py:539] - AUTH: Procesando frame original para detectar mano...
2025-11-11 14:05:37,264 - biometric_gesture_system - INFO - [authentication_system.py:543] - AUTH: No se detectó mano válida en frame original
2025-11-11 14:05:37,415 - biometric_gesture_system - INFO - [authentication_system.py:523] - Procesando frame para sesión b742f04e-e399-423c-aa51-9144e2d441f7
2025-11-11 14:05:37,421 - biometric_gesture_system - INFO - [authentication_system.py:534] - AUTH: Frame #39 capturado - Shape: (720, 1280, 3)
2025-11-11 14:05:37,422 - biometric_gesture_system - INFO - [authentication_system.py:539] - AUTH: Procesando frame original para detectar mano...
2025-11-11 14:05:37,465 - biometric_gesture_system - INFO - [authentication_system.py:543] - AUTH: No se detectó mano válida en frame original
2025-11-11 14:05:37,614 - biometric_gesture_system - INFO - [authentication_system.py:523] - Procesando frame para sesión b742f04e-e399-423c-aa51-9144e2d441f7
2025-11-11 14:05:37,626 - biometric_gesture_system - INFO - [authentication_system.py:534] - AUTH: Frame #40 capturado - Shape: (720, 1280, 3)
2025-11-11 14:05:37,626 - biometric_gesture_system - INFO - [authentication_system.py:539] - AUTH: Procesando frame original para detectar mano...
2025-11-11 14:05:37,670 - biometric_gesture_system - INFO - [authentication_system.py:543] - AUTH: No se detectó mano válida en frame original
2025-11-11 14:05:37,812 - biometric_gesture_system - INFO - [authentication_system.py:523] - Procesando frame para sesión b742f04e-e399-423c-aa51-9144e2d441f7
2025-11-11 14:05:37,828 - biometric_gesture_system - INFO - [authentication_system.py:534] - AUTH: Frame #41 capturado - Shape: (720, 1280, 3)
2025-11-11 14:05:37,828 - biometric_gesture_system - INFO - [authentication_system.py:539] - AUTH: Procesando frame original para detectar mano...
2025-11-11 14:05:37,874 - biometric_gesture_system - INFO - [authentication_system.py:543] - AUTH: No se detectó mano válida en frame original
2025-11-11 14:05:38,011 - biometric_gesture_system - INFO - [authentication_system.py:523] - Procesando frame para sesión b742f04e-e399-423c-aa51-9144e2d441f7
2025-11-11 14:05:38,014 - biometric_gesture_system - INFO - [authentication_system.py:534] - AUTH: Frame #42 capturado - Shape: (720, 1280, 3)
2025-11-11 14:05:38,015 - biometric_gesture_system - INFO - [authentication_system.py:539] - AUTH: Procesando frame original para detectar mano...
2025-11-11 14:05:38,060 - biometric_gesture_system - INFO - [authentication_system.py:543] - AUTH: No se detectó mano válida en frame original
2025-11-11 14:05:38,215 - biometric_gesture_system - INFO - [authentication_system.py:523] - Procesando frame para sesión b742f04e-e399-423c-aa51-9144e2d441f7
2025-11-11 14:05:38,231 - biometric_gesture_system - INFO - [authentication_system.py:534] - AUTH: Frame #43 capturado - Shape: (720, 1280, 3)
2025-11-11 14:05:38,231 - biometric_gesture_system - INFO - [authentication_system.py:539] - AUTH: Procesando frame original para detectar mano...
2025-11-11 14:05:38,276 - biometric_gesture_system - INFO - [authentication_system.py:543] - AUTH: No se detectó mano válida en frame original
2025-11-11 14:05:38,425 - biometric_gesture_system - INFO - [authentication_system.py:523] - Procesando frame para sesión b742f04e-e399-423c-aa51-9144e2d441f7
2025-11-11 14:05:38,433 - biometric_gesture_system - INFO - [authentication_system.py:534] - AUTH: Frame #44 capturado - Shape: (720, 1280, 3)
2025-11-11 14:05:38,435 - biometric_gesture_system - INFO - [authentication_system.py:539] - AUTH: Procesando frame original para detectar mano...
2025-11-11 14:05:38,478 - biometric_gesture_system - INFO - [authentication_system.py:543] - AUTH: No se detectó mano válida en frame original
2025-11-11 14:05:38,626 - biometric_gesture_system - INFO - [authentication_system.py:523] - Procesando frame para sesión b742f04e-e399-423c-aa51-9144e2d441f7
2025-11-11 14:05:38,637 - biometric_gesture_system - INFO - [authentication_system.py:534] - AUTH: Frame #45 capturado - Shape: (720, 1280, 3)
2025-11-11 14:05:38,637 - biometric_gesture_system - INFO - [authentication_system.py:539] - AUTH: Procesando frame original para detectar mano...
2025-11-11 14:05:38,679 - biometric_gesture_system - INFO - [authentication_system.py:543] - AUTH: No se detectó mano válida en frame original
2025-11-11 14:05:38,812 - biometric_gesture_system - INFO - [authentication_system.py:523] - Procesando frame para sesión b742f04e-e399-423c-aa51-9144e2d441f7
2025-11-11 14:05:38,825 - biometric_gesture_system - INFO - [authentication_system.py:534] - AUTH: Frame #46 capturado - Shape: (720, 1280, 3)
2025-11-11 14:05:38,825 - biometric_gesture_system - INFO - [authentication_system.py:539] - AUTH: Procesando frame original para detectar mano...
2025-11-11 14:05:38,874 - biometric_gesture_system - INFO - [authentication_system.py:543] - AUTH: No se detectó mano válida en frame original
2025-11-11 14:05:39,009 - biometric_gesture_system - INFO - [authentication_system.py:523] - Procesando frame para sesión b742f04e-e399-423c-aa51-9144e2d441f7
2025-11-11 14:05:39,027 - biometric_gesture_system - INFO - [authentication_system.py:534] - AUTH: Frame #47 capturado - Shape: (720, 1280, 3)
2025-11-11 14:05:39,027 - biometric_gesture_system - INFO - [authentication_system.py:539] - AUTH: Procesando frame original para detectar mano...
2025-11-11 14:05:39,073 - biometric_gesture_system - INFO - [authentication_system.py:543] - AUTH: No se detectó mano válida en frame original
2025-11-11 14:05:39,213 - biometric_gesture_system - INFO - [authentication_system.py:523] - Procesando frame para sesión b742f04e-e399-423c-aa51-9144e2d441f7
2025-11-11 14:05:39,230 - biometric_gesture_system - INFO - [authentication_system.py:534] - AUTH: Frame #48 capturado - Shape: (720, 1280, 3)
2025-11-11 14:05:39,230 - biometric_gesture_system - INFO - [authentication_system.py:539] - AUTH: Procesando frame original para detectar mano...
2025-11-11 14:05:39,271 - biometric_gesture_system - INFO - [authentication_system.py:543] - AUTH: No se detectó mano válida en frame original
2025-11-11 14:05:39,425 - biometric_gesture_system - INFO - [authentication_system.py:523] - Procesando frame para sesión b742f04e-e399-423c-aa51-9144e2d441f7
2025-11-11 14:05:39,433 - biometric_gesture_system - INFO - [authentication_system.py:534] - AUTH: Frame #49 capturado - Shape: (720, 1280, 3)
2025-11-11 14:05:39,433 - biometric_gesture_system - INFO - [authentication_system.py:539] - AUTH: Procesando frame original para detectar mano...
2025-11-11 14:05:39,480 - biometric_gesture_system - INFO - [authentication_system.py:543] - AUTH: No se detectó mano válida en frame original
2025-11-11 14:05:39,624 - biometric_gesture_system - INFO - [authentication_system.py:523] - Procesando frame para sesión b742f04e-e399-423c-aa51-9144e2d441f7
2025-11-11 14:05:39,637 - biometric_gesture_system - INFO - [authentication_system.py:534] - AUTH: Frame #50 capturado - Shape: (720, 1280, 3)
2025-11-11 14:05:39,639 - biometric_gesture_system - INFO - [authentication_system.py:539] - AUTH: Procesando frame original para detectar mano...
2025-11-11 14:05:39,679 - biometric_gesture_system - INFO - [authentication_system.py:543] - AUTH: No se detectó mano válida en frame original
2025-11-11 14:05:39,811 - biometric_gesture_system - INFO - [authentication_system.py:523] - Procesando frame para sesión b742f04e-e399-423c-aa51-9144e2d441f7
2025-11-11 14:05:39,824 - biometric_gesture_system - INFO - [authentication_system.py:534] - AUTH: Frame #51 capturado - Shape: (720, 1280, 3)
2025-11-11 14:05:39,824 - biometric_gesture_system - INFO - [authentication_system.py:539] - AUTH: Procesando frame original para detectar mano...
2025-11-11 14:05:39,866 - biometric_gesture_system - INFO - [authentication_system.py:543] - AUTH: No se detectó mano válida en frame original
2025-11-11 14:05:40,014 - biometric_gesture_system - INFO - [authentication_system.py:523] - Procesando frame para sesión b742f04e-e399-423c-aa51-9144e2d441f7
2025-11-11 14:05:40,027 - biometric_gesture_system - INFO - [authentication_system.py:534] - AUTH: Frame #52 capturado - Shape: (720, 1280, 3)
2025-11-11 14:05:40,027 - biometric_gesture_system - INFO - [authentication_system.py:539] - AUTH: Procesando frame original para detectar mano...
2025-11-11 14:05:40,071 - biometric_gesture_system - INFO - [authentication_system.py:543] - AUTH: No se detectó mano válida en frame original
2025-11-11 14:05:40,220 - biometric_gesture_system - INFO - [authentication_system.py:523] - Procesando frame para sesión b742f04e-e399-423c-aa51-9144e2d441f7
2025-11-11 14:05:40,230 - biometric_gesture_system - INFO - [authentication_system.py:534] - AUTH: Frame #53 capturado - Shape: (720, 1280, 3)
2025-11-11 14:05:40,230 - biometric_gesture_system - INFO - [authentication_system.py:539] - AUTH: Procesando frame original para detectar mano...
2025-11-11 14:05:40,282 - biometric_gesture_system - INFO - [authentication_system.py:543] - AUTH: No se detectó mano válida en frame original
2025-11-11 14:05:40,422 - biometric_gesture_system - INFO - [authentication_system.py:523] - Procesando frame para sesión b742f04e-e399-423c-aa51-9144e2d441f7
2025-11-11 14:05:40,434 - biometric_gesture_system - INFO - [authentication_system.py:534] - AUTH: Frame #54 capturado - Shape: (720, 1280, 3)
2025-11-11 14:05:40,435 - biometric_gesture_system - INFO - [authentication_system.py:539] - AUTH: Procesando frame original para detectar mano...
2025-11-11 14:05:40,479 - biometric_gesture_system - INFO - [authentication_system.py:543] - AUTH: No se detectó mano válida en frame original
2025-11-11 14:05:40,620 - biometric_gesture_system - INFO - [authentication_system.py:523] - Procesando frame para sesión b742f04e-e399-423c-aa51-9144e2d441f7
2025-11-11 14:05:40,635 - biometric_gesture_system - INFO - [authentication_system.py:534] - AUTH: Frame #55 capturado - Shape: (720, 1280, 3)
2025-11-11 14:05:40,635 - biometric_gesture_system - INFO - [authentication_system.py:539] - AUTH: Procesando frame original para detectar mano...
2025-11-11 14:05:40,675 - biometric_gesture_system - INFO - [authentication_system.py:543] - AUTH: No se detectó mano válida en frame original
2025-11-11 14:05:40,810 - biometric_gesture_system - INFO - [authentication_system.py:523] - Procesando frame para sesión b742f04e-e399-423c-aa51-9144e2d441f7
2025-11-11 14:05:40,823 - biometric_gesture_system - INFO - [authentication_system.py:534] - AUTH: Frame #56 capturado - Shape: (720, 1280, 3)
2025-11-11 14:05:40,823 - biometric_gesture_system - INFO - [authentication_system.py:539] - AUTH: Procesando frame original para detectar mano...
2025-11-11 14:05:40,868 - biometric_gesture_system - INFO - [authentication_system.py:543] - AUTH: No se detectó mano válida en frame original
2025-11-11 14:05:41,014 - biometric_gesture_system - INFO - [authentication_system.py:523] - Procesando frame para sesión b742f04e-e399-423c-aa51-9144e2d441f7
2025-11-11 14:05:41,026 - biometric_gesture_system - INFO - [authentication_system.py:534] - AUTH: Frame #57 capturado - Shape: (720, 1280, 3)
2025-11-11 14:05:41,026 - biometric_gesture_system - INFO - [authentication_system.py:539] - AUTH: Procesando frame original para detectar mano...
2025-11-11 14:05:41,074 - biometric_gesture_system - INFO - [authentication_system.py:543] - AUTH: No se detectó mano válida en frame original
2025-11-11 14:05:41,216 - biometric_gesture_system - INFO - [authentication_system.py:523] - Procesando frame para sesión b742f04e-e399-423c-aa51-9144e2d441f7
2025-11-11 14:05:41,228 - biometric_gesture_system - INFO - [authentication_system.py:534] - AUTH: Frame #58 capturado - Shape: (720, 1280, 3)
2025-11-11 14:05:41,228 - biometric_gesture_system - INFO - [authentication_system.py:539] - AUTH: Procesando frame original para detectar mano...
2025-11-11 14:05:41,287 - biometric_gesture_system - INFO - [authentication_system.py:543] - AUTH: No se detectó mano válida en frame original
2025-11-11 14:05:41,418 - biometric_gesture_system - INFO - [authentication_system.py:523] - Procesando frame para sesión b742f04e-e399-423c-aa51-9144e2d441f7
2025-11-11 14:05:41,429 - biometric_gesture_system - INFO - [authentication_system.py:534] - AUTH: Frame #59 capturado - Shape: (720, 1280, 3)
2025-11-11 14:05:41,430 - biometric_gesture_system - INFO - [authentication_system.py:539] - AUTH: Procesando frame original para detectar mano...
2025-11-11 14:05:41,477 - biometric_gesture_system - INFO - [authentication_system.py:543] - AUTH: No se detectó mano válida en frame original
2025-11-11 14:05:41,618 - biometric_gesture_system - INFO - [authentication_system.py:523] - Procesando frame para sesión b742f04e-e399-423c-aa51-9144e2d441f7
2025-11-11 14:05:41,633 - biometric_gesture_system - INFO - [authentication_system.py:534] - AUTH: Frame #60 capturado - Shape: (720, 1280, 3)
2025-11-11 14:05:41,633 - biometric_gesture_system - INFO - [authentication_system.py:539] - AUTH: Procesando frame original para detectar mano...
2025-11-11 14:05:41,672 - biometric_gesture_system - INFO - [authentication_system.py:543] - AUTH: No se detectó mano válida en frame original
2025-11-11 14:05:41,816 - biometric_gesture_system - INFO - [authentication_system.py:523] - Procesando frame para sesión b742f04e-e399-423c-aa51-9144e2d441f7
2025-11-11 14:05:41,834 - biometric_gesture_system - INFO - [authentication_system.py:534] - AUTH: Frame #61 capturado - Shape: (720, 1280, 3)
2025-11-11 14:05:41,834 - biometric_gesture_system - INFO - [authentication_system.py:539] - AUTH: Procesando frame original para detectar mano...
2025-11-11 14:05:41,873 - biometric_gesture_system - INFO - [authentication_system.py:543] - AUTH: No se detectó mano válida en frame original
2025-11-11 14:05:42,010 - biometric_gesture_system - INFO - [authentication_system.py:523] - Procesando frame para sesión b742f04e-e399-423c-aa51-9144e2d441f7
2025-11-11 14:05:42,023 - biometric_gesture_system - INFO - [authentication_system.py:534] - AUTH: Frame #62 capturado - Shape: (720, 1280, 3)
2025-11-11 14:05:42,024 - biometric_gesture_system - INFO - [authentication_system.py:539] - AUTH: Procesando frame original para detectar mano...
2025-11-11 14:05:42,067 - biometric_gesture_system - INFO - [authentication_system.py:543] - AUTH: No se detectó mano válida en frame original
2025-11-11 14:05:42,217 - biometric_gesture_system - INFO - [authentication_system.py:523] - Procesando frame para sesión b742f04e-e399-423c-aa51-9144e2d441f7
2025-11-11 14:05:42,230 - biometric_gesture_system - INFO - [authentication_system.py:534] - AUTH: Frame #63 capturado - Shape: (720, 1280, 3)
2025-11-11 14:05:42,230 - biometric_gesture_system - INFO - [authentication_system.py:539] - AUTH: Procesando frame original para detectar mano...
2025-11-11 14:05:42,274 - biometric_gesture_system - INFO - [authentication_system.py:543] - AUTH: No se detectó mano válida en frame original
2025-11-11 14:05:42,415 - biometric_gesture_system - INFO - [authentication_system.py:523] - Procesando frame para sesión b742f04e-e399-423c-aa51-9144e2d441f7
2025-11-11 14:05:42,431 - biometric_gesture_system - INFO - [authentication_system.py:534] - AUTH: Frame #64 capturado - Shape: (720, 1280, 3)
2025-11-11 14:05:42,431 - biometric_gesture_system - INFO - [authentication_system.py:539] - AUTH: Procesando frame original para detectar mano...
2025-11-11 14:05:42,469 - biometric_gesture_system - INFO - [authentication_system.py:543] - AUTH: No se detectó mano válida en frame original
2025-11-11 14:05:42,615 - biometric_gesture_system - INFO - [authentication_system.py:523] - Procesando frame para sesión b742f04e-e399-423c-aa51-9144e2d441f7
2025-11-11 14:05:42,633 - biometric_gesture_system - INFO - [authentication_system.py:534] - AUTH: Frame #65 capturado - Shape: (720, 1280, 3)
2025-11-11 14:05:42,633 - biometric_gesture_system - INFO - [authentication_system.py:539] - AUTH: Procesando frame original para detectar mano...
2025-11-11 14:05:42,675 - biometric_gesture_system - INFO - [authentication_system.py:543] - AUTH: No se detectó mano válida en frame original
2025-11-11 14:05:42,815 - biometric_gesture_system - INFO - [authentication_system.py:523] - Procesando frame para sesión b742f04e-e399-423c-aa51-9144e2d441f7
2025-11-11 14:05:42,822 - biometric_gesture_system - INFO - [authentication_system.py:534] - AUTH: Frame #66 capturado - Shape: (720, 1280, 3)
2025-11-11 14:05:42,822 - biometric_gesture_system - INFO - [authentication_system.py:539] - AUTH: Procesando frame original para detectar mano...
2025-11-11 14:05:42,889 - biometric_gesture_system - INFO - [authentication_system.py:543] - AUTH: No se detectó mano válida en frame original
2025-11-11 14:05:43,013 - biometric_gesture_system - INFO - [authentication_system.py:523] - Procesando frame para sesión b742f04e-e399-423c-aa51-9144e2d441f7
2025-11-11 14:05:43,025 - biometric_gesture_system - INFO - [authentication_system.py:534] - AUTH: Frame #67 capturado - Shape: (720, 1280, 3)
2025-11-11 14:05:43,025 - biometric_gesture_system - INFO - [authentication_system.py:539] - AUTH: Procesando frame original para detectar mano...
2025-11-11 14:05:43,069 - biometric_gesture_system - INFO - [authentication_system.py:543] - AUTH: No se detectó mano válida en frame original
2025-11-11 14:05:43,213 - biometric_gesture_system - INFO - [authentication_system.py:523] - Procesando frame para sesión b742f04e-e399-423c-aa51-9144e2d441f7
2025-11-11 14:05:43,227 - biometric_gesture_system - INFO - [authentication_system.py:534] - AUTH: Frame #68 capturado - Shape: (720, 1280, 3)
2025-11-11 14:05:43,228 - biometric_gesture_system - INFO - [authentication_system.py:539] - AUTH: Procesando frame original para detectar mano...
2025-11-11 14:05:43,272 - biometric_gesture_system - INFO - [authentication_system.py:543] - AUTH: No se detectó mano válida en frame original
2025-11-11 14:05:43,412 - biometric_gesture_system - INFO - [authentication_system.py:523] - Procesando frame para sesión b742f04e-e399-423c-aa51-9144e2d441f7
2025-11-11 14:05:43,430 - biometric_gesture_system - INFO - [authentication_system.py:534] - AUTH: Frame #69 capturado - Shape: (720, 1280, 3)
2025-11-11 14:05:43,430 - biometric_gesture_system - INFO - [authentication_system.py:539] - AUTH: Procesando frame original para detectar mano...
2025-11-11 14:05:43,471 - biometric_gesture_system - INFO - [authentication_system.py:543] - AUTH: No se detectó mano válida en frame original
2025-11-11 14:05:43,612 - biometric_gesture_system - INFO - [authentication_system.py:523] - Procesando frame para sesión b742f04e-e399-423c-aa51-9144e2d441f7
2025-11-11 14:05:43,618 - biometric_gesture_system - INFO - [authentication_system.py:534] - AUTH: Frame #70 capturado - Shape: (720, 1280, 3)
2025-11-11 14:05:43,619 - biometric_gesture_system - INFO - [authentication_system.py:539] - AUTH: Procesando frame original para detectar mano...
2025-11-11 14:05:43,660 - biometric_gesture_system - INFO - [authentication_system.py:543] - AUTH: No se detectó mano válida en frame original
2025-11-11 14:05:43,812 - biometric_gesture_system - INFO - [authentication_system.py:523] - Procesando frame para sesión b742f04e-e399-423c-aa51-9144e2d441f7
2025-11-11 14:05:43,819 - biometric_gesture_system - INFO - [authentication_system.py:534] - AUTH: Frame #71 capturado - Shape: (720, 1280, 3)
2025-11-11 14:05:43,819 - biometric_gesture_system - INFO - [authentication_system.py:539] - AUTH: Procesando frame original para detectar mano...
2025-11-11 14:05:43,893 - biometric_gesture_system - INFO - [authentication_system.py:543] - AUTH: No se detectó mano válida en frame original
2025-11-11 14:05:44,011 - biometric_gesture_system - INFO - [authentication_system.py:523] - Procesando frame para sesión b742f04e-e399-423c-aa51-9144e2d441f7
2025-11-11 14:05:44,022 - biometric_gesture_system - INFO - [authentication_system.py:534] - AUTH: Frame #72 capturado - Shape: (720, 1280, 3)
2025-11-11 14:05:44,022 - biometric_gesture_system - INFO - [authentication_system.py:539] - AUTH: Procesando frame original para detectar mano...
2025-11-11 14:05:44,087 - biometric_gesture_system - INFO - [authentication_system.py:543] - AUTH: No se detectó mano válida en frame original
2025-11-11 14:05:44,212 - biometric_gesture_system - INFO - [authentication_system.py:523] - Procesando frame para sesión b742f04e-e399-423c-aa51-9144e2d441f7
2025-11-11 14:05:44,224 - biometric_gesture_system - INFO - [authentication_system.py:534] - AUTH: Frame #73 capturado - Shape: (720, 1280, 3)
2025-11-11 14:05:44,225 - biometric_gesture_system - INFO - [authentication_system.py:539] - AUTH: Procesando frame original para detectar mano...
2025-11-11 14:05:44,283 - biometric_gesture_system - INFO - [authentication_system.py:543] - AUTH: No se detectó mano válida en frame original
2025-11-11 14:05:44,414 - biometric_gesture_system - INFO - [authentication_system.py:523] - Procesando frame para sesión b742f04e-e399-423c-aa51-9144e2d441f7
2025-11-11 14:05:44,426 - biometric_gesture_system - INFO - [authentication_system.py:534] - AUTH: Frame #74 capturado - Shape: (720, 1280, 3)
2025-11-11 14:05:44,427 - biometric_gesture_system - INFO - [authentication_system.py:539] - AUTH: Procesando frame original para detectar mano...
2025-11-11 14:05:44,509 - biometric_gesture_system - INFO - [authentication_system.py:543] - AUTH: No se detectó mano válida en frame original
