2025-11-08 15:29:54,007 - biometric_gesture_system - INFO - [config_manager.py:504] - Validación de configuración: ✓ EXITOSA
2025-11-08 15:29:54,007 - biometric_gesture_system - INFO - [config_manager.py:317] - ================================================================================
2025-11-08 15:29:54,008 - biometric_gesture_system - INFO - [config_manager.py:318] - SISTEMA BIOMÉTRICO DE GESTOS DE MANOS - CONFIG MANAGER INICIALIZADO
2025-11-08 15:29:54,008 - biometric_gesture_system - INFO - [config_manager.py:319] - ================================================================================
2025-11-08 15:29:54,008 - biometric_gesture_system - INFO - [config_manager.py:320] - Configuración cargada desde: biometric_config.json
2025-11-08 15:29:54,008 - biometric_gesture_system - INFO - [config_manager.py:321] - Muestras por gesto: 7
2025-11-08 15:29:54,008 - biometric_gesture_system - INFO - [config_manager.py:322] - Gestos por usuario: 3
2025-11-08 15:29:54,008 - biometric_gesture_system - INFO - [config_manager.py:323] - Umbral confianza mano: 0.9
2025-11-08 15:29:54,008 - biometric_gesture_system - INFO - [config_manager.py:324] - Umbral confianza gesto: 0.6
2025-11-08 15:29:54,008 - biometric_gesture_system - INFO - [config_manager.py:325] - Resolución cámara: 1280x720
2025-11-08 15:29:54,008 - biometric_gesture_system - INFO - [config_manager.py:326] - Directorios creados: 11 rutas configuradas
2025-11-08 15:29:54,008 - biometric_gesture_system - INFO - [config_manager.py:327] - ================================================================================
2025-11-08 15:29:54,288 - biometric_gesture_system - INFO - [config_manager.py:630] - ======================================================================
2025-11-08 15:29:54,288 - biometric_gesture_system - INFO - [config_manager.py:630] - ROI NORMALIZATION SYSTEM INICIALIZADO
2025-11-08 15:29:54,289 - biometric_gesture_system - INFO - [config_manager.py:630] -   ✓ Resolución mínima: 150px
2025-11-08 15:29:54,289 - biometric_gesture_system - INFO - [config_manager.py:630] -   ✓ Resolución máxima: 600px
2025-11-08 15:29:54,289 - biometric_gesture_system - INFO - [config_manager.py:630] -   ✓ Tamaño normalizado: (224, 224)
2025-11-08 15:29:54,289 - biometric_gesture_system - INFO - [config_manager.py:630] -   ✓ Padding: 15%
2025-11-08 15:29:54,289 - biometric_gesture_system - INFO - [config_manager.py:630] -   ✓ Sharpening: ACTIVADO
2025-11-08 15:29:54,289 - biometric_gesture_system - INFO - [config_manager.py:630] - ======================================================================
2025-11-08 15:29:54,290 - biometric_gesture_system - INFO - [visual_feedback.py:62] - ======================================================================
2025-11-08 15:29:54,290 - biometric_gesture_system - INFO - [visual_feedback.py:63] - VISUAL FEEDBACK MANAGER INICIALIZADO
2025-11-08 15:29:54,290 - biometric_gesture_system - INFO - [visual_feedback.py:64] -   ✓ 5 niveles de feedback configurados
2025-11-08 15:29:54,290 - biometric_gesture_system - INFO - [visual_feedback.py:65] -   ✓ Colores BGR definidos
2025-11-08 15:29:54,290 - biometric_gesture_system - INFO - [visual_feedback.py:66] -   ✓ Sistema de priorización activo
2025-11-08 15:29:54,290 - biometric_gesture_system - INFO - [visual_feedback.py:67] - ======================================================================
2025-11-08 15:30:07,279 - biometric_gesture_system - WARNING - [config_manager.py:349] - Clave de configuración no encontrada: roi_normalization.enabled, usando default: True
2025-11-08 15:30:07,279 - biometric_gesture_system - WARNING - [config_manager.py:349] - Clave de configuración no encontrada: roi_normalization.enabled, usando default: True
2025-11-08 15:30:07,279 - biometric_gesture_system - WARNING - [config_manager.py:349] - Clave de configuración no encontrada: roi_normalization.use_single_area, usando default: True
2025-11-08 15:30:07,279 - biometric_gesture_system - WARNING - [config_manager.py:349] - Clave de configuración no encontrada: biometric.dynamic_features, usando default: {'min_transition_frames': 8, 'max_transition_frames': 40, 'gesture_stability_threshold': 5, 'velocity_smoothing_window': 3, 'min_movement_threshold': 0.005, 'transition_detection_sensitivity': 0.85, 'temporal_downsampling': 1, 'normalize_temporal_features': True, 'use_3d_trajectories': True, 'velocity_threshold_percentile': 75, 'acceleration_smoothing': True, 'jerk_threshold': 0.1, 'minimum_sequence_duration_ms': 200}
2025-11-08 15:30:07,283 - biometric_gesture_system - WARNING - [config_manager.py:349] - Clave de configuración no encontrada: biometric.sequence_management, usando default: {'sequence_length': 3, 'max_sequence_duration': 60.0, 'max_gesture_duration': 15.0, 'min_gesture_confidence': 0.7, 'min_stable_frames': 3, 'gesture_timeout': 10.0, 'sequence_timeout': 45.0, 'max_failed_attempts': 3, 'cooldown_period': 5.0, 'auto_save_sequences': True, 'validation_mode': 'moderate', 'allow_gesture_skipping': False, 'require_exact_order': True, 'enable_adaptive_timeouts': True}
2025-11-08 15:30:07,283 - biometric_gesture_system - WARNING - [config_manager.py:349] - Clave de configuración no encontrada: biometric.enrollment.samples_per_gesture, usando default: 8
2025-11-08 15:30:07,283 - biometric_gesture_system - WARNING - [config_manager.py:349] - Clave de configuración no encontrada: biometric.enrollment.min_confidence, usando default: 0.65
2025-11-08 15:30:07,283 - biometric_gesture_system - WARNING - [config_manager.py:349] - Clave de configuración no encontrada: biometric.enrollment.min_stability_frames, usando default: 8
2025-11-08 15:30:07,284 - biometric_gesture_system - WARNING - [config_manager.py:349] - Clave de configuración no encontrada: biometric.enrollment.require_all_gestures, usando default: True
2025-11-08 15:30:07,285 - biometric_gesture_system - WARNING - [config_manager.py:349] - Clave de configuración no encontrada: biometric.enrollment.sample_timeout, usando default: 120.0
2025-11-08 15:30:07,285 - biometric_gesture_system - WARNING - [config_manager.py:349] - Clave de configuración no encontrada: biometric.enrollment.session_timeout, usando default: 3600.0
2025-11-08 15:30:07,285 - biometric_gesture_system - WARNING - [config_manager.py:349] - Clave de configuración no encontrada: biometric.enrollment.capture_interval, usando default: 0.8
2025-11-08 15:30:07,285 - biometric_gesture_system - WARNING - [config_manager.py:349] - Clave de configuración no encontrada: biometric.enrollment.enable_quality_check, usando default: True
2025-11-08 15:30:07,285 - biometric_gesture_system - WARNING - [config_manager.py:349] - Clave de configuración no encontrada: biometric.enrollment.enable_duplicate_check, usando default: True
2025-11-08 15:30:07,285 - biometric_gesture_system - WARNING - [config_manager.py:349] - Clave de configuración no encontrada: biometric.enrollment.duplicate_threshold, usando default: 0.92
2025-11-08 15:30:07,285 - biometric_gesture_system - WARNING - [config_manager.py:349] - Clave de configuración no encontrada: biometric.enrollment.template_fusion_strategy, usando default: average
2025-11-08 15:30:07,285 - biometric_gesture_system - WARNING - [config_manager.py:349] - Clave de configuración no encontrada: biometric.enrollment.enable_template_optimization, usando default: True
2025-11-08 15:30:07,285 - biometric_gesture_system - WARNING - [config_manager.py:349] - Clave de configuración no encontrada: biometric.enrollment.embedding_dimension_check, usando default: True
2025-11-08 15:30:07,285 - biometric_gesture_system - WARNING - [config_manager.py:349] - Clave de configuración no encontrada: biometric.enrollment.show_preview, usando default: True
2025-11-08 15:30:07,285 - biometric_gesture_system - WARNING - [config_manager.py:349] - Clave de configuración no encontrada: biometric.enrollment.show_quality_feedback, usando default: False
2025-11-08 15:30:07,285 - biometric_gesture_system - WARNING - [config_manager.py:349] - Clave de configuración no encontrada: biometric.enrollment.save_enrollment_video, usando default: False
2025-11-08 15:30:07,285 - biometric_gesture_system - WARNING - [config_manager.py:349] - Clave de configuración no encontrada: biometric.siamese_anatomical, usando default: {'hidden_layers': [128, 64], 'activation': 'relu', 'dropout_rate': 0.2, 'batch_normalization': True, 'l2_regularization': 0.001, 'learning_rate': 0.001, 'batch_size': 32, 'epochs': 100, 'patience': 15, 'validation_split': 0.2, 'min_users_for_training': 2, 'min_samples_per_user': 15, 'max_samples_per_user': 50, 'min_sessions_per_user': 1, 'loss_function': 'contrastive', 'distance_metric': 'euclidean', 'margin': 1.5, 'alpha': 0.2, 'use_stratified_split': True, 'cross_validation_folds': 5, 'threshold_optimization': 'eer', 'quality_threshold': 80.0, 'use_real_augmentation': True, 'temporal_jitter': 0.02, 'noise_from_real_variance': True, 'require_independent_test': True, 'min_test_users': 1, 'performance_monitoring': True}
2025-11-08 15:30:09,964 - biometric_gesture_system - WARNING - [config_manager.py:349] - Clave de configuración no encontrada: biometric.feature_preprocessing, usando default: {'anatomical_normalization': 'robust', 'dynamic_normalization': 'standard', 'normalize_per_user': False, 'balancing_method': 'balanced_subsample', 'target_balance_ratio': 1.0, 'augmentation_strategy': 'moderate', 'augmentation_factor': 1.5, 'cv_folds': 5, 'cv_strategy': 'stratified_user', 'test_size': 0.2, 'validation_size': 0.2, 'outlier_threshold': 3.0, 'min_samples_per_user': 5, 'feature_selection': False, 'variance_threshold': 0.01, 'cache_transformations': True, 'parallel_processing': False, 'random_state': 42, 'stratify_by_user': True}
2025-11-08 15:30:09,979 - biometric_gesture_system - WARNING - [config_manager.py:349] - Clave de configuración no encontrada: biometric.auth.sequence_timeout, usando default: 25.0
2025-11-08 15:30:09,979 - biometric_gesture_system - WARNING - [config_manager.py:349] - Clave de configuración no encontrada: biometric.auth.total_timeout, usando default: 45.0
2025-11-08 15:30:09,981 - biometric_gesture_system - WARNING - [config_manager.py:349] - Clave de configuración no encontrada: biometric.auth.frame_timeout, usando default: 3.0
2025-11-08 15:30:09,981 - biometric_gesture_system - WARNING - [config_manager.py:349] - Clave de configuración no encontrada: biometric.auth.threshold_low, usando default: 0.65
2025-11-08 15:30:09,981 - biometric_gesture_system - WARNING - [config_manager.py:349] - Clave de configuración no encontrada: biometric.auth.threshold_standard, usando default: 0.75
2025-11-08 15:30:09,981 - biometric_gesture_system - WARNING - [config_manager.py:349] - Clave de configuración no encontrada: biometric.auth.threshold_high, usando default: 0.85
2025-11-08 15:30:09,982 - biometric_gesture_system - WARNING - [config_manager.py:349] - Clave de configuración no encontrada: biometric.auth.threshold_maximum, usando default: 0.92
2025-11-08 15:30:09,982 - biometric_gesture_system - WARNING - [config_manager.py:349] - Clave de configuración no encontrada: biometric.auth.require_sequence_completion, usando default: True
2025-11-08 15:30:09,982 - biometric_gesture_system - WARNING - [config_manager.py:349] - Clave de configuración no encontrada: biometric.auth.min_gestures_for_auth, usando default: 2
2025-11-08 15:30:09,982 - biometric_gesture_system - WARNING - [config_manager.py:349] - Clave de configuración no encontrada: biometric.auth.max_attempts_per_session, usando default: 3
2025-11-08 15:30:09,982 - biometric_gesture_system - WARNING - [config_manager.py:349] - Clave de configuración no encontrada: biometric.auth.max_identification_candidates, usando default: 5
2025-11-08 15:30:09,982 - biometric_gesture_system - WARNING - [config_manager.py:349] - Clave de configuración no encontrada: biometric.auth.identification_threshold_factor, usando default: 1.1
2025-11-08 15:30:09,982 - biometric_gesture_system - WARNING - [config_manager.py:349] - Clave de configuración no encontrada: biometric.auth.min_quality_score, usando default: 0.7
2025-11-08 15:30:09,982 - biometric_gesture_system - WARNING - [config_manager.py:349] - Clave de configuración no encontrada: biometric.auth.min_confidence, usando default: 0.65
2025-11-08 15:30:09,982 - biometric_gesture_system - WARNING - [config_manager.py:349] - Clave de configuración no encontrada: biometric.auth.min_stability_frames, usando default: 8
2025-11-08 15:30:09,982 - biometric_gesture_system - WARNING - [config_manager.py:349] - Clave de configuración no encontrada: biometric.auth.score_fusion_strategy, usando default: weighted_average
2025-11-08 15:30:09,982 - biometric_gesture_system - WARNING - [config_manager.py:349] - Clave de configuración no encontrada: biometric.auth.anatomical_weight, usando default: 0.6
2025-11-08 15:30:09,982 - biometric_gesture_system - WARNING - [config_manager.py:349] - Clave de configuración no encontrada: biometric.auth.dynamic_weight, usando default: 0.4
2025-11-08 15:30:09,982 - biometric_gesture_system - WARNING - [config_manager.py:349] - Clave de configuración no encontrada: biometric.auth.enable_audit_logging, usando default: True
2025-11-08 15:30:09,984 - biometric_gesture_system - WARNING - [config_manager.py:349] - Clave de configuración no encontrada: biometric.auth.enable_continuous_auth, usando default: False
2025-11-08 15:30:09,984 - biometric_gesture_system - WARNING - [config_manager.py:349] - Clave de configuración no encontrada: biometric.auth.max_failed_attempts, usando default: 5
2025-11-08 15:30:09,984 - biometric_gesture_system - WARNING - [config_manager.py:349] - Clave de configuración no encontrada: biometric.auth.lockout_duration, usando default: 300.0
2025-11-08 15:30:09,984 - biometric_gesture_system - WARNING - [config_manager.py:349] - Clave de configuración no encontrada: biometric.score_fusion, usando default: {'fusion_strategy': 'weighted_average', 'calibration_method': 'none', 'weight_optimization': 'grid_search', 'anatomical_weight': 0.6, 'dynamic_weight': 0.4, 'decision_threshold': 0.5, 'use_confidence_weighting': True, 'adaptive_threshold': False, 'cross_validation_folds': 5, 'optimization_metric': 'eer'}
2025-11-08 15:30:09,984 - biometric_gesture_system - INFO - [authentication_system.py:443] - RealAuthenticationPipeline inicializado con componentes
2025-11-08 15:30:09,984 - biometric_gesture_system - INFO - [authentication_system.py:1205] - RealSessionManager inicializado para gestión de sesiones
2025-11-08 15:30:09,984 - biometric_gesture_system - INFO - [authentication_system.py:265] - RealSecurityAuditor inicializado para auditoría
2025-11-08 15:30:09,984 - biometric_gesture_system - INFO - [authentication_system.py:1412] - RealAuthenticationSystem inicializado
2025-11-08 15:30:09,984 - biometric_gesture_system - INFO - [authentication_system.py:1413] -   - Configuración: umbrales={'low': 0.65, 'standard': 0.75, 'high': 0.85, 'maximum': 0.92}
2025-11-08 15:30:24,017 - biometric_gesture_system - INFO - [authentication_system.py:2946] - Usuarios disponibles: 4
2025-11-08 15:53:18,326 - biometric_gesture_system - INFO - [authentication_system.py:2946] - Usuarios disponibles: 4
2025-11-08 16:41:38,548 - biometric_gesture_system - INFO - [system_manager.py:726] - Total usuarios en sistema: 4
2025-11-08 16:41:38,579 - biometric_gesture_system - INFO - [system_manager.py:728] -    - ss (ID: 2020)
2025-11-08 16:41:38,579 - biometric_gesture_system - INFO - [system_manager.py:728] -    - qw (ID: al)
2025-11-08 16:41:38,579 - biometric_gesture_system - INFO - [system_manager.py:728] -    - aa (ID: kk)
2025-11-08 16:41:38,579 - biometric_gesture_system - INFO - [system_manager.py:728] -    - zZzz (ID: zzz)
2025-11-08 16:41:38,589 - biometric_gesture_system - WARNING - [system_manager.py:735] - ❌ No existe archivo de tracking (last_training.json)
2025-11-08 16:41:38,589 - biometric_gesture_system - WARNING - [system_manager.py:736] -    No se puede determinar qué usuarios están entrenados
2025-11-08 16:41:38,589 - biometric_gesture_system - WARNING - [system_manager.py:737] -    Retornando lista vacía - entrena las redes primero
2025-11-08 16:41:45,482 - biometric_gesture_system - INFO - [system_manager.py:726] - Total usuarios en sistema: 4
2025-11-08 16:41:45,482 - biometric_gesture_system - INFO - [system_manager.py:728] -    - ss (ID: 2020)
2025-11-08 16:41:45,482 - biometric_gesture_system - INFO - [system_manager.py:728] -    - qw (ID: al)
2025-11-08 16:41:45,483 - biometric_gesture_system - INFO - [system_manager.py:728] -    - aa (ID: kk)
2025-11-08 16:41:45,483 - biometric_gesture_system - INFO - [system_manager.py:728] -    - zZzz (ID: zzz)
2025-11-08 16:41:45,483 - biometric_gesture_system - WARNING - [system_manager.py:735] - ❌ No existe archivo de tracking (last_training.json)
2025-11-08 16:41:45,483 - biometric_gesture_system - WARNING - [system_manager.py:736] -    No se puede determinar qué usuarios están entrenados
2025-11-08 16:41:45,483 - biometric_gesture_system - WARNING - [system_manager.py:737] -    Retornando lista vacía - entrena las redes primero
2025-11-08 17:24:46,551 - biometric_gesture_system - INFO - [authentication_system.py:2946] - Usuarios disponibles: 4
2025-11-08 22:55:24,558 - biometric_gesture_system - INFO - [system_manager.py:726] - Total usuarios en sistema: 4
2025-11-08 22:55:24,563 - biometric_gesture_system - INFO - [system_manager.py:728] -    - ss (ID: 2020)
2025-11-08 22:55:24,563 - biometric_gesture_system - INFO - [system_manager.py:728] -    - qw (ID: al)
2025-11-08 22:55:24,563 - biometric_gesture_system - INFO - [system_manager.py:728] -    - aa (ID: kk)
2025-11-08 22:55:24,564 - biometric_gesture_system - INFO - [system_manager.py:728] -    - zZzz (ID: zzz)
2025-11-08 22:55:24,569 - biometric_gesture_system - WARNING - [system_manager.py:735] - ❌ No existe archivo de tracking (last_training.json)
2025-11-08 22:55:24,569 - biometric_gesture_system - WARNING - [system_manager.py:736] -    No se puede determinar qué usuarios están entrenados
2025-11-08 22:55:24,571 - biometric_gesture_system - WARNING - [system_manager.py:737] -    Retornando lista vacía - entrena las redes primero
2025-11-08 22:55:29,063 - biometric_gesture_system - INFO - [system_manager.py:726] - Total usuarios en sistema: 4
2025-11-08 22:55:29,063 - biometric_gesture_system - INFO - [system_manager.py:728] -    - ss (ID: 2020)
2025-11-08 22:55:29,065 - biometric_gesture_system - INFO - [system_manager.py:728] -    - qw (ID: al)
2025-11-08 22:55:29,066 - biometric_gesture_system - INFO - [system_manager.py:728] -    - aa (ID: kk)
2025-11-08 22:55:29,066 - biometric_gesture_system - INFO - [system_manager.py:728] -    - zZzz (ID: zzz)
2025-11-08 22:55:29,066 - biometric_gesture_system - WARNING - [system_manager.py:735] - ❌ No existe archivo de tracking (last_training.json)
2025-11-08 22:55:29,066 - biometric_gesture_system - WARNING - [system_manager.py:736] -    No se puede determinar qué usuarios están entrenados
2025-11-08 22:55:29,069 - biometric_gesture_system - WARNING - [system_manager.py:737] -    Retornando lista vacía - entrena las redes primero
2025-11-08 23:00:30,044 - biometric_gesture_system - INFO - [authentication_system.py:2946] - Usuarios disponibles: 4
2025-11-08 23:00:36,331 - biometric_gesture_system - INFO - [system_manager.py:726] - Total usuarios en sistema: 4
2025-11-08 23:00:36,332 - biometric_gesture_system - INFO - [system_manager.py:728] -    - ss (ID: 2020)
2025-11-08 23:00:36,332 - biometric_gesture_system - INFO - [system_manager.py:728] -    - qw (ID: al)
2025-11-08 23:00:36,332 - biometric_gesture_system - INFO - [system_manager.py:728] -    - aa (ID: kk)
2025-11-08 23:00:36,332 - biometric_gesture_system - INFO - [system_manager.py:728] -    - zZzz (ID: zzz)
2025-11-08 23:00:36,332 - biometric_gesture_system - WARNING - [system_manager.py:735] - ❌ No existe archivo de tracking (last_training.json)
2025-11-08 23:00:36,332 - biometric_gesture_system - WARNING - [system_manager.py:736] -    No se puede determinar qué usuarios están entrenados
2025-11-08 23:00:36,332 - biometric_gesture_system - WARNING - [system_manager.py:737] -    Retornando lista vacía - entrena las redes primero
2025-11-08 23:00:41,299 - biometric_gesture_system - INFO - [system_manager.py:726] - Total usuarios en sistema: 4
2025-11-08 23:00:41,300 - biometric_gesture_system - INFO - [system_manager.py:728] -    - ss (ID: 2020)
2025-11-08 23:00:41,300 - biometric_gesture_system - INFO - [system_manager.py:728] -    - qw (ID: al)
2025-11-08 23:00:41,301 - biometric_gesture_system - INFO - [system_manager.py:728] -    - aa (ID: kk)
2025-11-08 23:00:41,301 - biometric_gesture_system - INFO - [system_manager.py:728] -    - zZzz (ID: zzz)
2025-11-08 23:00:41,301 - biometric_gesture_system - WARNING - [system_manager.py:735] - ❌ No existe archivo de tracking (last_training.json)
2025-11-08 23:00:41,301 - biometric_gesture_system - WARNING - [system_manager.py:736] -    No se puede determinar qué usuarios están entrenados
2025-11-08 23:00:41,301 - biometric_gesture_system - WARNING - [system_manager.py:737] -    Retornando lista vacía - entrena las redes primero
2025-11-08 23:15:47,347 - biometric_gesture_system - INFO - [authentication_system.py:2946] - Usuarios disponibles: 4
2025-11-08 23:18:42,418 - biometric_gesture_system - INFO - [authentication_system.py:2946] - Usuarios disponibles: 4
2025-11-08 23:20:32,706 - biometric_gesture_system - INFO - [system_manager.py:726] - Total usuarios en sistema: 4
2025-11-08 23:20:32,706 - biometric_gesture_system - INFO - [system_manager.py:728] -    - ss (ID: 2020)
2025-11-08 23:20:32,706 - biometric_gesture_system - INFO - [system_manager.py:728] -    - qw (ID: al)
2025-11-08 23:20:32,706 - biometric_gesture_system - INFO - [system_manager.py:728] -    - aa (ID: kk)
2025-11-08 23:20:32,706 - biometric_gesture_system - INFO - [system_manager.py:728] -    - zZzz (ID: zzz)
2025-11-08 23:20:32,706 - biometric_gesture_system - WARNING - [system_manager.py:735] - ❌ No existe archivo de tracking (last_training.json)
2025-11-08 23:20:32,706 - biometric_gesture_system - WARNING - [system_manager.py:736] -    No se puede determinar qué usuarios están entrenados
2025-11-08 23:20:32,706 - biometric_gesture_system - WARNING - [system_manager.py:737] -    Retornando lista vacía - entrena las redes primero
2025-11-08 23:20:37,356 - biometric_gesture_system - INFO - [system_manager.py:726] - Total usuarios en sistema: 4
2025-11-08 23:20:37,356 - biometric_gesture_system - INFO - [system_manager.py:728] -    - ss (ID: 2020)
2025-11-08 23:20:37,356 - biometric_gesture_system - INFO - [system_manager.py:728] -    - qw (ID: al)
2025-11-08 23:20:37,358 - biometric_gesture_system - INFO - [system_manager.py:728] -    - aa (ID: kk)
2025-11-08 23:20:37,358 - biometric_gesture_system - INFO - [system_manager.py:728] -    - zZzz (ID: zzz)
2025-11-08 23:20:37,358 - biometric_gesture_system - WARNING - [system_manager.py:735] - ❌ No existe archivo de tracking (last_training.json)
2025-11-08 23:20:37,358 - biometric_gesture_system - WARNING - [system_manager.py:736] -    No se puede determinar qué usuarios están entrenados
2025-11-08 23:20:37,358 - biometric_gesture_system - WARNING - [system_manager.py:737] -    Retornando lista vacía - entrena las redes primero
2025-11-08 23:20:39,903 - biometric_gesture_system - INFO - [system_manager.py:726] - Total usuarios en sistema: 4
2025-11-08 23:20:39,904 - biometric_gesture_system - INFO - [system_manager.py:728] -    - ss (ID: 2020)
2025-11-08 23:20:39,904 - biometric_gesture_system - INFO - [system_manager.py:728] -    - qw (ID: al)
2025-11-08 23:20:39,904 - biometric_gesture_system - INFO - [system_manager.py:728] -    - aa (ID: kk)
2025-11-08 23:20:39,904 - biometric_gesture_system - INFO - [system_manager.py:728] -    - zZzz (ID: zzz)
2025-11-08 23:20:39,904 - biometric_gesture_system - WARNING - [system_manager.py:735] - ❌ No existe archivo de tracking (last_training.json)
2025-11-08 23:20:39,904 - biometric_gesture_system - WARNING - [system_manager.py:736] -    No se puede determinar qué usuarios están entrenados
2025-11-08 23:20:39,904 - biometric_gesture_system - WARNING - [system_manager.py:737] -    Retornando lista vacía - entrena las redes primero
2025-11-08 23:20:41,131 - biometric_gesture_system - INFO - [authentication_system.py:2946] - Usuarios disponibles: 4
2025-11-08 23:20:42,707 - biometric_gesture_system - INFO - [system_manager.py:726] - Total usuarios en sistema: 4
2025-11-08 23:20:42,707 - biometric_gesture_system - INFO - [system_manager.py:728] -    - ss (ID: 2020)
2025-11-08 23:20:42,707 - biometric_gesture_system - INFO - [system_manager.py:728] -    - qw (ID: al)
2025-11-08 23:20:42,707 - biometric_gesture_system - INFO - [system_manager.py:728] -    - aa (ID: kk)
2025-11-08 23:20:42,709 - biometric_gesture_system - INFO - [system_manager.py:728] -    - zZzz (ID: zzz)
2025-11-08 23:20:42,709 - biometric_gesture_system - WARNING - [system_manager.py:735] - ❌ No existe archivo de tracking (last_training.json)
2025-11-08 23:20:42,709 - biometric_gesture_system - WARNING - [system_manager.py:736] -    No se puede determinar qué usuarios están entrenados
2025-11-08 23:20:42,710 - biometric_gesture_system - WARNING - [system_manager.py:737] -    Retornando lista vacía - entrena las redes primero
2025-11-08 23:20:46,420 - biometric_gesture_system - INFO - [system_manager.py:726] - Total usuarios en sistema: 4
2025-11-08 23:20:46,420 - biometric_gesture_system - INFO - [system_manager.py:728] -    - ss (ID: 2020)
2025-11-08 23:20:46,421 - biometric_gesture_system - INFO - [system_manager.py:728] -    - qw (ID: al)
2025-11-08 23:20:46,421 - biometric_gesture_system - INFO - [system_manager.py:728] -    - aa (ID: kk)
2025-11-08 23:20:46,421 - biometric_gesture_system - INFO - [system_manager.py:728] -    - zZzz (ID: zzz)
2025-11-08 23:20:46,421 - biometric_gesture_system - WARNING - [system_manager.py:735] - ❌ No existe archivo de tracking (last_training.json)
2025-11-08 23:20:46,421 - biometric_gesture_system - WARNING - [system_manager.py:736] -    No se puede determinar qué usuarios están entrenados
2025-11-08 23:20:46,421 - biometric_gesture_system - WARNING - [system_manager.py:737] -    Retornando lista vacía - entrena las redes primero
2025-11-08 23:57:19,296 - biometric_gesture_system - INFO - [authentication_system.py:2946] - Usuarios disponibles: 4
2025-11-08 23:57:22,507 - biometric_gesture_system - INFO - [authentication_system.py:1447] - Inicializando sistema de autenticación...
2025-11-08 23:57:22,507 - biometric_gesture_system - INFO - [authentication_system.py:1450] - Obteniendo referencias a redes entrenadas...
2025-11-08 23:57:22,507 - biometric_gesture_system - INFO - [authentication_system.py:1455] - === DIAGNÓSTICO DE ESTADO DE REDES ===
2025-11-08 23:57:22,525 - biometric_gesture_system - INFO - [authentication_system.py:1463] - Archivos de modelo en disco:
2025-11-08 23:57:22,527 - biometric_gesture_system - INFO - [authentication_system.py:1464] -   - Anatómico: True - biometric_data\models\anatomical_model.h5
2025-11-08 23:57:22,527 - biometric_gesture_system - INFO - [authentication_system.py:1465] -   - Dinámico: True - biometric_data\models\dynamic_model.h5
2025-11-08 23:57:22,527 - biometric_gesture_system - INFO - [authentication_system.py:1468] - Estado de instancias globales:
2025-11-08 23:57:22,527 - biometric_gesture_system - INFO - [authentication_system.py:1469] -   - Anatómica is_trained: True
2025-11-08 23:57:22,530 - biometric_gesture_system - INFO - [authentication_system.py:1470] -   - Dinámica is_trained: True
2025-11-08 23:57:22,530 - biometric_gesture_system - INFO - [authentication_system.py:1473] - Modelos compilados:
2025-11-08 23:57:22,534 - biometric_gesture_system - INFO - [authentication_system.py:1474] -   - Anatómica siamese_model: True
2025-11-08 23:57:22,535 - biometric_gesture_system - INFO - [authentication_system.py:1475] -   - Dinámica siamese_model: True
2025-11-08 23:57:22,535 - biometric_gesture_system - INFO - [authentication_system.py:1477] - === FIN DIAGNÓSTICO ===
2025-11-08 23:57:22,535 - biometric_gesture_system - INFO - [authentication_system.py:1479] - Referencias a redes obtenidas:
2025-11-08 23:57:22,535 - biometric_gesture_system - INFO - [authentication_system.py:1480] -   - Red anatómica disponible: True
2025-11-08 23:57:22,535 - biometric_gesture_system - INFO - [authentication_system.py:1481] -   - Red anatómica entrenada: True
2025-11-08 23:57:22,535 - biometric_gesture_system - INFO - [authentication_system.py:1482] -   - Red dinámica disponible: True
2025-11-08 23:57:22,539 - biometric_gesture_system - INFO - [authentication_system.py:1483] -   - Red dinámica entrenada: True
2025-11-08 23:57:22,544 - biometric_gesture_system - INFO - [authentication_system.py:448] - Inicializando pipeline de autenticación...
2025-11-08 23:57:22,544 - biometric_gesture_system - INFO - [authentication_system.py:451] - Obteniendo referencias actuales a redes entrenadas...
2025-11-08 23:57:22,545 - biometric_gesture_system - INFO - [authentication_system.py:456] - Verificando estado de entrenamiento...
2025-11-08 23:57:22,545 - biometric_gesture_system - INFO - [authentication_system.py:457] -   - Red anatómica entrenada: True
2025-11-08 23:57:22,545 - biometric_gesture_system - INFO - [authentication_system.py:458] -   - Red dinámica entrenada: True
2025-11-08 23:57:23,067 - biometric_gesture_system - ERROR - [authentication_system.py:463] - Error inicializando cámara
2025-11-08 23:57:23,067 - biometric_gesture_system - ERROR - [authentication_system.py:1508] - Error inicializando pipeline de autenticación
