2025-11-13 11:10:53,197 - biometric_gesture_system - INFO - [config_manager.py:504] - Validación de configuración: ✓ EXITOSA
2025-11-13 11:10:53,197 - biometric_gesture_system - INFO - [config_manager.py:317] - ================================================================================
2025-11-13 11:10:53,197 - biometric_gesture_system - INFO - [config_manager.py:318] - SISTEMA BIOMÉTRICO DE GESTOS DE MANOS - CONFIG MANAGER INICIALIZADO
2025-11-13 11:10:53,197 - biometric_gesture_system - INFO - [config_manager.py:319] - ================================================================================
2025-11-13 11:10:53,197 - biometric_gesture_system - INFO - [config_manager.py:320] - Configuración cargada desde: biometric_config.json
2025-11-13 11:10:53,197 - biometric_gesture_system - INFO - [config_manager.py:321] - Muestras por gesto: 7
2025-11-13 11:10:53,202 - biometric_gesture_system - INFO - [config_manager.py:322] - Gestos por usuario: 3
2025-11-13 11:10:53,202 - biometric_gesture_system - INFO - [config_manager.py:323] - Umbral confianza mano: 0.9
2025-11-13 11:10:53,202 - biometric_gesture_system - INFO - [config_manager.py:324] - Umbral confianza gesto: 0.6
2025-11-13 11:10:53,202 - biometric_gesture_system - INFO - [config_manager.py:325] - Resolución cámara: 1280x720
2025-11-13 11:10:53,202 - biometric_gesture_system - INFO - [config_manager.py:326] - Directorios creados: 11 rutas configuradas
2025-11-13 11:10:53,202 - biometric_gesture_system - INFO - [config_manager.py:327] - ================================================================================
2025-11-13 11:10:54,040 - biometric_gesture_system - INFO - [config_manager.py:630] - ======================================================================
2025-11-13 11:10:54,042 - biometric_gesture_system - INFO - [config_manager.py:630] - ROI NORMALIZATION SYSTEM INICIALIZADO
2025-11-13 11:10:54,042 - biometric_gesture_system - INFO - [config_manager.py:630] -   ✓ Resolución mínima: 150px
2025-11-13 11:10:54,042 - biometric_gesture_system - INFO - [config_manager.py:630] -   ✓ Resolución máxima: 600px
2025-11-13 11:10:54,042 - biometric_gesture_system - INFO - [config_manager.py:630] -   ✓ Tamaño normalizado: (224, 224)
2025-11-13 11:10:54,042 - biometric_gesture_system - INFO - [config_manager.py:630] -   ✓ Padding: 15%
2025-11-13 11:10:54,042 - biometric_gesture_system - INFO - [config_manager.py:630] -   ✓ Sharpening: ACTIVADO
2025-11-13 11:10:54,042 - biometric_gesture_system - INFO - [config_manager.py:630] - ======================================================================
2025-11-13 11:10:54,042 - biometric_gesture_system - INFO - [visual_feedback.py:62] - ======================================================================
2025-11-13 11:10:54,042 - biometric_gesture_system - INFO - [visual_feedback.py:63] - VISUAL FEEDBACK MANAGER INICIALIZADO
2025-11-13 11:10:54,042 - biometric_gesture_system - INFO - [visual_feedback.py:64] -   ✓ 5 niveles de feedback configurados
2025-11-13 11:10:54,042 - biometric_gesture_system - INFO - [visual_feedback.py:65] -   ✓ Colores BGR definidos
2025-11-13 11:10:54,042 - biometric_gesture_system - INFO - [visual_feedback.py:66] -   ✓ Sistema de priorización activo
2025-11-13 11:10:54,042 - biometric_gesture_system - INFO - [visual_feedback.py:67] - ======================================================================
2025-11-13 11:11:17,804 - biometric_gesture_system - WARNING - [config_manager.py:349] - Clave de configuración no encontrada: roi_normalization.enabled, usando default: True
2025-11-13 11:11:17,804 - biometric_gesture_system - WARNING - [config_manager.py:349] - Clave de configuración no encontrada: roi_normalization.enabled, usando default: True
2025-11-13 11:11:17,804 - biometric_gesture_system - WARNING - [config_manager.py:349] - Clave de configuración no encontrada: roi_normalization.use_single_area, usando default: True
2025-11-13 11:11:17,807 - biometric_gesture_system - WARNING - [config_manager.py:349] - Clave de configuración no encontrada: biometric.dynamic_features, usando default: {'min_transition_frames': 8, 'max_transition_frames': 40, 'gesture_stability_threshold': 5, 'velocity_smoothing_window': 3, 'min_movement_threshold': 0.005, 'transition_detection_sensitivity': 0.85, 'temporal_downsampling': 1, 'normalize_temporal_features': True, 'use_3d_trajectories': True, 'velocity_threshold_percentile': 75, 'acceleration_smoothing': True, 'jerk_threshold': 0.1, 'minimum_sequence_duration_ms': 200}
2025-11-13 11:11:17,810 - biometric_gesture_system - WARNING - [config_manager.py:349] - Clave de configuración no encontrada: biometric.sequence_management, usando default: {'sequence_length': 3, 'max_sequence_duration': 60.0, 'max_gesture_duration': 15.0, 'min_gesture_confidence': 0.7, 'min_stable_frames': 3, 'gesture_timeout': 10.0, 'sequence_timeout': 45.0, 'max_failed_attempts': 3, 'cooldown_period': 5.0, 'auto_save_sequences': True, 'validation_mode': 'moderate', 'allow_gesture_skipping': False, 'require_exact_order': True, 'enable_adaptive_timeouts': True}
2025-11-13 11:11:17,810 - biometric_gesture_system - WARNING - [config_manager.py:349] - Clave de configuración no encontrada: biometric.enrollment.samples_per_gesture, usando default: 8
2025-11-13 11:11:17,810 - biometric_gesture_system - WARNING - [config_manager.py:349] - Clave de configuración no encontrada: biometric.enrollment.min_confidence, usando default: 0.65
2025-11-13 11:11:17,813 - biometric_gesture_system - WARNING - [config_manager.py:349] - Clave de configuración no encontrada: biometric.enrollment.min_stability_frames, usando default: 8
2025-11-13 11:11:17,813 - biometric_gesture_system - WARNING - [config_manager.py:349] - Clave de configuración no encontrada: biometric.enrollment.require_all_gestures, usando default: True
2025-11-13 11:11:17,813 - biometric_gesture_system - WARNING - [config_manager.py:349] - Clave de configuración no encontrada: biometric.enrollment.sample_timeout, usando default: 120.0
2025-11-13 11:11:17,813 - biometric_gesture_system - WARNING - [config_manager.py:349] - Clave de configuración no encontrada: biometric.enrollment.session_timeout, usando default: 3600.0
2025-11-13 11:11:17,815 - biometric_gesture_system - WARNING - [config_manager.py:349] - Clave de configuración no encontrada: biometric.enrollment.capture_interval, usando default: 0.8
2025-11-13 11:11:17,815 - biometric_gesture_system - WARNING - [config_manager.py:349] - Clave de configuración no encontrada: biometric.enrollment.enable_quality_check, usando default: True
2025-11-13 11:11:17,815 - biometric_gesture_system - WARNING - [config_manager.py:349] - Clave de configuración no encontrada: biometric.enrollment.enable_duplicate_check, usando default: True
2025-11-13 11:11:17,816 - biometric_gesture_system - WARNING - [config_manager.py:349] - Clave de configuración no encontrada: biometric.enrollment.duplicate_threshold, usando default: 0.92
2025-11-13 11:11:17,816 - biometric_gesture_system - WARNING - [config_manager.py:349] - Clave de configuración no encontrada: biometric.enrollment.template_fusion_strategy, usando default: average
2025-11-13 11:11:17,816 - biometric_gesture_system - WARNING - [config_manager.py:349] - Clave de configuración no encontrada: biometric.enrollment.enable_template_optimization, usando default: True
2025-11-13 11:11:17,816 - biometric_gesture_system - WARNING - [config_manager.py:349] - Clave de configuración no encontrada: biometric.enrollment.embedding_dimension_check, usando default: True
2025-11-13 11:11:17,817 - biometric_gesture_system - WARNING - [config_manager.py:349] - Clave de configuración no encontrada: biometric.enrollment.show_preview, usando default: True
2025-11-13 11:11:17,817 - biometric_gesture_system - WARNING - [config_manager.py:349] - Clave de configuración no encontrada: biometric.enrollment.show_quality_feedback, usando default: False
2025-11-13 11:11:17,817 - biometric_gesture_system - WARNING - [config_manager.py:349] - Clave de configuración no encontrada: biometric.enrollment.save_enrollment_video, usando default: False
2025-11-13 11:11:17,817 - biometric_gesture_system - WARNING - [config_manager.py:349] - Clave de configuración no encontrada: biometric.siamese_anatomical, usando default: {'hidden_layers': [128, 64], 'activation': 'relu', 'dropout_rate': 0.2, 'batch_normalization': True, 'l2_regularization': 0.001, 'learning_rate': 0.001, 'batch_size': 32, 'epochs': 100, 'patience': 15, 'validation_split': 0.2, 'min_users_for_training': 2, 'min_samples_per_user': 15, 'max_samples_per_user': 50, 'min_sessions_per_user': 1, 'loss_function': 'contrastive', 'distance_metric': 'euclidean', 'margin': 1.5, 'alpha': 0.2, 'use_stratified_split': True, 'cross_validation_folds': 5, 'threshold_optimization': 'eer', 'quality_threshold': 80.0, 'use_real_augmentation': True, 'temporal_jitter': 0.02, 'noise_from_real_variance': True, 'require_independent_test': True, 'min_test_users': 1, 'performance_monitoring': True}
2025-11-13 11:11:20,738 - biometric_gesture_system - WARNING - [config_manager.py:349] - Clave de configuración no encontrada: biometric.feature_preprocessing, usando default: {'anatomical_normalization': 'robust', 'dynamic_normalization': 'standard', 'normalize_per_user': False, 'balancing_method': 'balanced_subsample', 'target_balance_ratio': 1.0, 'augmentation_strategy': 'moderate', 'augmentation_factor': 1.5, 'cv_folds': 5, 'cv_strategy': 'stratified_user', 'test_size': 0.2, 'validation_size': 0.2, 'outlier_threshold': 3.0, 'min_samples_per_user': 5, 'feature_selection': False, 'variance_threshold': 0.01, 'cache_transformations': True, 'parallel_processing': False, 'random_state': 42, 'stratify_by_user': True}
2025-11-13 11:11:20,740 - biometric_gesture_system - WARNING - [config_manager.py:349] - Clave de configuración no encontrada: biometric.auth.sequence_timeout, usando default: 25.0
2025-11-13 11:11:20,740 - biometric_gesture_system - WARNING - [config_manager.py:349] - Clave de configuración no encontrada: biometric.auth.total_timeout, usando default: 45.0
2025-11-13 11:11:20,740 - biometric_gesture_system - WARNING - [config_manager.py:349] - Clave de configuración no encontrada: biometric.auth.frame_timeout, usando default: 3.0
2025-11-13 11:11:20,742 - biometric_gesture_system - WARNING - [config_manager.py:349] - Clave de configuración no encontrada: biometric.auth.threshold_low, usando default: 0.65
2025-11-13 11:11:20,742 - biometric_gesture_system - WARNING - [config_manager.py:349] - Clave de configuración no encontrada: biometric.auth.threshold_standard, usando default: 0.75
2025-11-13 11:11:20,742 - biometric_gesture_system - WARNING - [config_manager.py:349] - Clave de configuración no encontrada: biometric.auth.threshold_high, usando default: 0.85
2025-11-13 11:11:20,742 - biometric_gesture_system - WARNING - [config_manager.py:349] - Clave de configuración no encontrada: biometric.auth.threshold_maximum, usando default: 0.92
2025-11-13 11:11:20,742 - biometric_gesture_system - WARNING - [config_manager.py:349] - Clave de configuración no encontrada: biometric.auth.require_sequence_completion, usando default: True
2025-11-13 11:11:20,742 - biometric_gesture_system - WARNING - [config_manager.py:349] - Clave de configuración no encontrada: biometric.auth.min_gestures_for_auth, usando default: 2
2025-11-13 11:11:20,742 - biometric_gesture_system - WARNING - [config_manager.py:349] - Clave de configuración no encontrada: biometric.auth.max_attempts_per_session, usando default: 3
2025-11-13 11:11:20,742 - biometric_gesture_system - WARNING - [config_manager.py:349] - Clave de configuración no encontrada: biometric.auth.max_identification_candidates, usando default: 5
2025-11-13 11:11:20,742 - biometric_gesture_system - WARNING - [config_manager.py:349] - Clave de configuración no encontrada: biometric.auth.identification_threshold_factor, usando default: 1.1
2025-11-13 11:11:20,742 - biometric_gesture_system - WARNING - [config_manager.py:349] - Clave de configuración no encontrada: biometric.auth.min_quality_score, usando default: 0.7
2025-11-13 11:11:20,742 - biometric_gesture_system - WARNING - [config_manager.py:349] - Clave de configuración no encontrada: biometric.auth.min_confidence, usando default: 0.65
2025-11-13 11:11:20,742 - biometric_gesture_system - WARNING - [config_manager.py:349] - Clave de configuración no encontrada: biometric.auth.min_stability_frames, usando default: 8
2025-11-13 11:11:20,742 - biometric_gesture_system - WARNING - [config_manager.py:349] - Clave de configuración no encontrada: biometric.auth.score_fusion_strategy, usando default: weighted_average
2025-11-13 11:11:20,742 - biometric_gesture_system - WARNING - [config_manager.py:349] - Clave de configuración no encontrada: biometric.auth.anatomical_weight, usando default: 0.6
2025-11-13 11:11:20,742 - biometric_gesture_system - WARNING - [config_manager.py:349] - Clave de configuración no encontrada: biometric.auth.dynamic_weight, usando default: 0.4
2025-11-13 11:11:20,742 - biometric_gesture_system - WARNING - [config_manager.py:349] - Clave de configuración no encontrada: biometric.auth.enable_audit_logging, usando default: True
2025-11-13 11:11:20,742 - biometric_gesture_system - WARNING - [config_manager.py:349] - Clave de configuración no encontrada: biometric.auth.enable_continuous_auth, usando default: False
2025-11-13 11:11:20,742 - biometric_gesture_system - WARNING - [config_manager.py:349] - Clave de configuración no encontrada: biometric.auth.max_failed_attempts, usando default: 5
2025-11-13 11:11:20,742 - biometric_gesture_system - WARNING - [config_manager.py:349] - Clave de configuración no encontrada: biometric.auth.lockout_duration, usando default: 300.0
2025-11-13 11:11:20,742 - biometric_gesture_system - WARNING - [config_manager.py:349] - Clave de configuración no encontrada: biometric.score_fusion, usando default: {'fusion_strategy': 'weighted_average', 'calibration_method': 'none', 'weight_optimization': 'grid_search', 'anatomical_weight': 0.6, 'dynamic_weight': 0.4, 'decision_threshold': 0.5, 'use_confidence_weighting': True, 'adaptive_threshold': False, 'cross_validation_folds': 5, 'optimization_metric': 'eer'}
2025-11-13 11:11:20,742 - biometric_gesture_system - INFO - [authentication_system.py:444] - RealAuthenticationPipeline inicializado con componentes
2025-11-13 11:11:20,746 - biometric_gesture_system - INFO - [authentication_system.py:1206] - RealSessionManager inicializado para gestión de sesiones
2025-11-13 11:11:20,746 - biometric_gesture_system - INFO - [authentication_system.py:266] - RealSecurityAuditor inicializado para auditoría
2025-11-13 11:11:20,746 - biometric_gesture_system - INFO - [authentication_system.py:1413] - RealAuthenticationSystem inicializado
2025-11-13 11:11:20,746 - biometric_gesture_system - INFO - [authentication_system.py:1414] -   - Configuración: umbrales={'low': 0.65, 'standard': 0.75, 'high': 0.85, 'maximum': 0.92}
2025-11-13 11:11:21,907 - biometric_gesture_system - INFO - [system_manager.py:726] - 📊 Total usuarios en sistema: 2
2025-11-13 11:11:21,907 - biometric_gesture_system - INFO - [system_manager.py:728] -    - aaaaaaaaaaaaa (ID: user_aaaaaaaa_1763049970151_c1c0811b)
2025-11-13 11:11:21,907 - biometric_gesture_system - INFO - [system_manager.py:728] -    - Gabriela Salazar (ID: user_gabriela_1762882140832_800f8527)
2025-11-13 11:11:21,907 - biometric_gesture_system - WARNING - [system_manager.py:735] - ❌ No existe archivo de tracking (last_training.json)
2025-11-13 11:11:21,907 - biometric_gesture_system - WARNING - [system_manager.py:736] -    No se puede determinar qué usuarios están entrenados
2025-11-13 11:11:21,907 - biometric_gesture_system - WARNING - [system_manager.py:737] -    Retornando lista vacía - entrena las redes primero
2025-11-13 11:11:26,576 - biometric_gesture_system - INFO - [system_manager.py:726] - 📊 Total usuarios en sistema: 2
2025-11-13 11:11:26,576 - biometric_gesture_system - INFO - [system_manager.py:728] -    - aaaaaaaaaaaaa (ID: user_aaaaaaaa_1763049970151_c1c0811b)
2025-11-13 11:11:26,576 - biometric_gesture_system - INFO - [system_manager.py:728] -    - Gabriela Salazar (ID: user_gabriela_1762882140832_800f8527)
2025-11-13 11:11:26,576 - biometric_gesture_system - WARNING - [system_manager.py:735] - ❌ No existe archivo de tracking (last_training.json)
2025-11-13 11:11:26,576 - biometric_gesture_system - WARNING - [system_manager.py:736] -    No se puede determinar qué usuarios están entrenados
2025-11-13 11:11:26,586 - biometric_gesture_system - WARNING - [system_manager.py:737] -    Retornando lista vacía - entrena las redes primero
2025-11-13 11:11:31,897 - biometric_gesture_system - INFO - [system_manager.py:726] - 📊 Total usuarios en sistema: 2
2025-11-13 11:11:31,897 - biometric_gesture_system - INFO - [system_manager.py:728] -    - aaaaaaaaaaaaa (ID: user_aaaaaaaa_1763049970151_c1c0811b)
2025-11-13 11:11:31,897 - biometric_gesture_system - INFO - [system_manager.py:728] -    - Gabriela Salazar (ID: user_gabriela_1762882140832_800f8527)
2025-11-13 11:11:31,897 - biometric_gesture_system - WARNING - [system_manager.py:735] - ❌ No existe archivo de tracking (last_training.json)
2025-11-13 11:11:31,897 - biometric_gesture_system - WARNING - [system_manager.py:736] -    No se puede determinar qué usuarios están entrenados
2025-11-13 11:11:31,897 - biometric_gesture_system - WARNING - [system_manager.py:737] -    Retornando lista vacía - entrena las redes primero
2025-11-13 11:11:36,583 - biometric_gesture_system - INFO - [system_manager.py:726] - 📊 Total usuarios en sistema: 2
2025-11-13 11:11:36,583 - biometric_gesture_system - INFO - [system_manager.py:728] -    - aaaaaaaaaaaaa (ID: user_aaaaaaaa_1763049970151_c1c0811b)
2025-11-13 11:11:36,583 - biometric_gesture_system - INFO - [system_manager.py:728] -    - Gabriela Salazar (ID: user_gabriela_1762882140832_800f8527)
2025-11-13 11:11:36,583 - biometric_gesture_system - WARNING - [system_manager.py:735] - ❌ No existe archivo de tracking (last_training.json)
2025-11-13 11:11:36,583 - biometric_gesture_system - WARNING - [system_manager.py:736] -    No se puede determinar qué usuarios están entrenados
2025-11-13 11:11:36,583 - biometric_gesture_system - WARNING - [system_manager.py:737] -    Retornando lista vacía - entrena las redes primero
2025-11-13 11:11:41,581 - biometric_gesture_system - INFO - [system_manager.py:726] - 📊 Total usuarios en sistema: 2
2025-11-13 11:11:41,581 - biometric_gesture_system - INFO - [system_manager.py:728] -    - aaaaaaaaaaaaa (ID: user_aaaaaaaa_1763049970151_c1c0811b)
2025-11-13 11:11:41,583 - biometric_gesture_system - INFO - [system_manager.py:728] -    - Gabriela Salazar (ID: user_gabriela_1762882140832_800f8527)
2025-11-13 11:11:41,584 - biometric_gesture_system - WARNING - [system_manager.py:735] - ❌ No existe archivo de tracking (last_training.json)
2025-11-13 11:11:41,584 - biometric_gesture_system - WARNING - [system_manager.py:736] -    No se puede determinar qué usuarios están entrenados
2025-11-13 11:11:41,584 - biometric_gesture_system - WARNING - [system_manager.py:737] -    Retornando lista vacía - entrena las redes primero
2025-11-13 11:11:46,605 - biometric_gesture_system - INFO - [system_manager.py:726] - 📊 Total usuarios en sistema: 2
2025-11-13 11:11:46,605 - biometric_gesture_system - INFO - [system_manager.py:728] -    - aaaaaaaaaaaaa (ID: user_aaaaaaaa_1763049970151_c1c0811b)
2025-11-13 11:11:46,605 - biometric_gesture_system - INFO - [system_manager.py:728] -    - Gabriela Salazar (ID: user_gabriela_1762882140832_800f8527)
2025-11-13 11:11:46,605 - biometric_gesture_system - WARNING - [system_manager.py:735] - ❌ No existe archivo de tracking (last_training.json)
2025-11-13 11:11:46,605 - biometric_gesture_system - WARNING - [system_manager.py:736] -    No se puede determinar qué usuarios están entrenados
2025-11-13 11:11:46,605 - biometric_gesture_system - WARNING - [system_manager.py:737] -    Retornando lista vacía - entrena las redes primero
2025-11-13 11:11:51,587 - biometric_gesture_system - INFO - [system_manager.py:726] - 📊 Total usuarios en sistema: 2
2025-11-13 11:11:51,587 - biometric_gesture_system - INFO - [system_manager.py:728] -    - aaaaaaaaaaaaa (ID: user_aaaaaaaa_1763049970151_c1c0811b)
2025-11-13 11:11:51,589 - biometric_gesture_system - INFO - [system_manager.py:728] -    - Gabriela Salazar (ID: user_gabriela_1762882140832_800f8527)
2025-11-13 11:11:51,589 - biometric_gesture_system - WARNING - [system_manager.py:735] - ❌ No existe archivo de tracking (last_training.json)
2025-11-13 11:11:51,589 - biometric_gesture_system - WARNING - [system_manager.py:736] -    No se puede determinar qué usuarios están entrenados
2025-11-13 11:11:51,589 - biometric_gesture_system - WARNING - [system_manager.py:737] -    Retornando lista vacía - entrena las redes primero
2025-11-13 11:11:56,590 - biometric_gesture_system - INFO - [system_manager.py:726] - 📊 Total usuarios en sistema: 2
2025-11-13 11:11:56,590 - biometric_gesture_system - INFO - [system_manager.py:728] -    - aaaaaaaaaaaaa (ID: user_aaaaaaaa_1763049970151_c1c0811b)
2025-11-13 11:11:56,590 - biometric_gesture_system - INFO - [system_manager.py:728] -    - Gabriela Salazar (ID: user_gabriela_1762882140832_800f8527)
2025-11-13 11:11:56,592 - biometric_gesture_system - WARNING - [system_manager.py:735] - ❌ No existe archivo de tracking (last_training.json)
2025-11-13 11:11:56,592 - biometric_gesture_system - WARNING - [system_manager.py:736] -    No se puede determinar qué usuarios están entrenados
2025-11-13 11:11:56,592 - biometric_gesture_system - WARNING - [system_manager.py:737] -    Retornando lista vacía - entrena las redes primero
2025-11-13 11:12:01,597 - biometric_gesture_system - INFO - [system_manager.py:726] - 📊 Total usuarios en sistema: 2
2025-11-13 11:12:01,597 - biometric_gesture_system - INFO - [system_manager.py:728] -    - aaaaaaaaaaaaa (ID: user_aaaaaaaa_1763049970151_c1c0811b)
2025-11-13 11:12:01,597 - biometric_gesture_system - INFO - [system_manager.py:728] -    - Gabriela Salazar (ID: user_gabriela_1762882140832_800f8527)
2025-11-13 11:12:01,597 - biometric_gesture_system - WARNING - [system_manager.py:735] - ❌ No existe archivo de tracking (last_training.json)
2025-11-13 11:12:01,597 - biometric_gesture_system - WARNING - [system_manager.py:736] -    No se puede determinar qué usuarios están entrenados
2025-11-13 11:12:01,600 - biometric_gesture_system - WARNING - [system_manager.py:737] -    Retornando lista vacía - entrena las redes primero
2025-11-13 11:12:06,596 - biometric_gesture_system - INFO - [system_manager.py:726] - 📊 Total usuarios en sistema: 2
2025-11-13 11:12:06,596 - biometric_gesture_system - INFO - [system_manager.py:728] -    - aaaaaaaaaaaaa (ID: user_aaaaaaaa_1763049970151_c1c0811b)
2025-11-13 11:12:06,599 - biometric_gesture_system - INFO - [system_manager.py:728] -    - Gabriela Salazar (ID: user_gabriela_1762882140832_800f8527)
2025-11-13 11:12:06,599 - biometric_gesture_system - WARNING - [system_manager.py:735] - ❌ No existe archivo de tracking (last_training.json)
2025-11-13 11:12:06,599 - biometric_gesture_system - WARNING - [system_manager.py:736] -    No se puede determinar qué usuarios están entrenados
2025-11-13 11:12:06,599 - biometric_gesture_system - WARNING - [system_manager.py:737] -    Retornando lista vacía - entrena las redes primero
2025-11-13 11:12:11,610 - biometric_gesture_system - INFO - [system_manager.py:726] - 📊 Total usuarios en sistema: 2
2025-11-13 11:12:11,610 - biometric_gesture_system - INFO - [system_manager.py:728] -    - aaaaaaaaaaaaa (ID: user_aaaaaaaa_1763049970151_c1c0811b)
2025-11-13 11:12:11,612 - biometric_gesture_system - INFO - [system_manager.py:728] -    - Gabriela Salazar (ID: user_gabriela_1762882140832_800f8527)
2025-11-13 11:12:11,613 - biometric_gesture_system - WARNING - [system_manager.py:735] - ❌ No existe archivo de tracking (last_training.json)
2025-11-13 11:12:11,613 - biometric_gesture_system - WARNING - [system_manager.py:736] -    No se puede determinar qué usuarios están entrenados
2025-11-13 11:12:11,613 - biometric_gesture_system - WARNING - [system_manager.py:737] -    Retornando lista vacía - entrena las redes primero
2025-11-13 11:12:16,598 - biometric_gesture_system - INFO - [system_manager.py:726] - 📊 Total usuarios en sistema: 2
2025-11-13 11:12:16,598 - biometric_gesture_system - INFO - [system_manager.py:728] -    - aaaaaaaaaaaaa (ID: user_aaaaaaaa_1763049970151_c1c0811b)
2025-11-13 11:12:16,598 - biometric_gesture_system - INFO - [system_manager.py:728] -    - Gabriela Salazar (ID: user_gabriela_1762882140832_800f8527)
2025-11-13 11:12:16,598 - biometric_gesture_system - WARNING - [system_manager.py:735] - ❌ No existe archivo de tracking (last_training.json)
2025-11-13 11:12:16,598 - biometric_gesture_system - WARNING - [system_manager.py:736] -    No se puede determinar qué usuarios están entrenados
2025-11-13 11:12:16,598 - biometric_gesture_system - WARNING - [system_manager.py:737] -    Retornando lista vacía - entrena las redes primero
2025-11-13 11:12:21,595 - biometric_gesture_system - INFO - [system_manager.py:726] - 📊 Total usuarios en sistema: 2
2025-11-13 11:12:21,595 - biometric_gesture_system - INFO - [system_manager.py:728] -    - aaaaaaaaaaaaa (ID: user_aaaaaaaa_1763049970151_c1c0811b)
2025-11-13 11:12:21,595 - biometric_gesture_system - INFO - [system_manager.py:728] -    - Gabriela Salazar (ID: user_gabriela_1762882140832_800f8527)
2025-11-13 11:12:21,595 - biometric_gesture_system - WARNING - [system_manager.py:735] - ❌ No existe archivo de tracking (last_training.json)
2025-11-13 11:12:21,595 - biometric_gesture_system - WARNING - [system_manager.py:736] -    No se puede determinar qué usuarios están entrenados
2025-11-13 11:12:21,595 - biometric_gesture_system - WARNING - [system_manager.py:737] -    Retornando lista vacía - entrena las redes primero
2025-11-13 11:12:26,589 - biometric_gesture_system - INFO - [system_manager.py:726] - 📊 Total usuarios en sistema: 2
2025-11-13 11:12:26,589 - biometric_gesture_system - INFO - [system_manager.py:728] -    - aaaaaaaaaaaaa (ID: user_aaaaaaaa_1763049970151_c1c0811b)
2025-11-13 11:12:26,591 - biometric_gesture_system - INFO - [system_manager.py:728] -    - Gabriela Salazar (ID: user_gabriela_1762882140832_800f8527)
2025-11-13 11:12:26,591 - biometric_gesture_system - WARNING - [system_manager.py:735] - ❌ No existe archivo de tracking (last_training.json)
2025-11-13 11:12:26,591 - biometric_gesture_system - WARNING - [system_manager.py:736] -    No se puede determinar qué usuarios están entrenados
2025-11-13 11:12:26,591 - biometric_gesture_system - WARNING - [system_manager.py:737] -    Retornando lista vacía - entrena las redes primero
2025-11-13 11:12:31,593 - biometric_gesture_system - INFO - [system_manager.py:726] - 📊 Total usuarios en sistema: 2
2025-11-13 11:12:31,593 - biometric_gesture_system - INFO - [system_manager.py:728] -    - aaaaaaaaaaaaa (ID: user_aaaaaaaa_1763049970151_c1c0811b)
2025-11-13 11:12:31,595 - biometric_gesture_system - INFO - [system_manager.py:728] -    - Gabriela Salazar (ID: user_gabriela_1762882140832_800f8527)
2025-11-13 11:12:31,595 - biometric_gesture_system - WARNING - [system_manager.py:735] - ❌ No existe archivo de tracking (last_training.json)
2025-11-13 11:12:31,595 - biometric_gesture_system - WARNING - [system_manager.py:736] -    No se puede determinar qué usuarios están entrenados
2025-11-13 11:12:31,595 - biometric_gesture_system - WARNING - [system_manager.py:737] -    Retornando lista vacía - entrena las redes primero
2025-11-13 11:12:36,903 - biometric_gesture_system - INFO - [system_manager.py:726] - 📊 Total usuarios en sistema: 2
2025-11-13 11:12:36,905 - biometric_gesture_system - INFO - [system_manager.py:728] -    - aaaaaaaaaaaaa (ID: user_aaaaaaaa_1763049970151_c1c0811b)
2025-11-13 11:12:36,905 - biometric_gesture_system - INFO - [system_manager.py:728] -    - Gabriela Salazar (ID: user_gabriela_1762882140832_800f8527)
2025-11-13 11:12:36,905 - biometric_gesture_system - WARNING - [system_manager.py:735] - ❌ No existe archivo de tracking (last_training.json)
2025-11-13 11:12:36,905 - biometric_gesture_system - WARNING - [system_manager.py:736] -    No se puede determinar qué usuarios están entrenados
2025-11-13 11:12:36,905 - biometric_gesture_system - WARNING - [system_manager.py:737] -    Retornando lista vacía - entrena las redes primero
2025-11-13 11:12:41,593 - biometric_gesture_system - INFO - [system_manager.py:726] - 📊 Total usuarios en sistema: 2
2025-11-13 11:12:41,593 - biometric_gesture_system - INFO - [system_manager.py:728] -    - aaaaaaaaaaaaa (ID: user_aaaaaaaa_1763049970151_c1c0811b)
2025-11-13 11:12:41,594 - biometric_gesture_system - INFO - [system_manager.py:728] -    - Gabriela Salazar (ID: user_gabriela_1762882140832_800f8527)
2025-11-13 11:12:41,594 - biometric_gesture_system - WARNING - [system_manager.py:735] - ❌ No existe archivo de tracking (last_training.json)
2025-11-13 11:12:41,594 - biometric_gesture_system - WARNING - [system_manager.py:736] -    No se puede determinar qué usuarios están entrenados
2025-11-13 11:12:41,594 - biometric_gesture_system - WARNING - [system_manager.py:737] -    Retornando lista vacía - entrena las redes primero
2025-11-13 11:12:46,593 - biometric_gesture_system - INFO - [system_manager.py:726] - 📊 Total usuarios en sistema: 2
2025-11-13 11:12:46,593 - biometric_gesture_system - INFO - [system_manager.py:728] -    - aaaaaaaaaaaaa (ID: user_aaaaaaaa_1763049970151_c1c0811b)
2025-11-13 11:12:46,593 - biometric_gesture_system - INFO - [system_manager.py:728] -    - Gabriela Salazar (ID: user_gabriela_1762882140832_800f8527)
2025-11-13 11:12:46,593 - biometric_gesture_system - WARNING - [system_manager.py:735] - ❌ No existe archivo de tracking (last_training.json)
2025-11-13 11:12:46,593 - biometric_gesture_system - WARNING - [system_manager.py:736] -    No se puede determinar qué usuarios están entrenados
2025-11-13 11:12:46,593 - biometric_gesture_system - WARNING - [system_manager.py:737] -    Retornando lista vacía - entrena las redes primero
2025-11-13 11:12:51,588 - biometric_gesture_system - INFO - [system_manager.py:726] - 📊 Total usuarios en sistema: 2
2025-11-13 11:12:51,588 - biometric_gesture_system - INFO - [system_manager.py:728] -    - aaaaaaaaaaaaa (ID: user_aaaaaaaa_1763049970151_c1c0811b)
2025-11-13 11:12:51,588 - biometric_gesture_system - INFO - [system_manager.py:728] -    - Gabriela Salazar (ID: user_gabriela_1762882140832_800f8527)
2025-11-13 11:12:51,588 - biometric_gesture_system - WARNING - [system_manager.py:735] - ❌ No existe archivo de tracking (last_training.json)
2025-11-13 11:12:51,588 - biometric_gesture_system - WARNING - [system_manager.py:736] -    No se puede determinar qué usuarios están entrenados
2025-11-13 11:12:51,588 - biometric_gesture_system - WARNING - [system_manager.py:737] -    Retornando lista vacía - entrena las redes primero
2025-11-13 11:12:56,584 - biometric_gesture_system - INFO - [system_manager.py:726] - 📊 Total usuarios en sistema: 2
2025-11-13 11:12:56,584 - biometric_gesture_system - INFO - [system_manager.py:728] -    - aaaaaaaaaaaaa (ID: user_aaaaaaaa_1763049970151_c1c0811b)
2025-11-13 11:12:56,590 - biometric_gesture_system - INFO - [system_manager.py:728] -    - Gabriela Salazar (ID: user_gabriela_1762882140832_800f8527)
2025-11-13 11:12:56,590 - biometric_gesture_system - WARNING - [system_manager.py:735] - ❌ No existe archivo de tracking (last_training.json)
2025-11-13 11:12:56,590 - biometric_gesture_system - WARNING - [system_manager.py:736] -    No se puede determinar qué usuarios están entrenados
2025-11-13 11:12:56,590 - biometric_gesture_system - WARNING - [system_manager.py:737] -    Retornando lista vacía - entrena las redes primero
2025-11-13 11:13:01,897 - biometric_gesture_system - INFO - [system_manager.py:726] - 📊 Total usuarios en sistema: 2
2025-11-13 11:13:01,897 - biometric_gesture_system - INFO - [system_manager.py:728] -    - aaaaaaaaaaaaa (ID: user_aaaaaaaa_1763049970151_c1c0811b)
2025-11-13 11:13:01,897 - biometric_gesture_system - INFO - [system_manager.py:728] -    - Gabriela Salazar (ID: user_gabriela_1762882140832_800f8527)
2025-11-13 11:13:01,897 - biometric_gesture_system - WARNING - [system_manager.py:735] - ❌ No existe archivo de tracking (last_training.json)
2025-11-13 11:13:01,897 - biometric_gesture_system - WARNING - [system_manager.py:736] -    No se puede determinar qué usuarios están entrenados
2025-11-13 11:13:01,897 - biometric_gesture_system - WARNING - [system_manager.py:737] -    Retornando lista vacía - entrena las redes primero
2025-11-13 11:13:06,592 - biometric_gesture_system - INFO - [system_manager.py:726] - 📊 Total usuarios en sistema: 2
2025-11-13 11:13:06,592 - biometric_gesture_system - INFO - [system_manager.py:728] -    - aaaaaaaaaaaaa (ID: user_aaaaaaaa_1763049970151_c1c0811b)
2025-11-13 11:13:06,592 - biometric_gesture_system - INFO - [system_manager.py:728] -    - Gabriela Salazar (ID: user_gabriela_1762882140832_800f8527)
2025-11-13 11:13:06,594 - biometric_gesture_system - WARNING - [system_manager.py:735] - ❌ No existe archivo de tracking (last_training.json)
2025-11-13 11:13:06,594 - biometric_gesture_system - WARNING - [system_manager.py:736] -    No se puede determinar qué usuarios están entrenados
2025-11-13 11:13:06,594 - biometric_gesture_system - WARNING - [system_manager.py:737] -    Retornando lista vacía - entrena las redes primero
2025-11-13 11:13:11,588 - biometric_gesture_system - INFO - [system_manager.py:726] - 📊 Total usuarios en sistema: 2
2025-11-13 11:13:11,588 - biometric_gesture_system - INFO - [system_manager.py:728] -    - aaaaaaaaaaaaa (ID: user_aaaaaaaa_1763049970151_c1c0811b)
2025-11-13 11:13:11,588 - biometric_gesture_system - INFO - [system_manager.py:728] -    - Gabriela Salazar (ID: user_gabriela_1762882140832_800f8527)
2025-11-13 11:13:11,588 - biometric_gesture_system - WARNING - [system_manager.py:735] - ❌ No existe archivo de tracking (last_training.json)
2025-11-13 11:13:11,588 - biometric_gesture_system - WARNING - [system_manager.py:736] -    No se puede determinar qué usuarios están entrenados
2025-11-13 11:13:11,588 - biometric_gesture_system - WARNING - [system_manager.py:737] -    Retornando lista vacía - entrena las redes primero
2025-11-13 11:13:16,890 - biometric_gesture_system - INFO - [system_manager.py:726] - 📊 Total usuarios en sistema: 2
2025-11-13 11:13:16,890 - biometric_gesture_system - INFO - [system_manager.py:728] -    - aaaaaaaaaaaaa (ID: user_aaaaaaaa_1763049970151_c1c0811b)
2025-11-13 11:13:16,890 - biometric_gesture_system - INFO - [system_manager.py:728] -    - Gabriela Salazar (ID: user_gabriela_1762882140832_800f8527)
2025-11-13 11:13:16,890 - biometric_gesture_system - WARNING - [system_manager.py:735] - ❌ No existe archivo de tracking (last_training.json)
2025-11-13 11:13:16,890 - biometric_gesture_system - WARNING - [system_manager.py:736] -    No se puede determinar qué usuarios están entrenados
2025-11-13 11:13:16,890 - biometric_gesture_system - WARNING - [system_manager.py:737] -    Retornando lista vacía - entrena las redes primero
2025-11-13 11:13:22,649 - biometric_gesture_system - INFO - [system_manager.py:726] - 📊 Total usuarios en sistema: 2
2025-11-13 11:13:22,649 - biometric_gesture_system - INFO - [system_manager.py:728] -    - aaaaaaaaaaaaa (ID: user_aaaaaaaa_1763049970151_c1c0811b)
2025-11-13 11:13:22,652 - biometric_gesture_system - INFO - [system_manager.py:728] -    - Gabriela Salazar (ID: user_gabriela_1762882140832_800f8527)
2025-11-13 11:13:22,652 - biometric_gesture_system - WARNING - [system_manager.py:735] - ❌ No existe archivo de tracking (last_training.json)
2025-11-13 11:13:22,652 - biometric_gesture_system - WARNING - [system_manager.py:736] -    No se puede determinar qué usuarios están entrenados
2025-11-13 11:13:22,652 - biometric_gesture_system - WARNING - [system_manager.py:737] -    Retornando lista vacía - entrena las redes primero
2025-11-13 11:13:26,595 - biometric_gesture_system - INFO - [system_manager.py:726] - 📊 Total usuarios en sistema: 2
2025-11-13 11:13:26,596 - biometric_gesture_system - INFO - [system_manager.py:728] -    - aaaaaaaaaaaaa (ID: user_aaaaaaaa_1763049970151_c1c0811b)
2025-11-13 11:13:26,596 - biometric_gesture_system - INFO - [system_manager.py:728] -    - Gabriela Salazar (ID: user_gabriela_1762882140832_800f8527)
2025-11-13 11:13:26,596 - biometric_gesture_system - WARNING - [system_manager.py:735] - ❌ No existe archivo de tracking (last_training.json)
2025-11-13 11:13:26,596 - biometric_gesture_system - WARNING - [system_manager.py:736] -    No se puede determinar qué usuarios están entrenados
2025-11-13 11:13:26,596 - biometric_gesture_system - WARNING - [system_manager.py:737] -    Retornando lista vacía - entrena las redes primero
2025-11-13 11:13:31,592 - biometric_gesture_system - INFO - [system_manager.py:726] - 📊 Total usuarios en sistema: 2
2025-11-13 11:13:31,593 - biometric_gesture_system - INFO - [system_manager.py:728] -    - aaaaaaaaaaaaa (ID: user_aaaaaaaa_1763049970151_c1c0811b)
2025-11-13 11:13:31,593 - biometric_gesture_system - INFO - [system_manager.py:728] -    - Gabriela Salazar (ID: user_gabriela_1762882140832_800f8527)
2025-11-13 11:13:31,594 - biometric_gesture_system - WARNING - [system_manager.py:735] - ❌ No existe archivo de tracking (last_training.json)
2025-11-13 11:13:31,594 - biometric_gesture_system - WARNING - [system_manager.py:736] -    No se puede determinar qué usuarios están entrenados
2025-11-13 11:13:31,594 - biometric_gesture_system - WARNING - [system_manager.py:737] -    Retornando lista vacía - entrena las redes primero
2025-11-13 11:13:36,586 - biometric_gesture_system - INFO - [system_manager.py:726] - 📊 Total usuarios en sistema: 2
2025-11-13 11:13:36,586 - biometric_gesture_system - INFO - [system_manager.py:728] -    - aaaaaaaaaaaaa (ID: user_aaaaaaaa_1763049970151_c1c0811b)
2025-11-13 11:13:36,589 - biometric_gesture_system - INFO - [system_manager.py:728] -    - Gabriela Salazar (ID: user_gabriela_1762882140832_800f8527)
2025-11-13 11:13:36,590 - biometric_gesture_system - WARNING - [system_manager.py:735] - ❌ No existe archivo de tracking (last_training.json)
2025-11-13 11:13:36,590 - biometric_gesture_system - WARNING - [system_manager.py:736] -    No se puede determinar qué usuarios están entrenados
2025-11-13 11:13:36,590 - biometric_gesture_system - WARNING - [system_manager.py:737] -    Retornando lista vacía - entrena las redes primero
2025-11-13 11:13:42,598 - biometric_gesture_system - INFO - [system_manager.py:726] - 📊 Total usuarios en sistema: 2
2025-11-13 11:13:42,598 - biometric_gesture_system - INFO - [system_manager.py:728] -    - aaaaaaaaaaaaa (ID: user_aaaaaaaa_1763049970151_c1c0811b)
2025-11-13 11:13:42,598 - biometric_gesture_system - INFO - [system_manager.py:728] -    - Gabriela Salazar (ID: user_gabriela_1762882140832_800f8527)
2025-11-13 11:13:42,600 - biometric_gesture_system - WARNING - [system_manager.py:735] - ❌ No existe archivo de tracking (last_training.json)
2025-11-13 11:13:42,600 - biometric_gesture_system - WARNING - [system_manager.py:736] -    No se puede determinar qué usuarios están entrenados
2025-11-13 11:13:42,600 - biometric_gesture_system - WARNING - [system_manager.py:737] -    Retornando lista vacía - entrena las redes primero
2025-11-13 11:13:47,309 - biometric_gesture_system - INFO - [system_manager.py:726] - 📊 Total usuarios en sistema: 2
2025-11-13 11:13:47,309 - biometric_gesture_system - INFO - [system_manager.py:728] -    - aaaaaaaaaaaaa (ID: user_aaaaaaaa_1763049970151_c1c0811b)
2025-11-13 11:13:47,310 - biometric_gesture_system - INFO - [system_manager.py:728] -    - Gabriela Salazar (ID: user_gabriela_1762882140832_800f8527)
2025-11-13 11:13:47,310 - biometric_gesture_system - WARNING - [system_manager.py:735] - ❌ No existe archivo de tracking (last_training.json)
2025-11-13 11:13:47,311 - biometric_gesture_system - WARNING - [system_manager.py:736] -    No se puede determinar qué usuarios están entrenados
2025-11-13 11:13:47,311 - biometric_gesture_system - WARNING - [system_manager.py:737] -    Retornando lista vacía - entrena las redes primero
2025-11-13 11:13:52,341 - biometric_gesture_system - INFO - [system_manager.py:726] - 📊 Total usuarios en sistema: 2
2025-11-13 11:13:52,341 - biometric_gesture_system - INFO - [system_manager.py:728] -    - aaaaaaaaaaaaa (ID: user_aaaaaaaa_1763049970151_c1c0811b)
2025-11-13 11:13:52,341 - biometric_gesture_system - INFO - [system_manager.py:728] -    - Gabriela Salazar (ID: user_gabriela_1762882140832_800f8527)
2025-11-13 11:13:52,343 - biometric_gesture_system - WARNING - [system_manager.py:735] - ❌ No existe archivo de tracking (last_training.json)
2025-11-13 11:13:52,343 - biometric_gesture_system - WARNING - [system_manager.py:736] -    No se puede determinar qué usuarios están entrenados
2025-11-13 11:13:52,343 - biometric_gesture_system - WARNING - [system_manager.py:737] -    Retornando lista vacía - entrena las redes primero
2025-11-13 11:13:57,297 - biometric_gesture_system - INFO - [system_manager.py:726] - 📊 Total usuarios en sistema: 2
2025-11-13 11:13:57,297 - biometric_gesture_system - INFO - [system_manager.py:728] -    - aaaaaaaaaaaaa (ID: user_aaaaaaaa_1763049970151_c1c0811b)
2025-11-13 11:13:57,297 - biometric_gesture_system - INFO - [system_manager.py:728] -    - Gabriela Salazar (ID: user_gabriela_1762882140832_800f8527)
2025-11-13 11:13:57,298 - biometric_gesture_system - WARNING - [system_manager.py:735] - ❌ No existe archivo de tracking (last_training.json)
2025-11-13 11:13:57,298 - biometric_gesture_system - WARNING - [system_manager.py:736] -    No se puede determinar qué usuarios están entrenados
2025-11-13 11:13:57,298 - biometric_gesture_system - WARNING - [system_manager.py:737] -    Retornando lista vacía - entrena las redes primero
2025-11-13 11:14:04,642 - biometric_gesture_system - INFO - [system_manager.py:726] - 📊 Total usuarios en sistema: 2
2025-11-13 11:14:04,642 - biometric_gesture_system - INFO - [system_manager.py:728] -    - aaaaaaaaaaaaa (ID: user_aaaaaaaa_1763049970151_c1c0811b)
2025-11-13 11:14:04,642 - biometric_gesture_system - INFO - [system_manager.py:728] -    - Gabriela Salazar (ID: user_gabriela_1762882140832_800f8527)
2025-11-13 11:14:04,642 - biometric_gesture_system - WARNING - [system_manager.py:735] - ❌ No existe archivo de tracking (last_training.json)
2025-11-13 11:14:04,642 - biometric_gesture_system - WARNING - [system_manager.py:736] -    No se puede determinar qué usuarios están entrenados
2025-11-13 11:14:04,642 - biometric_gesture_system - WARNING - [system_manager.py:737] -    Retornando lista vacía - entrena las redes primero
2025-11-13 11:14:07,300 - biometric_gesture_system - INFO - [system_manager.py:726] - 📊 Total usuarios en sistema: 2
2025-11-13 11:14:07,301 - biometric_gesture_system - INFO - [system_manager.py:728] -    - aaaaaaaaaaaaa (ID: user_aaaaaaaa_1763049970151_c1c0811b)
2025-11-13 11:14:07,301 - biometric_gesture_system - INFO - [system_manager.py:728] -    - Gabriela Salazar (ID: user_gabriela_1762882140832_800f8527)
2025-11-13 11:14:07,301 - biometric_gesture_system - WARNING - [system_manager.py:735] - ❌ No existe archivo de tracking (last_training.json)
2025-11-13 11:14:07,301 - biometric_gesture_system - WARNING - [system_manager.py:736] -    No se puede determinar qué usuarios están entrenados
2025-11-13 11:14:07,301 - biometric_gesture_system - WARNING - [system_manager.py:737] -    Retornando lista vacía - entrena las redes primero
2025-11-13 11:14:12,303 - biometric_gesture_system - INFO - [system_manager.py:726] - 📊 Total usuarios en sistema: 2
2025-11-13 11:14:12,303 - biometric_gesture_system - INFO - [system_manager.py:728] -    - aaaaaaaaaaaaa (ID: user_aaaaaaaa_1763049970151_c1c0811b)
2025-11-13 11:14:12,303 - biometric_gesture_system - INFO - [system_manager.py:728] -    - Gabriela Salazar (ID: user_gabriela_1762882140832_800f8527)
2025-11-13 11:14:12,303 - biometric_gesture_system - WARNING - [system_manager.py:735] - ❌ No existe archivo de tracking (last_training.json)
2025-11-13 11:14:12,303 - biometric_gesture_system - WARNING - [system_manager.py:736] -    No se puede determinar qué usuarios están entrenados
2025-11-13 11:14:12,303 - biometric_gesture_system - WARNING - [system_manager.py:737] -    Retornando lista vacía - entrena las redes primero
2025-11-13 11:14:17,292 - biometric_gesture_system - INFO - [system_manager.py:726] - 📊 Total usuarios en sistema: 2
2025-11-13 11:14:17,292 - biometric_gesture_system - INFO - [system_manager.py:728] -    - aaaaaaaaaaaaa (ID: user_aaaaaaaa_1763049970151_c1c0811b)
2025-11-13 11:14:17,292 - biometric_gesture_system - INFO - [system_manager.py:728] -    - Gabriela Salazar (ID: user_gabriela_1762882140832_800f8527)
2025-11-13 11:14:17,294 - biometric_gesture_system - WARNING - [system_manager.py:735] - ❌ No existe archivo de tracking (last_training.json)
2025-11-13 11:14:17,295 - biometric_gesture_system - WARNING - [system_manager.py:736] -    No se puede determinar qué usuarios están entrenados
2025-11-13 11:14:17,295 - biometric_gesture_system - WARNING - [system_manager.py:737] -    Retornando lista vacía - entrena las redes primero
2025-11-13 11:14:22,312 - biometric_gesture_system - INFO - [system_manager.py:726] - 📊 Total usuarios en sistema: 2
2025-11-13 11:14:22,312 - biometric_gesture_system - INFO - [system_manager.py:728] -    - aaaaaaaaaaaaa (ID: user_aaaaaaaa_1763049970151_c1c0811b)
2025-11-13 11:14:22,312 - biometric_gesture_system - INFO - [system_manager.py:728] -    - Gabriela Salazar (ID: user_gabriela_1762882140832_800f8527)
2025-11-13 11:14:22,312 - biometric_gesture_system - WARNING - [system_manager.py:735] - ❌ No existe archivo de tracking (last_training.json)
2025-11-13 11:14:22,312 - biometric_gesture_system - WARNING - [system_manager.py:736] -    No se puede determinar qué usuarios están entrenados
2025-11-13 11:14:22,315 - biometric_gesture_system - WARNING - [system_manager.py:737] -    Retornando lista vacía - entrena las redes primero
2025-11-13 11:14:27,306 - biometric_gesture_system - INFO - [system_manager.py:726] - 📊 Total usuarios en sistema: 2
2025-11-13 11:14:27,306 - biometric_gesture_system - INFO - [system_manager.py:728] -    - aaaaaaaaaaaaa (ID: user_aaaaaaaa_1763049970151_c1c0811b)
2025-11-13 11:14:27,306 - biometric_gesture_system - INFO - [system_manager.py:728] -    - Gabriela Salazar (ID: user_gabriela_1762882140832_800f8527)
2025-11-13 11:14:27,306 - biometric_gesture_system - WARNING - [system_manager.py:735] - ❌ No existe archivo de tracking (last_training.json)
2025-11-13 11:14:27,309 - biometric_gesture_system - WARNING - [system_manager.py:736] -    No se puede determinar qué usuarios están entrenados
2025-11-13 11:14:27,309 - biometric_gesture_system - WARNING - [system_manager.py:737] -    Retornando lista vacía - entrena las redes primero
2025-11-13 11:14:32,630 - biometric_gesture_system - INFO - [system_manager.py:726] - 📊 Total usuarios en sistema: 2
2025-11-13 11:14:32,630 - biometric_gesture_system - INFO - [system_manager.py:728] -    - aaaaaaaaaaaaa (ID: user_aaaaaaaa_1763049970151_c1c0811b)
2025-11-13 11:14:32,630 - biometric_gesture_system - INFO - [system_manager.py:728] -    - Gabriela Salazar (ID: user_gabriela_1762882140832_800f8527)
2025-11-13 11:14:32,630 - biometric_gesture_system - WARNING - [system_manager.py:735] - ❌ No existe archivo de tracking (last_training.json)
2025-11-13 11:14:32,630 - biometric_gesture_system - WARNING - [system_manager.py:736] -    No se puede determinar qué usuarios están entrenados
2025-11-13 11:14:32,630 - biometric_gesture_system - WARNING - [system_manager.py:737] -    Retornando lista vacía - entrena las redes primero
2025-11-13 11:14:37,306 - biometric_gesture_system - INFO - [system_manager.py:726] - 📊 Total usuarios en sistema: 2
2025-11-13 11:14:37,306 - biometric_gesture_system - INFO - [system_manager.py:728] -    - aaaaaaaaaaaaa (ID: user_aaaaaaaa_1763049970151_c1c0811b)
2025-11-13 11:14:37,306 - biometric_gesture_system - INFO - [system_manager.py:728] -    - Gabriela Salazar (ID: user_gabriela_1762882140832_800f8527)
2025-11-13 11:14:37,307 - biometric_gesture_system - WARNING - [system_manager.py:735] - ❌ No existe archivo de tracking (last_training.json)
2025-11-13 11:14:37,307 - biometric_gesture_system - WARNING - [system_manager.py:736] -    No se puede determinar qué usuarios están entrenados
2025-11-13 11:14:37,307 - biometric_gesture_system - WARNING - [system_manager.py:737] -    Retornando lista vacía - entrena las redes primero
2025-11-13 11:15:16,624 - biometric_gesture_system - INFO - [system_manager.py:726] - 📊 Total usuarios en sistema: 2
2025-11-13 11:15:16,625 - biometric_gesture_system - INFO - [system_manager.py:728] -    - aaaaaaaaaaaaa (ID: user_aaaaaaaa_1763049970151_c1c0811b)
2025-11-13 11:15:16,625 - biometric_gesture_system - INFO - [system_manager.py:728] -    - Gabriela Salazar (ID: user_gabriela_1762882140832_800f8527)
2025-11-13 11:15:16,625 - biometric_gesture_system - WARNING - [system_manager.py:735] - ❌ No existe archivo de tracking (last_training.json)
2025-11-13 11:15:16,625 - biometric_gesture_system - WARNING - [system_manager.py:736] -    No se puede determinar qué usuarios están entrenados
2025-11-13 11:15:16,625 - biometric_gesture_system - WARNING - [system_manager.py:737] -    Retornando lista vacía - entrena las redes primero
2025-11-13 11:16:16,319 - biometric_gesture_system - INFO - [system_manager.py:726] - 📊 Total usuarios en sistema: 2
2025-11-13 11:16:16,320 - biometric_gesture_system - INFO - [system_manager.py:728] -    - aaaaaaaaaaaaa (ID: user_aaaaaaaa_1763049970151_c1c0811b)
2025-11-13 11:16:16,320 - biometric_gesture_system - INFO - [system_manager.py:728] -    - Gabriela Salazar (ID: user_gabriela_1762882140832_800f8527)
2025-11-13 11:16:16,322 - biometric_gesture_system - WARNING - [system_manager.py:735] - ❌ No existe archivo de tracking (last_training.json)
2025-11-13 11:16:16,322 - biometric_gesture_system - WARNING - [system_manager.py:736] -    No se puede determinar qué usuarios están entrenados
2025-11-13 11:16:16,322 - biometric_gesture_system - WARNING - [system_manager.py:737] -    Retornando lista vacía - entrena las redes primero
2025-11-13 11:17:16,622 - biometric_gesture_system - INFO - [system_manager.py:726] - 📊 Total usuarios en sistema: 2
2025-11-13 11:17:16,622 - biometric_gesture_system - INFO - [system_manager.py:728] -    - aaaaaaaaaaaaa (ID: user_aaaaaaaa_1763049970151_c1c0811b)
2025-11-13 11:17:16,622 - biometric_gesture_system - INFO - [system_manager.py:728] -    - Gabriela Salazar (ID: user_gabriela_1762882140832_800f8527)
2025-11-13 11:17:16,624 - biometric_gesture_system - WARNING - [system_manager.py:735] - ❌ No existe archivo de tracking (last_training.json)
2025-11-13 11:17:16,624 - biometric_gesture_system - WARNING - [system_manager.py:736] -    No se puede determinar qué usuarios están entrenados
2025-11-13 11:17:16,627 - biometric_gesture_system - WARNING - [system_manager.py:737] -    Retornando lista vacía - entrena las redes primero
2025-11-13 11:18:16,602 - biometric_gesture_system - INFO - [system_manager.py:726] - 📊 Total usuarios en sistema: 2
2025-11-13 11:18:16,602 - biometric_gesture_system - INFO - [system_manager.py:728] -    - aaaaaaaaaaaaa (ID: user_aaaaaaaa_1763049970151_c1c0811b)
2025-11-13 11:18:16,602 - biometric_gesture_system - INFO - [system_manager.py:728] -    - Gabriela Salazar (ID: user_gabriela_1762882140832_800f8527)
2025-11-13 11:18:16,602 - biometric_gesture_system - WARNING - [system_manager.py:735] - ❌ No existe archivo de tracking (last_training.json)
2025-11-13 11:18:16,604 - biometric_gesture_system - WARNING - [system_manager.py:736] -    No se puede determinar qué usuarios están entrenados
2025-11-13 11:18:16,604 - biometric_gesture_system - WARNING - [system_manager.py:737] -    Retornando lista vacía - entrena las redes primero
2025-11-13 11:19:16,605 - biometric_gesture_system - INFO - [system_manager.py:726] - 📊 Total usuarios en sistema: 2
2025-11-13 11:19:16,607 - biometric_gesture_system - INFO - [system_manager.py:728] -    - aaaaaaaaaaaaa (ID: user_aaaaaaaa_1763049970151_c1c0811b)
2025-11-13 11:19:16,607 - biometric_gesture_system - INFO - [system_manager.py:728] -    - Gabriela Salazar (ID: user_gabriela_1762882140832_800f8527)
2025-11-13 11:19:16,607 - biometric_gesture_system - WARNING - [system_manager.py:735] - ❌ No existe archivo de tracking (last_training.json)
2025-11-13 11:19:16,607 - biometric_gesture_system - WARNING - [system_manager.py:736] -    No se puede determinar qué usuarios están entrenados
2025-11-13 11:19:16,607 - biometric_gesture_system - WARNING - [system_manager.py:737] -    Retornando lista vacía - entrena las redes primero
2025-11-13 11:20:16,605 - biometric_gesture_system - INFO - [system_manager.py:726] - 📊 Total usuarios en sistema: 2
2025-11-13 11:20:16,607 - biometric_gesture_system - INFO - [system_manager.py:728] -    - aaaaaaaaaaaaa (ID: user_aaaaaaaa_1763049970151_c1c0811b)
2025-11-13 11:20:16,607 - biometric_gesture_system - INFO - [system_manager.py:728] -    - Gabriela Salazar (ID: user_gabriela_1762882140832_800f8527)
2025-11-13 11:20:16,607 - biometric_gesture_system - WARNING - [system_manager.py:735] - ❌ No existe archivo de tracking (last_training.json)
2025-11-13 11:20:16,607 - biometric_gesture_system - WARNING - [system_manager.py:736] -    No se puede determinar qué usuarios están entrenados
2025-11-13 11:20:16,609 - biometric_gesture_system - WARNING - [system_manager.py:737] -    Retornando lista vacía - entrena las redes primero
2025-11-13 11:21:16,623 - biometric_gesture_system - INFO - [system_manager.py:726] - 📊 Total usuarios en sistema: 2
2025-11-13 11:21:16,623 - biometric_gesture_system - INFO - [system_manager.py:728] -    - aaaaaaaaaaaaa (ID: user_aaaaaaaa_1763049970151_c1c0811b)
2025-11-13 11:21:16,625 - biometric_gesture_system - INFO - [system_manager.py:728] -    - Gabriela Salazar (ID: user_gabriela_1762882140832_800f8527)
2025-11-13 11:21:16,625 - biometric_gesture_system - WARNING - [system_manager.py:735] - ❌ No existe archivo de tracking (last_training.json)
2025-11-13 11:21:16,627 - biometric_gesture_system - WARNING - [system_manager.py:736] -    No se puede determinar qué usuarios están entrenados
2025-11-13 11:21:16,627 - biometric_gesture_system - WARNING - [system_manager.py:737] -    Retornando lista vacía - entrena las redes primero
2025-11-13 11:22:16,624 - biometric_gesture_system - INFO - [system_manager.py:726] - 📊 Total usuarios en sistema: 2
2025-11-13 11:22:16,625 - biometric_gesture_system - INFO - [system_manager.py:728] -    - aaaaaaaaaaaaa (ID: user_aaaaaaaa_1763049970151_c1c0811b)
2025-11-13 11:22:16,625 - biometric_gesture_system - INFO - [system_manager.py:728] -    - Gabriela Salazar (ID: user_gabriela_1762882140832_800f8527)
2025-11-13 11:22:16,625 - biometric_gesture_system - WARNING - [system_manager.py:735] - ❌ No existe archivo de tracking (last_training.json)
2025-11-13 11:22:16,625 - biometric_gesture_system - WARNING - [system_manager.py:736] -    No se puede determinar qué usuarios están entrenados
2025-11-13 11:22:16,625 - biometric_gesture_system - WARNING - [system_manager.py:737] -    Retornando lista vacía - entrena las redes primero
2025-11-13 11:23:16,607 - biometric_gesture_system - INFO - [system_manager.py:726] - 📊 Total usuarios en sistema: 2
2025-11-13 11:23:16,609 - biometric_gesture_system - INFO - [system_manager.py:728] -    - aaaaaaaaaaaaa (ID: user_aaaaaaaa_1763049970151_c1c0811b)
2025-11-13 11:23:16,609 - biometric_gesture_system - INFO - [system_manager.py:728] -    - Gabriela Salazar (ID: user_gabriela_1762882140832_800f8527)
2025-11-13 11:23:16,609 - biometric_gesture_system - WARNING - [system_manager.py:735] - ❌ No existe archivo de tracking (last_training.json)
2025-11-13 11:23:16,610 - biometric_gesture_system - WARNING - [system_manager.py:736] -    No se puede determinar qué usuarios están entrenados
2025-11-13 11:23:16,610 - biometric_gesture_system - WARNING - [system_manager.py:737] -    Retornando lista vacía - entrena las redes primero
2025-11-13 11:24:16,620 - biometric_gesture_system - INFO - [system_manager.py:726] - 📊 Total usuarios en sistema: 2
2025-11-13 11:24:16,620 - biometric_gesture_system - INFO - [system_manager.py:728] -    - aaaaaaaaaaaaa (ID: user_aaaaaaaa_1763049970151_c1c0811b)
2025-11-13 11:24:16,620 - biometric_gesture_system - INFO - [system_manager.py:728] -    - Gabriela Salazar (ID: user_gabriela_1762882140832_800f8527)
2025-11-13 11:24:16,621 - biometric_gesture_system - WARNING - [system_manager.py:735] - ❌ No existe archivo de tracking (last_training.json)
2025-11-13 11:24:16,621 - biometric_gesture_system - WARNING - [system_manager.py:736] -    No se puede determinar qué usuarios están entrenados
2025-11-13 11:24:16,621 - biometric_gesture_system - WARNING - [system_manager.py:737] -    Retornando lista vacía - entrena las redes primero
2025-11-13 11:25:16,314 - biometric_gesture_system - INFO - [system_manager.py:726] - 📊 Total usuarios en sistema: 2
2025-11-13 11:25:16,318 - biometric_gesture_system - INFO - [system_manager.py:728] -    - aaaaaaaaaaaaa (ID: user_aaaaaaaa_1763049970151_c1c0811b)
2025-11-13 11:25:16,318 - biometric_gesture_system - INFO - [system_manager.py:728] -    - Gabriela Salazar (ID: user_gabriela_1762882140832_800f8527)
2025-11-13 11:25:16,319 - biometric_gesture_system - WARNING - [system_manager.py:735] - ❌ No existe archivo de tracking (last_training.json)
2025-11-13 11:25:16,319 - biometric_gesture_system - WARNING - [system_manager.py:736] -    No se puede determinar qué usuarios están entrenados
2025-11-13 11:25:16,319 - biometric_gesture_system - WARNING - [system_manager.py:737] -    Retornando lista vacía - entrena las redes primero
2025-11-13 11:26:16,607 - biometric_gesture_system - INFO - [system_manager.py:726] - 📊 Total usuarios en sistema: 2
2025-11-13 11:26:16,607 - biometric_gesture_system - INFO - [system_manager.py:728] -    - aaaaaaaaaaaaa (ID: user_aaaaaaaa_1763049970151_c1c0811b)
2025-11-13 11:26:16,609 - biometric_gesture_system - INFO - [system_manager.py:728] -    - Gabriela Salazar (ID: user_gabriela_1762882140832_800f8527)
2025-11-13 11:26:16,609 - biometric_gesture_system - WARNING - [system_manager.py:735] - ❌ No existe archivo de tracking (last_training.json)
2025-11-13 11:26:16,609 - biometric_gesture_system - WARNING - [system_manager.py:736] -    No se puede determinar qué usuarios están entrenados
2025-11-13 11:26:16,609 - biometric_gesture_system - WARNING - [system_manager.py:737] -    Retornando lista vacía - entrena las redes primero
2025-11-13 11:27:16,308 - biometric_gesture_system - INFO - [system_manager.py:726] - 📊 Total usuarios en sistema: 2
2025-11-13 11:27:16,309 - biometric_gesture_system - INFO - [system_manager.py:728] -    - aaaaaaaaaaaaa (ID: user_aaaaaaaa_1763049970151_c1c0811b)
2025-11-13 11:27:16,309 - biometric_gesture_system - INFO - [system_manager.py:728] -    - Gabriela Salazar (ID: user_gabriela_1762882140832_800f8527)
2025-11-13 11:27:16,310 - biometric_gesture_system - WARNING - [system_manager.py:735] - ❌ No existe archivo de tracking (last_training.json)
2025-11-13 11:27:16,310 - biometric_gesture_system - WARNING - [system_manager.py:736] -    No se puede determinar qué usuarios están entrenados
2025-11-13 11:27:16,311 - biometric_gesture_system - WARNING - [system_manager.py:737] -    Retornando lista vacía - entrena las redes primero
2025-11-13 11:28:16,305 - biometric_gesture_system - INFO - [system_manager.py:726] - 📊 Total usuarios en sistema: 2
2025-11-13 11:28:16,309 - biometric_gesture_system - INFO - [system_manager.py:728] -    - aaaaaaaaaaaaa (ID: user_aaaaaaaa_1763049970151_c1c0811b)
2025-11-13 11:28:16,309 - biometric_gesture_system - INFO - [system_manager.py:728] -    - Gabriela Salazar (ID: user_gabriela_1762882140832_800f8527)
2025-11-13 11:28:16,309 - biometric_gesture_system - WARNING - [system_manager.py:735] - ❌ No existe archivo de tracking (last_training.json)
2025-11-13 11:28:16,311 - biometric_gesture_system - WARNING - [system_manager.py:736] -    No se puede determinar qué usuarios están entrenados
2025-11-13 11:28:16,311 - biometric_gesture_system - WARNING - [system_manager.py:737] -    Retornando lista vacía - entrena las redes primero
2025-11-13 11:29:16,315 - biometric_gesture_system - INFO - [system_manager.py:726] - 📊 Total usuarios en sistema: 2
2025-11-13 11:29:16,316 - biometric_gesture_system - INFO - [system_manager.py:728] -    - aaaaaaaaaaaaa (ID: user_aaaaaaaa_1763049970151_c1c0811b)
2025-11-13 11:29:16,316 - biometric_gesture_system - INFO - [system_manager.py:728] -    - Gabriela Salazar (ID: user_gabriela_1762882140832_800f8527)
2025-11-13 11:29:16,317 - biometric_gesture_system - WARNING - [system_manager.py:735] - ❌ No existe archivo de tracking (last_training.json)
2025-11-13 11:29:16,317 - biometric_gesture_system - WARNING - [system_manager.py:736] -    No se puede determinar qué usuarios están entrenados
2025-11-13 11:29:16,317 - biometric_gesture_system - WARNING - [system_manager.py:737] -    Retornando lista vacía - entrena las redes primero
2025-11-13 11:30:16,633 - biometric_gesture_system - INFO - [system_manager.py:726] - 📊 Total usuarios en sistema: 2
2025-11-13 11:30:16,633 - biometric_gesture_system - INFO - [system_manager.py:728] -    - aaaaaaaaaaaaa (ID: user_aaaaaaaa_1763049970151_c1c0811b)
2025-11-13 11:30:16,635 - biometric_gesture_system - INFO - [system_manager.py:728] -    - Gabriela Salazar (ID: user_gabriela_1762882140832_800f8527)
2025-11-13 11:30:16,635 - biometric_gesture_system - WARNING - [system_manager.py:735] - ❌ No existe archivo de tracking (last_training.json)
2025-11-13 11:30:16,636 - biometric_gesture_system - WARNING - [system_manager.py:736] -    No se puede determinar qué usuarios están entrenados
2025-11-13 11:30:16,636 - biometric_gesture_system - WARNING - [system_manager.py:737] -    Retornando lista vacía - entrena las redes primero
2025-11-13 11:31:16,319 - biometric_gesture_system - INFO - [system_manager.py:726] - 📊 Total usuarios en sistema: 2
2025-11-13 11:31:16,319 - biometric_gesture_system - INFO - [system_manager.py:728] -    - aaaaaaaaaaaaa (ID: user_aaaaaaaa_1763049970151_c1c0811b)
2025-11-13 11:31:16,319 - biometric_gesture_system - INFO - [system_manager.py:728] -    - Gabriela Salazar (ID: user_gabriela_1762882140832_800f8527)
2025-11-13 11:31:16,321 - biometric_gesture_system - WARNING - [system_manager.py:735] - ❌ No existe archivo de tracking (last_training.json)
2025-11-13 11:31:16,321 - biometric_gesture_system - WARNING - [system_manager.py:736] -    No se puede determinar qué usuarios están entrenados
2025-11-13 11:31:16,322 - biometric_gesture_system - WARNING - [system_manager.py:737] -    Retornando lista vacía - entrena las redes primero
2025-11-13 11:32:16,286 - biometric_gesture_system - INFO - [system_manager.py:726] - 📊 Total usuarios en sistema: 2
2025-11-13 11:32:16,286 - biometric_gesture_system - INFO - [system_manager.py:728] -    - aaaaaaaaaaaaa (ID: user_aaaaaaaa_1763049970151_c1c0811b)
2025-11-13 11:32:16,286 - biometric_gesture_system - INFO - [system_manager.py:728] -    - Gabriela Salazar (ID: user_gabriela_1762882140832_800f8527)
2025-11-13 11:32:16,286 - biometric_gesture_system - WARNING - [system_manager.py:735] - ❌ No existe archivo de tracking (last_training.json)
2025-11-13 11:32:16,286 - biometric_gesture_system - WARNING - [system_manager.py:736] -    No se puede determinar qué usuarios están entrenados
2025-11-13 11:32:16,286 - biometric_gesture_system - WARNING - [system_manager.py:737] -    Retornando lista vacía - entrena las redes primero
2025-11-13 11:33:16,602 - biometric_gesture_system - INFO - [system_manager.py:726] - 📊 Total usuarios en sistema: 2
2025-11-13 11:33:16,602 - biometric_gesture_system - INFO - [system_manager.py:728] -    - aaaaaaaaaaaaa (ID: user_aaaaaaaa_1763049970151_c1c0811b)
2025-11-13 11:33:16,604 - biometric_gesture_system - INFO - [system_manager.py:728] -    - Gabriela Salazar (ID: user_gabriela_1762882140832_800f8527)
2025-11-13 11:33:16,604 - biometric_gesture_system - WARNING - [system_manager.py:735] - ❌ No existe archivo de tracking (last_training.json)
2025-11-13 11:33:16,604 - biometric_gesture_system - WARNING - [system_manager.py:736] -    No se puede determinar qué usuarios están entrenados
2025-11-13 11:33:16,604 - biometric_gesture_system - WARNING - [system_manager.py:737] -    Retornando lista vacía - entrena las redes primero
2025-11-13 11:34:16,614 - biometric_gesture_system - INFO - [system_manager.py:726] - 📊 Total usuarios en sistema: 2
2025-11-13 11:34:16,615 - biometric_gesture_system - INFO - [system_manager.py:728] -    - aaaaaaaaaaaaa (ID: user_aaaaaaaa_1763049970151_c1c0811b)
2025-11-13 11:34:16,615 - biometric_gesture_system - INFO - [system_manager.py:728] -    - Gabriela Salazar (ID: user_gabriela_1762882140832_800f8527)
2025-11-13 11:34:16,616 - biometric_gesture_system - WARNING - [system_manager.py:735] - ❌ No existe archivo de tracking (last_training.json)
2025-11-13 11:34:16,616 - biometric_gesture_system - WARNING - [system_manager.py:736] -    No se puede determinar qué usuarios están entrenados
2025-11-13 11:34:16,616 - biometric_gesture_system - WARNING - [system_manager.py:737] -    Retornando lista vacía - entrena las redes primero
2025-11-13 11:35:16,609 - biometric_gesture_system - INFO - [system_manager.py:726] - 📊 Total usuarios en sistema: 2
2025-11-13 11:35:16,609 - biometric_gesture_system - INFO - [system_manager.py:728] -    - aaaaaaaaaaaaa (ID: user_aaaaaaaa_1763049970151_c1c0811b)
2025-11-13 11:35:16,609 - biometric_gesture_system - INFO - [system_manager.py:728] -    - Gabriela Salazar (ID: user_gabriela_1762882140832_800f8527)
2025-11-13 11:35:16,611 - biometric_gesture_system - WARNING - [system_manager.py:735] - ❌ No existe archivo de tracking (last_training.json)
2025-11-13 11:35:16,611 - biometric_gesture_system - WARNING - [system_manager.py:736] -    No se puede determinar qué usuarios están entrenados
2025-11-13 11:35:16,611 - biometric_gesture_system - WARNING - [system_manager.py:737] -    Retornando lista vacía - entrena las redes primero
2025-11-13 11:36:16,601 - biometric_gesture_system - INFO - [system_manager.py:726] - 📊 Total usuarios en sistema: 2
2025-11-13 11:36:16,601 - biometric_gesture_system - INFO - [system_manager.py:728] -    - aaaaaaaaaaaaa (ID: user_aaaaaaaa_1763049970151_c1c0811b)
2025-11-13 11:36:16,601 - biometric_gesture_system - INFO - [system_manager.py:728] -    - Gabriela Salazar (ID: user_gabriela_1762882140832_800f8527)
2025-11-13 11:36:16,601 - biometric_gesture_system - WARNING - [system_manager.py:735] - ❌ No existe archivo de tracking (last_training.json)
2025-11-13 11:36:16,601 - biometric_gesture_system - WARNING - [system_manager.py:736] -    No se puede determinar qué usuarios están entrenados
2025-11-13 11:36:16,601 - biometric_gesture_system - WARNING - [system_manager.py:737] -    Retornando lista vacía - entrena las redes primero
2025-11-13 11:37:16,609 - biometric_gesture_system - INFO - [system_manager.py:726] - 📊 Total usuarios en sistema: 2
2025-11-13 11:37:16,610 - biometric_gesture_system - INFO - [system_manager.py:728] -    - aaaaaaaaaaaaa (ID: user_aaaaaaaa_1763049970151_c1c0811b)
2025-11-13 11:37:16,610 - biometric_gesture_system - INFO - [system_manager.py:728] -    - Gabriela Salazar (ID: user_gabriela_1762882140832_800f8527)
2025-11-13 11:37:16,611 - biometric_gesture_system - WARNING - [system_manager.py:735] - ❌ No existe archivo de tracking (last_training.json)
2025-11-13 11:37:16,612 - biometric_gesture_system - WARNING - [system_manager.py:736] -    No se puede determinar qué usuarios están entrenados
2025-11-13 11:37:16,613 - biometric_gesture_system - WARNING - [system_manager.py:737] -    Retornando lista vacía - entrena las redes primero
2025-11-13 11:38:16,608 - biometric_gesture_system - INFO - [system_manager.py:726] - 📊 Total usuarios en sistema: 2
2025-11-13 11:38:16,608 - biometric_gesture_system - INFO - [system_manager.py:728] -    - aaaaaaaaaaaaa (ID: user_aaaaaaaa_1763049970151_c1c0811b)
2025-11-13 11:38:16,608 - biometric_gesture_system - INFO - [system_manager.py:728] -    - Gabriela Salazar (ID: user_gabriela_1762882140832_800f8527)
2025-11-13 11:38:16,608 - biometric_gesture_system - WARNING - [system_manager.py:735] - ❌ No existe archivo de tracking (last_training.json)
2025-11-13 11:38:16,611 - biometric_gesture_system - WARNING - [system_manager.py:736] -    No se puede determinar qué usuarios están entrenados
2025-11-13 11:38:16,611 - biometric_gesture_system - WARNING - [system_manager.py:737] -    Retornando lista vacía - entrena las redes primero
2025-11-13 11:39:16,616 - biometric_gesture_system - INFO - [system_manager.py:726] - 📊 Total usuarios en sistema: 2
2025-11-13 11:39:16,616 - biometric_gesture_system - INFO - [system_manager.py:728] -    - aaaaaaaaaaaaa (ID: user_aaaaaaaa_1763049970151_c1c0811b)
2025-11-13 11:39:16,618 - biometric_gesture_system - INFO - [system_manager.py:728] -    - Gabriela Salazar (ID: user_gabriela_1762882140832_800f8527)
2025-11-13 11:39:16,620 - biometric_gesture_system - WARNING - [system_manager.py:735] - ❌ No existe archivo de tracking (last_training.json)
2025-11-13 11:39:16,621 - biometric_gesture_system - WARNING - [system_manager.py:736] -    No se puede determinar qué usuarios están entrenados
2025-11-13 11:39:16,621 - biometric_gesture_system - WARNING - [system_manager.py:737] -    Retornando lista vacía - entrena las redes primero
2025-11-13 11:40:16,617 - biometric_gesture_system - INFO - [system_manager.py:726] - 📊 Total usuarios en sistema: 2
2025-11-13 11:40:16,617 - biometric_gesture_system - INFO - [system_manager.py:728] -    - aaaaaaaaaaaaa (ID: user_aaaaaaaa_1763049970151_c1c0811b)
2025-11-13 11:40:16,617 - biometric_gesture_system - INFO - [system_manager.py:728] -    - Gabriela Salazar (ID: user_gabriela_1762882140832_800f8527)
2025-11-13 11:40:16,619 - biometric_gesture_system - WARNING - [system_manager.py:735] - ❌ No existe archivo de tracking (last_training.json)
2025-11-13 11:40:16,619 - biometric_gesture_system - WARNING - [system_manager.py:736] -    No se puede determinar qué usuarios están entrenados
2025-11-13 11:40:16,619 - biometric_gesture_system - WARNING - [system_manager.py:737] -    Retornando lista vacía - entrena las redes primero
2025-11-13 11:41:16,332 - biometric_gesture_system - INFO - [system_manager.py:726] - 📊 Total usuarios en sistema: 2
2025-11-13 11:41:16,333 - biometric_gesture_system - INFO - [system_manager.py:728] -    - aaaaaaaaaaaaa (ID: user_aaaaaaaa_1763049970151_c1c0811b)
2025-11-13 11:41:16,333 - biometric_gesture_system - INFO - [system_manager.py:728] -    - Gabriela Salazar (ID: user_gabriela_1762882140832_800f8527)
2025-11-13 11:41:16,333 - biometric_gesture_system - WARNING - [system_manager.py:735] - ❌ No existe archivo de tracking (last_training.json)
2025-11-13 11:41:16,334 - biometric_gesture_system - WARNING - [system_manager.py:736] -    No se puede determinar qué usuarios están entrenados
2025-11-13 11:41:16,334 - biometric_gesture_system - WARNING - [system_manager.py:737] -    Retornando lista vacía - entrena las redes primero
2025-11-13 11:42:16,616 - biometric_gesture_system - INFO - [system_manager.py:726] - 📊 Total usuarios en sistema: 2
2025-11-13 11:42:16,616 - biometric_gesture_system - INFO - [system_manager.py:728] -    - aaaaaaaaaaaaa (ID: user_aaaaaaaa_1763049970151_c1c0811b)
2025-11-13 11:42:16,616 - biometric_gesture_system - INFO - [system_manager.py:728] -    - Gabriela Salazar (ID: user_gabriela_1762882140832_800f8527)
2025-11-13 11:42:16,618 - biometric_gesture_system - WARNING - [system_manager.py:735] - ❌ No existe archivo de tracking (last_training.json)
2025-11-13 11:42:16,618 - biometric_gesture_system - WARNING - [system_manager.py:736] -    No se puede determinar qué usuarios están entrenados
2025-11-13 11:42:16,618 - biometric_gesture_system - WARNING - [system_manager.py:737] -    Retornando lista vacía - entrena las redes primero
2025-11-13 11:43:16,597 - biometric_gesture_system - INFO - [system_manager.py:726] - 📊 Total usuarios en sistema: 2
2025-11-13 11:43:16,600 - biometric_gesture_system - INFO - [system_manager.py:728] -    - aaaaaaaaaaaaa (ID: user_aaaaaaaa_1763049970151_c1c0811b)
2025-11-13 11:43:16,600 - biometric_gesture_system - INFO - [system_manager.py:728] -    - Gabriela Salazar (ID: user_gabriela_1762882140832_800f8527)
2025-11-13 11:43:16,600 - biometric_gesture_system - WARNING - [system_manager.py:735] - ❌ No existe archivo de tracking (last_training.json)
2025-11-13 11:43:16,600 - biometric_gesture_system - WARNING - [system_manager.py:736] -    No se puede determinar qué usuarios están entrenados
2025-11-13 11:43:16,600 - biometric_gesture_system - WARNING - [system_manager.py:737] -    Retornando lista vacía - entrena las redes primero
2025-11-13 11:44:16,622 - biometric_gesture_system - INFO - [system_manager.py:726] - 📊 Total usuarios en sistema: 2
2025-11-13 11:44:16,622 - biometric_gesture_system - INFO - [system_manager.py:728] -    - aaaaaaaaaaaaa (ID: user_aaaaaaaa_1763049970151_c1c0811b)
2025-11-13 11:44:16,622 - biometric_gesture_system - INFO - [system_manager.py:728] -    - Gabriela Salazar (ID: user_gabriela_1762882140832_800f8527)
2025-11-13 11:44:16,622 - biometric_gesture_system - WARNING - [system_manager.py:735] - ❌ No existe archivo de tracking (last_training.json)
2025-11-13 11:44:16,622 - biometric_gesture_system - WARNING - [system_manager.py:736] -    No se puede determinar qué usuarios están entrenados
2025-11-13 11:44:16,622 - biometric_gesture_system - WARNING - [system_manager.py:737] -    Retornando lista vacía - entrena las redes primero
2025-11-13 11:45:16,608 - biometric_gesture_system - INFO - [system_manager.py:726] - 📊 Total usuarios en sistema: 2
2025-11-13 11:45:16,610 - biometric_gesture_system - INFO - [system_manager.py:728] -    - aaaaaaaaaaaaa (ID: user_aaaaaaaa_1763049970151_c1c0811b)
2025-11-13 11:45:16,610 - biometric_gesture_system - INFO - [system_manager.py:728] -    - Gabriela Salazar (ID: user_gabriela_1762882140832_800f8527)
2025-11-13 11:45:16,610 - biometric_gesture_system - WARNING - [system_manager.py:735] - ❌ No existe archivo de tracking (last_training.json)
2025-11-13 11:45:16,610 - biometric_gesture_system - WARNING - [system_manager.py:736] -    No se puede determinar qué usuarios están entrenados
2025-11-13 11:45:16,610 - biometric_gesture_system - WARNING - [system_manager.py:737] -    Retornando lista vacía - entrena las redes primero
2025-11-13 11:46:16,623 - biometric_gesture_system - INFO - [system_manager.py:726] - 📊 Total usuarios en sistema: 2
2025-11-13 11:46:16,623 - biometric_gesture_system - INFO - [system_manager.py:728] -    - aaaaaaaaaaaaa (ID: user_aaaaaaaa_1763049970151_c1c0811b)
2025-11-13 11:46:16,624 - biometric_gesture_system - INFO - [system_manager.py:728] -    - Gabriela Salazar (ID: user_gabriela_1762882140832_800f8527)
2025-11-13 11:46:16,624 - biometric_gesture_system - WARNING - [system_manager.py:735] - ❌ No existe archivo de tracking (last_training.json)
2025-11-13 11:46:16,624 - biometric_gesture_system - WARNING - [system_manager.py:736] -    No se puede determinar qué usuarios están entrenados
2025-11-13 11:46:16,626 - biometric_gesture_system - WARNING - [system_manager.py:737] -    Retornando lista vacía - entrena las redes primero
2025-11-13 11:47:16,605 - biometric_gesture_system - INFO - [system_manager.py:726] - 📊 Total usuarios en sistema: 2
2025-11-13 11:47:16,606 - biometric_gesture_system - INFO - [system_manager.py:728] -    - aaaaaaaaaaaaa (ID: user_aaaaaaaa_1763049970151_c1c0811b)
2025-11-13 11:47:16,606 - biometric_gesture_system - INFO - [system_manager.py:728] -    - Gabriela Salazar (ID: user_gabriela_1762882140832_800f8527)
2025-11-13 11:47:16,606 - biometric_gesture_system - WARNING - [system_manager.py:735] - ❌ No existe archivo de tracking (last_training.json)
2025-11-13 11:47:16,608 - biometric_gesture_system - WARNING - [system_manager.py:736] -    No se puede determinar qué usuarios están entrenados
2025-11-13 11:47:16,608 - biometric_gesture_system - WARNING - [system_manager.py:737] -    Retornando lista vacía - entrena las redes primero
2025-11-13 11:48:16,615 - biometric_gesture_system - INFO - [system_manager.py:726] - 📊 Total usuarios en sistema: 2
2025-11-13 11:48:16,615 - biometric_gesture_system - INFO - [system_manager.py:728] -    - aaaaaaaaaaaaa (ID: user_aaaaaaaa_1763049970151_c1c0811b)
2025-11-13 11:48:16,615 - biometric_gesture_system - INFO - [system_manager.py:728] -    - Gabriela Salazar (ID: user_gabriela_1762882140832_800f8527)
2025-11-13 11:48:16,618 - biometric_gesture_system - WARNING - [system_manager.py:735] - ❌ No existe archivo de tracking (last_training.json)
2025-11-13 11:48:16,618 - biometric_gesture_system - WARNING - [system_manager.py:736] -    No se puede determinar qué usuarios están entrenados
2025-11-13 11:48:16,618 - biometric_gesture_system - WARNING - [system_manager.py:737] -    Retornando lista vacía - entrena las redes primero
2025-11-13 11:49:16,612 - biometric_gesture_system - INFO - [system_manager.py:726] - 📊 Total usuarios en sistema: 2
2025-11-13 11:49:16,612 - biometric_gesture_system - INFO - [system_manager.py:728] -    - aaaaaaaaaaaaa (ID: user_aaaaaaaa_1763049970151_c1c0811b)
2025-11-13 11:49:16,612 - biometric_gesture_system - INFO - [system_manager.py:728] -    - Gabriela Salazar (ID: user_gabriela_1762882140832_800f8527)
2025-11-13 11:49:16,614 - biometric_gesture_system - WARNING - [system_manager.py:735] - ❌ No existe archivo de tracking (last_training.json)
2025-11-13 11:49:16,614 - biometric_gesture_system - WARNING - [system_manager.py:736] -    No se puede determinar qué usuarios están entrenados
2025-11-13 11:49:16,614 - biometric_gesture_system - WARNING - [system_manager.py:737] -    Retornando lista vacía - entrena las redes primero
2025-11-13 11:50:16,329 - biometric_gesture_system - INFO - [system_manager.py:726] - 📊 Total usuarios en sistema: 2
2025-11-13 11:50:16,329 - biometric_gesture_system - INFO - [system_manager.py:728] -    - aaaaaaaaaaaaa (ID: user_aaaaaaaa_1763049970151_c1c0811b)
2025-11-13 11:50:16,329 - biometric_gesture_system - INFO - [system_manager.py:728] -    - Gabriela Salazar (ID: user_gabriela_1762882140832_800f8527)
2025-11-13 11:50:16,329 - biometric_gesture_system - WARNING - [system_manager.py:735] - ❌ No existe archivo de tracking (last_training.json)
2025-11-13 11:50:16,329 - biometric_gesture_system - WARNING - [system_manager.py:736] -    No se puede determinar qué usuarios están entrenados
2025-11-13 11:50:16,329 - biometric_gesture_system - WARNING - [system_manager.py:737] -    Retornando lista vacía - entrena las redes primero
2025-11-13 11:51:16,314 - biometric_gesture_system - INFO - [system_manager.py:726] - 📊 Total usuarios en sistema: 2
2025-11-13 11:51:16,317 - biometric_gesture_system - INFO - [system_manager.py:728] -    - aaaaaaaaaaaaa (ID: user_aaaaaaaa_1763049970151_c1c0811b)
2025-11-13 11:51:16,319 - biometric_gesture_system - INFO - [system_manager.py:728] -    - Gabriela Salazar (ID: user_gabriela_1762882140832_800f8527)
2025-11-13 11:51:16,319 - biometric_gesture_system - WARNING - [system_manager.py:735] - ❌ No existe archivo de tracking (last_training.json)
2025-11-13 11:51:16,321 - biometric_gesture_system - WARNING - [system_manager.py:736] -    No se puede determinar qué usuarios están entrenados
2025-11-13 11:51:16,321 - biometric_gesture_system - WARNING - [system_manager.py:737] -    Retornando lista vacía - entrena las redes primero
2025-11-13 11:52:16,621 - biometric_gesture_system - INFO - [system_manager.py:726] - 📊 Total usuarios en sistema: 2
2025-11-13 11:52:16,621 - biometric_gesture_system - INFO - [system_manager.py:728] -    - aaaaaaaaaaaaa (ID: user_aaaaaaaa_1763049970151_c1c0811b)
2025-11-13 11:52:16,622 - biometric_gesture_system - INFO - [system_manager.py:728] -    - Gabriela Salazar (ID: user_gabriela_1762882140832_800f8527)
2025-11-13 11:52:16,622 - biometric_gesture_system - WARNING - [system_manager.py:735] - ❌ No existe archivo de tracking (last_training.json)
2025-11-13 11:52:16,622 - biometric_gesture_system - WARNING - [system_manager.py:736] -    No se puede determinar qué usuarios están entrenados
2025-11-13 11:52:16,622 - biometric_gesture_system - WARNING - [system_manager.py:737] -    Retornando lista vacía - entrena las redes primero
2025-11-13 11:53:16,612 - biometric_gesture_system - INFO - [system_manager.py:726] - 📊 Total usuarios en sistema: 2
2025-11-13 11:53:16,612 - biometric_gesture_system - INFO - [system_manager.py:728] -    - aaaaaaaaaaaaa (ID: user_aaaaaaaa_1763049970151_c1c0811b)
2025-11-13 11:53:16,612 - biometric_gesture_system - INFO - [system_manager.py:728] -    - Gabriela Salazar (ID: user_gabriela_1762882140832_800f8527)
2025-11-13 11:53:16,614 - biometric_gesture_system - WARNING - [system_manager.py:735] - ❌ No existe archivo de tracking (last_training.json)
2025-11-13 11:53:16,615 - biometric_gesture_system - WARNING - [system_manager.py:736] -    No se puede determinar qué usuarios están entrenados
2025-11-13 11:53:16,615 - biometric_gesture_system - WARNING - [system_manager.py:737] -    Retornando lista vacía - entrena las redes primero
2025-11-13 11:54:16,607 - biometric_gesture_system - INFO - [system_manager.py:726] - 📊 Total usuarios en sistema: 2
2025-11-13 11:54:16,607 - biometric_gesture_system - INFO - [system_manager.py:728] -    - aaaaaaaaaaaaa (ID: user_aaaaaaaa_1763049970151_c1c0811b)
2025-11-13 11:54:16,612 - biometric_gesture_system - INFO - [system_manager.py:728] -    - Gabriela Salazar (ID: user_gabriela_1762882140832_800f8527)
2025-11-13 11:54:16,612 - biometric_gesture_system - WARNING - [system_manager.py:735] - ❌ No existe archivo de tracking (last_training.json)
2025-11-13 11:54:16,614 - biometric_gesture_system - WARNING - [system_manager.py:736] -    No se puede determinar qué usuarios están entrenados
2025-11-13 11:54:16,614 - biometric_gesture_system - WARNING - [system_manager.py:737] -    Retornando lista vacía - entrena las redes primero
2025-11-13 11:55:16,324 - biometric_gesture_system - INFO - [system_manager.py:726] - 📊 Total usuarios en sistema: 2
2025-11-13 11:55:16,324 - biometric_gesture_system - INFO - [system_manager.py:728] -    - aaaaaaaaaaaaa (ID: user_aaaaaaaa_1763049970151_c1c0811b)
2025-11-13 11:55:16,325 - biometric_gesture_system - INFO - [system_manager.py:728] -    - Gabriela Salazar (ID: user_gabriela_1762882140832_800f8527)
2025-11-13 11:55:16,325 - biometric_gesture_system - WARNING - [system_manager.py:735] - ❌ No existe archivo de tracking (last_training.json)
2025-11-13 11:55:16,325 - biometric_gesture_system - WARNING - [system_manager.py:736] -    No se puede determinar qué usuarios están entrenados
2025-11-13 11:55:16,325 - biometric_gesture_system - WARNING - [system_manager.py:737] -    Retornando lista vacía - entrena las redes primero
2025-11-13 11:56:16,315 - biometric_gesture_system - INFO - [system_manager.py:726] - 📊 Total usuarios en sistema: 2
2025-11-13 11:56:16,317 - biometric_gesture_system - INFO - [system_manager.py:728] -    - aaaaaaaaaaaaa (ID: user_aaaaaaaa_1763049970151_c1c0811b)
2025-11-13 11:56:16,317 - biometric_gesture_system - INFO - [system_manager.py:728] -    - Gabriela Salazar (ID: user_gabriela_1762882140832_800f8527)
2025-11-13 11:56:16,318 - biometric_gesture_system - WARNING - [system_manager.py:735] - ❌ No existe archivo de tracking (last_training.json)
2025-11-13 11:56:16,320 - biometric_gesture_system - WARNING - [system_manager.py:736] -    No se puede determinar qué usuarios están entrenados
2025-11-13 11:56:16,323 - biometric_gesture_system - WARNING - [system_manager.py:737] -    Retornando lista vacía - entrena las redes primero
2025-11-13 11:57:16,312 - biometric_gesture_system - INFO - [system_manager.py:726] - 📊 Total usuarios en sistema: 2
2025-11-13 11:57:16,312 - biometric_gesture_system - INFO - [system_manager.py:728] -    - aaaaaaaaaaaaa (ID: user_aaaaaaaa_1763049970151_c1c0811b)
2025-11-13 11:57:16,312 - biometric_gesture_system - INFO - [system_manager.py:728] -    - Gabriela Salazar (ID: user_gabriela_1762882140832_800f8527)
2025-11-13 11:57:16,312 - biometric_gesture_system - WARNING - [system_manager.py:735] - ❌ No existe archivo de tracking (last_training.json)
2025-11-13 11:57:16,312 - biometric_gesture_system - WARNING - [system_manager.py:736] -    No se puede determinar qué usuarios están entrenados
2025-11-13 11:57:16,312 - biometric_gesture_system - WARNING - [system_manager.py:737] -    Retornando lista vacía - entrena las redes primero
2025-11-13 11:57:55,188 - biometric_gesture_system - INFO - [system_manager.py:726] - 📊 Total usuarios en sistema: 2
2025-11-13 11:57:55,190 - biometric_gesture_system - INFO - [system_manager.py:728] -    - aaaaaaaaaaaaa (ID: user_aaaaaaaa_1763049970151_c1c0811b)
2025-11-13 11:57:55,190 - biometric_gesture_system - INFO - [system_manager.py:728] -    - Gabriela Salazar (ID: user_gabriela_1762882140832_800f8527)
2025-11-13 11:57:55,190 - biometric_gesture_system - WARNING - [system_manager.py:735] - ❌ No existe archivo de tracking (last_training.json)
2025-11-13 11:57:55,190 - biometric_gesture_system - WARNING - [system_manager.py:736] -    No se puede determinar qué usuarios están entrenados
2025-11-13 11:57:55,190 - biometric_gesture_system - WARNING - [system_manager.py:737] -    Retornando lista vacía - entrena las redes primero
2025-11-13 11:57:56,589 - biometric_gesture_system - INFO - [system_manager.py:726] - 📊 Total usuarios en sistema: 2
2025-11-13 11:57:56,593 - biometric_gesture_system - INFO - [system_manager.py:728] -    - aaaaaaaaaaaaa (ID: user_aaaaaaaa_1763049970151_c1c0811b)
2025-11-13 11:57:56,593 - biometric_gesture_system - INFO - [system_manager.py:728] -    - Gabriela Salazar (ID: user_gabriela_1762882140832_800f8527)
2025-11-13 11:57:56,593 - biometric_gesture_system - WARNING - [system_manager.py:735] - ❌ No existe archivo de tracking (last_training.json)
2025-11-13 11:57:56,593 - biometric_gesture_system - WARNING - [system_manager.py:736] -    No se puede determinar qué usuarios están entrenados
2025-11-13 11:57:56,593 - biometric_gesture_system - WARNING - [system_manager.py:737] -    Retornando lista vacía - entrena las redes primero
