2025-11-05 12:25:05,302 - biometric_gesture_system - INFO - [config_manager.py:504] - Validación de configuración: ✓ EXITOSA
2025-11-05 12:25:05,302 - biometric_gesture_system - INFO - [config_manager.py:317] - ================================================================================
2025-11-05 12:25:05,304 - biometric_gesture_system - INFO - [config_manager.py:318] - SISTEMA BIOMÉTRICO DE GESTOS DE MANOS - CONFIG MANAGER INICIALIZADO
2025-11-05 12:25:05,304 - biometric_gesture_system - INFO - [config_manager.py:319] - ================================================================================
2025-11-05 12:25:05,305 - biometric_gesture_system - INFO - [config_manager.py:320] - Configuración cargada desde: biometric_config.json
2025-11-05 12:25:05,305 - biometric_gesture_system - INFO - [config_manager.py:321] - Muestras por gesto: 7
2025-11-05 12:25:05,306 - biometric_gesture_system - INFO - [config_manager.py:322] - Gestos por usuario: 3
2025-11-05 12:25:05,306 - biometric_gesture_system - INFO - [config_manager.py:323] - Umbral confianza mano: 0.9
2025-11-05 12:25:05,306 - biometric_gesture_system - INFO - [config_manager.py:324] - Umbral confianza gesto: 0.6
2025-11-05 12:25:05,306 - biometric_gesture_system - INFO - [config_manager.py:325] - Resolución cámara: 1280x720
2025-11-05 12:25:05,306 - biometric_gesture_system - INFO - [config_manager.py:326] - Directorios creados: 11 rutas configuradas
2025-11-05 12:25:05,308 - biometric_gesture_system - INFO - [config_manager.py:327] - ================================================================================
2025-11-05 12:25:06,124 - biometric_gesture_system - INFO - [config_manager.py:630] - ======================================================================
2025-11-05 12:25:06,124 - biometric_gesture_system - INFO - [config_manager.py:630] - ROI NORMALIZATION SYSTEM INICIALIZADO
2025-11-05 12:25:06,125 - biometric_gesture_system - INFO - [config_manager.py:630] -   ✓ Resolución mínima: 150px
2025-11-05 12:25:06,125 - biometric_gesture_system - INFO - [config_manager.py:630] -   ✓ Resolución máxima: 600px
2025-11-05 12:25:06,125 - biometric_gesture_system - INFO - [config_manager.py:630] -   ✓ Tamaño normalizado: (224, 224)
2025-11-05 12:25:06,125 - biometric_gesture_system - INFO - [config_manager.py:630] -   ✓ Padding: 15%
2025-11-05 12:25:06,126 - biometric_gesture_system - INFO - [config_manager.py:630] -   ✓ Sharpening: ACTIVADO
2025-11-05 12:25:06,126 - biometric_gesture_system - INFO - [config_manager.py:630] - ======================================================================
2025-11-05 12:25:06,126 - biometric_gesture_system - INFO - [visual_feedback.py:62] - ======================================================================
2025-11-05 12:25:06,126 - biometric_gesture_system - INFO - [visual_feedback.py:63] - VISUAL FEEDBACK MANAGER INICIALIZADO
2025-11-05 12:25:06,127 - biometric_gesture_system - INFO - [visual_feedback.py:64] -   ✓ 5 niveles de feedback configurados
2025-11-05 12:25:06,127 - biometric_gesture_system - INFO - [visual_feedback.py:65] -   ✓ Colores BGR definidos
2025-11-05 12:25:06,127 - biometric_gesture_system - INFO - [visual_feedback.py:66] -   ✓ Sistema de priorización activo
2025-11-05 12:25:06,127 - biometric_gesture_system - INFO - [visual_feedback.py:67] - ======================================================================
2025-11-05 12:25:26,226 - biometric_gesture_system - WARNING - [config_manager.py:349] - Clave de configuración no encontrada: roi_normalization.enabled, usando default: True
2025-11-05 12:25:26,226 - biometric_gesture_system - WARNING - [config_manager.py:349] - Clave de configuración no encontrada: roi_normalization.enabled, usando default: True
2025-11-05 12:25:26,228 - biometric_gesture_system - WARNING - [config_manager.py:349] - Clave de configuración no encontrada: roi_normalization.use_single_area, usando default: True
2025-11-05 12:25:26,230 - biometric_gesture_system - WARNING - [config_manager.py:349] - Clave de configuración no encontrada: biometric.dynamic_features, usando default: {'min_transition_frames': 8, 'max_transition_frames': 40, 'gesture_stability_threshold': 5, 'velocity_smoothing_window': 3, 'min_movement_threshold': 0.005, 'transition_detection_sensitivity': 0.85, 'temporal_downsampling': 1, 'normalize_temporal_features': True, 'use_3d_trajectories': True, 'velocity_threshold_percentile': 75, 'acceleration_smoothing': True, 'jerk_threshold': 0.1, 'minimum_sequence_duration_ms': 200}
2025-11-05 12:25:26,231 - biometric_gesture_system - WARNING - [config_manager.py:349] - Clave de configuración no encontrada: biometric.sequence_management, usando default: {'sequence_length': 3, 'max_sequence_duration': 60.0, 'max_gesture_duration': 15.0, 'min_gesture_confidence': 0.7, 'min_stable_frames': 3, 'gesture_timeout': 10.0, 'sequence_timeout': 45.0, 'max_failed_attempts': 3, 'cooldown_period': 5.0, 'auto_save_sequences': True, 'validation_mode': 'moderate', 'allow_gesture_skipping': False, 'require_exact_order': True, 'enable_adaptive_timeouts': True}
2025-11-05 12:25:26,231 - biometric_gesture_system - WARNING - [config_manager.py:349] - Clave de configuración no encontrada: biometric.enrollment.samples_per_gesture, usando default: 8
2025-11-05 12:25:26,232 - biometric_gesture_system - WARNING - [config_manager.py:349] - Clave de configuración no encontrada: biometric.enrollment.min_confidence, usando default: 0.65
2025-11-05 12:25:26,232 - biometric_gesture_system - WARNING - [config_manager.py:349] - Clave de configuración no encontrada: biometric.enrollment.min_stability_frames, usando default: 8
2025-11-05 12:25:26,232 - biometric_gesture_system - WARNING - [config_manager.py:349] - Clave de configuración no encontrada: biometric.enrollment.require_all_gestures, usando default: True
2025-11-05 12:25:26,232 - biometric_gesture_system - WARNING - [config_manager.py:349] - Clave de configuración no encontrada: biometric.enrollment.sample_timeout, usando default: 120.0
2025-11-05 12:25:26,232 - biometric_gesture_system - WARNING - [config_manager.py:349] - Clave de configuración no encontrada: biometric.enrollment.session_timeout, usando default: 3600.0
2025-11-05 12:25:26,232 - biometric_gesture_system - WARNING - [config_manager.py:349] - Clave de configuración no encontrada: biometric.enrollment.capture_interval, usando default: 0.8
2025-11-05 12:25:26,233 - biometric_gesture_system - WARNING - [config_manager.py:349] - Clave de configuración no encontrada: biometric.enrollment.enable_quality_check, usando default: True
2025-11-05 12:25:26,233 - biometric_gesture_system - WARNING - [config_manager.py:349] - Clave de configuración no encontrada: biometric.enrollment.enable_duplicate_check, usando default: True
2025-11-05 12:25:26,233 - biometric_gesture_system - WARNING - [config_manager.py:349] - Clave de configuración no encontrada: biometric.enrollment.duplicate_threshold, usando default: 0.92
2025-11-05 12:25:26,233 - biometric_gesture_system - WARNING - [config_manager.py:349] - Clave de configuración no encontrada: biometric.enrollment.template_fusion_strategy, usando default: average
2025-11-05 12:25:26,233 - biometric_gesture_system - WARNING - [config_manager.py:349] - Clave de configuración no encontrada: biometric.enrollment.enable_template_optimization, usando default: True
2025-11-05 12:25:26,234 - biometric_gesture_system - WARNING - [config_manager.py:349] - Clave de configuración no encontrada: biometric.enrollment.embedding_dimension_check, usando default: True
2025-11-05 12:25:26,234 - biometric_gesture_system - WARNING - [config_manager.py:349] - Clave de configuración no encontrada: biometric.enrollment.show_preview, usando default: True
2025-11-05 12:25:26,234 - biometric_gesture_system - WARNING - [config_manager.py:349] - Clave de configuración no encontrada: biometric.enrollment.show_quality_feedback, usando default: False
2025-11-05 12:25:26,234 - biometric_gesture_system - WARNING - [config_manager.py:349] - Clave de configuración no encontrada: biometric.enrollment.save_enrollment_video, usando default: False
2025-11-05 12:25:26,235 - biometric_gesture_system - WARNING - [config_manager.py:349] - Clave de configuración no encontrada: biometric.siamese_anatomical, usando default: {'hidden_layers': [128, 64], 'activation': 'relu', 'dropout_rate': 0.2, 'batch_normalization': True, 'l2_regularization': 0.001, 'learning_rate': 0.001, 'batch_size': 32, 'epochs': 100, 'patience': 15, 'validation_split': 0.2, 'min_users_for_training': 2, 'min_samples_per_user': 15, 'max_samples_per_user': 50, 'min_sessions_per_user': 1, 'loss_function': 'contrastive', 'distance_metric': 'euclidean', 'margin': 1.5, 'alpha': 0.2, 'use_stratified_split': True, 'cross_validation_folds': 5, 'threshold_optimization': 'eer', 'quality_threshold': 80.0, 'use_real_augmentation': True, 'temporal_jitter': 0.02, 'noise_from_real_variance': True, 'require_independent_test': True, 'min_test_users': 1, 'performance_monitoring': True}
2025-11-05 12:25:31,415 - biometric_gesture_system - WARNING - [config_manager.py:349] - Clave de configuración no encontrada: biometric.feature_preprocessing, usando default: {'anatomical_normalization': 'robust', 'dynamic_normalization': 'standard', 'normalize_per_user': False, 'balancing_method': 'balanced_subsample', 'target_balance_ratio': 1.0, 'augmentation_strategy': 'moderate', 'augmentation_factor': 1.5, 'cv_folds': 5, 'cv_strategy': 'stratified_user', 'test_size': 0.2, 'validation_size': 0.2, 'outlier_threshold': 3.0, 'min_samples_per_user': 5, 'feature_selection': False, 'variance_threshold': 0.01, 'cache_transformations': True, 'parallel_processing': False, 'random_state': 42, 'stratify_by_user': True}
2025-11-05 12:25:31,419 - biometric_gesture_system - WARNING - [config_manager.py:349] - Clave de configuración no encontrada: biometric.auth.sequence_timeout, usando default: 25.0
2025-11-05 12:25:31,419 - biometric_gesture_system - WARNING - [config_manager.py:349] - Clave de configuración no encontrada: biometric.auth.total_timeout, usando default: 45.0
2025-11-05 12:25:31,419 - biometric_gesture_system - WARNING - [config_manager.py:349] - Clave de configuración no encontrada: biometric.auth.frame_timeout, usando default: 3.0
2025-11-05 12:25:31,419 - biometric_gesture_system - WARNING - [config_manager.py:349] - Clave de configuración no encontrada: biometric.auth.threshold_low, usando default: 0.65
2025-11-05 12:25:31,420 - biometric_gesture_system - WARNING - [config_manager.py:349] - Clave de configuración no encontrada: biometric.auth.threshold_standard, usando default: 0.75
2025-11-05 12:25:31,420 - biometric_gesture_system - WARNING - [config_manager.py:349] - Clave de configuración no encontrada: biometric.auth.threshold_high, usando default: 0.85
2025-11-05 12:25:31,420 - biometric_gesture_system - WARNING - [config_manager.py:349] - Clave de configuración no encontrada: biometric.auth.threshold_maximum, usando default: 0.92
2025-11-05 12:25:31,420 - biometric_gesture_system - WARNING - [config_manager.py:349] - Clave de configuración no encontrada: biometric.auth.require_sequence_completion, usando default: True
2025-11-05 12:25:31,420 - biometric_gesture_system - WARNING - [config_manager.py:349] - Clave de configuración no encontrada: biometric.auth.min_gestures_for_auth, usando default: 2
2025-11-05 12:25:31,421 - biometric_gesture_system - WARNING - [config_manager.py:349] - Clave de configuración no encontrada: biometric.auth.max_attempts_per_session, usando default: 3
2025-11-05 12:25:31,421 - biometric_gesture_system - WARNING - [config_manager.py:349] - Clave de configuración no encontrada: biometric.auth.max_identification_candidates, usando default: 5
2025-11-05 12:25:31,421 - biometric_gesture_system - WARNING - [config_manager.py:349] - Clave de configuración no encontrada: biometric.auth.identification_threshold_factor, usando default: 1.1
2025-11-05 12:25:31,421 - biometric_gesture_system - WARNING - [config_manager.py:349] - Clave de configuración no encontrada: biometric.auth.min_quality_score, usando default: 0.7
2025-11-05 12:25:31,422 - biometric_gesture_system - WARNING - [config_manager.py:349] - Clave de configuración no encontrada: biometric.auth.min_confidence, usando default: 0.65
2025-11-05 12:25:31,422 - biometric_gesture_system - WARNING - [config_manager.py:349] - Clave de configuración no encontrada: biometric.auth.min_stability_frames, usando default: 8
2025-11-05 12:25:31,422 - biometric_gesture_system - WARNING - [config_manager.py:349] - Clave de configuración no encontrada: biometric.auth.score_fusion_strategy, usando default: weighted_average
2025-11-05 12:25:31,422 - biometric_gesture_system - WARNING - [config_manager.py:349] - Clave de configuración no encontrada: biometric.auth.anatomical_weight, usando default: 0.6
2025-11-05 12:25:31,422 - biometric_gesture_system - WARNING - [config_manager.py:349] - Clave de configuración no encontrada: biometric.auth.dynamic_weight, usando default: 0.4
2025-11-05 12:25:31,422 - biometric_gesture_system - WARNING - [config_manager.py:349] - Clave de configuración no encontrada: biometric.auth.enable_audit_logging, usando default: True
2025-11-05 12:25:31,424 - biometric_gesture_system - WARNING - [config_manager.py:349] - Clave de configuración no encontrada: biometric.auth.enable_continuous_auth, usando default: False
2025-11-05 12:25:31,424 - biometric_gesture_system - WARNING - [config_manager.py:349] - Clave de configuración no encontrada: biometric.auth.max_failed_attempts, usando default: 5
2025-11-05 12:25:31,424 - biometric_gesture_system - WARNING - [config_manager.py:349] - Clave de configuración no encontrada: biometric.auth.lockout_duration, usando default: 300.0
2025-11-05 12:25:31,424 - biometric_gesture_system - WARNING - [config_manager.py:349] - Clave de configuración no encontrada: biometric.score_fusion, usando default: {'fusion_strategy': 'weighted_average', 'calibration_method': 'none', 'weight_optimization': 'grid_search', 'anatomical_weight': 0.6, 'dynamic_weight': 0.4, 'decision_threshold': 0.5, 'use_confidence_weighting': True, 'adaptive_threshold': False, 'cross_validation_folds': 5, 'optimization_metric': 'eer'}
2025-11-05 12:25:31,425 - biometric_gesture_system - INFO - [authentication_system.py:443] - RealAuthenticationPipeline inicializado con componentes
2025-11-05 12:25:31,425 - biometric_gesture_system - INFO - [authentication_system.py:1158] - RealSessionManager inicializado para gestión de sesiones
2025-11-05 12:25:31,425 - biometric_gesture_system - INFO - [authentication_system.py:265] - RealSecurityAuditor inicializado para auditoría
2025-11-05 12:25:31,425 - biometric_gesture_system - INFO - [authentication_system.py:1365] - RealAuthenticationSystem inicializado
2025-11-05 12:25:31,425 - biometric_gesture_system - INFO - [authentication_system.py:1366] -   - Configuración: umbrales={'low': 0.65, 'standard': 0.75, 'high': 0.85, 'maximum': 0.92}
2025-11-05 12:26:02,274 - biometric_gesture_system - INFO - [authentication_system.py:3240] - Usuarios disponibles: 3
2025-11-05 12:26:03,763 - biometric_gesture_system - INFO - [authentication_system.py:1400] - Inicializando sistema de autenticación...
2025-11-05 12:26:03,764 - biometric_gesture_system - INFO - [authentication_system.py:1403] - Obteniendo referencias a redes entrenadas...
2025-11-05 12:26:03,764 - biometric_gesture_system - INFO - [authentication_system.py:1408] - === DIAGNÓSTICO DE ESTADO DE REDES ===
2025-11-05 12:26:03,764 - biometric_gesture_system - INFO - [authentication_system.py:1416] - Archivos de modelo en disco:
2025-11-05 12:26:03,764 - biometric_gesture_system - INFO - [authentication_system.py:1417] -   - Anatómico: True - biometric_data\models\anatomical_model.h5
2025-11-05 12:26:03,765 - biometric_gesture_system - INFO - [authentication_system.py:1418] -   - Dinámico: True - biometric_data\models\dynamic_model.h5
2025-11-05 12:26:03,765 - biometric_gesture_system - INFO - [authentication_system.py:1421] - Estado de instancias globales:
2025-11-05 12:26:03,765 - biometric_gesture_system - INFO - [authentication_system.py:1422] -   - Anatómica is_trained: True
2025-11-05 12:26:03,765 - biometric_gesture_system - INFO - [authentication_system.py:1423] -   - Dinámica is_trained: True
2025-11-05 12:26:03,765 - biometric_gesture_system - INFO - [authentication_system.py:1426] - Modelos compilados:
2025-11-05 12:26:03,765 - biometric_gesture_system - INFO - [authentication_system.py:1427] -   - Anatómica siamese_model: True
2025-11-05 12:26:03,765 - biometric_gesture_system - INFO - [authentication_system.py:1428] -   - Dinámica siamese_model: True
2025-11-05 12:26:03,767 - biometric_gesture_system - INFO - [authentication_system.py:1430] - === FIN DIAGNÓSTICO ===
2025-11-05 12:26:03,767 - biometric_gesture_system - INFO - [authentication_system.py:1432] - Referencias a redes obtenidas:
2025-11-05 12:26:03,767 - biometric_gesture_system - INFO - [authentication_system.py:1433] -   - Red anatómica disponible: True
2025-11-05 12:26:03,767 - biometric_gesture_system - INFO - [authentication_system.py:1434] -   - Red anatómica entrenada: True
2025-11-05 12:26:03,767 - biometric_gesture_system - INFO - [authentication_system.py:1435] -   - Red dinámica disponible: True
2025-11-05 12:26:03,767 - biometric_gesture_system - INFO - [authentication_system.py:1436] -   - Red dinámica entrenada: True
2025-11-05 12:26:03,767 - biometric_gesture_system - INFO - [authentication_system.py:448] - Inicializando pipeline de autenticación...
2025-11-05 12:26:03,768 - biometric_gesture_system - INFO - [authentication_system.py:451] - Obteniendo referencias actuales a redes entrenadas...
2025-11-05 12:26:03,768 - biometric_gesture_system - INFO - [authentication_system.py:456] - Verificando estado de entrenamiento...
2025-11-05 12:26:03,768 - biometric_gesture_system - INFO - [authentication_system.py:457] -   - Red anatómica entrenada: True
2025-11-05 12:26:03,768 - biometric_gesture_system - INFO - [authentication_system.py:458] -   - Red dinámica entrenada: True
2025-11-05 12:26:19,849 - biometric_gesture_system - INFO - [authentication_system.py:498] - Pipeline de autenticación inicializado exitosamente
2025-11-05 12:26:19,850 - biometric_gesture_system - INFO - [authentication_system.py:499] -   - Red anatómica entrenada: True
2025-11-05 12:26:19,850 - biometric_gesture_system - INFO - [authentication_system.py:500] -   - Red dinámica entrenada: True
2025-11-05 12:26:19,850 - biometric_gesture_system - INFO - [authentication_system.py:501] -   - Sistema de fusión listo: True
2025-11-05 12:26:19,850 - biometric_gesture_system - INFO - [authentication_system.py:1482] - Sistema de autenticación inicializado exitosamente
2025-11-05 12:26:19,851 - biometric_gesture_system - INFO - [authentication_system.py:1483] -   - Usuarios disponibles: 3
2025-11-05 12:26:19,851 - biometric_gesture_system - INFO - [authentication_system.py:1484] -   - Templates totales: 129
2025-11-05 12:26:19,851 - biometric_gesture_system - INFO - [authentication_system.py:1486] -   - Pipeline listo: True
2025-11-05 12:26:19,851 - biometric_gesture_system - INFO - [authentication_system.py:1487] -   - Redes entrenadas: anatómica=True, dinámica=True
2025-11-05 12:26:19,851 - biometric_gesture_system - INFO - [authentication_system.py:1516] - Iniciando verificación para usuario: 2020
2025-11-05 12:26:19,851 - biometric_gesture_system - INFO - [authentication_system.py:1517] -   - Nivel de seguridad: standard
2025-11-05 12:26:19,852 - biometric_gesture_system - INFO - [authentication_system.py:1518] -   - Secuencia requerida: None
2025-11-05 12:26:19,852 - biometric_gesture_system - INFO - [authentication_system.py:1181] - Creando sesión: modo=verification, usuario=2020
2025-11-05 12:26:19,852 - biometric_gesture_system - INFO - [authentication_system.py:1222] - Sesión creada exitosamente: a4f5a547-de21-4956-9976-2d1915dc356a
2025-11-05 12:26:19,852 - biometric_gesture_system - INFO - [authentication_system.py:1223] -   - Modo: verification
2025-11-05 12:26:19,852 - biometric_gesture_system - INFO - [authentication_system.py:1224] -   - Usuario: 2020
2025-11-05 12:26:19,852 - biometric_gesture_system - INFO - [authentication_system.py:1225] -   - Nivel seguridad: standard
2025-11-05 12:26:19,854 - biometric_gesture_system - INFO - [authentication_system.py:1226] -   - Secuencia requerida: ['Open_Palm', 'Closed_Fist', 'Victory']
2025-11-05 12:26:19,854 - biometric_gesture_system - INFO - [authentication_system.py:1547] - Verificación iniciada: sesión a4f5a547-de21-4956-9976-2d1915dc356a
2025-11-05 12:26:19,854 - biometric_gesture_system - INFO - [authentication_system.py:1548] -   - Usuario: 2020
2025-11-05 12:26:19,855 - biometric_gesture_system - INFO - [authentication_system.py:1549] -   - Templates disponibles: 40
2025-11-05 12:26:20,072 - biometric_gesture_system - INFO - [authentication_system.py:523] - Procesando frame para sesión a4f5a547-de21-4956-9976-2d1915dc356a
2025-11-05 12:26:20,082 - biometric_gesture_system - INFO - [authentication_system.py:534] - AUTH: Frame #1 capturado - Shape: (720, 1280, 3)
2025-11-05 12:26:20,083 - biometric_gesture_system - INFO - [authentication_system.py:539] - AUTH: Procesando frame original para detectar mano...
2025-11-05 12:26:20,145 - biometric_gesture_system - INFO - [authentication_system.py:543] - AUTH: No se detectó mano válida en frame original
2025-11-05 12:26:20,273 - biometric_gesture_system - INFO - [authentication_system.py:523] - Procesando frame para sesión a4f5a547-de21-4956-9976-2d1915dc356a
2025-11-05 12:26:20,285 - biometric_gesture_system - INFO - [authentication_system.py:534] - AUTH: Frame #2 capturado - Shape: (720, 1280, 3)
2025-11-05 12:26:20,287 - biometric_gesture_system - INFO - [authentication_system.py:539] - AUTH: Procesando frame original para detectar mano...
2025-11-05 12:26:20,334 - biometric_gesture_system - INFO - [authentication_system.py:543] - AUTH: No se detectó mano válida en frame original
2025-11-05 12:26:20,474 - biometric_gesture_system - INFO - [authentication_system.py:523] - Procesando frame para sesión a4f5a547-de21-4956-9976-2d1915dc356a
2025-11-05 12:26:20,486 - biometric_gesture_system - INFO - [authentication_system.py:534] - AUTH: Frame #3 capturado - Shape: (720, 1280, 3)
2025-11-05 12:26:20,487 - biometric_gesture_system - INFO - [authentication_system.py:539] - AUTH: Procesando frame original para detectar mano...
2025-11-05 12:26:20,536 - biometric_gesture_system - INFO - [authentication_system.py:543] - AUTH: No se detectó mano válida en frame original
2025-11-05 12:26:20,673 - biometric_gesture_system - INFO - [authentication_system.py:523] - Procesando frame para sesión a4f5a547-de21-4956-9976-2d1915dc356a
2025-11-05 12:26:20,686 - biometric_gesture_system - INFO - [authentication_system.py:534] - AUTH: Frame #4 capturado - Shape: (720, 1280, 3)
2025-11-05 12:26:20,687 - biometric_gesture_system - INFO - [authentication_system.py:539] - AUTH: Procesando frame original para detectar mano...
2025-11-05 12:26:20,739 - biometric_gesture_system - INFO - [authentication_system.py:543] - AUTH: No se detectó mano válida en frame original
2025-11-05 12:26:20,873 - biometric_gesture_system - INFO - [authentication_system.py:523] - Procesando frame para sesión a4f5a547-de21-4956-9976-2d1915dc356a
2025-11-05 12:26:20,888 - biometric_gesture_system - INFO - [authentication_system.py:534] - AUTH: Frame #5 capturado - Shape: (720, 1280, 3)
2025-11-05 12:26:20,888 - biometric_gesture_system - INFO - [authentication_system.py:539] - AUTH: Procesando frame original para detectar mano...
2025-11-05 12:26:20,948 - biometric_gesture_system - INFO - [authentication_system.py:543] - AUTH: No se detectó mano válida en frame original
2025-11-05 12:26:21,066 - biometric_gesture_system - INFO - [authentication_system.py:523] - Procesando frame para sesión a4f5a547-de21-4956-9976-2d1915dc356a
2025-11-05 12:26:21,078 - biometric_gesture_system - INFO - [authentication_system.py:534] - AUTH: Frame #6 capturado - Shape: (720, 1280, 3)
2025-11-05 12:26:21,079 - biometric_gesture_system - INFO - [authentication_system.py:539] - AUTH: Procesando frame original para detectar mano...
2025-11-05 12:26:21,134 - biometric_gesture_system - INFO - [authentication_system.py:543] - AUTH: No se detectó mano válida en frame original
2025-11-05 12:26:21,271 - biometric_gesture_system - INFO - [authentication_system.py:523] - Procesando frame para sesión a4f5a547-de21-4956-9976-2d1915dc356a
2025-11-05 12:26:21,282 - biometric_gesture_system - INFO - [authentication_system.py:534] - AUTH: Frame #7 capturado - Shape: (720, 1280, 3)
2025-11-05 12:26:21,283 - biometric_gesture_system - INFO - [authentication_system.py:539] - AUTH: Procesando frame original para detectar mano...
2025-11-05 12:26:21,378 - biometric_gesture_system - INFO - [authentication_system.py:546] - AUTH: ✅ Mano detectada en frame original
2025-11-05 12:26:21,378 - biometric_gesture_system - INFO - [authentication_system.py:547] - AUTH: Confianza inicial: 0.960
2025-11-05 12:26:21,379 - biometric_gesture_system - INFO - [authentication_system.py:617] - AUTH: ✅ Usando landmarks del frame ORIGINAL
2025-11-05 12:26:21,380 - biometric_gesture_system - INFO - [authentication_system.py:654] - AUTH: Calidad insuficiente: 82.491
2025-11-05 12:26:21,470 - biometric_gesture_system - INFO - [authentication_system.py:523] - Procesando frame para sesión a4f5a547-de21-4956-9976-2d1915dc356a
2025-11-05 12:26:21,485 - biometric_gesture_system - INFO - [authentication_system.py:534] - AUTH: Frame #8 capturado - Shape: (720, 1280, 3)
2025-11-05 12:26:21,485 - biometric_gesture_system - INFO - [authentication_system.py:539] - AUTH: Procesando frame original para detectar mano...
2025-11-05 12:26:21,553 - biometric_gesture_system - INFO - [authentication_system.py:546] - AUTH: ✅ Mano detectada en frame original
2025-11-05 12:26:21,553 - biometric_gesture_system - INFO - [authentication_system.py:547] - AUTH: Confianza inicial: 0.962
2025-11-05 12:26:21,553 - biometric_gesture_system - INFO - [authentication_system.py:617] - AUTH: ✅ Usando landmarks del frame ORIGINAL
2025-11-05 12:26:21,554 - biometric_gesture_system - INFO - [authentication_system.py:654] - AUTH: Calidad insuficiente: 82.829
2025-11-05 12:26:21,670 - biometric_gesture_system - INFO - [authentication_system.py:523] - Procesando frame para sesión a4f5a547-de21-4956-9976-2d1915dc356a
2025-11-05 12:26:21,687 - biometric_gesture_system - INFO - [authentication_system.py:534] - AUTH: Frame #9 capturado - Shape: (720, 1280, 3)
2025-11-05 12:26:21,687 - biometric_gesture_system - INFO - [authentication_system.py:539] - AUTH: Procesando frame original para detectar mano...
2025-11-05 12:26:21,751 - biometric_gesture_system - INFO - [authentication_system.py:546] - AUTH: ✅ Mano detectada en frame original
2025-11-05 12:26:21,751 - biometric_gesture_system - INFO - [authentication_system.py:547] - AUTH: Confianza inicial: 0.953
2025-11-05 12:26:21,752 - biometric_gesture_system - INFO - [authentication_system.py:617] - AUTH: ✅ Usando landmarks del frame ORIGINAL
2025-11-05 12:26:21,752 - biometric_gesture_system - INFO - [authentication_system.py:654] - AUTH: Calidad insuficiente: 83.093
2025-11-05 12:26:21,869 - biometric_gesture_system - INFO - [authentication_system.py:523] - Procesando frame para sesión a4f5a547-de21-4956-9976-2d1915dc356a
2025-11-05 12:26:21,875 - biometric_gesture_system - INFO - [authentication_system.py:534] - AUTH: Frame #10 capturado - Shape: (720, 1280, 3)
2025-11-05 12:26:21,875 - biometric_gesture_system - INFO - [authentication_system.py:539] - AUTH: Procesando frame original para detectar mano...
2025-11-05 12:26:21,943 - biometric_gesture_system - INFO - [authentication_system.py:546] - AUTH: ✅ Mano detectada en frame original
2025-11-05 12:26:21,943 - biometric_gesture_system - INFO - [authentication_system.py:547] - AUTH: Confianza inicial: 0.956
2025-11-05 12:26:21,944 - biometric_gesture_system - INFO - [authentication_system.py:617] - AUTH: ✅ Usando landmarks del frame ORIGINAL
2025-11-05 12:26:21,944 - biometric_gesture_system - INFO - [authentication_system.py:654] - AUTH: Calidad insuficiente: 83.435
2025-11-05 12:26:22,067 - biometric_gesture_system - INFO - [authentication_system.py:523] - Procesando frame para sesión a4f5a547-de21-4956-9976-2d1915dc356a
2025-11-05 12:26:22,077 - biometric_gesture_system - INFO - [authentication_system.py:534] - AUTH: Frame #11 capturado - Shape: (720, 1280, 3)
2025-11-05 12:26:22,078 - biometric_gesture_system - INFO - [authentication_system.py:539] - AUTH: Procesando frame original para detectar mano...
2025-11-05 12:26:22,142 - biometric_gesture_system - INFO - [authentication_system.py:546] - AUTH: ✅ Mano detectada en frame original
2025-11-05 12:26:22,143 - biometric_gesture_system - INFO - [authentication_system.py:547] - AUTH: Confianza inicial: 0.939
2025-11-05 12:26:22,143 - biometric_gesture_system - INFO - [authentication_system.py:617] - AUTH: ✅ Usando landmarks del frame ORIGINAL
2025-11-05 12:26:22,144 - biometric_gesture_system - INFO - [authentication_system.py:654] - AUTH: Calidad insuficiente: 82.844
2025-11-05 12:26:22,267 - biometric_gesture_system - INFO - [authentication_system.py:523] - Procesando frame para sesión a4f5a547-de21-4956-9976-2d1915dc356a
2025-11-05 12:26:22,279 - biometric_gesture_system - INFO - [authentication_system.py:534] - AUTH: Frame #12 capturado - Shape: (720, 1280, 3)
2025-11-05 12:26:22,280 - biometric_gesture_system - INFO - [authentication_system.py:539] - AUTH: Procesando frame original para detectar mano...
2025-11-05 12:26:22,345 - biometric_gesture_system - INFO - [authentication_system.py:546] - AUTH: ✅ Mano detectada en frame original
2025-11-05 12:26:22,346 - biometric_gesture_system - INFO - [authentication_system.py:547] - AUTH: Confianza inicial: 0.948
2025-11-05 12:26:22,346 - biometric_gesture_system - INFO - [authentication_system.py:617] - AUTH: ✅ Usando landmarks del frame ORIGINAL
2025-11-05 12:26:22,347 - biometric_gesture_system - INFO - [authentication_system.py:654] - AUTH: Calidad insuficiente: 83.339
2025-11-05 12:26:22,467 - biometric_gesture_system - INFO - [authentication_system.py:523] - Procesando frame para sesión a4f5a547-de21-4956-9976-2d1915dc356a
2025-11-05 12:26:22,478 - biometric_gesture_system - INFO - [authentication_system.py:534] - AUTH: Frame #13 capturado - Shape: (720, 1280, 3)
2025-11-05 12:26:22,479 - biometric_gesture_system - INFO - [authentication_system.py:539] - AUTH: Procesando frame original para detectar mano...
2025-11-05 12:26:22,546 - biometric_gesture_system - INFO - [authentication_system.py:546] - AUTH: ✅ Mano detectada en frame original
2025-11-05 12:26:22,548 - biometric_gesture_system - INFO - [authentication_system.py:547] - AUTH: Confianza inicial: 0.949
2025-11-05 12:26:22,548 - biometric_gesture_system - INFO - [authentication_system.py:617] - AUTH: ✅ Usando landmarks del frame ORIGINAL
2025-11-05 12:26:22,548 - biometric_gesture_system - INFO - [authentication_system.py:657] - AUTH: ✅ Frame válido - Quality: 93.1
2025-11-05 12:26:22,555 - biometric_gesture_system - INFO - [authentication_system.py:684] - AUTH: ✅ Características anatómicas extraídas
2025-11-05 12:26:22,556 - biometric_gesture_system - INFO - [authentication_system.py:696] - AUTH: Frame agregado a buffer temporal (1 frames)
2025-11-05 12:26:22,556 - biometric_gesture_system - INFO - [authentication_system.py:709] - AUTH: Acumulando frames para características dinámicas... (1/5)
2025-11-05 12:26:22,667 - biometric_gesture_system - INFO - [authentication_system.py:523] - Procesando frame para sesión a4f5a547-de21-4956-9976-2d1915dc356a
2025-11-05 12:26:22,684 - biometric_gesture_system - INFO - [authentication_system.py:534] - AUTH: Frame #14 capturado - Shape: (720, 1280, 3)
2025-11-05 12:26:22,684 - biometric_gesture_system - INFO - [authentication_system.py:539] - AUTH: Procesando frame original para detectar mano...
2025-11-05 12:26:22,748 - biometric_gesture_system - INFO - [authentication_system.py:546] - AUTH: ✅ Mano detectada en frame original
2025-11-05 12:26:22,748 - biometric_gesture_system - INFO - [authentication_system.py:547] - AUTH: Confianza inicial: 0.934
2025-11-05 12:26:22,748 - biometric_gesture_system - INFO - [authentication_system.py:617] - AUTH: ✅ Usando landmarks del frame ORIGINAL
2025-11-05 12:26:22,750 - biometric_gesture_system - INFO - [authentication_system.py:657] - AUTH: ✅ Frame válido - Quality: 93.1
2025-11-05 12:26:22,757 - biometric_gesture_system - INFO - [authentication_system.py:684] - AUTH: ✅ Características anatómicas extraídas
2025-11-05 12:26:22,758 - biometric_gesture_system - INFO - [authentication_system.py:696] - AUTH: Frame agregado a buffer temporal (2 frames)
2025-11-05 12:26:22,758 - biometric_gesture_system - INFO - [authentication_system.py:709] - AUTH: Acumulando frames para características dinámicas... (2/5)
2025-11-05 12:26:22,867 - biometric_gesture_system - INFO - [authentication_system.py:523] - Procesando frame para sesión a4f5a547-de21-4956-9976-2d1915dc356a
2025-11-05 12:26:22,871 - biometric_gesture_system - INFO - [authentication_system.py:534] - AUTH: Frame #15 capturado - Shape: (720, 1280, 3)
2025-11-05 12:26:22,871 - biometric_gesture_system - INFO - [authentication_system.py:539] - AUTH: Procesando frame original para detectar mano...
2025-11-05 12:26:22,937 - biometric_gesture_system - INFO - [authentication_system.py:546] - AUTH: ✅ Mano detectada en frame original
2025-11-05 12:26:22,937 - biometric_gesture_system - INFO - [authentication_system.py:547] - AUTH: Confianza inicial: 0.942
2025-11-05 12:26:22,937 - biometric_gesture_system - INFO - [authentication_system.py:617] - AUTH: ✅ Usando landmarks del frame ORIGINAL
2025-11-05 12:26:22,938 - biometric_gesture_system - INFO - [authentication_system.py:657] - AUTH: ✅ Frame válido - Quality: 92.9
2025-11-05 12:26:22,944 - biometric_gesture_system - INFO - [authentication_system.py:684] - AUTH: ✅ Características anatómicas extraídas
2025-11-05 12:26:22,944 - biometric_gesture_system - INFO - [authentication_system.py:696] - AUTH: Frame agregado a buffer temporal (3 frames)
2025-11-05 12:26:22,945 - biometric_gesture_system - INFO - [authentication_system.py:709] - AUTH: Acumulando frames para características dinámicas... (3/5)
2025-11-05 12:26:23,066 - biometric_gesture_system - INFO - [authentication_system.py:523] - Procesando frame para sesión a4f5a547-de21-4956-9976-2d1915dc356a
2025-11-05 12:26:23,074 - biometric_gesture_system - INFO - [authentication_system.py:534] - AUTH: Frame #16 capturado - Shape: (720, 1280, 3)
2025-11-05 12:26:23,075 - biometric_gesture_system - INFO - [authentication_system.py:539] - AUTH: Procesando frame original para detectar mano...
2025-11-05 12:26:23,142 - biometric_gesture_system - INFO - [authentication_system.py:546] - AUTH: ✅ Mano detectada en frame original
2025-11-05 12:26:23,143 - biometric_gesture_system - INFO - [authentication_system.py:547] - AUTH: Confianza inicial: 0.951
2025-11-05 12:26:23,143 - biometric_gesture_system - INFO - [authentication_system.py:617] - AUTH: ✅ Usando landmarks del frame ORIGINAL
2025-11-05 12:26:23,144 - biometric_gesture_system - INFO - [authentication_system.py:657] - AUTH: ✅ Frame válido - Quality: 93.2
2025-11-05 12:26:23,150 - biometric_gesture_system - INFO - [authentication_system.py:684] - AUTH: ✅ Características anatómicas extraídas
2025-11-05 12:26:23,151 - biometric_gesture_system - INFO - [authentication_system.py:696] - AUTH: Frame agregado a buffer temporal (4 frames)
2025-11-05 12:26:23,151 - biometric_gesture_system - INFO - [authentication_system.py:709] - AUTH: Acumulando frames para características dinámicas... (4/5)
2025-11-05 12:26:23,265 - biometric_gesture_system - INFO - [authentication_system.py:523] - Procesando frame para sesión a4f5a547-de21-4956-9976-2d1915dc356a
2025-11-05 12:26:23,277 - biometric_gesture_system - INFO - [authentication_system.py:534] - AUTH: Frame #17 capturado - Shape: (720, 1280, 3)
2025-11-05 12:26:23,278 - biometric_gesture_system - INFO - [authentication_system.py:539] - AUTH: Procesando frame original para detectar mano...
2025-11-05 12:26:23,335 - biometric_gesture_system - INFO - [authentication_system.py:546] - AUTH: ✅ Mano detectada en frame original
2025-11-05 12:26:23,336 - biometric_gesture_system - INFO - [authentication_system.py:547] - AUTH: Confianza inicial: 0.932
2025-11-05 12:26:23,336 - biometric_gesture_system - INFO - [authentication_system.py:617] - AUTH: ✅ Usando landmarks del frame ORIGINAL
2025-11-05 12:26:23,337 - biometric_gesture_system - INFO - [authentication_system.py:657] - AUTH: ✅ Frame válido - Quality: 92.5
2025-11-05 12:26:23,345 - biometric_gesture_system - INFO - [authentication_system.py:684] - AUTH: ✅ Características anatómicas extraídas
2025-11-05 12:26:23,346 - biometric_gesture_system - INFO - [authentication_system.py:696] - AUTH: Frame agregado a buffer temporal (5 frames)
2025-11-05 12:26:23,346 - biometric_gesture_system - INFO - [authentication_system.py:709] - AUTH: Acumulando frames para características dinámicas... (5/5)
2025-11-05 12:26:23,465 - biometric_gesture_system - INFO - [authentication_system.py:523] - Procesando frame para sesión a4f5a547-de21-4956-9976-2d1915dc356a
2025-11-05 12:26:23,481 - biometric_gesture_system - INFO - [authentication_system.py:534] - AUTH: Frame #18 capturado - Shape: (720, 1280, 3)
2025-11-05 12:26:23,481 - biometric_gesture_system - INFO - [authentication_system.py:539] - AUTH: Procesando frame original para detectar mano...
2025-11-05 12:26:23,545 - biometric_gesture_system - INFO - [authentication_system.py:546] - AUTH: ✅ Mano detectada en frame original
2025-11-05 12:26:23,545 - biometric_gesture_system - INFO - [authentication_system.py:547] - AUTH: Confianza inicial: 0.951
2025-11-05 12:26:23,545 - biometric_gesture_system - INFO - [authentication_system.py:617] - AUTH: ✅ Usando landmarks del frame ORIGINAL
2025-11-05 12:26:23,546 - biometric_gesture_system - INFO - [authentication_system.py:657] - AUTH: ✅ Frame válido - Quality: 92.9
2025-11-05 12:26:23,553 - biometric_gesture_system - INFO - [authentication_system.py:684] - AUTH: ✅ Características anatómicas extraídas
2025-11-05 12:26:23,553 - biometric_gesture_system - INFO - [authentication_system.py:696] - AUTH: Frame agregado a buffer temporal (6 frames)
2025-11-05 12:26:23,554 - biometric_gesture_system - INFO - [authentication_system.py:709] - AUTH: Acumulando frames para características dinámicas... (6/5)
2025-11-05 12:26:23,664 - biometric_gesture_system - INFO - [authentication_system.py:523] - Procesando frame para sesión a4f5a547-de21-4956-9976-2d1915dc356a
2025-11-05 12:26:23,669 - biometric_gesture_system - INFO - [authentication_system.py:534] - AUTH: Frame #19 capturado - Shape: (720, 1280, 3)
2025-11-05 12:26:23,670 - biometric_gesture_system - INFO - [authentication_system.py:539] - AUTH: Procesando frame original para detectar mano...
2025-11-05 12:26:23,736 - biometric_gesture_system - INFO - [authentication_system.py:546] - AUTH: ✅ Mano detectada en frame original
2025-11-05 12:26:23,737 - biometric_gesture_system - INFO - [authentication_system.py:547] - AUTH: Confianza inicial: 0.937
2025-11-05 12:26:23,737 - biometric_gesture_system - INFO - [authentication_system.py:617] - AUTH: ✅ Usando landmarks del frame ORIGINAL
2025-11-05 12:26:23,738 - biometric_gesture_system - INFO - [authentication_system.py:657] - AUTH: ✅ Frame válido - Quality: 92.9
2025-11-05 12:26:23,743 - biometric_gesture_system - INFO - [authentication_system.py:684] - AUTH: ✅ Características anatómicas extraídas
2025-11-05 12:26:23,744 - biometric_gesture_system - INFO - [authentication_system.py:696] - AUTH: Frame agregado a buffer temporal (7 frames)
2025-11-05 12:26:23,744 - biometric_gesture_system - INFO - [authentication_system.py:709] - AUTH: Acumulando frames para características dinámicas... (7/5)
2025-11-05 12:26:23,863 - biometric_gesture_system - INFO - [authentication_system.py:523] - Procesando frame para sesión a4f5a547-de21-4956-9976-2d1915dc356a
2025-11-05 12:26:23,872 - biometric_gesture_system - INFO - [authentication_system.py:534] - AUTH: Frame #20 capturado - Shape: (720, 1280, 3)
2025-11-05 12:26:23,873 - biometric_gesture_system - INFO - [authentication_system.py:539] - AUTH: Procesando frame original para detectar mano...
2025-11-05 12:26:23,939 - biometric_gesture_system - INFO - [authentication_system.py:546] - AUTH: ✅ Mano detectada en frame original
2025-11-05 12:26:23,939 - biometric_gesture_system - INFO - [authentication_system.py:547] - AUTH: Confianza inicial: 0.945
2025-11-05 12:26:23,939 - biometric_gesture_system - INFO - [authentication_system.py:617] - AUTH: ✅ Usando landmarks del frame ORIGINAL
2025-11-05 12:26:23,940 - biometric_gesture_system - INFO - [authentication_system.py:657] - AUTH: ✅ Frame válido - Quality: 93.2
2025-11-05 12:26:23,946 - biometric_gesture_system - INFO - [authentication_system.py:684] - AUTH: ✅ Características anatómicas extraídas
2025-11-05 12:26:23,946 - biometric_gesture_system - INFO - [authentication_system.py:696] - AUTH: Frame agregado a buffer temporal (8 frames)
2025-11-05 12:26:24,018 - biometric_gesture_system - INFO - [authentication_system.py:835] - ✅ Temporal sequence construida para autenticación: (8, 320)
2025-11-05 12:26:24,019 - biometric_gesture_system - INFO - [authentication_system.py:840] - Características dinámicas extraídas del buffer: dim=320
2025-11-05 12:26:24,020 - biometric_gesture_system - INFO - [authentication_system.py:706] - AUTH: ✅ Características dinámicas extraídas del buffer (8 frames)
2025-11-05 12:26:24,459 - biometric_gesture_system - INFO - [authentication_system.py:981] - Embedding anatómico generado: dim=64, norm=1.000
2025-11-05 12:26:24,459 - biometric_gesture_system - INFO - [authentication_system.py:994] - Generando embedding dinámico para autenticación
2025-11-05 12:26:24,459 - biometric_gesture_system - INFO - [authentication_system.py:1014] - Temporal sequence shape: (8, 320)
2025-11-05 12:26:27,560 - biometric_gesture_system - INFO - [authentication_system.py:1039] - Embedding dinámico generado: dim=128, norm=1.000
2025-11-05 12:26:27,560 - biometric_gesture_system - INFO - [authentication_system.py:722] - AUTH: ✅ Embeddings generados - Anatómico: True, Dinámico: True
2025-11-05 12:26:27,560 - biometric_gesture_system - INFO - [authentication_system.py:729] - AUTH: Embedding anatómico agregado - Total: 1
2025-11-05 12:26:27,561 - biometric_gesture_system - INFO - [authentication_system.py:733] - AUTH: Embedding dinámico agregado - Total: 1
2025-11-05 12:26:27,561 - biometric_gesture_system - INFO - [authentication_system.py:740] - AUTH: ✅ Captura válida #1 - Embeddings almacenados exitosamente
2025-11-05 12:26:27,561 - biometric_gesture_system - INFO - [authentication_system.py:747] - AUTH: ✅ Gesto 'Open_Palm' capturado y registrado
2025-11-05 12:26:27,561 - biometric_gesture_system - INFO - [authentication_system.py:752] - AUTH: Frame procesado exitosamente para sesión a4f5a547-de21-4956-9976-2d1915dc356a
2025-11-05 12:26:27,561 - biometric_gesture_system - INFO - [authentication_system.py:753] - AUTH:   - Gesto detectado: Open_Palm
2025-11-05 12:26:27,562 - biometric_gesture_system - INFO - [authentication_system.py:754] - AUTH:   - Calidad: 93.175
2025-11-05 12:26:27,562 - biometric_gesture_system - INFO - [authentication_system.py:755] - AUTH:   - Embeddings: anatómico=True, dinámico=True
2025-11-05 12:26:27,562 - biometric_gesture_system - INFO - [authentication_system.py:756] - AUTH:   - Progreso secuencia: 1/3
2025-11-05 12:26:27,591 - biometric_gesture_system - INFO - [authentication_system.py:523] - Procesando frame para sesión a4f5a547-de21-4956-9976-2d1915dc356a
2025-11-05 12:26:27,635 - biometric_gesture_system - INFO - [authentication_system.py:534] - AUTH: Frame #21 capturado - Shape: (720, 1280, 3)
2025-11-05 12:26:27,635 - biometric_gesture_system - INFO - [authentication_system.py:539] - AUTH: Procesando frame original para detectar mano...
2025-11-05 12:26:27,702 - biometric_gesture_system - INFO - [authentication_system.py:546] - AUTH: ✅ Mano detectada en frame original
2025-11-05 12:26:27,703 - biometric_gesture_system - INFO - [authentication_system.py:547] - AUTH: Confianza inicial: 0.975
2025-11-05 12:26:27,703 - biometric_gesture_system - INFO - [authentication_system.py:617] - AUTH: ✅ Usando landmarks del frame ORIGINAL
2025-11-05 12:26:27,704 - biometric_gesture_system - INFO - [authentication_system.py:654] - AUTH: Calidad insuficiente: 81.371
2025-11-05 12:26:27,732 - biometric_gesture_system - INFO - [authentication_system.py:523] - Procesando frame para sesión a4f5a547-de21-4956-9976-2d1915dc356a
2025-11-05 12:26:27,743 - biometric_gesture_system - INFO - [authentication_system.py:534] - AUTH: Frame #22 capturado - Shape: (720, 1280, 3)
2025-11-05 12:26:27,743 - biometric_gesture_system - INFO - [authentication_system.py:539] - AUTH: Procesando frame original para detectar mano...
2025-11-05 12:26:27,812 - biometric_gesture_system - INFO - [authentication_system.py:546] - AUTH: ✅ Mano detectada en frame original
2025-11-05 12:26:27,812 - biometric_gesture_system - INFO - [authentication_system.py:547] - AUTH: Confianza inicial: 0.972
2025-11-05 12:26:27,812 - biometric_gesture_system - INFO - [authentication_system.py:617] - AUTH: ✅ Usando landmarks del frame ORIGINAL
2025-11-05 12:26:27,814 - biometric_gesture_system - INFO - [authentication_system.py:654] - AUTH: Calidad insuficiente: 82.596
2025-11-05 12:26:27,838 - biometric_gesture_system - INFO - [authentication_system.py:523] - Procesando frame para sesión a4f5a547-de21-4956-9976-2d1915dc356a
2025-11-05 12:26:27,851 - biometric_gesture_system - INFO - [authentication_system.py:534] - AUTH: Frame #23 capturado - Shape: (720, 1280, 3)
2025-11-05 12:26:27,852 - biometric_gesture_system - INFO - [authentication_system.py:539] - AUTH: Procesando frame original para detectar mano...
2025-11-05 12:26:27,923 - biometric_gesture_system - INFO - [authentication_system.py:546] - AUTH: ✅ Mano detectada en frame original
2025-11-05 12:26:27,923 - biometric_gesture_system - INFO - [authentication_system.py:547] - AUTH: Confianza inicial: 0.969
2025-11-05 12:26:27,924 - biometric_gesture_system - INFO - [authentication_system.py:617] - AUTH: ✅ Usando landmarks del frame ORIGINAL
2025-11-05 12:26:27,924 - biometric_gesture_system - INFO - [authentication_system.py:654] - AUTH: Calidad insuficiente: 80.225
2025-11-05 12:26:27,949 - biometric_gesture_system - INFO - [authentication_system.py:523] - Procesando frame para sesión a4f5a547-de21-4956-9976-2d1915dc356a
2025-11-05 12:26:28,023 - biometric_gesture_system - INFO - [authentication_system.py:534] - AUTH: Frame #24 capturado - Shape: (720, 1280, 3)
2025-11-05 12:26:28,023 - biometric_gesture_system - INFO - [authentication_system.py:539] - AUTH: Procesando frame original para detectar mano...
2025-11-05 12:26:28,092 - biometric_gesture_system - INFO - [authentication_system.py:546] - AUTH: ✅ Mano detectada en frame original
2025-11-05 12:26:28,093 - biometric_gesture_system - INFO - [authentication_system.py:547] - AUTH: Confianza inicial: 0.985
2025-11-05 12:26:28,093 - biometric_gesture_system - INFO - [authentication_system.py:617] - AUTH: ✅ Usando landmarks del frame ORIGINAL
2025-11-05 12:26:28,094 - biometric_gesture_system - INFO - [authentication_system.py:654] - AUTH: Calidad insuficiente: 80.209
2025-11-05 12:26:28,120 - biometric_gesture_system - INFO - [authentication_system.py:523] - Procesando frame para sesión a4f5a547-de21-4956-9976-2d1915dc356a
2025-11-05 12:26:28,132 - biometric_gesture_system - INFO - [authentication_system.py:534] - AUTH: Frame #25 capturado - Shape: (720, 1280, 3)
2025-11-05 12:26:28,133 - biometric_gesture_system - INFO - [authentication_system.py:539] - AUTH: Procesando frame original para detectar mano...
2025-11-05 12:26:28,205 - biometric_gesture_system - INFO - [authentication_system.py:546] - AUTH: ✅ Mano detectada en frame original
2025-11-05 12:26:28,205 - biometric_gesture_system - INFO - [authentication_system.py:547] - AUTH: Confianza inicial: 0.984
2025-11-05 12:26:28,205 - biometric_gesture_system - INFO - [authentication_system.py:617] - AUTH: ✅ Usando landmarks del frame ORIGINAL
2025-11-05 12:26:28,206 - biometric_gesture_system - INFO - [authentication_system.py:654] - AUTH: Calidad insuficiente: 80.152
2025-11-05 12:26:28,243 - biometric_gesture_system - INFO - [authentication_system.py:523] - Procesando frame para sesión a4f5a547-de21-4956-9976-2d1915dc356a
2025-11-05 12:26:28,256 - biometric_gesture_system - INFO - [authentication_system.py:534] - AUTH: Frame #26 capturado - Shape: (720, 1280, 3)
2025-11-05 12:26:28,256 - biometric_gesture_system - INFO - [authentication_system.py:539] - AUTH: Procesando frame original para detectar mano...
2025-11-05 12:26:28,329 - biometric_gesture_system - INFO - [authentication_system.py:546] - AUTH: ✅ Mano detectada en frame original
2025-11-05 12:26:28,330 - biometric_gesture_system - INFO - [authentication_system.py:547] - AUTH: Confianza inicial: 0.982
2025-11-05 12:26:28,330 - biometric_gesture_system - INFO - [authentication_system.py:617] - AUTH: ✅ Usando landmarks del frame ORIGINAL
2025-11-05 12:26:28,332 - biometric_gesture_system - INFO - [authentication_system.py:654] - AUTH: Calidad insuficiente: 85.506
2025-11-05 12:26:28,374 - biometric_gesture_system - INFO - [authentication_system.py:523] - Procesando frame para sesión a4f5a547-de21-4956-9976-2d1915dc356a
2025-11-05 12:26:28,429 - biometric_gesture_system - INFO - [authentication_system.py:534] - AUTH: Frame #27 capturado - Shape: (720, 1280, 3)
2025-11-05 12:26:28,429 - biometric_gesture_system - INFO - [authentication_system.py:539] - AUTH: Procesando frame original para detectar mano...
2025-11-05 12:26:28,503 - biometric_gesture_system - INFO - [authentication_system.py:546] - AUTH: ✅ Mano detectada en frame original
2025-11-05 12:26:28,503 - biometric_gesture_system - INFO - [authentication_system.py:547] - AUTH: Confianza inicial: 0.993
2025-11-05 12:26:28,503 - biometric_gesture_system - INFO - [authentication_system.py:617] - AUTH: ✅ Usando landmarks del frame ORIGINAL
2025-11-05 12:26:28,504 - biometric_gesture_system - INFO - [authentication_system.py:654] - AUTH: Calidad insuficiente: 81.361
2025-11-05 12:26:28,544 - biometric_gesture_system - INFO - [authentication_system.py:523] - Procesando frame para sesión a4f5a547-de21-4956-9976-2d1915dc356a
2025-11-05 12:26:28,554 - biometric_gesture_system - INFO - [authentication_system.py:534] - AUTH: Frame #28 capturado - Shape: (720, 1280, 3)
2025-11-05 12:26:28,554 - biometric_gesture_system - INFO - [authentication_system.py:539] - AUTH: Procesando frame original para detectar mano...
2025-11-05 12:26:28,633 - biometric_gesture_system - INFO - [authentication_system.py:546] - AUTH: ✅ Mano detectada en frame original
2025-11-05 12:26:28,634 - biometric_gesture_system - INFO - [authentication_system.py:547] - AUTH: Confianza inicial: 0.994
2025-11-05 12:26:28,634 - biometric_gesture_system - INFO - [authentication_system.py:617] - AUTH: ✅ Usando landmarks del frame ORIGINAL
2025-11-05 12:26:28,635 - biometric_gesture_system - INFO - [authentication_system.py:654] - AUTH: Calidad insuficiente: 81.102
2025-11-05 12:26:28,668 - biometric_gesture_system - INFO - [authentication_system.py:523] - Procesando frame para sesión a4f5a547-de21-4956-9976-2d1915dc356a
2025-11-05 12:26:28,678 - biometric_gesture_system - INFO - [authentication_system.py:534] - AUTH: Frame #29 capturado - Shape: (720, 1280, 3)
2025-11-05 12:26:28,678 - biometric_gesture_system - INFO - [authentication_system.py:539] - AUTH: Procesando frame original para detectar mano...
2025-11-05 12:26:28,752 - biometric_gesture_system - INFO - [authentication_system.py:546] - AUTH: ✅ Mano detectada en frame original
2025-11-05 12:26:28,752 - biometric_gesture_system - INFO - [authentication_system.py:547] - AUTH: Confianza inicial: 0.995
2025-11-05 12:26:28,752 - biometric_gesture_system - INFO - [authentication_system.py:617] - AUTH: ✅ Usando landmarks del frame ORIGINAL
2025-11-05 12:26:28,753 - biometric_gesture_system - INFO - [authentication_system.py:654] - AUTH: Calidad insuficiente: 82.628
2025-11-05 12:26:28,773 - biometric_gesture_system - INFO - [authentication_system.py:523] - Procesando frame para sesión a4f5a547-de21-4956-9976-2d1915dc356a
2025-11-05 12:26:28,834 - biometric_gesture_system - INFO - [authentication_system.py:534] - AUTH: Frame #30 capturado - Shape: (720, 1280, 3)
2025-11-05 12:26:28,834 - biometric_gesture_system - INFO - [authentication_system.py:539] - AUTH: Procesando frame original para detectar mano...
2025-11-05 12:26:28,903 - biometric_gesture_system - INFO - [authentication_system.py:546] - AUTH: ✅ Mano detectada en frame original
2025-11-05 12:26:28,903 - biometric_gesture_system - INFO - [authentication_system.py:547] - AUTH: Confianza inicial: 0.996
2025-11-05 12:26:28,903 - biometric_gesture_system - INFO - [authentication_system.py:617] - AUTH: ✅ Usando landmarks del frame ORIGINAL
2025-11-05 12:26:28,904 - biometric_gesture_system - INFO - [authentication_system.py:657] - AUTH: ✅ Frame válido - Quality: 94.5
2025-11-05 12:26:28,912 - biometric_gesture_system - INFO - [authentication_system.py:684] - AUTH: ✅ Características anatómicas extraídas
2025-11-05 12:26:28,912 - biometric_gesture_system - INFO - [authentication_system.py:696] - AUTH: Frame agregado a buffer temporal (9 frames)
2025-11-05 12:26:29,005 - biometric_gesture_system - INFO - [authentication_system.py:835] - ✅ Temporal sequence construida para autenticación: (9, 320)
2025-11-05 12:26:29,006 - biometric_gesture_system - INFO - [authentication_system.py:840] - Características dinámicas extraídas del buffer: dim=320
2025-11-05 12:26:29,006 - biometric_gesture_system - INFO - [authentication_system.py:706] - AUTH: ✅ Características dinámicas extraídas del buffer (9 frames)
2025-11-05 12:26:29,120 - biometric_gesture_system - INFO - [authentication_system.py:981] - Embedding anatómico generado: dim=64, norm=1.000
2025-11-05 12:26:29,120 - biometric_gesture_system - INFO - [authentication_system.py:994] - Generando embedding dinámico para autenticación
2025-11-05 12:26:29,120 - biometric_gesture_system - INFO - [authentication_system.py:1014] - Temporal sequence shape: (9, 320)
2025-11-05 12:26:29,255 - biometric_gesture_system - INFO - [authentication_system.py:1039] - Embedding dinámico generado: dim=128, norm=1.000
2025-11-05 12:26:29,255 - biometric_gesture_system - INFO - [authentication_system.py:722] - AUTH: ✅ Embeddings generados - Anatómico: True, Dinámico: True
2025-11-05 12:26:29,256 - biometric_gesture_system - INFO - [authentication_system.py:729] - AUTH: Embedding anatómico agregado - Total: 2
2025-11-05 12:26:29,256 - biometric_gesture_system - INFO - [authentication_system.py:733] - AUTH: Embedding dinámico agregado - Total: 2
2025-11-05 12:26:29,256 - biometric_gesture_system - INFO - [authentication_system.py:740] - AUTH: ✅ Captura válida #2 - Embeddings almacenados exitosamente
2025-11-05 12:26:29,256 - biometric_gesture_system - INFO - [authentication_system.py:747] - AUTH: ✅ Gesto 'Closed_Fist' capturado y registrado
2025-11-05 12:26:29,257 - biometric_gesture_system - INFO - [authentication_system.py:752] - AUTH: Frame procesado exitosamente para sesión a4f5a547-de21-4956-9976-2d1915dc356a
2025-11-05 12:26:29,257 - biometric_gesture_system - INFO - [authentication_system.py:753] - AUTH:   - Gesto detectado: Closed_Fist
2025-11-05 12:26:29,257 - biometric_gesture_system - INFO - [authentication_system.py:754] - AUTH:   - Calidad: 94.531
2025-11-05 12:26:29,257 - biometric_gesture_system - INFO - [authentication_system.py:755] - AUTH:   - Embeddings: anatómico=True, dinámico=True
2025-11-05 12:26:29,257 - biometric_gesture_system - INFO - [authentication_system.py:756] - AUTH:   - Progreso secuencia: 2/3
2025-11-05 12:26:29,286 - biometric_gesture_system - INFO - [authentication_system.py:523] - Procesando frame para sesión a4f5a547-de21-4956-9976-2d1915dc356a
2025-11-05 12:26:29,299 - biometric_gesture_system - INFO - [authentication_system.py:534] - AUTH: Frame #31 capturado - Shape: (720, 1280, 3)
2025-11-05 12:26:29,299 - biometric_gesture_system - INFO - [authentication_system.py:539] - AUTH: Procesando frame original para detectar mano...
2025-11-05 12:26:29,370 - biometric_gesture_system - INFO - [authentication_system.py:546] - AUTH: ✅ Mano detectada en frame original
2025-11-05 12:26:29,371 - biometric_gesture_system - INFO - [authentication_system.py:547] - AUTH: Confianza inicial: 0.997
2025-11-05 12:26:29,371 - biometric_gesture_system - INFO - [authentication_system.py:617] - AUTH: ✅ Usando landmarks del frame ORIGINAL
2025-11-05 12:26:29,373 - biometric_gesture_system - INFO - [authentication_system.py:654] - AUTH: Calidad insuficiente: 86.289
2025-11-05 12:26:29,410 - biometric_gesture_system - INFO - [authentication_system.py:523] - Procesando frame para sesión a4f5a547-de21-4956-9976-2d1915dc356a
2025-11-05 12:26:29,422 - biometric_gesture_system - INFO - [authentication_system.py:534] - AUTH: Frame #32 capturado - Shape: (720, 1280, 3)
2025-11-05 12:26:29,424 - biometric_gesture_system - INFO - [authentication_system.py:539] - AUTH: Procesando frame original para detectar mano...
2025-11-05 12:26:29,491 - biometric_gesture_system - INFO - [authentication_system.py:546] - AUTH: ✅ Mano detectada en frame original
2025-11-05 12:26:29,491 - biometric_gesture_system - INFO - [authentication_system.py:547] - AUTH: Confianza inicial: 0.997
2025-11-05 12:26:29,491 - biometric_gesture_system - INFO - [authentication_system.py:617] - AUTH: ✅ Usando landmarks del frame ORIGINAL
2025-11-05 12:26:29,492 - biometric_gesture_system - INFO - [authentication_system.py:654] - AUTH: Calidad insuficiente: 86.416
2025-11-05 12:26:29,521 - biometric_gesture_system - INFO - [authentication_system.py:523] - Procesando frame para sesión a4f5a547-de21-4956-9976-2d1915dc356a
2025-11-05 12:26:29,533 - biometric_gesture_system - INFO - [authentication_system.py:534] - AUTH: Frame #33 capturado - Shape: (720, 1280, 3)
2025-11-05 12:26:29,535 - biometric_gesture_system - INFO - [authentication_system.py:539] - AUTH: Procesando frame original para detectar mano...
2025-11-05 12:26:29,599 - biometric_gesture_system - INFO - [authentication_system.py:546] - AUTH: ✅ Mano detectada en frame original
2025-11-05 12:26:29,601 - biometric_gesture_system - INFO - [authentication_system.py:547] - AUTH: Confianza inicial: 0.998
2025-11-05 12:26:29,601 - biometric_gesture_system - INFO - [authentication_system.py:617] - AUTH: ✅ Usando landmarks del frame ORIGINAL
2025-11-05 12:26:29,602 - biometric_gesture_system - INFO - [authentication_system.py:654] - AUTH: Calidad insuficiente: 69.945
2025-11-05 12:26:29,637 - biometric_gesture_system - INFO - [authentication_system.py:523] - Procesando frame para sesión a4f5a547-de21-4956-9976-2d1915dc356a
2025-11-05 12:26:29,644 - biometric_gesture_system - INFO - [authentication_system.py:534] - AUTH: Frame #34 capturado - Shape: (720, 1280, 3)
2025-11-05 12:26:29,645 - biometric_gesture_system - INFO - [authentication_system.py:539] - AUTH: Procesando frame original para detectar mano...
2025-11-05 12:26:29,716 - biometric_gesture_system - INFO - [authentication_system.py:546] - AUTH: ✅ Mano detectada en frame original
2025-11-05 12:26:29,716 - biometric_gesture_system - INFO - [authentication_system.py:547] - AUTH: Confianza inicial: 0.997
2025-11-05 12:26:29,717 - biometric_gesture_system - INFO - [authentication_system.py:617] - AUTH: ✅ Usando landmarks del frame ORIGINAL
2025-11-05 12:26:29,718 - biometric_gesture_system - INFO - [authentication_system.py:654] - AUTH: Calidad insuficiente: 79.932
2025-11-05 12:26:29,757 - biometric_gesture_system - INFO - [authentication_system.py:523] - Procesando frame para sesión a4f5a547-de21-4956-9976-2d1915dc356a
2025-11-05 12:26:29,768 - biometric_gesture_system - INFO - [authentication_system.py:534] - AUTH: Frame #35 capturado - Shape: (720, 1280, 3)
2025-11-05 12:26:29,768 - biometric_gesture_system - INFO - [authentication_system.py:539] - AUTH: Procesando frame original para detectar mano...
2025-11-05 12:26:29,833 - biometric_gesture_system - INFO - [authentication_system.py:546] - AUTH: ✅ Mano detectada en frame original
2025-11-05 12:26:29,835 - biometric_gesture_system - INFO - [authentication_system.py:547] - AUTH: Confianza inicial: 0.998
2025-11-05 12:26:29,835 - biometric_gesture_system - INFO - [authentication_system.py:617] - AUTH: ✅ Usando landmarks del frame ORIGINAL
2025-11-05 12:26:29,836 - biometric_gesture_system - INFO - [authentication_system.py:654] - AUTH: Calidad insuficiente: 79.939
2025-11-05 12:26:29,869 - biometric_gesture_system - INFO - [authentication_system.py:523] - Procesando frame para sesión a4f5a547-de21-4956-9976-2d1915dc356a
2025-11-05 12:26:29,938 - biometric_gesture_system - INFO - [authentication_system.py:534] - AUTH: Frame #36 capturado - Shape: (720, 1280, 3)
2025-11-05 12:26:29,938 - biometric_gesture_system - INFO - [authentication_system.py:539] - AUTH: Procesando frame original para detectar mano...
2025-11-05 12:26:30,014 - biometric_gesture_system - INFO - [authentication_system.py:546] - AUTH: ✅ Mano detectada en frame original
2025-11-05 12:26:30,014 - biometric_gesture_system - INFO - [authentication_system.py:547] - AUTH: Confianza inicial: 0.998
2025-11-05 12:26:30,014 - biometric_gesture_system - INFO - [authentication_system.py:617] - AUTH: ✅ Usando landmarks del frame ORIGINAL
2025-11-05 12:26:30,017 - biometric_gesture_system - INFO - [authentication_system.py:654] - AUTH: Calidad insuficiente: 95.938
2025-11-05 12:26:30,050 - biometric_gesture_system - INFO - [authentication_system.py:523] - Procesando frame para sesión a4f5a547-de21-4956-9976-2d1915dc356a
2025-11-05 12:26:30,063 - biometric_gesture_system - INFO - [authentication_system.py:534] - AUTH: Frame #37 capturado - Shape: (720, 1280, 3)
2025-11-05 12:26:30,064 - biometric_gesture_system - INFO - [authentication_system.py:539] - AUTH: Procesando frame original para detectar mano...
2025-11-05 12:26:30,140 - biometric_gesture_system - INFO - [authentication_system.py:546] - AUTH: ✅ Mano detectada en frame original
2025-11-05 12:26:30,140 - biometric_gesture_system - INFO - [authentication_system.py:547] - AUTH: Confianza inicial: 0.998
2025-11-05 12:26:30,140 - biometric_gesture_system - INFO - [authentication_system.py:617] - AUTH: ✅ Usando landmarks del frame ORIGINAL
2025-11-05 12:26:30,143 - biometric_gesture_system - INFO - [authentication_system.py:654] - AUTH: Calidad insuficiente: 96.196
2025-11-05 12:26:30,177 - biometric_gesture_system - INFO - [authentication_system.py:523] - Procesando frame para sesión a4f5a547-de21-4956-9976-2d1915dc356a
2025-11-05 12:26:30,187 - biometric_gesture_system - INFO - [authentication_system.py:534] - AUTH: Frame #38 capturado - Shape: (720, 1280, 3)
2025-11-05 12:26:30,187 - biometric_gesture_system - INFO - [authentication_system.py:539] - AUTH: Procesando frame original para detectar mano...
2025-11-05 12:26:30,259 - biometric_gesture_system - INFO - [authentication_system.py:546] - AUTH: ✅ Mano detectada en frame original
2025-11-05 12:26:30,260 - biometric_gesture_system - INFO - [authentication_system.py:547] - AUTH: Confianza inicial: 0.998
2025-11-05 12:26:30,260 - biometric_gesture_system - INFO - [authentication_system.py:617] - AUTH: ✅ Usando landmarks del frame ORIGINAL
2025-11-05 12:26:30,260 - biometric_gesture_system - INFO - [authentication_system.py:654] - AUTH: Calidad insuficiente: 95.896
2025-11-05 12:26:30,285 - biometric_gesture_system - INFO - [authentication_system.py:523] - Procesando frame para sesión a4f5a547-de21-4956-9976-2d1915dc356a
2025-11-05 12:26:30,359 - biometric_gesture_system - INFO - [authentication_system.py:534] - AUTH: Frame #39 capturado - Shape: (720, 1280, 3)
2025-11-05 12:26:30,360 - biometric_gesture_system - INFO - [authentication_system.py:539] - AUTH: Procesando frame original para detectar mano...
2025-11-05 12:26:30,517 - biometric_gesture_system - INFO - [authentication_system.py:546] - AUTH: ✅ Mano detectada en frame original
2025-11-05 12:26:30,517 - biometric_gesture_system - INFO - [authentication_system.py:547] - AUTH: Confianza inicial: 0.997
2025-11-05 12:26:30,518 - biometric_gesture_system - INFO - [authentication_system.py:617] - AUTH: ✅ Usando landmarks del frame ORIGINAL
2025-11-05 12:26:30,519 - biometric_gesture_system - INFO - [authentication_system.py:654] - AUTH: Calidad insuficiente: 80.463
2025-11-05 12:26:30,553 - biometric_gesture_system - INFO - [authentication_system.py:523] - Procesando frame para sesión a4f5a547-de21-4956-9976-2d1915dc356a
2025-11-05 12:26:30,565 - biometric_gesture_system - INFO - [authentication_system.py:534] - AUTH: Frame #40 capturado - Shape: (720, 1280, 3)
2025-11-05 12:26:30,566 - biometric_gesture_system - INFO - [authentication_system.py:539] - AUTH: Procesando frame original para detectar mano...
2025-11-05 12:26:30,615 - biometric_gesture_system - INFO - [authentication_system.py:546] - AUTH: ✅ Mano detectada en frame original
2025-11-05 12:26:30,615 - biometric_gesture_system - INFO - [authentication_system.py:547] - AUTH: Confianza inicial: 0.994
2025-11-05 12:26:30,616 - biometric_gesture_system - INFO - [authentication_system.py:617] - AUTH: ✅ Usando landmarks del frame ORIGINAL
2025-11-05 12:26:30,617 - biometric_gesture_system - INFO - [authentication_system.py:654] - AUTH: Calidad insuficiente: 69.839
2025-11-05 12:26:30,646 - biometric_gesture_system - INFO - [authentication_system.py:523] - Procesando frame para sesión a4f5a547-de21-4956-9976-2d1915dc356a
2025-11-05 12:26:30,659 - biometric_gesture_system - INFO - [authentication_system.py:534] - AUTH: Frame #41 capturado - Shape: (720, 1280, 3)
2025-11-05 12:26:30,660 - biometric_gesture_system - INFO - [authentication_system.py:539] - AUTH: Procesando frame original para detectar mano...
2025-11-05 12:26:30,723 - biometric_gesture_system - INFO - [authentication_system.py:546] - AUTH: ✅ Mano detectada en frame original
2025-11-05 12:26:30,724 - biometric_gesture_system - INFO - [authentication_system.py:547] - AUTH: Confianza inicial: 0.996
2025-11-05 12:26:30,724 - biometric_gesture_system - INFO - [authentication_system.py:617] - AUTH: ✅ Usando landmarks del frame ORIGINAL
2025-11-05 12:26:30,725 - biometric_gesture_system - INFO - [authentication_system.py:654] - AUTH: Calidad insuficiente: 87.101
2025-11-05 12:26:30,752 - biometric_gesture_system - INFO - [authentication_system.py:523] - Procesando frame para sesión a4f5a547-de21-4956-9976-2d1915dc356a
2025-11-05 12:26:30,830 - biometric_gesture_system - INFO - [authentication_system.py:534] - AUTH: Frame #42 capturado - Shape: (720, 1280, 3)
2025-11-05 12:26:30,830 - biometric_gesture_system - INFO - [authentication_system.py:539] - AUTH: Procesando frame original para detectar mano...
2025-11-05 12:26:30,871 - biometric_gesture_system - INFO - [authentication_system.py:546] - AUTH: ✅ Mano detectada en frame original
2025-11-05 12:26:30,871 - biometric_gesture_system - INFO - [authentication_system.py:547] - AUTH: Confianza inicial: 0.997
2025-11-05 12:26:30,871 - biometric_gesture_system - INFO - [authentication_system.py:617] - AUTH: ✅ Usando landmarks del frame ORIGINAL
2025-11-05 12:26:30,872 - biometric_gesture_system - INFO - [authentication_system.py:654] - AUTH: Calidad insuficiente: 69.925
2025-11-05 12:26:30,895 - biometric_gesture_system - INFO - [authentication_system.py:523] - Procesando frame para sesión a4f5a547-de21-4956-9976-2d1915dc356a
2025-11-05 12:26:30,908 - biometric_gesture_system - INFO - [authentication_system.py:534] - AUTH: Frame #43 capturado - Shape: (720, 1280, 3)
2025-11-05 12:26:30,909 - biometric_gesture_system - INFO - [authentication_system.py:539] - AUTH: Procesando frame original para detectar mano...
2025-11-05 12:26:30,947 - biometric_gesture_system - INFO - [authentication_system.py:546] - AUTH: ✅ Mano detectada en frame original
2025-11-05 12:26:30,947 - biometric_gesture_system - INFO - [authentication_system.py:547] - AUTH: Confianza inicial: 0.995
2025-11-05 12:26:30,947 - biometric_gesture_system - INFO - [authentication_system.py:617] - AUTH: ✅ Usando landmarks del frame ORIGINAL
2025-11-05 12:26:30,949 - biometric_gesture_system - INFO - [authentication_system.py:654] - AUTH: Calidad insuficiente: 69.871
2025-11-05 12:26:30,971 - biometric_gesture_system - INFO - [authentication_system.py:523] - Procesando frame para sesión a4f5a547-de21-4956-9976-2d1915dc356a
2025-11-05 12:26:30,986 - biometric_gesture_system - INFO - [authentication_system.py:534] - AUTH: Frame #44 capturado - Shape: (720, 1280, 3)
2025-11-05 12:26:30,987 - biometric_gesture_system - INFO - [authentication_system.py:539] - AUTH: Procesando frame original para detectar mano...
2025-11-05 12:26:31,084 - biometric_gesture_system - INFO - [authentication_system.py:546] - AUTH: ✅ Mano detectada en frame original
2025-11-05 12:26:31,084 - biometric_gesture_system - INFO - [authentication_system.py:547] - AUTH: Confianza inicial: 0.995
2025-11-05 12:26:31,085 - biometric_gesture_system - INFO - [authentication_system.py:617] - AUTH: ✅ Usando landmarks del frame ORIGINAL
2025-11-05 12:26:31,086 - biometric_gesture_system - INFO - [authentication_system.py:654] - AUTH: Calidad insuficiente: 86.116
2025-11-05 12:26:31,112 - biometric_gesture_system - INFO - [authentication_system.py:523] - Procesando frame para sesión a4f5a547-de21-4956-9976-2d1915dc356a
2025-11-05 12:26:31,128 - biometric_gesture_system - INFO - [authentication_system.py:534] - AUTH: Frame #45 capturado - Shape: (720, 1280, 3)
2025-11-05 12:26:31,129 - biometric_gesture_system - INFO - [authentication_system.py:539] - AUTH: Procesando frame original para detectar mano...
2025-11-05 12:26:31,189 - biometric_gesture_system - INFO - [authentication_system.py:546] - AUTH: ✅ Mano detectada en frame original
2025-11-05 12:26:31,189 - biometric_gesture_system - INFO - [authentication_system.py:547] - AUTH: Confianza inicial: 0.995
2025-11-05 12:26:31,189 - biometric_gesture_system - INFO - [authentication_system.py:617] - AUTH: ✅ Usando landmarks del frame ORIGINAL
2025-11-05 12:26:31,190 - biometric_gesture_system - INFO - [authentication_system.py:657] - AUTH: ✅ Frame válido - Quality: 96.6
2025-11-05 12:26:31,196 - biometric_gesture_system - INFO - [authentication_system.py:684] - AUTH: ✅ Características anatómicas extraídas
2025-11-05 12:26:31,196 - biometric_gesture_system - INFO - [authentication_system.py:696] - AUTH: Frame agregado a buffer temporal (10 frames)
2025-11-05 12:26:31,268 - biometric_gesture_system - INFO - [authentication_system.py:835] - ✅ Temporal sequence construida para autenticación: (10, 320)
2025-11-05 12:26:31,269 - biometric_gesture_system - INFO - [authentication_system.py:840] - Características dinámicas extraídas del buffer: dim=320
2025-11-05 12:26:31,269 - biometric_gesture_system - INFO - [authentication_system.py:706] - AUTH: ✅ Características dinámicas extraídas del buffer (10 frames)
2025-11-05 12:26:31,360 - biometric_gesture_system - INFO - [authentication_system.py:981] - Embedding anatómico generado: dim=64, norm=1.000
2025-11-05 12:26:31,361 - biometric_gesture_system - INFO - [authentication_system.py:994] - Generando embedding dinámico para autenticación
2025-11-05 12:26:31,361 - biometric_gesture_system - INFO - [authentication_system.py:1014] - Temporal sequence shape: (10, 320)
2025-11-05 12:26:31,468 - biometric_gesture_system - INFO - [authentication_system.py:1039] - Embedding dinámico generado: dim=128, norm=1.000
2025-11-05 12:26:31,468 - biometric_gesture_system - INFO - [authentication_system.py:722] - AUTH: ✅ Embeddings generados - Anatómico: True, Dinámico: True
2025-11-05 12:26:31,468 - biometric_gesture_system - INFO - [authentication_system.py:729] - AUTH: Embedding anatómico agregado - Total: 3
2025-11-05 12:26:31,468 - biometric_gesture_system - INFO - [authentication_system.py:733] - AUTH: Embedding dinámico agregado - Total: 3
2025-11-05 12:26:31,469 - biometric_gesture_system - INFO - [authentication_system.py:740] - AUTH: ✅ Captura válida #3 - Embeddings almacenados exitosamente
2025-11-05 12:26:31,469 - biometric_gesture_system - INFO - [authentication_system.py:747] - AUTH: ✅ Gesto 'Victory' capturado y registrado
2025-11-05 12:26:31,469 - biometric_gesture_system - INFO - [authentication_system.py:752] - AUTH: Frame procesado exitosamente para sesión a4f5a547-de21-4956-9976-2d1915dc356a
2025-11-05 12:26:31,469 - biometric_gesture_system - INFO - [authentication_system.py:753] - AUTH:   - Gesto detectado: Victory
2025-11-05 12:26:31,471 - biometric_gesture_system - INFO - [authentication_system.py:754] - AUTH:   - Calidad: 96.554
2025-11-05 12:26:31,471 - biometric_gesture_system - INFO - [authentication_system.py:755] - AUTH:   - Embeddings: anatómico=True, dinámico=True
2025-11-05 12:26:31,471 - biometric_gesture_system - INFO - [authentication_system.py:756] - AUTH:   - Progreso secuencia: 3/3
2025-11-05 12:26:31,472 - biometric_gesture_system - INFO - [authentication_system.py:767] - AUTH: 🎉 Secuencia completada - procediendo a matching biométrico
2025-11-05 12:26:31,473 - biometric_gesture_system - INFO - [authentication_system.py:1737] - Iniciando matching biométrico para sesión a4f5a547-de21-4956-9976-2d1915dc356a
2025-11-05 12:26:31,473 - biometric_gesture_system - INFO - [authentication_system.py:1748] - Promedio de 3 embeddings anatómicos calculado
2025-11-05 12:26:31,473 - biometric_gesture_system - INFO - [authentication_system.py:1753] - Promedio de 3 embeddings dinámicos calculado
2025-11-05 12:26:31,473 - biometric_gesture_system - INFO - [authentication_system.py:1811] - Realizando verificación 1:1 para usuario 2020
2025-11-05 12:26:31,473 - biometric_gesture_system - INFO - [authentication_system.py:1820] - Templates encontrados para usuario 2020: 40
2025-11-05 12:26:31,474 - biometric_gesture_system - INFO - [authentication_system.py:1826] - Referencias a redes obtenidas:
2025-11-05 12:26:31,474 - biometric_gesture_system - INFO - [authentication_system.py:1827] -   - Red anatómica disponible: True
2025-11-05 12:26:31,474 - biometric_gesture_system - INFO - [authentication_system.py:1828] -   - Red anatómica entrenada: True
2025-11-05 12:26:31,474 - biometric_gesture_system - INFO - [authentication_system.py:1829] -   - Red anatómica base_network: True
2025-11-05 12:26:31,474 - biometric_gesture_system - INFO - [authentication_system.py:1830] -   - Red dinámica disponible: True
2025-11-05 12:26:31,474 - biometric_gesture_system - INFO - [authentication_system.py:1831] -   - Red dinámica entrenada: True
2025-11-05 12:26:31,475 - biometric_gesture_system - INFO - [authentication_system.py:1832] -   - Red dinámica base_network: True
2025-11-05 12:26:31,475 - biometric_gesture_system - INFO - [authentication_system.py:1841] - Procesando template 1/40: 2020_anatomical_1762270093099_...
2025-11-05 12:26:31,475 - biometric_gesture_system - INFO - [authentication_system.py:1848] -   ✅ Embedding anatómico agregado (método 1)
2025-11-05 12:26:31,475 - biometric_gesture_system - INFO - [authentication_system.py:1841] - Procesando template 2/40: 2020_anatomical_1762270094213_...
2025-11-05 12:26:31,475 - biometric_gesture_system - INFO - [authentication_system.py:1848] -   ✅ Embedding anatómico agregado (método 1)
2025-11-05 12:26:31,475 - biometric_gesture_system - INFO - [authentication_system.py:1841] - Procesando template 3/40: 2020_anatomical_1762270095927_...
2025-11-05 12:26:31,475 - biometric_gesture_system - INFO - [authentication_system.py:1848] -   ✅ Embedding anatómico agregado (método 1)
2025-11-05 12:26:31,477 - biometric_gesture_system - INFO - [authentication_system.py:1841] - Procesando template 4/40: 2020_anatomical_1762270097652_...
2025-11-05 12:26:31,477 - biometric_gesture_system - INFO - [authentication_system.py:1848] -   ✅ Embedding anatómico agregado (método 1)
2025-11-05 12:26:31,477 - biometric_gesture_system - INFO - [authentication_system.py:1841] - Procesando template 5/40: 2020_anatomical_1762270099175_...
2025-11-05 12:26:31,477 - biometric_gesture_system - INFO - [authentication_system.py:1848] -   ✅ Embedding anatómico agregado (método 1)
2025-11-05 12:26:31,477 - biometric_gesture_system - INFO - [authentication_system.py:1841] - Procesando template 6/40: 2020_anatomical_1762270100929_...
2025-11-05 12:26:31,478 - biometric_gesture_system - INFO - [authentication_system.py:1848] -   ✅ Embedding anatómico agregado (método 1)
2025-11-05 12:26:31,478 - biometric_gesture_system - INFO - [authentication_system.py:1841] - Procesando template 7/40: 2020_anatomical_1762270102696_...
2025-11-05 12:26:31,478 - biometric_gesture_system - INFO - [authentication_system.py:1848] -   ✅ Embedding anatómico agregado (método 1)
2025-11-05 12:26:31,478 - biometric_gesture_system - INFO - [authentication_system.py:1841] - Procesando template 8/40: 2020_anatomical_1762270104440_...
2025-11-05 12:26:31,478 - biometric_gesture_system - INFO - [authentication_system.py:1848] -   ✅ Embedding anatómico agregado (método 1)
2025-11-05 12:26:31,478 - biometric_gesture_system - INFO - [authentication_system.py:1841] - Procesando template 9/40: 2020_anatomical_1762270106494_...
2025-11-05 12:26:31,479 - biometric_gesture_system - INFO - [authentication_system.py:1848] -   ✅ Embedding anatómico agregado (método 1)
2025-11-05 12:26:31,479 - biometric_gesture_system - INFO - [authentication_system.py:1841] - Procesando template 10/40: 2020_anatomical_1762270110784_...
2025-11-05 12:26:31,480 - biometric_gesture_system - INFO - [authentication_system.py:1848] -   ✅ Embedding anatómico agregado (método 1)
2025-11-05 12:26:31,480 - biometric_gesture_system - INFO - [authentication_system.py:1841] - Procesando template 11/40: 2020_anatomical_1762270111354_...
2025-11-05 12:26:31,480 - biometric_gesture_system - INFO - [authentication_system.py:1848] -   ✅ Embedding anatómico agregado (método 1)
2025-11-05 12:26:31,480 - biometric_gesture_system - INFO - [authentication_system.py:1841] - Procesando template 12/40: 2020_anatomical_1762270113025_...
2025-11-05 12:26:31,480 - biometric_gesture_system - INFO - [authentication_system.py:1848] -   ✅ Embedding anatómico agregado (método 1)
2025-11-05 12:26:31,481 - biometric_gesture_system - INFO - [authentication_system.py:1841] - Procesando template 13/40: 2020_anatomical_1762270114466_...
2025-11-05 12:26:31,481 - biometric_gesture_system - INFO - [authentication_system.py:1848] -   ✅ Embedding anatómico agregado (método 1)
2025-11-05 12:26:31,481 - biometric_gesture_system - INFO - [authentication_system.py:1841] - Procesando template 14/40: 2020_anatomical_1762270116130_...
2025-11-05 12:26:31,481 - biometric_gesture_system - INFO - [authentication_system.py:1848] -   ✅ Embedding anatómico agregado (método 1)
2025-11-05 12:26:31,482 - biometric_gesture_system - INFO - [authentication_system.py:1841] - Procesando template 15/40: 2020_anatomical_1762270117718_...
2025-11-05 12:26:31,482 - biometric_gesture_system - INFO - [authentication_system.py:1848] -   ✅ Embedding anatómico agregado (método 1)
2025-11-05 12:26:31,482 - biometric_gesture_system - INFO - [authentication_system.py:1841] - Procesando template 16/40: 2020_anatomical_1762270119507_...
2025-11-05 12:26:31,482 - biometric_gesture_system - INFO - [authentication_system.py:1848] -   ✅ Embedding anatómico agregado (método 1)
2025-11-05 12:26:31,482 - biometric_gesture_system - INFO - [authentication_system.py:1841] - Procesando template 17/40: 2020_anatomical_1762270122415_...
2025-11-05 12:26:31,482 - biometric_gesture_system - INFO - [authentication_system.py:1848] -   ✅ Embedding anatómico agregado (método 1)
2025-11-05 12:26:31,483 - biometric_gesture_system - INFO - [authentication_system.py:1841] - Procesando template 18/40: 2020_anatomical_1762270124208_...
2025-11-05 12:26:31,483 - biometric_gesture_system - INFO - [authentication_system.py:1848] -   ✅ Embedding anatómico agregado (método 1)
2025-11-05 12:26:31,483 - biometric_gesture_system - INFO - [authentication_system.py:1841] - Procesando template 19/40: 2020_anatomical_1762270125849_...
2025-11-05 12:26:31,483 - biometric_gesture_system - INFO - [authentication_system.py:1848] -   ✅ Embedding anatómico agregado (método 1)
2025-11-05 12:26:31,483 - biometric_gesture_system - INFO - [authentication_system.py:1841] - Procesando template 20/40: 2020_anatomical_1762270127564_...
2025-11-05 12:26:31,483 - biometric_gesture_system - INFO - [authentication_system.py:1848] -   ✅ Embedding anatómico agregado (método 1)
2025-11-05 12:26:31,485 - biometric_gesture_system - INFO - [authentication_system.py:1841] - Procesando template 21/40: 2020_anatomical_1762270129512_...
2025-11-05 12:26:31,485 - biometric_gesture_system - INFO - [authentication_system.py:1848] -   ✅ Embedding anatómico agregado (método 1)
2025-11-05 12:26:31,485 - biometric_gesture_system - INFO - [authentication_system.py:1841] - Procesando template 22/40: 2020_anatomical_1762270130926_...
2025-11-05 12:26:31,485 - biometric_gesture_system - INFO - [authentication_system.py:1848] -   ✅ Embedding anatómico agregado (método 1)
2025-11-05 12:26:31,485 - biometric_gesture_system - INFO - [authentication_system.py:1841] - Procesando template 23/40: 2020_anatomical_1762270132519_...
2025-11-05 12:26:31,486 - biometric_gesture_system - INFO - [authentication_system.py:1848] -   ✅ Embedding anatómico agregado (método 1)
2025-11-05 12:26:31,486 - biometric_gesture_system - INFO - [authentication_system.py:1841] - Procesando template 24/40: 2020_anatomical_1762270134147_...
2025-11-05 12:26:31,487 - biometric_gesture_system - INFO - [authentication_system.py:1848] -   ✅ Embedding anatómico agregado (método 1)
2025-11-05 12:26:31,487 - biometric_gesture_system - INFO - [authentication_system.py:1841] - Procesando template 25/40: 2020_dynamic_1762270110832_303...
2025-11-05 12:26:31,487 - biometric_gesture_system - INFO - [authentication_system.py:1854] -   ✅ Embedding dinámico agregado (método 1)
2025-11-05 12:26:31,487 - biometric_gesture_system - INFO - [authentication_system.py:1841] - Procesando template 26/40: 2020_dynamic_1762270111437_e5a...
2025-11-05 12:26:31,487 - biometric_gesture_system - INFO - [authentication_system.py:1854] -   ✅ Embedding dinámico agregado (método 1)
2025-11-05 12:26:31,487 - biometric_gesture_system - INFO - [authentication_system.py:1841] - Procesando template 27/40: 2020_dynamic_1762270113093_4aa...
2025-11-05 12:26:31,488 - biometric_gesture_system - INFO - [authentication_system.py:1854] -   ✅ Embedding dinámico agregado (método 1)
2025-11-05 12:26:31,488 - biometric_gesture_system - INFO - [authentication_system.py:1841] - Procesando template 28/40: 2020_dynamic_1762270114534_bda...
2025-11-05 12:26:31,488 - biometric_gesture_system - INFO - [authentication_system.py:1854] -   ✅ Embedding dinámico agregado (método 1)
2025-11-05 12:26:31,489 - biometric_gesture_system - INFO - [authentication_system.py:1841] - Procesando template 29/40: 2020_dynamic_1762270116205_b52...
2025-11-05 12:26:31,489 - biometric_gesture_system - INFO - [authentication_system.py:1854] -   ✅ Embedding dinámico agregado (método 1)
2025-11-05 12:26:31,489 - biometric_gesture_system - INFO - [authentication_system.py:1841] - Procesando template 30/40: 2020_dynamic_1762270117779_095...
2025-11-05 12:26:31,489 - biometric_gesture_system - INFO - [authentication_system.py:1854] -   ✅ Embedding dinámico agregado (método 1)
2025-11-05 12:26:31,489 - biometric_gesture_system - INFO - [authentication_system.py:1841] - Procesando template 31/40: 2020_dynamic_1762270119580_f86...
2025-11-05 12:26:31,489 - biometric_gesture_system - INFO - [authentication_system.py:1854] -   ✅ Embedding dinámico agregado (método 1)
2025-11-05 12:26:31,489 - biometric_gesture_system - INFO - [authentication_system.py:1841] - Procesando template 32/40: 2020_dynamic_1762270122465_fe2...
2025-11-05 12:26:31,489 - biometric_gesture_system - INFO - [authentication_system.py:1854] -   ✅ Embedding dinámico agregado (método 1)
2025-11-05 12:26:31,490 - biometric_gesture_system - INFO - [authentication_system.py:1841] - Procesando template 33/40: 2020_dynamic_1762270124317_3b7...
2025-11-05 12:26:31,490 - biometric_gesture_system - INFO - [authentication_system.py:1854] -   ✅ Embedding dinámico agregado (método 1)
2025-11-05 12:26:31,490 - biometric_gesture_system - INFO - [authentication_system.py:1841] - Procesando template 34/40: 2020_dynamic_1762270125910_370...
2025-11-05 12:26:31,490 - biometric_gesture_system - INFO - [authentication_system.py:1854] -   ✅ Embedding dinámico agregado (método 1)
2025-11-05 12:26:31,490 - biometric_gesture_system - INFO - [authentication_system.py:1841] - Procesando template 35/40: 2020_dynamic_1762270127632_472...
2025-11-05 12:26:31,490 - biometric_gesture_system - INFO - [authentication_system.py:1854] -   ✅ Embedding dinámico agregado (método 1)
2025-11-05 12:26:31,490 - biometric_gesture_system - INFO - [authentication_system.py:1841] - Procesando template 36/40: 2020_dynamic_1762270129593_037...
2025-11-05 12:26:31,492 - biometric_gesture_system - INFO - [authentication_system.py:1854] -   ✅ Embedding dinámico agregado (método 1)
2025-11-05 12:26:31,492 - biometric_gesture_system - INFO - [authentication_system.py:1841] - Procesando template 37/40: 2020_dynamic_1762270130990_b45...
2025-11-05 12:26:31,492 - biometric_gesture_system - INFO - [authentication_system.py:1854] -   ✅ Embedding dinámico agregado (método 1)
2025-11-05 12:26:31,492 - biometric_gesture_system - INFO - [authentication_system.py:1841] - Procesando template 38/40: 2020_dynamic_1762270132590_357...
2025-11-05 12:26:31,492 - biometric_gesture_system - INFO - [authentication_system.py:1854] -   ✅ Embedding dinámico agregado (método 1)
2025-11-05 12:26:31,493 - biometric_gesture_system - INFO - [authentication_system.py:1841] - Procesando template 39/40: 2020_dynamic_1762270134214_429...
2025-11-05 12:26:31,493 - biometric_gesture_system - INFO - [authentication_system.py:1854] -   ✅ Embedding dinámico agregado (método 1)
2025-11-05 12:26:31,493 - biometric_gesture_system - INFO - [authentication_system.py:1841] - Procesando template 40/40: 2020_dynamic_sequence_17622701...
2025-11-05 12:26:31,493 - biometric_gesture_system - INFO - [authentication_system.py:1854] -   ✅ Embedding dinámico agregado (método 1)
2025-11-05 12:26:31,493 - biometric_gesture_system - INFO - [authentication_system.py:2027] - ✅ RESUMEN DE PROCESAMIENTO:
2025-11-05 12:26:31,494 - biometric_gesture_system - INFO - [authentication_system.py:2028] -   Templates procesados: 40/40
2025-11-05 12:26:31,494 - biometric_gesture_system - INFO - [authentication_system.py:2029] -   Referencias anatómicas: 24
2025-11-05 12:26:31,494 - biometric_gesture_system - INFO - [authentication_system.py:2030] -   Referencias dinámicas: 16
2025-11-05 12:26:31,494 - biometric_gesture_system - INFO - [authentication_system.py:2031] -   Total referencias: 40
2025-11-05 12:26:31,494 - biometric_gesture_system - INFO - [authentication_system.py:2066] - Calculando similitudes anatómicas con 24 referencias...
2025-11-05 12:26:31,494 - biometric_gesture_system - INFO - [authentication_system.py:2087] -   Similitud anatómica 1: 0.0016
2025-11-05 12:26:31,495 - biometric_gesture_system - INFO - [authentication_system.py:2087] -   Similitud anatómica 2: 0.9994
2025-11-05 12:26:31,495 - biometric_gesture_system - INFO - [authentication_system.py:2087] -   Similitud anatómica 3: 0.9994
2025-11-05 12:26:31,495 - biometric_gesture_system - INFO - [authentication_system.py:2087] -   Similitud anatómica 4: 0.9994
2025-11-05 12:26:31,495 - biometric_gesture_system - INFO - [authentication_system.py:2087] -   Similitud anatómica 5: 0.9994
2025-11-05 12:26:31,495 - biometric_gesture_system - INFO - [authentication_system.py:2087] -   Similitud anatómica 6: 0.9994
2025-11-05 12:26:31,496 - biometric_gesture_system - INFO - [authentication_system.py:2087] -   Similitud anatómica 7: 0.9994
2025-11-05 12:26:31,496 - biometric_gesture_system - INFO - [authentication_system.py:2087] -   Similitud anatómica 8: 0.9994
2025-11-05 12:26:31,496 - biometric_gesture_system - INFO - [authentication_system.py:2087] -   Similitud anatómica 9: 0.9993
2025-11-05 12:26:31,496 - biometric_gesture_system - INFO - [authentication_system.py:2087] -   Similitud anatómica 10: 0.9994
2025-11-05 12:26:31,498 - biometric_gesture_system - INFO - [authentication_system.py:2087] -   Similitud anatómica 11: 0.9994
2025-11-05 12:26:31,498 - biometric_gesture_system - INFO - [authentication_system.py:2087] -   Similitud anatómica 12: 0.9994
2025-11-05 12:26:31,498 - biometric_gesture_system - INFO - [authentication_system.py:2087] -   Similitud anatómica 13: 0.9999
2025-11-05 12:26:31,498 - biometric_gesture_system - INFO - [authentication_system.py:2087] -   Similitud anatómica 14: 0.9994
2025-11-05 12:26:31,498 - biometric_gesture_system - INFO - [authentication_system.py:2087] -   Similitud anatómica 15: 0.9994
2025-11-05 12:26:31,499 - biometric_gesture_system - INFO - [authentication_system.py:2087] -   Similitud anatómica 16: 0.9994
2025-11-05 12:26:31,499 - biometric_gesture_system - INFO - [authentication_system.py:2087] -   Similitud anatómica 17: 0.0056
2025-11-05 12:26:31,499 - biometric_gesture_system - INFO - [authentication_system.py:2087] -   Similitud anatómica 18: 0.0013
2025-11-05 12:26:31,499 - biometric_gesture_system - INFO - [authentication_system.py:2087] -   Similitud anatómica 19: 0.0012
2025-11-05 12:26:31,500 - biometric_gesture_system - INFO - [authentication_system.py:2087] -   Similitud anatómica 20: 0.0012
2025-11-05 12:26:31,500 - biometric_gesture_system - INFO - [authentication_system.py:2087] -   Similitud anatómica 21: 0.0012
2025-11-05 12:26:31,500 - biometric_gesture_system - INFO - [authentication_system.py:2087] -   Similitud anatómica 22: 0.0012
2025-11-05 12:26:31,500 - biometric_gesture_system - INFO - [authentication_system.py:2087] -   Similitud anatómica 23: 0.0012
2025-11-05 12:26:31,500 - biometric_gesture_system - INFO - [authentication_system.py:2087] -   Similitud anatómica 24: 0.0012
2025-11-05 12:26:31,502 - biometric_gesture_system - INFO - [authentication_system.py:69] -   🗳️ Sistema de votación:
2025-11-05 12:26:31,502 - biometric_gesture_system - INFO - [authentication_system.py:70] -      Votos positivos: 15/24 (62.5%)
2025-11-05 12:26:31,502 - biometric_gesture_system - INFO - [authentication_system.py:71] -      Umbral de votación: 0.85
2025-11-05 12:26:31,502 - biometric_gesture_system - INFO - [authentication_system.py:72] -      Ratio requerido: 50.0%
2025-11-05 12:26:31,502 - biometric_gesture_system - INFO - [authentication_system.py:78] -      ✅ Consenso alcanzado - Score: 0.9994
2025-11-05 12:26:31,503 - biometric_gesture_system - INFO - [authentication_system.py:2105] -   ✅ Score anatómico FINAL: 0.9994
2025-11-05 12:26:31,503 - biometric_gesture_system - INFO - [authentication_system.py:2106] -   ✅ Confianza anatómica: 0.6253
2025-11-05 12:26:31,503 - biometric_gesture_system - INFO - [authentication_system.py:2117] - Calculando similitudes dinámicas con 16 referencias...
2025-11-05 12:26:31,503 - biometric_gesture_system - INFO - [authentication_system.py:2138] -   Similitud dinámica 1: 0.9998
2025-11-05 12:26:31,504 - biometric_gesture_system - INFO - [authentication_system.py:2138] -   Similitud dinámica 2: 0.9998
2025-11-05 12:26:31,504 - biometric_gesture_system - INFO - [authentication_system.py:2138] -   Similitud dinámica 3: 0.9998
2025-11-05 12:26:31,504 - biometric_gesture_system - INFO - [authentication_system.py:2138] -   Similitud dinámica 4: 0.9998
2025-11-05 12:26:31,505 - biometric_gesture_system - INFO - [authentication_system.py:2138] -   Similitud dinámica 5: 0.9998
2025-11-05 12:26:31,505 - biometric_gesture_system - INFO - [authentication_system.py:2138] -   Similitud dinámica 6: 0.9998
2025-11-05 12:26:31,506 - biometric_gesture_system - INFO - [authentication_system.py:2138] -   Similitud dinámica 7: 0.9998
2025-11-05 12:26:31,506 - biometric_gesture_system - INFO - [authentication_system.py:2138] -   Similitud dinámica 8: 0.9998
2025-11-05 12:26:31,506 - biometric_gesture_system - INFO - [authentication_system.py:2138] -   Similitud dinámica 9: 0.9998
2025-11-05 12:26:31,506 - biometric_gesture_system - INFO - [authentication_system.py:2138] -   Similitud dinámica 10: 0.9998
2025-11-05 12:26:31,506 - biometric_gesture_system - INFO - [authentication_system.py:2138] -   Similitud dinámica 11: 0.9998
2025-11-05 12:26:31,507 - biometric_gesture_system - INFO - [authentication_system.py:2138] -   Similitud dinámica 12: 0.9998
2025-11-05 12:26:31,507 - biometric_gesture_system - INFO - [authentication_system.py:2138] -   Similitud dinámica 13: 0.9998
2025-11-05 12:26:31,507 - biometric_gesture_system - INFO - [authentication_system.py:2138] -   Similitud dinámica 14: 0.9998
2025-11-05 12:26:31,507 - biometric_gesture_system - INFO - [authentication_system.py:2138] -   Similitud dinámica 15: 0.9998
2025-11-05 12:26:31,507 - biometric_gesture_system - INFO - [authentication_system.py:2138] -   Similitud dinámica 16: 0.3317
2025-11-05 12:26:31,509 - biometric_gesture_system - INFO - [authentication_system.py:69] -   🗳️ Sistema de votación:
2025-11-05 12:26:31,509 - biometric_gesture_system - INFO - [authentication_system.py:70] -      Votos positivos: 15/16 (93.8%)
2025-11-05 12:26:31,509 - biometric_gesture_system - INFO - [authentication_system.py:71] -      Umbral de votación: 0.85
2025-11-05 12:26:31,509 - biometric_gesture_system - INFO - [authentication_system.py:72] -      Ratio requerido: 50.0%
2025-11-05 12:26:31,509 - biometric_gesture_system - INFO - [authentication_system.py:78] -      ✅ Consenso alcanzado - Score: 0.9998
2025-11-05 12:26:31,510 - biometric_gesture_system - INFO - [authentication_system.py:2156] -   ✅ Score dinámico FINAL: 0.9998
2025-11-05 12:26:31,510 - biometric_gesture_system - INFO - [authentication_system.py:2157] -   ✅ Confianza dinámica: 0.9581
2025-11-05 12:26:31,510 - biometric_gesture_system - INFO - [authentication_system.py:2167] - 🔗 Iniciando fusión de scores...
2025-11-05 12:26:31,511 - biometric_gesture_system - INFO - [authentication_system.py:2169] - ✅ Score fusionado: 0.9996
2025-11-05 12:26:31,511 - biometric_gesture_system - INFO - [authentication_system.py:2170] - ✅ Confianza fusionada: 0.9372
2025-11-05 12:26:31,512 - biometric_gesture_system - INFO - [authentication_system.py:1769] - Matching biométrico completado:
2025-11-05 12:26:31,513 - biometric_gesture_system - INFO - [authentication_system.py:1770] -   - Score fusionado: 0.9996
2025-11-05 12:26:31,513 - biometric_gesture_system - INFO - [authentication_system.py:1771] -   - Umbral requerido: 0.7500
2025-11-05 12:26:31,513 - biometric_gesture_system - INFO - [authentication_system.py:1772] -   - Resultado: AUTENTICADO
2025-11-05 12:26:31,513 - biometric_gesture_system - INFO - [authentication_system.py:308] - Intento de autenticación registrado: b071bb99-8e92-4f30-a2f7-a796a9e56fac
2025-11-05 12:26:31,513 - biometric_gesture_system - INFO - [authentication_system.py:2946] - Completando autenticación: a4f5a547-de21-4956-9976-2d1915dc356a - Estado: authenticated
2025-11-05 12:26:31,514 - biometric_gesture_system - INFO - [authentication_system.py:1264] - Sesión cerrada: a4f5a547-de21-4956-9976-2d1915dc356a - Estado: authenticated
2025-11-05 12:26:31,514 - biometric_gesture_system - INFO - [authentication_system.py:1265] -   - Duración: 11.7s
2025-11-05 12:26:31,514 - biometric_gesture_system - INFO - [authentication_system.py:1266] -   - Frames procesados: 45
2025-11-05 12:26:31,514 - biometric_gesture_system - INFO - [authentication_system.py:1267] -   - Gestos capturados: 3
2025-11-05 12:26:31,514 - biometric_gesture_system - INFO - [authentication_system.py:2953] - Autenticación exitosa - Usuario: 2020
2025-11-05 12:26:31,514 - biometric_gesture_system - INFO - [authentication_system.py:1722] - ✅ Resultado incluido en response - success=True
2025-11-05 12:31:12,492 - biometric_gesture_system - INFO - [authentication_system.py:3240] - Usuarios disponibles: 3
