2025-11-11 22:07:15,493 - biometric_gesture_system - INFO - [config_manager.py:504] - Validación de configuración: ✓ EXITOSA
2025-11-11 22:07:15,494 - biometric_gesture_system - INFO - [config_manager.py:317] - ================================================================================
2025-11-11 22:07:15,494 - biometric_gesture_system - INFO - [config_manager.py:318] - SISTEMA BIOMÉTRICO DE GESTOS DE MANOS - CONFIG MANAGER INICIALIZADO
2025-11-11 22:07:15,495 - biometric_gesture_system - INFO - [config_manager.py:319] - ================================================================================
2025-11-11 22:07:15,496 - biometric_gesture_system - INFO - [config_manager.py:320] - Configuración cargada desde: biometric_config.json
2025-11-11 22:07:15,497 - biometric_gesture_system - INFO - [config_manager.py:321] - Muestras por gesto: 7
2025-11-11 22:07:15,497 - biometric_gesture_system - INFO - [config_manager.py:322] - Gestos por usuario: 3
2025-11-11 22:07:15,498 - biometric_gesture_system - INFO - [config_manager.py:323] - Umbral confianza mano: 0.9
2025-11-11 22:07:15,498 - biometric_gesture_system - INFO - [config_manager.py:324] - Umbral confianza gesto: 0.6
2025-11-11 22:07:15,498 - biometric_gesture_system - INFO - [config_manager.py:325] - Resolución cámara: 1280x720
2025-11-11 22:07:15,500 - biometric_gesture_system - INFO - [config_manager.py:326] - Directorios creados: 11 rutas configuradas
2025-11-11 22:07:15,500 - biometric_gesture_system - INFO - [config_manager.py:327] - ================================================================================
2025-11-11 22:07:16,268 - biometric_gesture_system - INFO - [config_manager.py:630] - ======================================================================
2025-11-11 22:07:16,268 - biometric_gesture_system - INFO - [config_manager.py:630] - ROI NORMALIZATION SYSTEM INICIALIZADO
2025-11-11 22:07:16,269 - biometric_gesture_system - INFO - [config_manager.py:630] -   ✓ Resolución mínima: 150px
2025-11-11 22:07:16,269 - biometric_gesture_system - INFO - [config_manager.py:630] -   ✓ Resolución máxima: 600px
2025-11-11 22:07:16,270 - biometric_gesture_system - INFO - [config_manager.py:630] -   ✓ Tamaño normalizado: (224, 224)
2025-11-11 22:07:16,270 - biometric_gesture_system - INFO - [config_manager.py:630] -   ✓ Padding: 15%
2025-11-11 22:07:16,271 - biometric_gesture_system - INFO - [config_manager.py:630] -   ✓ Sharpening: ACTIVADO
2025-11-11 22:07:16,271 - biometric_gesture_system - INFO - [config_manager.py:630] - ======================================================================
2025-11-11 22:07:16,271 - biometric_gesture_system - INFO - [visual_feedback.py:62] - ======================================================================
2025-11-11 22:07:16,272 - biometric_gesture_system - INFO - [visual_feedback.py:63] - VISUAL FEEDBACK MANAGER INICIALIZADO
2025-11-11 22:07:16,272 - biometric_gesture_system - INFO - [visual_feedback.py:64] -   ✓ 5 niveles de feedback configurados
2025-11-11 22:07:16,272 - biometric_gesture_system - INFO - [visual_feedback.py:65] -   ✓ Colores BGR definidos
2025-11-11 22:07:16,273 - biometric_gesture_system - INFO - [visual_feedback.py:66] -   ✓ Sistema de priorización activo
2025-11-11 22:07:16,273 - biometric_gesture_system - INFO - [visual_feedback.py:67] - ======================================================================
2025-11-11 22:07:59,922 - biometric_gesture_system - WARNING - [config_manager.py:349] - Clave de configuración no encontrada: roi_normalization.enabled, usando default: True
2025-11-11 22:07:59,922 - biometric_gesture_system - WARNING - [config_manager.py:349] - Clave de configuración no encontrada: roi_normalization.enabled, usando default: True
2025-11-11 22:07:59,923 - biometric_gesture_system - WARNING - [config_manager.py:349] - Clave de configuración no encontrada: roi_normalization.use_single_area, usando default: True
2025-11-11 22:07:59,925 - biometric_gesture_system - WARNING - [config_manager.py:349] - Clave de configuración no encontrada: biometric.dynamic_features, usando default: {'min_transition_frames': 8, 'max_transition_frames': 40, 'gesture_stability_threshold': 5, 'velocity_smoothing_window': 3, 'min_movement_threshold': 0.005, 'transition_detection_sensitivity': 0.85, 'temporal_downsampling': 1, 'normalize_temporal_features': True, 'use_3d_trajectories': True, 'velocity_threshold_percentile': 75, 'acceleration_smoothing': True, 'jerk_threshold': 0.1, 'minimum_sequence_duration_ms': 200}
2025-11-11 22:07:59,926 - biometric_gesture_system - WARNING - [config_manager.py:349] - Clave de configuración no encontrada: biometric.sequence_management, usando default: {'sequence_length': 3, 'max_sequence_duration': 60.0, 'max_gesture_duration': 15.0, 'min_gesture_confidence': 0.7, 'min_stable_frames': 3, 'gesture_timeout': 10.0, 'sequence_timeout': 45.0, 'max_failed_attempts': 3, 'cooldown_period': 5.0, 'auto_save_sequences': True, 'validation_mode': 'moderate', 'allow_gesture_skipping': False, 'require_exact_order': True, 'enable_adaptive_timeouts': True}
2025-11-11 22:07:59,926 - biometric_gesture_system - WARNING - [config_manager.py:349] - Clave de configuración no encontrada: biometric.enrollment.samples_per_gesture, usando default: 8
2025-11-11 22:07:59,926 - biometric_gesture_system - WARNING - [config_manager.py:349] - Clave de configuración no encontrada: biometric.enrollment.min_confidence, usando default: 0.65
2025-11-11 22:07:59,927 - biometric_gesture_system - WARNING - [config_manager.py:349] - Clave de configuración no encontrada: biometric.enrollment.min_stability_frames, usando default: 8
2025-11-11 22:07:59,927 - biometric_gesture_system - WARNING - [config_manager.py:349] - Clave de configuración no encontrada: biometric.enrollment.require_all_gestures, usando default: True
2025-11-11 22:07:59,927 - biometric_gesture_system - WARNING - [config_manager.py:349] - Clave de configuración no encontrada: biometric.enrollment.sample_timeout, usando default: 120.0
2025-11-11 22:07:59,928 - biometric_gesture_system - WARNING - [config_manager.py:349] - Clave de configuración no encontrada: biometric.enrollment.session_timeout, usando default: 3600.0
2025-11-11 22:07:59,928 - biometric_gesture_system - WARNING - [config_manager.py:349] - Clave de configuración no encontrada: biometric.enrollment.capture_interval, usando default: 0.8
2025-11-11 22:07:59,928 - biometric_gesture_system - WARNING - [config_manager.py:349] - Clave de configuración no encontrada: biometric.enrollment.enable_quality_check, usando default: True
2025-11-11 22:07:59,928 - biometric_gesture_system - WARNING - [config_manager.py:349] - Clave de configuración no encontrada: biometric.enrollment.enable_duplicate_check, usando default: True
2025-11-11 22:07:59,929 - biometric_gesture_system - WARNING - [config_manager.py:349] - Clave de configuración no encontrada: biometric.enrollment.duplicate_threshold, usando default: 0.92
2025-11-11 22:07:59,929 - biometric_gesture_system - WARNING - [config_manager.py:349] - Clave de configuración no encontrada: biometric.enrollment.template_fusion_strategy, usando default: average
2025-11-11 22:07:59,930 - biometric_gesture_system - WARNING - [config_manager.py:349] - Clave de configuración no encontrada: biometric.enrollment.enable_template_optimization, usando default: True
2025-11-11 22:07:59,931 - biometric_gesture_system - WARNING - [config_manager.py:349] - Clave de configuración no encontrada: biometric.enrollment.embedding_dimension_check, usando default: True
2025-11-11 22:07:59,931 - biometric_gesture_system - WARNING - [config_manager.py:349] - Clave de configuración no encontrada: biometric.enrollment.show_preview, usando default: True
2025-11-11 22:07:59,931 - biometric_gesture_system - WARNING - [config_manager.py:349] - Clave de configuración no encontrada: biometric.enrollment.show_quality_feedback, usando default: False
2025-11-11 22:07:59,931 - biometric_gesture_system - WARNING - [config_manager.py:349] - Clave de configuración no encontrada: biometric.enrollment.save_enrollment_video, usando default: False
2025-11-11 22:07:59,932 - biometric_gesture_system - WARNING - [config_manager.py:349] - Clave de configuración no encontrada: biometric.siamese_anatomical, usando default: {'hidden_layers': [128, 64], 'activation': 'relu', 'dropout_rate': 0.2, 'batch_normalization': True, 'l2_regularization': 0.001, 'learning_rate': 0.001, 'batch_size': 32, 'epochs': 100, 'patience': 15, 'validation_split': 0.2, 'min_users_for_training': 2, 'min_samples_per_user': 15, 'max_samples_per_user': 50, 'min_sessions_per_user': 1, 'loss_function': 'contrastive', 'distance_metric': 'euclidean', 'margin': 1.5, 'alpha': 0.2, 'use_stratified_split': True, 'cross_validation_folds': 5, 'threshold_optimization': 'eer', 'quality_threshold': 80.0, 'use_real_augmentation': True, 'temporal_jitter': 0.02, 'noise_from_real_variance': True, 'require_independent_test': True, 'min_test_users': 1, 'performance_monitoring': True}
2025-11-11 22:08:07,965 - biometric_gesture_system - WARNING - [config_manager.py:349] - Clave de configuración no encontrada: biometric.feature_preprocessing, usando default: {'anatomical_normalization': 'robust', 'dynamic_normalization': 'standard', 'normalize_per_user': False, 'balancing_method': 'balanced_subsample', 'target_balance_ratio': 1.0, 'augmentation_strategy': 'moderate', 'augmentation_factor': 1.5, 'cv_folds': 5, 'cv_strategy': 'stratified_user', 'test_size': 0.2, 'validation_size': 0.2, 'outlier_threshold': 3.0, 'min_samples_per_user': 5, 'feature_selection': False, 'variance_threshold': 0.01, 'cache_transformations': True, 'parallel_processing': False, 'random_state': 42, 'stratify_by_user': True}
2025-11-11 22:08:07,971 - biometric_gesture_system - WARNING - [config_manager.py:349] - Clave de configuración no encontrada: biometric.auth.sequence_timeout, usando default: 25.0
2025-11-11 22:08:07,971 - biometric_gesture_system - WARNING - [config_manager.py:349] - Clave de configuración no encontrada: biometric.auth.total_timeout, usando default: 45.0
2025-11-11 22:08:07,972 - biometric_gesture_system - WARNING - [config_manager.py:349] - Clave de configuración no encontrada: biometric.auth.frame_timeout, usando default: 3.0
2025-11-11 22:08:07,972 - biometric_gesture_system - WARNING - [config_manager.py:349] - Clave de configuración no encontrada: biometric.auth.threshold_low, usando default: 0.65
2025-11-11 22:08:07,973 - biometric_gesture_system - WARNING - [config_manager.py:349] - Clave de configuración no encontrada: biometric.auth.threshold_standard, usando default: 0.75
2025-11-11 22:08:07,973 - biometric_gesture_system - WARNING - [config_manager.py:349] - Clave de configuración no encontrada: biometric.auth.threshold_high, usando default: 0.85
2025-11-11 22:08:07,974 - biometric_gesture_system - WARNING - [config_manager.py:349] - Clave de configuración no encontrada: biometric.auth.threshold_maximum, usando default: 0.92
2025-11-11 22:08:07,974 - biometric_gesture_system - WARNING - [config_manager.py:349] - Clave de configuración no encontrada: biometric.auth.require_sequence_completion, usando default: True
2025-11-11 22:08:07,975 - biometric_gesture_system - WARNING - [config_manager.py:349] - Clave de configuración no encontrada: biometric.auth.min_gestures_for_auth, usando default: 2
2025-11-11 22:08:07,975 - biometric_gesture_system - WARNING - [config_manager.py:349] - Clave de configuración no encontrada: biometric.auth.max_attempts_per_session, usando default: 3
2025-11-11 22:08:07,976 - biometric_gesture_system - WARNING - [config_manager.py:349] - Clave de configuración no encontrada: biometric.auth.max_identification_candidates, usando default: 5
2025-11-11 22:08:07,976 - biometric_gesture_system - WARNING - [config_manager.py:349] - Clave de configuración no encontrada: biometric.auth.identification_threshold_factor, usando default: 1.1
2025-11-11 22:08:07,976 - biometric_gesture_system - WARNING - [config_manager.py:349] - Clave de configuración no encontrada: biometric.auth.min_quality_score, usando default: 0.7
2025-11-11 22:08:07,977 - biometric_gesture_system - WARNING - [config_manager.py:349] - Clave de configuración no encontrada: biometric.auth.min_confidence, usando default: 0.65
2025-11-11 22:08:07,977 - biometric_gesture_system - WARNING - [config_manager.py:349] - Clave de configuración no encontrada: biometric.auth.min_stability_frames, usando default: 8
2025-11-11 22:08:07,977 - biometric_gesture_system - WARNING - [config_manager.py:349] - Clave de configuración no encontrada: biometric.auth.score_fusion_strategy, usando default: weighted_average
2025-11-11 22:08:07,978 - biometric_gesture_system - WARNING - [config_manager.py:349] - Clave de configuración no encontrada: biometric.auth.anatomical_weight, usando default: 0.6
2025-11-11 22:08:07,978 - biometric_gesture_system - WARNING - [config_manager.py:349] - Clave de configuración no encontrada: biometric.auth.dynamic_weight, usando default: 0.4
2025-11-11 22:08:07,979 - biometric_gesture_system - WARNING - [config_manager.py:349] - Clave de configuración no encontrada: biometric.auth.enable_audit_logging, usando default: True
2025-11-11 22:08:07,979 - biometric_gesture_system - WARNING - [config_manager.py:349] - Clave de configuración no encontrada: biometric.auth.enable_continuous_auth, usando default: False
2025-11-11 22:08:07,979 - biometric_gesture_system - WARNING - [config_manager.py:349] - Clave de configuración no encontrada: biometric.auth.max_failed_attempts, usando default: 5
2025-11-11 22:08:07,981 - biometric_gesture_system - WARNING - [config_manager.py:349] - Clave de configuración no encontrada: biometric.auth.lockout_duration, usando default: 300.0
2025-11-11 22:08:07,981 - biometric_gesture_system - WARNING - [config_manager.py:349] - Clave de configuración no encontrada: biometric.score_fusion, usando default: {'fusion_strategy': 'weighted_average', 'calibration_method': 'none', 'weight_optimization': 'grid_search', 'anatomical_weight': 0.6, 'dynamic_weight': 0.4, 'decision_threshold': 0.5, 'use_confidence_weighting': True, 'adaptive_threshold': False, 'cross_validation_folds': 5, 'optimization_metric': 'eer'}
2025-11-11 22:08:07,982 - biometric_gesture_system - INFO - [authentication_system.py:443] - RealAuthenticationPipeline inicializado con componentes
2025-11-11 22:08:07,983 - biometric_gesture_system - INFO - [authentication_system.py:1205] - RealSessionManager inicializado para gestión de sesiones
2025-11-11 22:08:07,983 - biometric_gesture_system - INFO - [authentication_system.py:265] - RealSecurityAuditor inicializado para auditoría
2025-11-11 22:08:07,984 - biometric_gesture_system - INFO - [authentication_system.py:1412] - RealAuthenticationSystem inicializado
2025-11-11 22:08:07,984 - biometric_gesture_system - INFO - [authentication_system.py:1413] -   - Configuración: umbrales={'low': 0.65, 'standard': 0.75, 'high': 0.85, 'maximum': 0.92}
2025-11-11 22:12:47,167 - biometric_gesture_system - INFO - [authentication_system.py:1447] - Inicializando sistema de autenticación...
2025-11-11 22:12:47,168 - biometric_gesture_system - INFO - [authentication_system.py:1450] - Obteniendo referencias a redes entrenadas...
2025-11-11 22:12:47,168 - biometric_gesture_system - INFO - [authentication_system.py:1455] - === DIAGNÓSTICO DE ESTADO DE REDES ===
2025-11-11 22:12:47,169 - biometric_gesture_system - INFO - [authentication_system.py:1463] - Archivos de modelo en disco:
2025-11-11 22:12:47,170 - biometric_gesture_system - INFO - [authentication_system.py:1464] -   - Anatómico: True - biometric_data\models\anatomical_model.h5
2025-11-11 22:12:47,171 - biometric_gesture_system - INFO - [authentication_system.py:1465] -   - Dinámico: True - biometric_data\models\dynamic_model.h5
2025-11-11 22:12:47,172 - biometric_gesture_system - INFO - [authentication_system.py:1468] - Estado de instancias globales:
2025-11-11 22:12:47,172 - biometric_gesture_system - INFO - [authentication_system.py:1469] -   - Anatómica is_trained: True
2025-11-11 22:12:47,172 - biometric_gesture_system - INFO - [authentication_system.py:1470] -   - Dinámica is_trained: True
2025-11-11 22:12:47,173 - biometric_gesture_system - INFO - [authentication_system.py:1473] - Modelos compilados:
2025-11-11 22:12:47,174 - biometric_gesture_system - INFO - [authentication_system.py:1474] -   - Anatómica siamese_model: True
2025-11-11 22:12:47,174 - biometric_gesture_system - INFO - [authentication_system.py:1475] -   - Dinámica siamese_model: True
2025-11-11 22:12:47,175 - biometric_gesture_system - INFO - [authentication_system.py:1477] - === FIN DIAGNÓSTICO ===
2025-11-11 22:12:47,175 - biometric_gesture_system - INFO - [authentication_system.py:1479] - Referencias a redes obtenidas:
2025-11-11 22:12:47,176 - biometric_gesture_system - INFO - [authentication_system.py:1480] -   - Red anatómica disponible: True
2025-11-11 22:12:47,176 - biometric_gesture_system - INFO - [authentication_system.py:1481] -   - Red anatómica entrenada: True
2025-11-11 22:12:47,177 - biometric_gesture_system - INFO - [authentication_system.py:1482] -   - Red dinámica disponible: True
2025-11-11 22:12:47,177 - biometric_gesture_system - INFO - [authentication_system.py:1483] -   - Red dinámica entrenada: True
2025-11-11 22:12:47,179 - biometric_gesture_system - INFO - [authentication_system.py:448] - Inicializando pipeline de autenticación...
2025-11-11 22:12:47,180 - biometric_gesture_system - INFO - [authentication_system.py:451] - Obteniendo referencias actuales a redes entrenadas...
2025-11-11 22:12:47,181 - biometric_gesture_system - INFO - [authentication_system.py:456] - Verificando estado de entrenamiento...
2025-11-11 22:12:47,182 - biometric_gesture_system - INFO - [authentication_system.py:457] -   - Red anatómica entrenada: True
2025-11-11 22:12:47,182 - biometric_gesture_system - INFO - [authentication_system.py:458] -   - Red dinámica entrenada: True
2025-11-11 22:13:10,663 - biometric_gesture_system - INFO - [authentication_system.py:498] - Pipeline de autenticación inicializado exitosamente
2025-11-11 22:13:10,664 - biometric_gesture_system - INFO - [authentication_system.py:499] -   - Red anatómica entrenada: True
2025-11-11 22:13:10,664 - biometric_gesture_system - INFO - [authentication_system.py:500] -   - Red dinámica entrenada: True
2025-11-11 22:13:10,664 - biometric_gesture_system - INFO - [authentication_system.py:501] -   - Sistema de fusión listo: True
2025-11-11 22:13:10,664 - biometric_gesture_system - INFO - [authentication_system.py:1529] - Sistema de autenticación inicializado exitosamente
2025-11-11 22:13:10,664 - biometric_gesture_system - INFO - [authentication_system.py:1530] -   - Usuarios disponibles: 2
2025-11-11 22:13:10,665 - biometric_gesture_system - INFO - [authentication_system.py:1531] -   - Templates totales: 89
2025-11-11 22:13:10,665 - biometric_gesture_system - INFO - [authentication_system.py:1533] -   - Pipeline listo: True
2025-11-11 22:13:10,666 - biometric_gesture_system - INFO - [authentication_system.py:1534] -   - Redes entrenadas: anatómica=True, dinámica=True
2025-11-11 22:13:10,667 - biometric_gesture_system - INFO - [authentication_system.py:1620] - Iniciando identificación 1:N
2025-11-11 22:13:10,668 - biometric_gesture_system - INFO - [authentication_system.py:1621] -   - Nivel de seguridad: standard
2025-11-11 22:13:10,668 - biometric_gesture_system - INFO - [authentication_system.py:1228] - Creando sesión: modo=identification, usuario=None
2025-11-11 22:13:10,669 - biometric_gesture_system - INFO - [authentication_system.py:1269] - Sesión creada exitosamente: 131e85d4-d407-49da-b77c-94c04f1cd611
2025-11-11 22:13:10,669 - biometric_gesture_system - INFO - [authentication_system.py:1270] -   - Modo: identification
2025-11-11 22:13:10,670 - biometric_gesture_system - INFO - [authentication_system.py:1271] -   - Usuario: None
2025-11-11 22:13:10,670 - biometric_gesture_system - INFO - [authentication_system.py:1272] -   - Nivel seguridad: standard
2025-11-11 22:13:10,671 - biometric_gesture_system - INFO - [authentication_system.py:1273] -   - Secuencia requerida: None
2025-11-11 22:13:10,671 - biometric_gesture_system - INFO - [authentication_system.py:1644] - Identificación iniciada: sesión 131e85d4-d407-49da-b77c-94c04f1cd611
2025-11-11 22:13:10,672 - biometric_gesture_system - INFO - [authentication_system.py:1645] -   - Usuarios en base de datos: 2
2025-11-11 22:13:10,672 - biometric_gesture_system - INFO - [authentication_system.py:1646] -   - Candidatos máximos: 5
2025-11-11 22:13:10,905 - biometric_gesture_system - INFO - [authentication_system.py:523] - Procesando frame para sesión 131e85d4-d407-49da-b77c-94c04f1cd611
2025-11-11 22:13:10,926 - biometric_gesture_system - INFO - [authentication_system.py:534] - AUTH: Frame #1 capturado - Shape: (720, 1280, 3)
2025-11-11 22:13:10,926 - biometric_gesture_system - INFO - [authentication_system.py:539] - AUTH: Procesando frame original para detectar mano...
2025-11-11 22:13:11,121 - biometric_gesture_system - INFO - [authentication_system.py:543] - AUTH: No se detectó mano válida en frame original
2025-11-11 22:13:11,337 - biometric_gesture_system - INFO - [authentication_system.py:523] - Procesando frame para sesión 131e85d4-d407-49da-b77c-94c04f1cd611
2025-11-11 22:13:11,351 - biometric_gesture_system - INFO - [authentication_system.py:534] - AUTH: Frame #2 capturado - Shape: (720, 1280, 3)
2025-11-11 22:13:11,351 - biometric_gesture_system - INFO - [authentication_system.py:539] - AUTH: Procesando frame original para detectar mano...
2025-11-11 22:13:11,422 - biometric_gesture_system - INFO - [authentication_system.py:543] - AUTH: No se detectó mano válida en frame original
2025-11-11 22:13:11,497 - biometric_gesture_system - INFO - [authentication_system.py:523] - Procesando frame para sesión 131e85d4-d407-49da-b77c-94c04f1cd611
2025-11-11 22:13:11,521 - biometric_gesture_system - INFO - [authentication_system.py:534] - AUTH: Frame #3 capturado - Shape: (720, 1280, 3)
2025-11-11 22:13:11,522 - biometric_gesture_system - INFO - [authentication_system.py:539] - AUTH: Procesando frame original para detectar mano...
2025-11-11 22:13:11,712 - biometric_gesture_system - INFO - [authentication_system.py:543] - AUTH: No se detectó mano válida en frame original
2025-11-11 22:13:11,902 - biometric_gesture_system - INFO - [authentication_system.py:523] - Procesando frame para sesión 131e85d4-d407-49da-b77c-94c04f1cd611
2025-11-11 22:13:11,910 - biometric_gesture_system - INFO - [authentication_system.py:534] - AUTH: Frame #4 capturado - Shape: (720, 1280, 3)
2025-11-11 22:13:11,911 - biometric_gesture_system - INFO - [authentication_system.py:539] - AUTH: Procesando frame original para detectar mano...
2025-11-11 22:13:12,019 - biometric_gesture_system - INFO - [authentication_system.py:543] - AUTH: No se detectó mano válida en frame original
2025-11-11 22:13:12,100 - biometric_gesture_system - INFO - [authentication_system.py:523] - Procesando frame para sesión 131e85d4-d407-49da-b77c-94c04f1cd611
2025-11-11 22:13:12,114 - biometric_gesture_system - INFO - [authentication_system.py:534] - AUTH: Frame #5 capturado - Shape: (720, 1280, 3)
2025-11-11 22:13:12,115 - biometric_gesture_system - INFO - [authentication_system.py:539] - AUTH: Procesando frame original para detectar mano...
2025-11-11 22:13:12,186 - biometric_gesture_system - INFO - [authentication_system.py:543] - AUTH: No se detectó mano válida en frame original
2025-11-11 22:13:12,306 - biometric_gesture_system - INFO - [authentication_system.py:523] - Procesando frame para sesión 131e85d4-d407-49da-b77c-94c04f1cd611
2025-11-11 22:13:12,315 - biometric_gesture_system - INFO - [authentication_system.py:534] - AUTH: Frame #6 capturado - Shape: (720, 1280, 3)
2025-11-11 22:13:12,316 - biometric_gesture_system - INFO - [authentication_system.py:539] - AUTH: Procesando frame original para detectar mano...
2025-11-11 22:13:12,402 - biometric_gesture_system - INFO - [authentication_system.py:543] - AUTH: No se detectó mano válida en frame original
2025-11-11 22:13:12,503 - biometric_gesture_system - INFO - [authentication_system.py:523] - Procesando frame para sesión 131e85d4-d407-49da-b77c-94c04f1cd611
2025-11-11 22:13:12,517 - biometric_gesture_system - INFO - [authentication_system.py:534] - AUTH: Frame #7 capturado - Shape: (720, 1280, 3)
2025-11-11 22:13:12,518 - biometric_gesture_system - INFO - [authentication_system.py:539] - AUTH: Procesando frame original para detectar mano...
2025-11-11 22:13:12,633 - biometric_gesture_system - INFO - [authentication_system.py:543] - AUTH: No se detectó mano válida en frame original
2025-11-11 22:13:12,698 - biometric_gesture_system - INFO - [authentication_system.py:523] - Procesando frame para sesión 131e85d4-d407-49da-b77c-94c04f1cd611
2025-11-11 22:13:12,704 - biometric_gesture_system - INFO - [authentication_system.py:534] - AUTH: Frame #8 capturado - Shape: (720, 1280, 3)
2025-11-11 22:13:12,704 - biometric_gesture_system - INFO - [authentication_system.py:539] - AUTH: Procesando frame original para detectar mano...
2025-11-11 22:13:12,857 - biometric_gesture_system - INFO - [authentication_system.py:543] - AUTH: No se detectó mano válida en frame original
2025-11-11 22:13:13,101 - biometric_gesture_system - INFO - [authentication_system.py:523] - Procesando frame para sesión 131e85d4-d407-49da-b77c-94c04f1cd611
2025-11-11 22:13:13,112 - biometric_gesture_system - INFO - [authentication_system.py:534] - AUTH: Frame #9 capturado - Shape: (720, 1280, 3)
2025-11-11 22:13:13,113 - biometric_gesture_system - INFO - [authentication_system.py:539] - AUTH: Procesando frame original para detectar mano...
2025-11-11 22:13:13,228 - biometric_gesture_system - INFO - [authentication_system.py:543] - AUTH: No se detectó mano válida en frame original
2025-11-11 22:13:13,298 - biometric_gesture_system - INFO - [authentication_system.py:523] - Procesando frame para sesión 131e85d4-d407-49da-b77c-94c04f1cd611
2025-11-11 22:13:13,312 - biometric_gesture_system - INFO - [authentication_system.py:534] - AUTH: Frame #10 capturado - Shape: (720, 1280, 3)
2025-11-11 22:13:13,313 - biometric_gesture_system - INFO - [authentication_system.py:539] - AUTH: Procesando frame original para detectar mano...
2025-11-11 22:13:13,395 - biometric_gesture_system - INFO - [authentication_system.py:543] - AUTH: No se detectó mano válida en frame original
2025-11-11 22:13:13,501 - biometric_gesture_system - INFO - [authentication_system.py:523] - Procesando frame para sesión 131e85d4-d407-49da-b77c-94c04f1cd611
2025-11-11 22:13:13,515 - biometric_gesture_system - INFO - [authentication_system.py:534] - AUTH: Frame #11 capturado - Shape: (720, 1280, 3)
2025-11-11 22:13:13,517 - biometric_gesture_system - INFO - [authentication_system.py:539] - AUTH: Procesando frame original para detectar mano...
2025-11-11 22:13:13,631 - biometric_gesture_system - INFO - [authentication_system.py:543] - AUTH: No se detectó mano válida en frame original
2025-11-11 22:13:13,703 - biometric_gesture_system - INFO - [authentication_system.py:523] - Procesando frame para sesión 131e85d4-d407-49da-b77c-94c04f1cd611
2025-11-11 22:13:13,714 - biometric_gesture_system - INFO - [authentication_system.py:534] - AUTH: Frame #12 capturado - Shape: (720, 1280, 3)
2025-11-11 22:13:13,714 - biometric_gesture_system - INFO - [authentication_system.py:539] - AUTH: Procesando frame original para detectar mano...
2025-11-11 22:13:13,805 - biometric_gesture_system - INFO - [authentication_system.py:543] - AUTH: No se detectó mano válida en frame original
2025-11-11 22:13:13,906 - biometric_gesture_system - INFO - [authentication_system.py:523] - Procesando frame para sesión 131e85d4-d407-49da-b77c-94c04f1cd611
2025-11-11 22:13:13,915 - biometric_gesture_system - INFO - [authentication_system.py:534] - AUTH: Frame #13 capturado - Shape: (720, 1280, 3)
2025-11-11 22:13:13,916 - biometric_gesture_system - INFO - [authentication_system.py:539] - AUTH: Procesando frame original para detectar mano...
2025-11-11 22:13:14,023 - biometric_gesture_system - INFO - [authentication_system.py:543] - AUTH: No se detectó mano válida en frame original
2025-11-11 22:13:14,109 - biometric_gesture_system - INFO - [authentication_system.py:523] - Procesando frame para sesión 131e85d4-d407-49da-b77c-94c04f1cd611
2025-11-11 22:13:14,116 - biometric_gesture_system - INFO - [authentication_system.py:534] - AUTH: Frame #14 capturado - Shape: (720, 1280, 3)
2025-11-11 22:13:14,116 - biometric_gesture_system - INFO - [authentication_system.py:539] - AUTH: Procesando frame original para detectar mano...
2025-11-11 22:13:14,201 - biometric_gesture_system - INFO - [authentication_system.py:543] - AUTH: No se detectó mano válida en frame original
2025-11-11 22:13:14,299 - biometric_gesture_system - INFO - [authentication_system.py:523] - Procesando frame para sesión 131e85d4-d407-49da-b77c-94c04f1cd611
2025-11-11 22:13:14,304 - biometric_gesture_system - INFO - [authentication_system.py:534] - AUTH: Frame #15 capturado - Shape: (720, 1280, 3)
2025-11-11 22:13:14,306 - biometric_gesture_system - INFO - [authentication_system.py:539] - AUTH: Procesando frame original para detectar mano...
2025-11-11 22:13:14,403 - biometric_gesture_system - INFO - [authentication_system.py:543] - AUTH: No se detectó mano válida en frame original
2025-11-11 22:13:14,498 - biometric_gesture_system - INFO - [authentication_system.py:523] - Procesando frame para sesión 131e85d4-d407-49da-b77c-94c04f1cd611
2025-11-11 22:13:14,510 - biometric_gesture_system - INFO - [authentication_system.py:534] - AUTH: Frame #16 capturado - Shape: (720, 1280, 3)
2025-11-11 22:13:14,511 - biometric_gesture_system - INFO - [authentication_system.py:539] - AUTH: Procesando frame original para detectar mano...
2025-11-11 22:13:14,602 - biometric_gesture_system - INFO - [authentication_system.py:543] - AUTH: No se detectó mano válida en frame original
2025-11-11 22:13:14,698 - biometric_gesture_system - INFO - [authentication_system.py:523] - Procesando frame para sesión 131e85d4-d407-49da-b77c-94c04f1cd611
2025-11-11 22:13:14,709 - biometric_gesture_system - INFO - [authentication_system.py:534] - AUTH: Frame #17 capturado - Shape: (720, 1280, 3)
2025-11-11 22:13:14,709 - biometric_gesture_system - INFO - [authentication_system.py:539] - AUTH: Procesando frame original para detectar mano...
2025-11-11 22:13:14,802 - biometric_gesture_system - INFO - [authentication_system.py:543] - AUTH: No se detectó mano válida en frame original
2025-11-11 22:13:14,902 - biometric_gesture_system - INFO - [authentication_system.py:523] - Procesando frame para sesión 131e85d4-d407-49da-b77c-94c04f1cd611
2025-11-11 22:13:14,911 - biometric_gesture_system - INFO - [authentication_system.py:534] - AUTH: Frame #18 capturado - Shape: (720, 1280, 3)
2025-11-11 22:13:14,911 - biometric_gesture_system - INFO - [authentication_system.py:539] - AUTH: Procesando frame original para detectar mano...
2025-11-11 22:13:15,007 - biometric_gesture_system - INFO - [authentication_system.py:543] - AUTH: No se detectó mano válida en frame original
2025-11-11 22:13:15,097 - biometric_gesture_system - INFO - [authentication_system.py:523] - Procesando frame para sesión 131e85d4-d407-49da-b77c-94c04f1cd611
2025-11-11 22:13:15,115 - biometric_gesture_system - INFO - [authentication_system.py:534] - AUTH: Frame #19 capturado - Shape: (720, 1280, 3)
2025-11-11 22:13:15,116 - biometric_gesture_system - INFO - [authentication_system.py:539] - AUTH: Procesando frame original para detectar mano...
2025-11-11 22:13:15,213 - biometric_gesture_system - INFO - [authentication_system.py:543] - AUTH: No se detectó mano válida en frame original
2025-11-11 22:13:15,343 - biometric_gesture_system - INFO - [authentication_system.py:523] - Procesando frame para sesión 131e85d4-d407-49da-b77c-94c04f1cd611
2025-11-11 22:13:15,364 - biometric_gesture_system - INFO - [authentication_system.py:534] - AUTH: Frame #20 capturado - Shape: (720, 1280, 3)
2025-11-11 22:13:15,365 - biometric_gesture_system - INFO - [authentication_system.py:539] - AUTH: Procesando frame original para detectar mano...
2025-11-11 22:13:15,445 - biometric_gesture_system - INFO - [authentication_system.py:543] - AUTH: No se detectó mano válida en frame original
2025-11-11 22:13:15,513 - biometric_gesture_system - INFO - [authentication_system.py:523] - Procesando frame para sesión 131e85d4-d407-49da-b77c-94c04f1cd611
2025-11-11 22:13:15,531 - biometric_gesture_system - INFO - [authentication_system.py:534] - AUTH: Frame #21 capturado - Shape: (720, 1280, 3)
2025-11-11 22:13:15,531 - biometric_gesture_system - INFO - [authentication_system.py:539] - AUTH: Procesando frame original para detectar mano...
2025-11-11 22:13:15,601 - biometric_gesture_system - INFO - [authentication_system.py:543] - AUTH: No se detectó mano válida en frame original
2025-11-11 22:13:15,709 - biometric_gesture_system - INFO - [authentication_system.py:523] - Procesando frame para sesión 131e85d4-d407-49da-b77c-94c04f1cd611
2025-11-11 22:13:15,718 - biometric_gesture_system - INFO - [authentication_system.py:534] - AUTH: Frame #22 capturado - Shape: (720, 1280, 3)
2025-11-11 22:13:15,720 - biometric_gesture_system - INFO - [authentication_system.py:539] - AUTH: Procesando frame original para detectar mano...
2025-11-11 22:13:15,828 - biometric_gesture_system - INFO - [authentication_system.py:543] - AUTH: No se detectó mano válida en frame original
2025-11-11 22:13:15,896 - biometric_gesture_system - INFO - [authentication_system.py:523] - Procesando frame para sesión 131e85d4-d407-49da-b77c-94c04f1cd611
2025-11-11 22:13:15,904 - biometric_gesture_system - INFO - [authentication_system.py:534] - AUTH: Frame #23 capturado - Shape: (720, 1280, 3)
2025-11-11 22:13:15,904 - biometric_gesture_system - INFO - [authentication_system.py:539] - AUTH: Procesando frame original para detectar mano...
2025-11-11 22:13:15,971 - biometric_gesture_system - INFO - [authentication_system.py:543] - AUTH: No se detectó mano válida en frame original
2025-11-11 22:13:16,107 - biometric_gesture_system - INFO - [authentication_system.py:523] - Procesando frame para sesión 131e85d4-d407-49da-b77c-94c04f1cd611
2025-11-11 22:13:16,121 - biometric_gesture_system - INFO - [authentication_system.py:534] - AUTH: Frame #24 capturado - Shape: (720, 1280, 3)
2025-11-11 22:13:16,121 - biometric_gesture_system - INFO - [authentication_system.py:539] - AUTH: Procesando frame original para detectar mano...
2025-11-11 22:13:16,206 - biometric_gesture_system - INFO - [authentication_system.py:543] - AUTH: No se detectó mano válida en frame original
2025-11-11 22:13:16,294 - biometric_gesture_system - INFO - [authentication_system.py:523] - Procesando frame para sesión 131e85d4-d407-49da-b77c-94c04f1cd611
2025-11-11 22:13:16,306 - biometric_gesture_system - INFO - [authentication_system.py:534] - AUTH: Frame #25 capturado - Shape: (720, 1280, 3)
2025-11-11 22:13:16,307 - biometric_gesture_system - INFO - [authentication_system.py:539] - AUTH: Procesando frame original para detectar mano...
2025-11-11 22:13:16,404 - biometric_gesture_system - INFO - [authentication_system.py:543] - AUTH: No se detectó mano válida en frame original
2025-11-11 22:13:16,497 - biometric_gesture_system - INFO - [authentication_system.py:523] - Procesando frame para sesión 131e85d4-d407-49da-b77c-94c04f1cd611
2025-11-11 22:13:16,512 - biometric_gesture_system - INFO - [authentication_system.py:534] - AUTH: Frame #26 capturado - Shape: (720, 1280, 3)
2025-11-11 22:13:16,513 - biometric_gesture_system - INFO - [authentication_system.py:539] - AUTH: Procesando frame original para detectar mano...
2025-11-11 22:13:16,603 - biometric_gesture_system - INFO - [authentication_system.py:543] - AUTH: No se detectó mano válida en frame original
2025-11-11 22:13:16,706 - biometric_gesture_system - INFO - [authentication_system.py:523] - Procesando frame para sesión 131e85d4-d407-49da-b77c-94c04f1cd611
2025-11-11 22:13:16,715 - biometric_gesture_system - INFO - [authentication_system.py:534] - AUTH: Frame #27 capturado - Shape: (720, 1280, 3)
2025-11-11 22:13:16,716 - biometric_gesture_system - INFO - [authentication_system.py:539] - AUTH: Procesando frame original para detectar mano...
2025-11-11 22:13:16,793 - biometric_gesture_system - INFO - [authentication_system.py:543] - AUTH: No se detectó mano válida en frame original
2025-11-11 22:13:16,910 - biometric_gesture_system - INFO - [authentication_system.py:523] - Procesando frame para sesión 131e85d4-d407-49da-b77c-94c04f1cd611
2025-11-11 22:13:16,919 - biometric_gesture_system - INFO - [authentication_system.py:534] - AUTH: Frame #28 capturado - Shape: (720, 1280, 3)
2025-11-11 22:13:16,920 - biometric_gesture_system - INFO - [authentication_system.py:539] - AUTH: Procesando frame original para detectar mano...
2025-11-11 22:13:17,028 - biometric_gesture_system - INFO - [authentication_system.py:543] - AUTH: No se detectó mano válida en frame original
2025-11-11 22:13:17,116 - biometric_gesture_system - INFO - [authentication_system.py:523] - Procesando frame para sesión 131e85d4-d407-49da-b77c-94c04f1cd611
2025-11-11 22:13:17,123 - biometric_gesture_system - INFO - [authentication_system.py:534] - AUTH: Frame #29 capturado - Shape: (720, 1280, 3)
2025-11-11 22:13:17,124 - biometric_gesture_system - INFO - [authentication_system.py:539] - AUTH: Procesando frame original para detectar mano...
2025-11-11 22:13:17,220 - biometric_gesture_system - INFO - [authentication_system.py:543] - AUTH: No se detectó mano válida en frame original
2025-11-11 22:13:17,296 - biometric_gesture_system - INFO - [authentication_system.py:523] - Procesando frame para sesión 131e85d4-d407-49da-b77c-94c04f1cd611
2025-11-11 22:13:17,310 - biometric_gesture_system - INFO - [authentication_system.py:534] - AUTH: Frame #30 capturado - Shape: (720, 1280, 3)
2025-11-11 22:13:17,310 - biometric_gesture_system - INFO - [authentication_system.py:539] - AUTH: Procesando frame original para detectar mano...
2025-11-11 22:13:17,397 - biometric_gesture_system - INFO - [authentication_system.py:543] - AUTH: No se detectó mano válida en frame original
2025-11-11 22:13:17,501 - biometric_gesture_system - INFO - [authentication_system.py:523] - Procesando frame para sesión 131e85d4-d407-49da-b77c-94c04f1cd611
2025-11-11 22:13:17,512 - biometric_gesture_system - INFO - [authentication_system.py:534] - AUTH: Frame #31 capturado - Shape: (720, 1280, 3)
2025-11-11 22:13:17,513 - biometric_gesture_system - INFO - [authentication_system.py:539] - AUTH: Procesando frame original para detectar mano...
2025-11-11 22:13:17,611 - biometric_gesture_system - INFO - [authentication_system.py:543] - AUTH: No se detectó mano válida en frame original
2025-11-11 22:13:17,706 - biometric_gesture_system - INFO - [authentication_system.py:523] - Procesando frame para sesión 131e85d4-d407-49da-b77c-94c04f1cd611
2025-11-11 22:13:17,714 - biometric_gesture_system - INFO - [authentication_system.py:534] - AUTH: Frame #32 capturado - Shape: (720, 1280, 3)
2025-11-11 22:13:17,715 - biometric_gesture_system - INFO - [authentication_system.py:539] - AUTH: Procesando frame original para detectar mano...
2025-11-11 22:13:17,820 - biometric_gesture_system - INFO - [authentication_system.py:543] - AUTH: No se detectó mano válida en frame original
2025-11-11 22:13:17,901 - biometric_gesture_system - INFO - [authentication_system.py:523] - Procesando frame para sesión 131e85d4-d407-49da-b77c-94c04f1cd611
2025-11-11 22:13:17,916 - biometric_gesture_system - INFO - [authentication_system.py:534] - AUTH: Frame #33 capturado - Shape: (720, 1280, 3)
2025-11-11 22:13:17,917 - biometric_gesture_system - INFO - [authentication_system.py:539] - AUTH: Procesando frame original para detectar mano...
2025-11-11 22:13:18,004 - biometric_gesture_system - INFO - [authentication_system.py:543] - AUTH: No se detectó mano válida en frame original
2025-11-11 22:13:18,106 - biometric_gesture_system - INFO - [authentication_system.py:523] - Procesando frame para sesión 131e85d4-d407-49da-b77c-94c04f1cd611
2025-11-11 22:13:18,118 - biometric_gesture_system - INFO - [authentication_system.py:534] - AUTH: Frame #34 capturado - Shape: (720, 1280, 3)
2025-11-11 22:13:18,119 - biometric_gesture_system - INFO - [authentication_system.py:539] - AUTH: Procesando frame original para detectar mano...
2025-11-11 22:13:18,229 - biometric_gesture_system - INFO - [authentication_system.py:543] - AUTH: No se detectó mano válida en frame original
2025-11-11 22:13:18,308 - biometric_gesture_system - INFO - [authentication_system.py:523] - Procesando frame para sesión 131e85d4-d407-49da-b77c-94c04f1cd611
2025-11-11 22:13:18,319 - biometric_gesture_system - INFO - [authentication_system.py:534] - AUTH: Frame #35 capturado - Shape: (720, 1280, 3)
2025-11-11 22:13:18,319 - biometric_gesture_system - INFO - [authentication_system.py:539] - AUTH: Procesando frame original para detectar mano...
2025-11-11 22:13:18,420 - biometric_gesture_system - INFO - [authentication_system.py:543] - AUTH: No se detectó mano válida en frame original
2025-11-11 22:13:18,497 - biometric_gesture_system - INFO - [authentication_system.py:523] - Procesando frame para sesión 131e85d4-d407-49da-b77c-94c04f1cd611
2025-11-11 22:13:18,540 - biometric_gesture_system - INFO - [authentication_system.py:534] - AUTH: Frame #36 capturado - Shape: (720, 1280, 3)
2025-11-11 22:13:18,541 - biometric_gesture_system - INFO - [authentication_system.py:539] - AUTH: Procesando frame original para detectar mano...
2025-11-11 22:13:18,653 - biometric_gesture_system - INFO - [authentication_system.py:543] - AUTH: No se detectó mano válida en frame original
2025-11-11 22:13:18,904 - biometric_gesture_system - INFO - [authentication_system.py:523] - Procesando frame para sesión 131e85d4-d407-49da-b77c-94c04f1cd611
2025-11-11 22:13:18,914 - biometric_gesture_system - INFO - [authentication_system.py:534] - AUTH: Frame #37 capturado - Shape: (720, 1280, 3)
2025-11-11 22:13:18,915 - biometric_gesture_system - INFO - [authentication_system.py:539] - AUTH: Procesando frame original para detectar mano...
2025-11-11 22:13:19,020 - biometric_gesture_system - INFO - [authentication_system.py:543] - AUTH: No se detectó mano válida en frame original
2025-11-11 22:13:19,101 - biometric_gesture_system - INFO - [authentication_system.py:523] - Procesando frame para sesión 131e85d4-d407-49da-b77c-94c04f1cd611
2025-11-11 22:13:19,115 - biometric_gesture_system - INFO - [authentication_system.py:534] - AUTH: Frame #38 capturado - Shape: (720, 1280, 3)
2025-11-11 22:13:19,117 - biometric_gesture_system - INFO - [authentication_system.py:539] - AUTH: Procesando frame original para detectar mano...
2025-11-11 22:13:19,199 - biometric_gesture_system - INFO - [authentication_system.py:543] - AUTH: No se detectó mano válida en frame original
2025-11-11 22:13:19,292 - biometric_gesture_system - INFO - [authentication_system.py:523] - Procesando frame para sesión 131e85d4-d407-49da-b77c-94c04f1cd611
2025-11-11 22:13:19,303 - biometric_gesture_system - INFO - [authentication_system.py:534] - AUTH: Frame #39 capturado - Shape: (720, 1280, 3)
2025-11-11 22:13:19,303 - biometric_gesture_system - INFO - [authentication_system.py:539] - AUTH: Procesando frame original para detectar mano...
2025-11-11 22:13:19,457 - biometric_gesture_system - INFO - [authentication_system.py:543] - AUTH: No se detectó mano válida en frame original
2025-11-11 22:13:19,698 - biometric_gesture_system - INFO - [authentication_system.py:523] - Procesando frame para sesión 131e85d4-d407-49da-b77c-94c04f1cd611
2025-11-11 22:13:19,705 - biometric_gesture_system - INFO - [authentication_system.py:534] - AUTH: Frame #40 capturado - Shape: (720, 1280, 3)
2025-11-11 22:13:19,705 - biometric_gesture_system - INFO - [authentication_system.py:539] - AUTH: Procesando frame original para detectar mano...
2025-11-11 22:13:19,795 - biometric_gesture_system - INFO - [authentication_system.py:543] - AUTH: No se detectó mano válida en frame original
2025-11-11 22:13:19,896 - biometric_gesture_system - INFO - [authentication_system.py:523] - Procesando frame para sesión 131e85d4-d407-49da-b77c-94c04f1cd611
2025-11-11 22:13:19,909 - biometric_gesture_system - INFO - [authentication_system.py:534] - AUTH: Frame #41 capturado - Shape: (720, 1280, 3)
2025-11-11 22:13:19,910 - biometric_gesture_system - INFO - [authentication_system.py:539] - AUTH: Procesando frame original para detectar mano...
2025-11-11 22:13:19,986 - biometric_gesture_system - INFO - [authentication_system.py:543] - AUTH: No se detectó mano válida en frame original
2025-11-11 22:13:20,096 - biometric_gesture_system - INFO - [authentication_system.py:523] - Procesando frame para sesión 131e85d4-d407-49da-b77c-94c04f1cd611
2025-11-11 22:13:20,110 - biometric_gesture_system - INFO - [authentication_system.py:534] - AUTH: Frame #42 capturado - Shape: (720, 1280, 3)
2025-11-11 22:13:20,111 - biometric_gesture_system - INFO - [authentication_system.py:539] - AUTH: Procesando frame original para detectar mano...
2025-11-11 22:13:20,215 - biometric_gesture_system - INFO - [authentication_system.py:543] - AUTH: No se detectó mano válida en frame original
2025-11-11 22:13:20,297 - biometric_gesture_system - INFO - [authentication_system.py:523] - Procesando frame para sesión 131e85d4-d407-49da-b77c-94c04f1cd611
2025-11-11 22:13:20,312 - biometric_gesture_system - INFO - [authentication_system.py:534] - AUTH: Frame #43 capturado - Shape: (720, 1280, 3)
2025-11-11 22:13:20,312 - biometric_gesture_system - INFO - [authentication_system.py:539] - AUTH: Procesando frame original para detectar mano...
2025-11-11 22:13:20,402 - biometric_gesture_system - INFO - [authentication_system.py:543] - AUTH: No se detectó mano válida en frame original
2025-11-11 22:13:20,495 - biometric_gesture_system - INFO - [authentication_system.py:523] - Procesando frame para sesión 131e85d4-d407-49da-b77c-94c04f1cd611
2025-11-11 22:13:20,513 - biometric_gesture_system - INFO - [authentication_system.py:534] - AUTH: Frame #44 capturado - Shape: (720, 1280, 3)
2025-11-11 22:13:20,513 - biometric_gesture_system - INFO - [authentication_system.py:539] - AUTH: Procesando frame original para detectar mano...
2025-11-11 22:13:20,587 - biometric_gesture_system - INFO - [authentication_system.py:543] - AUTH: No se detectó mano válida en frame original
2025-11-11 22:13:20,703 - biometric_gesture_system - INFO - [authentication_system.py:523] - Procesando frame para sesión 131e85d4-d407-49da-b77c-94c04f1cd611
2025-11-11 22:13:20,716 - biometric_gesture_system - INFO - [authentication_system.py:534] - AUTH: Frame #45 capturado - Shape: (720, 1280, 3)
2025-11-11 22:13:20,717 - biometric_gesture_system - INFO - [authentication_system.py:539] - AUTH: Procesando frame original para detectar mano...
2025-11-11 22:13:20,802 - biometric_gesture_system - INFO - [authentication_system.py:543] - AUTH: No se detectó mano válida en frame original
2025-11-11 22:13:20,941 - biometric_gesture_system - INFO - [authentication_system.py:523] - Procesando frame para sesión 131e85d4-d407-49da-b77c-94c04f1cd611
2025-11-11 22:13:20,952 - biometric_gesture_system - INFO - [authentication_system.py:534] - AUTH: Frame #46 capturado - Shape: (720, 1280, 3)
2025-11-11 22:13:20,953 - biometric_gesture_system - INFO - [authentication_system.py:539] - AUTH: Procesando frame original para detectar mano...
2025-11-11 22:13:21,030 - biometric_gesture_system - INFO - [authentication_system.py:543] - AUTH: No se detectó mano válida en frame original
2025-11-11 22:13:21,093 - biometric_gesture_system - INFO - [authentication_system.py:523] - Procesando frame para sesión 131e85d4-d407-49da-b77c-94c04f1cd611
2025-11-11 22:13:21,109 - biometric_gesture_system - INFO - [authentication_system.py:534] - AUTH: Frame #47 capturado - Shape: (720, 1280, 3)
2025-11-11 22:13:21,109 - biometric_gesture_system - INFO - [authentication_system.py:539] - AUTH: Procesando frame original para detectar mano...
2025-11-11 22:13:21,197 - biometric_gesture_system - INFO - [authentication_system.py:543] - AUTH: No se detectó mano válida en frame original
2025-11-11 22:13:21,298 - biometric_gesture_system - INFO - [authentication_system.py:523] - Procesando frame para sesión 131e85d4-d407-49da-b77c-94c04f1cd611
2025-11-11 22:13:21,311 - biometric_gesture_system - INFO - [authentication_system.py:534] - AUTH: Frame #48 capturado - Shape: (720, 1280, 3)
2025-11-11 22:13:21,311 - biometric_gesture_system - INFO - [authentication_system.py:539] - AUTH: Procesando frame original para detectar mano...
2025-11-11 22:13:21,392 - biometric_gesture_system - INFO - [authentication_system.py:543] - AUTH: No se detectó mano válida en frame original
2025-11-11 22:13:21,498 - biometric_gesture_system - INFO - [authentication_system.py:523] - Procesando frame para sesión 131e85d4-d407-49da-b77c-94c04f1cd611
2025-11-11 22:13:21,512 - biometric_gesture_system - INFO - [authentication_system.py:534] - AUTH: Frame #49 capturado - Shape: (720, 1280, 3)
2025-11-11 22:13:21,512 - biometric_gesture_system - INFO - [authentication_system.py:539] - AUTH: Procesando frame original para detectar mano...
2025-11-11 22:13:21,581 - biometric_gesture_system - INFO - [authentication_system.py:543] - AUTH: No se detectó mano válida en frame original
2025-11-11 22:13:21,740 - biometric_gesture_system - INFO - [authentication_system.py:523] - Procesando frame para sesión 131e85d4-d407-49da-b77c-94c04f1cd611
2025-11-11 22:13:21,744 - biometric_gesture_system - INFO - [authentication_system.py:534] - AUTH: Frame #50 capturado - Shape: (720, 1280, 3)
2025-11-11 22:13:21,745 - biometric_gesture_system - INFO - [authentication_system.py:539] - AUTH: Procesando frame original para detectar mano...
2025-11-11 22:13:21,829 - biometric_gesture_system - INFO - [authentication_system.py:543] - AUTH: No se detectó mano válida en frame original
